2025-03-20T01:02:56+00:00 INFO 67db693ec80d7-0001 REQUEST_67db6940474bf (JSON): {
2025-03-20T01:02:56+00:00 INFO 67db693ec80d7-0001     "url": "https:\/\/public-api.wordpress.com\/wpcom\/v2\/wcpay\/woopay\/compatibility?test_mode=1",
2025-03-20T01:02:56+00:00 INFO 67db693ec80d7-0001     "method": "GET",
2025-03-20T01:02:56+00:00 INFO 67db693ec80d7-0001     "headers": {
2025-03-20T01:02:56+00:00 INFO 67db693ec80d7-0001         "Content-Type": "application\/json; charset=utf-8",
2025-03-20T01:02:56+00:00 INFO 67db693ec80d7-0001         "User-Agent": "WooCommerce Payments\/8.9.2",
2025-03-20T01:02:56+00:00 INFO 67db693ec80d7-0001         "X-Request-Initiated": 1742432576.292028
2025-03-20T01:02:56+00:00 INFO 67db693ec80d7-0001     },
2025-03-20T01:02:56+00:00 INFO 67db693ec80d7-0001     "timeout": 70,
2025-03-20T01:02:56+00:00 INFO 67db693ec80d7-0001     "connect_timeout": 70
2025-03-20T01:02:56+00:00 INFO 67db693ec80d7-0001 }
2025-03-20T01:02:56+00:00 INFO 67db693ec80d7-0001 CONTEXT (JSON): {
2025-03-20T01:02:56+00:00 INFO 67db693ec80d7-0001     "WP_User": "Guest (non logged-in user)",
2025-03-20T01:02:56+00:00 INFO 67db693ec80d7-0001     "HTTP_REFERER": "--",
2025-03-20T01:02:56+00:00 INFO 67db693ec80d7-0001     "HTTP_USER_AGENT": "WordPress\/6.7.2; https:\/\/northernlights.grubmenu.io",
2025-03-20T01:02:56+00:00 INFO 67db693ec80d7-0001     "REQUEST_URI": "\/wp-cron.php?doing_wp_cron=1742432574.2351310253143310546875",
2025-03-20T01:02:56+00:00 INFO 67db693ec80d7-0001     "DOING_AJAX": "",
2025-03-20T01:02:56+00:00 INFO 67db693ec80d7-0001     "DOING_CRON": "1",
2025-03-20T01:02:56+00:00 INFO 67db693ec80d7-0001     "WP_CLI": ""
2025-03-20T01:02:56+00:00 INFO 67db693ec80d7-0001 }
2025-03-20T01:02:56+00:00 INFO 67db693ec80d7-0002 RESPONSE_67db6940474bf (JSON): {
2025-03-20T01:02:56+00:00 INFO 67db693ec80d7-0002     "incompatible_extensions": [
2025-03-20T01:02:56+00:00 INFO 67db693ec80d7-0002         "class-wcdonation",
2025-03-20T01:02:56+00:00 INFO 67db693ec80d7-0002         "woocommerce-avatax",
2025-03-20T01:02:56+00:00 INFO 67db693ec80d7-0002         "woocommerce-table-rate-shipping",
2025-03-20T01:02:56+00:00 INFO 67db693ec80d7-0002         "woocommerce-memberships-for-teams",
2025-03-20T01:02:56+00:00 INFO 67db693ec80d7-0002         "woocommerce-checkout-add-ons",
2025-03-20T01:02:56+00:00 INFO 67db693ec80d7-0002         "woocommerce-checkout-field-editor",
2025-03-20T01:02:56+00:00 INFO 67db693ec80d7-0002         "woocommerce-eu-vat-number",
2025-03-20T01:02:56+00:00 INFO 67db693ec80d7-0002         "woocommerce-order-delivery",
2025-03-20T01:02:56+00:00 INFO 67db693ec80d7-0002         "woocommerce-pdf-product-vouchers",
2025-03-20T01:02:56+00:00 INFO 67db693ec80d7-0002         "woocommerce-shipping-local-pickup-plus",
2025-03-20T01:02:56+00:00 INFO 67db693ec80d7-0002         "woocommerce-shipping-multiple-addresses",
2025-03-20T01:02:56+00:00 INFO 67db693ec80d7-0002         "woocommerce-smart-coupons",
2025-03-20T01:02:56+00:00 INFO 67db693ec80d7-0002         "woocommerce-subscriptions-gifting",
2025-03-20T01:02:56+00:00 INFO 67db693ec80d7-0002         "advanced-product-fields-for-woocommerce"
2025-03-20T01:02:56+00:00 INFO 67db693ec80d7-0002     ],
2025-03-20T01:02:56+00:00 INFO 67db693ec80d7-0002     "adapted_extensions": [
2025-03-20T01:02:56+00:00 INFO 67db693ec80d7-0002         "woocommerce-points-and-rewards",
2025-03-20T01:02:56+00:00 INFO 67db693ec80d7-0002         "woocommerce-gift-cards"
2025-03-20T01:02:56+00:00 INFO 67db693ec80d7-0002     ],
2025-03-20T01:02:56+00:00 INFO 67db693ec80d7-0002     "available_countries": [
2025-03-20T01:02:56+00:00 INFO 67db693ec80d7-0002         "US"
2025-03-20T01:02:56+00:00 INFO 67db693ec80d7-0002     ]
2025-03-20T01:02:56+00:00 INFO 67db693ec80d7-0002 }
2025-03-20T07:14:35+00:00 INFO 67dbc05ad2b72-0001 REQUEST_67dbc05b341f5 (JSON): {
2025-03-20T07:14:35+00:00 INFO 67dbc05ad2b72-0001     "url": "https:\/\/public-api.wordpress.com\/wpcom\/v2\/sites\/%s\/wcpay\/currency\/rates?test_mode=1&currency_from=usd",
2025-03-20T07:14:35+00:00 INFO 67dbc05ad2b72-0001     "method": "GET",
2025-03-20T07:14:35+00:00 INFO 67dbc05ad2b72-0001     "headers": {
2025-03-20T07:14:35+00:00 INFO 67dbc05ad2b72-0001         "Content-Type": "application\/json; charset=utf-8",
2025-03-20T07:14:35+00:00 INFO 67dbc05ad2b72-0001         "User-Agent": "WooCommerce Payments\/8.9.2",
2025-03-20T07:14:35+00:00 INFO 67dbc05ad2b72-0001         "X-Request-Initiated": 1742454875.213491
2025-03-20T07:14:35+00:00 INFO 67dbc05ad2b72-0001     },
2025-03-20T07:14:35+00:00 INFO 67dbc05ad2b72-0001     "timeout": 70,
2025-03-20T07:14:35+00:00 INFO 67dbc05ad2b72-0001     "connect_timeout": 70
2025-03-20T07:14:35+00:00 INFO 67dbc05ad2b72-0001 }
2025-03-20T07:14:35+00:00 INFO 67dbc05ad2b72-0001 CONTEXT (JSON): {
2025-03-20T07:14:35+00:00 INFO 67dbc05ad2b72-0001     "WP_User": "Guest (non logged-in user)",
2025-03-20T07:14:35+00:00 INFO 67dbc05ad2b72-0001     "HTTP_REFERER": "--",
2025-03-20T07:14:35+00:00 INFO 67dbc05ad2b72-0001     "HTTP_USER_AGENT": "Mozilla\/5.0 (compatible; AhrefsBot\/7.0; +http:\/\/ahrefs.com\/robot\/)",
2025-03-20T07:14:35+00:00 INFO 67dbc05ad2b72-0001     "REQUEST_URI": "\/author\/kenton\/",
2025-03-20T07:14:35+00:00 INFO 67dbc05ad2b72-0001     "DOING_AJAX": "",
2025-03-20T07:14:35+00:00 INFO 67dbc05ad2b72-0001     "DOING_CRON": "",
2025-03-20T07:14:35+00:00 INFO 67dbc05ad2b72-0001     "WP_CLI": ""
2025-03-20T07:14:35+00:00 INFO 67dbc05ad2b72-0001 }
2025-03-20T07:14:35+00:00 INFO 67dbc05ad2b72-0002 RESPONSE_67dbc05b341f5 (JSON): {
2025-03-20T07:14:35+00:00 INFO 67dbc05ad2b72-0002     "AED": 3.6729,
2025-03-20T07:14:35+00:00 INFO 67dbc05ad2b72-0002     "AFN": 70.925887,
2025-03-20T07:14:35+00:00 INFO 67dbc05ad2b72-0002     "ALL": 91.006196,
2025-03-20T07:14:35+00:00 INFO 67dbc05ad2b72-0002     "AMD": 391.074689,
2025-03-20T07:14:35+00:00 INFO 67dbc05ad2b72-0002     "ANG": 1.802702,
2025-03-20T07:14:35+00:00 INFO 67dbc05ad2b72-0002     "AOA": 913.666667,
2025-03-20T07:14:35+00:00 INFO 67dbc05ad2b72-0002     "ARS": 1068.8603,
2025-03-20T07:14:35+00:00 INFO 67dbc05ad2b72-0002     "AUD": 1.57771,
2025-03-20T07:14:35+00:00 INFO 67dbc05ad2b72-0002     "AWG": 1.8025,
2025-03-20T07:14:35+00:00 INFO 67dbc05ad2b72-0002     "AZN": 1.7,
2025-03-20T07:14:35+00:00 INFO 67dbc05ad2b72-0002     "BAM": 1.793349,
2025-03-20T07:14:35+00:00 INFO 67dbc05ad2b72-0002     "BBD": 2,
2025-03-20T07:14:35+00:00 INFO 67dbc05ad2b72-0002     "BDT": 121.531097,
2025-03-20T07:14:35+00:00 INFO 67dbc05ad2b72-0002     "BGN": 1.793165,
2025-03-20T07:14:35+00:00 INFO 67dbc05ad2b72-0002     "BHD": 0.376924,
2025-03-20T07:14:35+00:00 INFO 67dbc05ad2b72-0002     "BIF": 2964.290614,
2025-03-20T07:14:35+00:00 INFO 67dbc05ad2b72-0002     "BMD": 1,
2025-03-20T07:14:35+00:00 INFO 67dbc05ad2b72-0002     "BND": 1.33337,
2025-03-20T07:14:35+00:00 INFO 67dbc05ad2b72-0002     "BOB": 6.911887,
2025-03-20T07:14:35+00:00 INFO 67dbc05ad2b72-0002     "BRL": 5.6492,
2025-03-20T07:14:35+00:00 INFO 67dbc05ad2b72-0002     "BSD": 1,
2025-03-20T07:14:35+00:00 INFO 67dbc05ad2b72-0002     "BTC": 1.2e-5,
2025-03-20T07:14:35+00:00 INFO 67dbc05ad2b72-0002     "BTN": 86.318802,
2025-03-20T07:14:35+00:00 INFO 67dbc05ad2b72-0002     "BWP": 13.60921,
2025-03-20T07:14:35+00:00 INFO 67dbc05ad2b72-0002     "BYN": 3.273381,
2025-03-20T07:14:35+00:00 INFO 67dbc05ad2b72-0002     "BZD": 2.009197,
2025-03-20T07:14:35+00:00 INFO 67dbc05ad2b72-0002     "CAD": 1.43344,
2025-03-20T07:14:35+00:00 INFO 67dbc05ad2b72-0002     "CDF": 2863.420847,
2025-03-20T07:14:35+00:00 INFO 67dbc05ad2b72-0002     "CHF": 0.876428,
2025-03-20T07:14:35+00:00 INFO 67dbc05ad2b72-0002     "CLF": 0.023902,
2025-03-20T07:14:35+00:00 INFO 67dbc05ad2b72-0002     "CLP": 916.79,
2025-03-20T07:14:35+00:00 INFO 67dbc05ad2b72-0002     "CNH": 7.238374,
2025-03-20T07:14:35+00:00 INFO 67dbc05ad2b72-0002     "CNY": 7.2359,
2025-03-20T07:14:35+00:00 INFO 67dbc05ad2b72-0002     "COP": 4124.052499,
2025-03-20T07:14:35+00:00 INFO 67dbc05ad2b72-0002     "CRC": 498.535485,
2025-03-20T07:14:35+00:00 INFO 67dbc05ad2b72-0002     "CUC": 1,
2025-03-20T07:14:35+00:00 INFO 67dbc05ad2b72-0002     "CUP": 25.75,
2025-03-20T07:14:35+00:00 INFO 67dbc05ad2b72-0002     "CVE": 101.10722,
2025-03-20T07:14:35+00:00 INFO 67dbc05ad2b72-0002     "CZK": 22.940903,
2025-03-20T07:14:35+00:00 INFO 67dbc05ad2b72-0002     "DJF": 178.115443,
2025-03-20T07:14:35+00:00 INFO 67dbc05ad2b72-0002     "DKK": 6.846301,
2025-03-20T07:14:35+00:00 INFO 67dbc05ad2b72-0002     "DOP": 62.837257,
2025-03-20T07:14:35+00:00 INFO 67dbc05ad2b72-0002     "DZD": 133.339493,
2025-03-20T07:14:35+00:00 INFO 67dbc05ad2b72-0002     "EGP": 50.5959,
2025-03-20T07:14:35+00:00 INFO 67dbc05ad2b72-0002     "ERN": 15,
2025-03-20T07:14:35+00:00 INFO 67dbc05ad2b72-0002     "ETB": 131.709558,
2025-03-20T07:14:35+00:00 INFO 67dbc05ad2b72-0002     "EUR": 0.917795,
2025-03-20T07:14:35+00:00 INFO 67dbc05ad2b72-0002     "FJD": 2.28685,
2025-03-20T07:14:35+00:00 INFO 67dbc05ad2b72-0002     "FKP": 0.769509,
2025-03-20T07:14:35+00:00 INFO 67dbc05ad2b72-0002     "GBP": 0.769509,
2025-03-20T07:14:35+00:00 INFO 67dbc05ad2b72-0002     "GEL": 2.775,
2025-03-20T07:14:35+00:00 INFO 67dbc05ad2b72-0002     "GGP": 0.769509,
2025-03-20T07:14:35+00:00 INFO 67dbc05ad2b72-0002     "GHS": 15.503606,
2025-03-20T07:14:35+00:00 INFO 67dbc05ad2b72-0002     "GIP": 0.769509,
2025-03-20T07:14:35+00:00 INFO 67dbc05ad2b72-0002     "GMD": 71.500005,
2025-03-20T07:14:35+00:00 INFO 67dbc05ad2b72-0002     "GNF": 8649.784723,
2025-03-20T07:14:35+00:00 INFO 67dbc05ad2b72-0002     "GTQ": 7.706873,
2025-03-20T07:14:35+00:00 INFO 67dbc05ad2b72-0002     "GYD": 209.263813,
2025-03-20T07:14:35+00:00 INFO 67dbc05ad2b72-0002     "HKD": 7.770195,
2025-03-20T07:14:35+00:00 INFO 67dbc05ad2b72-0002     "HNL": 25.588902,
2025-03-20T07:14:35+00:00 INFO 67dbc05ad2b72-0002     "HRK": 6.915909,
2025-03-20T07:14:35+00:00 INFO 67dbc05ad2b72-0002     "HTG": 131.145438,
2025-03-20T07:14:35+00:00 INFO 67dbc05ad2b72-0002     "HUF": 365.732573,
2025-03-20T07:14:35+00:00 INFO 67dbc05ad2b72-0002     "IDR": 16475.624246,
2025-03-20T07:14:35+00:00 INFO 67dbc05ad2b72-0002     "ILS": 3.66434,
2025-03-20T07:14:35+00:00 INFO 67dbc05ad2b72-0002     "IMP": 0.769509,
2025-03-20T07:14:35+00:00 INFO 67dbc05ad2b72-0002     "INR": 86.314023,
2025-03-20T07:14:35+00:00 INFO 67dbc05ad2b72-0002     "IQD": 1310.297433,
2025-03-20T07:14:35+00:00 INFO 67dbc05ad2b72-0002     "IRR": 42112.5,
2025-03-20T07:14:35+00:00 INFO 67dbc05ad2b72-0002     "ISK": 133.2,
2025-03-20T07:14:35+00:00 INFO 67dbc05ad2b72-0002     "JEP": 0.769509,
2025-03-20T07:14:35+00:00 INFO 67dbc05ad2b72-0002     "JMD": 156.841723,
2025-03-20T07:14:35+00:00 INFO 67dbc05ad2b72-0002     "JOD": 0.7091,
2025-03-20T07:14:35+00:00 INFO 67dbc05ad2b72-0002     "JPY": 148.363,
2025-03-20T07:14:35+00:00 INFO 67dbc05ad2b72-0002     "KES": 129.35,
2025-03-20T07:14:35+00:00 INFO 67dbc05ad2b72-0002     "KGS": 85.6093,
2025-03-20T07:14:35+00:00 INFO 67dbc05ad2b72-0002     "KHR": 4004.478396,
2025-03-20T07:14:35+00:00 INFO 67dbc05ad2b72-0002     "KMF": 452.499738,
2025-03-20T07:14:35+00:00 INFO 67dbc05ad2b72-0002     "KPW": 900,
2025-03-20T07:14:35+00:00 INFO 67dbc05ad2b72-0002     "KRW": 1460.328401,
2025-03-20T07:14:35+00:00 INFO 67dbc05ad2b72-0002     "KWD": 0.307871,
2025-03-20T07:14:35+00:00 INFO 67dbc05ad2b72-0002     "KYD": 0.833589,
2025-03-20T07:14:35+00:00 INFO 67dbc05ad2b72-0002     "KZT": 503.839997,
2025-03-20T07:14:35+00:00 INFO 67dbc05ad2b72-0002     "LAK": 21657.467533,
2025-03-20T07:14:35+00:00 INFO 67dbc05ad2b72-0002     "LBP": 89633.312605,
2025-03-20T07:14:35+00:00 INFO 67dbc05ad2b72-0002     "LKR": 296.461966,
2025-03-20T07:14:35+00:00 INFO 67dbc05ad2b72-0002     "LRD": 200.048595,
2025-03-20T07:14:35+00:00 INFO 67dbc05ad2b72-0002     "LSL": 18.15521,
2025-03-20T07:14:35+00:00 INFO 67dbc05ad2b72-0002     "LYD": 4.813013,
2025-03-20T07:14:35+00:00 INFO 67dbc05ad2b72-0002     "MAD": 9.639689,
2025-03-20T07:14:35+00:00 INFO 67dbc05ad2b72-0002     "MDL": 17.959169,
2025-03-20T07:14:35+00:00 INFO 67dbc05ad2b72-0002     "MGA": 4658.973682,
2025-03-20T07:14:35+00:00 INFO 67dbc05ad2b72-0002     "MKD": 56.474336,
2025-03-20T07:14:35+00:00 INFO 67dbc05ad2b72-0002     "MMK": 2098,
2025-03-20T07:14:35+00:00 INFO 67dbc05ad2b72-0002     "MNT": 3398,
2025-03-20T07:14:35+00:00 INFO 67dbc05ad2b72-0002     "MOP": 8.005171,
2025-03-20T07:14:35+00:00 INFO 67dbc05ad2b72-0002     "MUR": 45.040002,
2025-03-20T07:14:35+00:00 INFO 67dbc05ad2b72-0002     "MVR": 15.4,
2025-03-20T07:14:35+00:00 INFO 67dbc05ad2b72-0002     "MWK": 1734.396399,
2025-03-20T07:14:35+00:00 INFO 67dbc05ad2b72-0002     "MXN": 20.041129,
2025-03-20T07:14:35+00:00 INFO 67dbc05ad2b72-0002     "MYR": 4.426,
2025-03-20T07:14:35+00:00 INFO 67dbc05ad2b72-0002     "MZN": 63.909994,
2025-03-20T07:14:35+00:00 INFO 67dbc05ad2b72-0002     "NAD": 18.15521,
2025-03-20T07:14:35+00:00 INFO 67dbc05ad2b72-0002     "NGN": 1526.42,
2025-03-20T07:14:35+00:00 INFO 67dbc05ad2b72-0002     "NIO": 36.800366,
2025-03-20T07:14:35+00:00 INFO 67dbc05ad2b72-0002     "NOK": 10.570957,
2025-03-20T07:14:35+00:00 INFO 67dbc05ad2b72-0002     "NPR": 138.109661,
2025-03-20T07:14:35+00:00 INFO 67dbc05ad2b72-0002     "NZD": 1.728384,
2025-03-20T07:14:35+00:00 INFO 67dbc05ad2b72-0002     "OMR": 0.384963,
2025-03-20T07:14:35+00:00 INFO 67dbc05ad2b72-0002     "PAB": 1,
2025-03-20T07:14:35+00:00 INFO 67dbc05ad2b72-0002     "PEN": 3.625852,
2025-03-20T07:14:35+00:00 INFO 67dbc05ad2b72-0002     "PGK": 4.11614,
2025-03-20T07:14:35+00:00 INFO 67dbc05ad2b72-0002     "PHP": 57.1595,
2025-03-20T07:14:35+00:00 INFO 67dbc05ad2b72-0002     "PKR": 280.264931,
2025-03-20T07:14:35+00:00 INFO 67dbc05ad2b72-0002     "PLN": 3.840048,
2025-03-20T07:14:35+00:00 INFO 67dbc05ad2b72-0002     "PYG": 7980.098027,
2025-03-20T07:14:35+00:00 INFO 67dbc05ad2b72-0002     "QAR": 3.6467,
2025-03-20T07:14:35+00:00 INFO 67dbc05ad2b72-0002     "RON": 4.5682,
2025-03-20T07:14:35+00:00 INFO 67dbc05ad2b72-0002     "RSD": 107.554795,
2025-03-20T07:14:35+00:00 INFO 67dbc05ad2b72-0002     "RUB": 83.998865,
2025-03-20T07:14:35+00:00 INFO 67dbc05ad2b72-0002     "RWF": 1419.328883,
2025-03-20T07:14:35+00:00 INFO 67dbc05ad2b72-0002     "SAR": 3.750843,
2025-03-20T07:14:35+00:00 INFO 67dbc05ad2b72-0002     "SBD": 8.421986,
2025-03-20T07:14:35+00:00 INFO 67dbc05ad2b72-0002     "SCR": 14.254372,
2025-03-20T07:14:35+00:00 INFO 67dbc05ad2b72-0002     "SDG": 601,
2025-03-20T07:14:35+00:00 INFO 67dbc05ad2b72-0002     "SEK": 10.104905,
2025-03-20T07:14:35+00:00 INFO 67dbc05ad2b72-0002     "SGD": 1.33176,
2025-03-20T07:14:35+00:00 INFO 67dbc05ad2b72-0002     "SHP": 0.769509,
2025-03-20T07:14:35+00:00 INFO 67dbc05ad2b72-0002     "SLL": 20969.5,
2025-03-20T07:14:35+00:00 INFO 67dbc05ad2b72-0002     "SOS": 571.620122,
2025-03-20T07:14:35+00:00 INFO 67dbc05ad2b72-0002     "SRD": 36.4925,
2025-03-20T07:14:35+00:00 INFO 67dbc05ad2b72-0002     "SSP": 130.26,
2025-03-20T07:14:35+00:00 INFO 67dbc05ad2b72-0002     "STD": 22281.8,
2025-03-20T07:14:35+00:00 INFO 67dbc05ad2b72-0002     "SVC": 8.752143,
2025-03-20T07:14:35+00:00 INFO 67dbc05ad2b72-0002     "SYP": 13002,
2025-03-20T07:14:35+00:00 INFO 67dbc05ad2b72-0002     "SZL": 18.135221,
2025-03-20T07:14:35+00:00 INFO 67dbc05ad2b72-0002     "THB": 33.6065,
2025-03-20T07:14:35+00:00 INFO 67dbc05ad2b72-0002     "TJS": 10.932473,
2025-03-20T07:14:35+00:00 INFO 67dbc05ad2b72-0002     "TMT": 3.5,
2025-03-20T07:14:35+00:00 INFO 67dbc05ad2b72-0002     "TND": 3.081586,
2025-03-20T07:14:35+00:00 INFO 67dbc05ad2b72-0002     "TOP": 2.40776,
2025-03-20T07:14:35+00:00 INFO 67dbc05ad2b72-0002     "TRY": 37.980799,
2025-03-20T07:14:35+00:00 INFO 67dbc05ad2b72-0002     "TTD": 6.786266,
2025-03-20T07:14:35+00:00 INFO 67dbc05ad2b72-0002     "TWD": 32.991502,
2025-03-20T07:14:35+00:00 INFO 67dbc05ad2b72-0002     "TZS": 2640.606491,
2025-03-20T07:14:35+00:00 INFO 67dbc05ad2b72-0002     "UAH": 41.570074,
2025-03-20T07:14:35+00:00 INFO 67dbc05ad2b72-0002     "UGX": 3666.832521,
2025-03-20T07:14:35+00:00 INFO 67dbc05ad2b72-0002     "USD": 1,
2025-03-20T07:14:35+00:00 INFO 67dbc05ad2b72-0002     "UYU": 42.271347,
2025-03-20T07:14:35+00:00 INFO 67dbc05ad2b72-0002     "UZS": 12929.81861,
2025-03-20T07:14:35+00:00 INFO 67dbc05ad2b72-0002     "VND": 25559.105849,
2025-03-20T07:14:35+00:00 INFO 67dbc05ad2b72-0002     "VUV": 118.722,
2025-03-20T07:14:35+00:00 INFO 67dbc05ad2b72-0002     "WST": 2.8,
2025-03-20T07:14:35+00:00 INFO 67dbc05ad2b72-0002     "XAF": 602.033754,
2025-03-20T07:14:35+00:00 INFO 67dbc05ad2b72-0002     "XAG": 0.029583,
2025-03-20T07:14:35+00:00 INFO 67dbc05ad2b72-0002     "XAU": 0.000328,
2025-03-20T07:14:35+00:00 INFO 67dbc05ad2b72-0002     "XCD": 2.70255,
2025-03-20T07:14:35+00:00 INFO 67dbc05ad2b72-0002     "XDR": 0.748039,
2025-03-20T07:14:35+00:00 INFO 67dbc05ad2b72-0002     "XOF": 602.033754,
2025-03-20T07:14:35+00:00 INFO 67dbc05ad2b72-0002     "XPD": 0.00105,
2025-03-20T07:14:35+00:00 INFO 67dbc05ad2b72-0002     "XPF": 109.522022,
2025-03-20T07:14:35+00:00 INFO 67dbc05ad2b72-0002     "XPT": 0.000994,
2025-03-20T07:14:35+00:00 INFO 67dbc05ad2b72-0002     "YER": 246.199928,
2025-03-20T07:14:35+00:00 INFO 67dbc05ad2b72-0002     "ZAR": 18.111249,
2025-03-20T07:14:35+00:00 INFO 67dbc05ad2b72-0002     "ZMW": 28.781801,
2025-03-20T07:14:35+00:00 INFO 67dbc05ad2b72-0002     "ZWL": 322
2025-03-20T07:14:35+00:00 INFO 67dbc05ad2b72-0002 }
2025-03-20T13:40:54+00:00 INFO 67dc1ae639546-0001 REQUEST_67dc1ae6aeb8b (JSON): {
2025-03-20T13:40:54+00:00 INFO 67dc1ae639546-0001     "url": "https:\/\/public-api.wordpress.com\/wpcom\/v2\/sites\/%s\/wcpay\/currency\/rates?test_mode=1&currency_from=usd",
2025-03-20T13:40:54+00:00 INFO 67dc1ae639546-0001     "method": "GET",
2025-03-20T13:40:54+00:00 INFO 67dc1ae639546-0001     "headers": {
2025-03-20T13:40:54+00:00 INFO 67dc1ae639546-0001         "Content-Type": "application\/json; charset=utf-8",
2025-03-20T13:40:54+00:00 INFO 67dc1ae639546-0001         "User-Agent": "WooCommerce Payments\/8.9.2",
2025-03-20T13:40:54+00:00 INFO 67dc1ae639546-0001         "X-Request-Initiated": 1742478054.715655
2025-03-20T13:40:54+00:00 INFO 67dc1ae639546-0001     },
2025-03-20T13:40:54+00:00 INFO 67dc1ae639546-0001     "timeout": 70,
2025-03-20T13:40:54+00:00 INFO 67dc1ae639546-0001     "connect_timeout": 70
2025-03-20T13:40:54+00:00 INFO 67dc1ae639546-0001 }
2025-03-20T13:40:54+00:00 INFO 67dc1ae639546-0001 CONTEXT (JSON): {
2025-03-20T13:40:54+00:00 INFO 67dc1ae639546-0001     "WP_User": "Guest (non logged-in user)",
2025-03-20T13:40:54+00:00 INFO 67dc1ae639546-0001     "HTTP_REFERER": "--",
2025-03-20T13:40:54+00:00 INFO 67dc1ae639546-0001     "HTTP_USER_AGENT": "Mozilla\/5.0 (compatible; AhrefsBot\/7.0; +http:\/\/ahrefs.com\/robot\/)",
2025-03-20T13:40:54+00:00 INFO 67dc1ae639546-0001     "REQUEST_URI": "\/product\/banana-cake\/?add-to-cart=162",
2025-03-20T13:40:54+00:00 INFO 67dc1ae639546-0001     "DOING_AJAX": "",
2025-03-20T13:40:54+00:00 INFO 67dc1ae639546-0001     "DOING_CRON": "",
2025-03-20T13:40:54+00:00 INFO 67dc1ae639546-0001     "WP_CLI": ""
2025-03-20T13:40:54+00:00 INFO 67dc1ae639546-0001 }
2025-03-20T13:40:55+00:00 INFO 67dc1ae639546-0002 RESPONSE_67dc1ae6aeb8b (JSON): {
2025-03-20T13:40:55+00:00 INFO 67dc1ae639546-0002     "AED": 3.673005,
2025-03-20T13:40:55+00:00 INFO 67dc1ae639546-0002     "AFN": 70.925887,
2025-03-20T13:40:55+00:00 INFO 67dc1ae639546-0002     "ALL": 91.006196,
2025-03-20T13:40:55+00:00 INFO 67dc1ae639546-0002     "AMD": 391.074689,
2025-03-20T13:40:55+00:00 INFO 67dc1ae639546-0002     "ANG": 1.802702,
2025-03-20T13:40:55+00:00 INFO 67dc1ae639546-0002     "AOA": 913.666667,
2025-03-20T13:40:55+00:00 INFO 67dc1ae639546-0002     "ARS": 1068.8849,
2025-03-20T13:40:55+00:00 INFO 67dc1ae639546-0002     "AUD": 1.590432,
2025-03-20T13:40:55+00:00 INFO 67dc1ae639546-0002     "AWG": 1.8025,
2025-03-20T13:40:55+00:00 INFO 67dc1ae639546-0002     "AZN": 1.7,
2025-03-20T13:40:55+00:00 INFO 67dc1ae639546-0002     "BAM": 1.793349,
2025-03-20T13:40:55+00:00 INFO 67dc1ae639546-0002     "BBD": 2,
2025-03-20T13:40:55+00:00 INFO 67dc1ae639546-0002     "BDT": 121.531097,
2025-03-20T13:40:55+00:00 INFO 67dc1ae639546-0002     "BGN": 1.80021,
2025-03-20T13:40:55+00:00 INFO 67dc1ae639546-0002     "BHD": 0.376972,
2025-03-20T13:40:55+00:00 INFO 67dc1ae639546-0002     "BIF": 2964.290614,
2025-03-20T13:40:55+00:00 INFO 67dc1ae639546-0002     "BMD": 1,
2025-03-20T13:40:55+00:00 INFO 67dc1ae639546-0002     "BND": 1.33337,
2025-03-20T13:40:55+00:00 INFO 67dc1ae639546-0002     "BOB": 6.911887,
2025-03-20T13:40:55+00:00 INFO 67dc1ae639546-0002     "BRL": 5.647301,
2025-03-20T13:40:55+00:00 INFO 67dc1ae639546-0002     "BSD": 1,
2025-03-20T13:40:55+00:00 INFO 67dc1ae639546-0002     "BTC": 1.2e-5,
2025-03-20T13:40:55+00:00 INFO 67dc1ae639546-0002     "BTN": 86.318802,
2025-03-20T13:40:55+00:00 INFO 67dc1ae639546-0002     "BWP": 13.60921,
2025-03-20T13:40:55+00:00 INFO 67dc1ae639546-0002     "BYN": 3.273381,
2025-03-20T13:40:55+00:00 INFO 67dc1ae639546-0002     "BZD": 2.009197,
2025-03-20T13:40:55+00:00 INFO 67dc1ae639546-0002     "CAD": 1.43757,
2025-03-20T13:40:55+00:00 INFO 67dc1ae639546-0002     "CDF": 2863.420847,
2025-03-20T13:40:55+00:00 INFO 67dc1ae639546-0002     "CHF": 0.88216,
2025-03-20T13:40:55+00:00 INFO 67dc1ae639546-0002     "CLF": 0.023943,
2025-03-20T13:40:55+00:00 INFO 67dc1ae639546-0002     "CLP": 918.98,
2025-03-20T13:40:55+00:00 INFO 67dc1ae639546-0002     "CNH": 7.247822,
2025-03-20T13:40:55+00:00 INFO 67dc1ae639546-0002     "CNY": 7.2434,
2025-03-20T13:40:55+00:00 INFO 67dc1ae639546-0002     "COP": 4141.041385,
2025-03-20T13:40:55+00:00 INFO 67dc1ae639546-0002     "CRC": 498.535485,
2025-03-20T13:40:55+00:00 INFO 67dc1ae639546-0002     "CUC": 1,
2025-03-20T13:40:55+00:00 INFO 67dc1ae639546-0002     "CUP": 25.75,
2025-03-20T13:40:55+00:00 INFO 67dc1ae639546-0002     "CVE": 101.10722,
2025-03-20T13:40:55+00:00 INFO 67dc1ae639546-0002     "CZK": 23.052998,
2025-03-20T13:40:55+00:00 INFO 67dc1ae639546-0002     "DJF": 178.115443,
2025-03-20T13:40:55+00:00 INFO 67dc1ae639546-0002     "DKK": 6.875417,
2025-03-20T13:40:55+00:00 INFO 67dc1ae639546-0002     "DOP": 62.837257,
2025-03-20T13:40:55+00:00 INFO 67dc1ae639546-0002     "DZD": 133.978,
2025-03-20T13:40:55+00:00 INFO 67dc1ae639546-0002     "EGP": 50.5405,
2025-03-20T13:40:55+00:00 INFO 67dc1ae639546-0002     "ERN": 15,
2025-03-20T13:40:55+00:00 INFO 67dc1ae639546-0002     "ETB": 131.709558,
2025-03-20T13:40:55+00:00 INFO 67dc1ae639546-0002     "EUR": 0.921725,
2025-03-20T13:40:55+00:00 INFO 67dc1ae639546-0002     "FJD": 2.2863,
2025-03-20T13:40:55+00:00 INFO 67dc1ae639546-0002     "FKP": 0.77194,
2025-03-20T13:40:55+00:00 INFO 67dc1ae639546-0002     "GBP": 0.77194,
2025-03-20T13:40:55+00:00 INFO 67dc1ae639546-0002     "GEL": 2.775,
2025-03-20T13:40:55+00:00 INFO 67dc1ae639546-0002     "GGP": 0.77194,
2025-03-20T13:40:55+00:00 INFO 67dc1ae639546-0002     "GHS": 15.503606,
2025-03-20T13:40:55+00:00 INFO 67dc1ae639546-0002     "GIP": 0.77194,
2025-03-20T13:40:55+00:00 INFO 67dc1ae639546-0002     "GMD": 71.500005,
2025-03-20T13:40:55+00:00 INFO 67dc1ae639546-0002     "GNF": 8649.784723,
2025-03-20T13:40:55+00:00 INFO 67dc1ae639546-0002     "GTQ": 7.706873,
2025-03-20T13:40:55+00:00 INFO 67dc1ae639546-0002     "GYD": 209.263813,
2025-03-20T13:40:55+00:00 INFO 67dc1ae639546-0002     "HKD": 7.771425,
2025-03-20T13:40:55+00:00 INFO 67dc1ae639546-0002     "HNL": 25.588902,
2025-03-20T13:40:55+00:00 INFO 67dc1ae639546-0002     "HRK": 6.944968,
2025-03-20T13:40:55+00:00 INFO 67dc1ae639546-0002     "HTG": 131.145438,
2025-03-20T13:40:55+00:00 INFO 67dc1ae639546-0002     "HUF": 368.082452,
2025-03-20T13:40:55+00:00 INFO 67dc1ae639546-0002     "IDR": 16507.187426,
2025-03-20T13:40:55+00:00 INFO 67dc1ae639546-0002     "ILS": 3.668179,
2025-03-20T13:40:55+00:00 INFO 67dc1ae639546-0002     "IMP": 0.77194,
2025-03-20T13:40:55+00:00 INFO 67dc1ae639546-0002     "INR": 86.331471,
2025-03-20T13:40:55+00:00 INFO 67dc1ae639546-0002     "IQD": 1310.297433,
2025-03-20T13:40:55+00:00 INFO 67dc1ae639546-0002     "IRR": 42112.5,
2025-03-20T13:40:55+00:00 INFO 67dc1ae639546-0002     "ISK": 133.18,
2025-03-20T13:40:55+00:00 INFO 67dc1ae639546-0002     "JEP": 0.77194,
2025-03-20T13:40:55+00:00 INFO 67dc1ae639546-0002     "JMD": 156.841723,
2025-03-20T13:40:55+00:00 INFO 67dc1ae639546-0002     "JOD": 0.7091,
2025-03-20T13:40:55+00:00 INFO 67dc1ae639546-0002     "JPY": 148.4583,
2025-03-20T13:40:55+00:00 INFO 67dc1ae639546-0002     "KES": 129.4,
2025-03-20T13:40:55+00:00 INFO 67dc1ae639546-0002     "KGS": 85.6093,
2025-03-20T13:40:55+00:00 INFO 67dc1ae639546-0002     "KHR": 4004.478396,
2025-03-20T13:40:55+00:00 INFO 67dc1ae639546-0002     "KMF": 452.499738,
2025-03-20T13:40:55+00:00 INFO 67dc1ae639546-0002     "KPW": 900,
2025-03-20T13:40:55+00:00 INFO 67dc1ae639546-0002     "KRW": 1466.797715,
2025-03-20T13:40:55+00:00 INFO 67dc1ae639546-0002     "KWD": 0.308011,
2025-03-20T13:40:55+00:00 INFO 67dc1ae639546-0002     "KYD": 0.833589,
2025-03-20T13:40:55+00:00 INFO 67dc1ae639546-0002     "KZT": 503.839997,
2025-03-20T13:40:55+00:00 INFO 67dc1ae639546-0002     "LAK": 21657.467533,
2025-03-20T13:40:55+00:00 INFO 67dc1ae639546-0002     "LBP": 89633.312605,
2025-03-20T13:40:55+00:00 INFO 67dc1ae639546-0002     "LKR": 296.461966,
2025-03-20T13:40:55+00:00 INFO 67dc1ae639546-0002     "LRD": 200.048595,
2025-03-20T13:40:55+00:00 INFO 67dc1ae639546-0002     "LSL": 18.15521,
2025-03-20T13:40:55+00:00 INFO 67dc1ae639546-0002     "LYD": 4.813013,
2025-03-20T13:40:55+00:00 INFO 67dc1ae639546-0002     "MAD": 9.639689,
2025-03-20T13:40:55+00:00 INFO 67dc1ae639546-0002     "MDL": 18.000271,
2025-03-20T13:40:55+00:00 INFO 67dc1ae639546-0002     "MGA": 4658.973682,
2025-03-20T13:40:55+00:00 INFO 67dc1ae639546-0002     "MKD": 56.627127,
2025-03-20T13:40:55+00:00 INFO 67dc1ae639546-0002     "MMK": 2098,
2025-03-20T13:40:55+00:00 INFO 67dc1ae639546-0002     "MNT": 3398,
2025-03-20T13:40:55+00:00 INFO 67dc1ae639546-0002     "MOP": 8.005171,
2025-03-20T13:40:55+00:00 INFO 67dc1ae639546-0002     "MUR": 45.000002,
2025-03-20T13:40:55+00:00 INFO 67dc1ae639546-0002     "MVR": 15.4,
2025-03-20T13:40:55+00:00 INFO 67dc1ae639546-0002     "MWK": 1734.396399,
2025-03-20T13:40:55+00:00 INFO 67dc1ae639546-0002     "MXN": 20.1711,
2025-03-20T13:40:55+00:00 INFO 67dc1ae639546-0002     "MYR": 4.426,
2025-03-20T13:40:55+00:00 INFO 67dc1ae639546-0002     "MZN": 63.909994,
2025-03-20T13:40:55+00:00 INFO 67dc1ae639546-0002     "NAD": 18.15521,
2025-03-20T13:40:55+00:00 INFO 67dc1ae639546-0002     "NGN": 1535.17,
2025-03-20T13:40:55+00:00 INFO 67dc1ae639546-0002     "NIO": 36.800366,
2025-03-20T13:40:55+00:00 INFO 67dc1ae639546-0002     "NOK": 10.610485,
2025-03-20T13:40:55+00:00 INFO 67dc1ae639546-0002     "NPR": 138.109661,
2025-03-20T13:40:55+00:00 INFO 67dc1ae639546-0002     "NZD": 1.743087,
2025-03-20T13:40:55+00:00 INFO 67dc1ae639546-0002     "OMR": 0.384922,
2025-03-20T13:40:55+00:00 INFO 67dc1ae639546-0002     "PAB": 1,
2025-03-20T13:40:55+00:00 INFO 67dc1ae639546-0002     "PEN": 3.625852,
2025-03-20T13:40:55+00:00 INFO 67dc1ae639546-0002     "PGK": 4.11614,
2025-03-20T13:40:55+00:00 INFO 67dc1ae639546-0002     "PHP": 57.2375,
2025-03-20T13:40:55+00:00 INFO 67dc1ae639546-0002     "PKR": 280.264931,
2025-03-20T13:40:55+00:00 INFO 67dc1ae639546-0002     "PLN": 3.866571,
2025-03-20T13:40:55+00:00 INFO 67dc1ae639546-0002     "PYG": 7980.098027,
2025-03-20T13:40:55+00:00 INFO 67dc1ae639546-0002     "QAR": 3.6467,
2025-03-20T13:40:55+00:00 INFO 67dc1ae639546-0002     "RON": 4.5871,
2025-03-20T13:40:55+00:00 INFO 67dc1ae639546-0002     "RSD": 108.009,
2025-03-20T13:40:55+00:00 INFO 67dc1ae639546-0002     "RUB": 84.676217,
2025-03-20T13:40:55+00:00 INFO 67dc1ae639546-0002     "RWF": 1419.328883,
2025-03-20T13:40:55+00:00 INFO 67dc1ae639546-0002     "SAR": 3.750888,
2025-03-20T13:40:55+00:00 INFO 67dc1ae639546-0002     "SBD": 8.421986,
2025-03-20T13:40:55+00:00 INFO 67dc1ae639546-0002     "SCR": 14.253513,
2025-03-20T13:40:55+00:00 INFO 67dc1ae639546-0002     "SDG": 601,
2025-03-20T13:40:55+00:00 INFO 67dc1ae639546-0002     "SEK": 10.175414,
2025-03-20T13:40:55+00:00 INFO 67dc1ae639546-0002     "SGD": 1.334955,
2025-03-20T13:40:55+00:00 INFO 67dc1ae639546-0002     "SHP": 0.77194,
2025-03-20T13:40:55+00:00 INFO 67dc1ae639546-0002     "SLL": 20969.5,
2025-03-20T13:40:55+00:00 INFO 67dc1ae639546-0002     "SOS": 571.620122,
2025-03-20T13:40:55+00:00 INFO 67dc1ae639546-0002     "SRD": 36.4925,
2025-03-20T13:40:55+00:00 INFO 67dc1ae639546-0002     "SSP": 130.26,
2025-03-20T13:40:55+00:00 INFO 67dc1ae639546-0002     "STD": 22281.8,
2025-03-20T13:40:55+00:00 INFO 67dc1ae639546-0002     "SVC": 8.752143,
2025-03-20T13:40:55+00:00 INFO 67dc1ae639546-0002     "SYP": 13002,
2025-03-20T13:40:55+00:00 INFO 67dc1ae639546-0002     "SZL": 18.135221,
2025-03-20T13:40:55+00:00 INFO 67dc1ae639546-0002     "THB": 33.7605,
2025-03-20T13:40:55+00:00 INFO 67dc1ae639546-0002     "TJS": 10.932473,
2025-03-20T13:40:55+00:00 INFO 67dc1ae639546-0002     "TMT": 3.5,
2025-03-20T13:40:55+00:00 INFO 67dc1ae639546-0002     "TND": 3.081586,
2025-03-20T13:40:55+00:00 INFO 67dc1ae639546-0002     "TOP": 2.40776,
2025-03-20T13:40:55+00:00 INFO 67dc1ae639546-0002     "TRY": 37.999012,
2025-03-20T13:40:55+00:00 INFO 67dc1ae639546-0002     "TTD": 6.786266,
2025-03-20T13:40:55+00:00 INFO 67dc1ae639546-0002     "TWD": 33.020749,
2025-03-20T13:40:55+00:00 INFO 67dc1ae639546-0002     "TZS": 2645,
2025-03-20T13:40:55+00:00 INFO 67dc1ae639546-0002     "UAH": 41.570074,
2025-03-20T13:40:55+00:00 INFO 67dc1ae639546-0002     "UGX": 3666.832521,
2025-03-20T13:40:55+00:00 INFO 67dc1ae639546-0002     "USD": 1,
2025-03-20T13:40:55+00:00 INFO 67dc1ae639546-0002     "UYU": 42.271347,
2025-03-20T13:40:55+00:00 INFO 67dc1ae639546-0002     "UZS": 12929.81861,
2025-03-20T13:40:55+00:00 INFO 67dc1ae639546-0002     "VND": 25555.841178,
2025-03-20T13:40:55+00:00 INFO 67dc1ae639546-0002     "VUV": 118.722,
2025-03-20T13:40:55+00:00 INFO 67dc1ae639546-0002     "WST": 2.8,
2025-03-20T13:40:55+00:00 INFO 67dc1ae639546-0002     "XAF": 604.612013,
2025-03-20T13:40:55+00:00 INFO 67dc1ae639546-0002     "XAG": 0.029958,
2025-03-20T13:40:55+00:00 INFO 67dc1ae639546-0002     "XAU": 0.00033,
2025-03-20T13:40:55+00:00 INFO 67dc1ae639546-0002     "XCD": 2.70255,
2025-03-20T13:40:55+00:00 INFO 67dc1ae639546-0002     "XDR": 0.748039,
2025-03-20T13:40:55+00:00 INFO 67dc1ae639546-0002     "XOF": 604.612013,
2025-03-20T13:40:55+00:00 INFO 67dc1ae639546-0002     "XPD": 0.001062,
2025-03-20T13:40:55+00:00 INFO 67dc1ae639546-0002     "XPF": 109.991059,
2025-03-20T13:40:55+00:00 INFO 67dc1ae639546-0002     "XPT": 0.001007,
2025-03-20T13:40:55+00:00 INFO 67dc1ae639546-0002     "YER": 246.199928,
2025-03-20T13:40:55+00:00 INFO 67dc1ae639546-0002     "ZAR": 18.216786,
2025-03-20T13:40:55+00:00 INFO 67dc1ae639546-0002     "ZMW": 28.781801,
2025-03-20T13:40:55+00:00 INFO 67dc1ae639546-0002     "ZWL": 322
2025-03-20T13:40:55+00:00 INFO 67dc1ae639546-0002 }
2025-03-20T15:32:15+00:00 INFO 67dc34ff537ca-0001 REQUEST_67dc34ff5adf2 (JSON): {
2025-03-20T15:32:15+00:00 INFO 67dc34ff537ca-0001     "url": "https:\/\/public-api.wordpress.com\/wpcom\/v2\/sites\/%s\/wcpay\/accounts?test_mode=true",
2025-03-20T15:32:15+00:00 INFO 67dc34ff537ca-0001     "method": "GET",
2025-03-20T15:32:15+00:00 INFO 67dc34ff537ca-0001     "headers": {
2025-03-20T15:32:15+00:00 INFO 67dc34ff537ca-0001         "Content-Type": "application\/json; charset=utf-8",
2025-03-20T15:32:15+00:00 INFO 67dc34ff537ca-0001         "User-Agent": "WooCommerce Payments\/8.9.2",
2025-03-20T15:32:15+00:00 INFO 67dc34ff537ca-0001         "X-Request-Initiated": 1742484735.372208
2025-03-20T15:32:15+00:00 INFO 67dc34ff537ca-0001     },
2025-03-20T15:32:15+00:00 INFO 67dc34ff537ca-0001     "timeout": 70,
2025-03-20T15:32:15+00:00 INFO 67dc34ff537ca-0001     "connect_timeout": 70
2025-03-20T15:32:15+00:00 INFO 67dc34ff537ca-0001 }
2025-03-20T15:32:15+00:00 INFO 67dc34ff537ca-0001 CONTEXT (JSON): {
2025-03-20T15:32:15+00:00 INFO 67dc34ff537ca-0001     "WP_User": "Guest (non logged-in user)",
2025-03-20T15:32:15+00:00 INFO 67dc34ff537ca-0001     "HTTP_REFERER": "--",
2025-03-20T15:32:15+00:00 INFO 67dc34ff537ca-0001     "HTTP_USER_AGENT": "Mozilla\/5.0 (compatible; AhrefsBot\/7.0; +http:\/\/ahrefs.com\/robot\/)",
2025-03-20T15:32:15+00:00 INFO 67dc34ff537ca-0001     "REQUEST_URI": "\/product\/banana-cake\/?add-to-cart=42",
2025-03-20T15:32:15+00:00 INFO 67dc34ff537ca-0001     "DOING_AJAX": "",
2025-03-20T15:32:15+00:00 INFO 67dc34ff537ca-0001     "DOING_CRON": "",
2025-03-20T15:32:15+00:00 INFO 67dc34ff537ca-0001     "WP_CLI": ""
2025-03-20T15:32:15+00:00 INFO 67dc34ff537ca-0001 }
2025-03-20T15:32:18+00:00 INFO 67dc34ff537ca-0002 RESPONSE_67dc34ff5adf2 (JSON): {
2025-03-20T15:32:18+00:00 INFO 67dc34ff537ca-0002     "account_id": "acct_1Qv6psC4wRMCdaNt",
2025-03-20T15:32:18+00:00 INFO 67dc34ff537ca-0002     "email": "(redacted)",
2025-03-20T15:32:18+00:00 INFO 67dc34ff537ca-0002     "live_publishable_key": "pk_live_51ETDmyFuiXB5oUVxaIafkGPnwuNcBxr1pXVhvLJ4BrWuiqfG6SldjatOGLQhuqXnDmgqwRA7tDoSFlbY4wFji7KR0079TvtxNs",
2025-03-20T15:32:18+00:00 INFO 67dc34ff537ca-0002     "test_publishable_key": "pk_test_51ETDmyFuiXB5oUVxwSobQMW5Tno1GclIq7ePZWzLeW4q8oa7Zb8hI5VfwI5sNT5nXuKYinLukNvGCXmsQXAoDGHG00MqHqlYHR",
2025-03-20T15:32:18+00:00 INFO 67dc34ff537ca-0002     "is_live": false,
2025-03-20T15:32:18+00:00 INFO 67dc34ff537ca-0002     "is_test_drive": true,
2025-03-20T15:32:18+00:00 INFO 67dc34ff537ca-0002     "created": "2025-02-22 00:45:01",
2025-03-20T15:32:18+00:00 INFO 67dc34ff537ca-0002     "has_pending_requirements": false,
2025-03-20T15:32:18+00:00 INFO 67dc34ff537ca-0002     "has_future_requirements": false,
2025-03-20T15:32:18+00:00 INFO 67dc34ff537ca-0002     "has_overdue_requirements": false,
2025-03-20T15:32:18+00:00 INFO 67dc34ff537ca-0002     "details_submitted": true,
2025-03-20T15:32:18+00:00 INFO 67dc34ff537ca-0002     "current_deadline": null,
2025-03-20T15:32:18+00:00 INFO 67dc34ff537ca-0002     "status": "complete",
2025-03-20T15:32:18+00:00 INFO 67dc34ff537ca-0002     "capabilities": {
2025-03-20T15:32:18+00:00 INFO 67dc34ff537ca-0002         "affirm_payments": "active",
2025-03-20T15:32:18+00:00 INFO 67dc34ff537ca-0002         "afterpay_clearpay_payments": "active",
2025-03-20T15:32:18+00:00 INFO 67dc34ff537ca-0002         "bancontact_payments": "active",
2025-03-20T15:32:18+00:00 INFO 67dc34ff537ca-0002         "card_payments": "active",
2025-03-20T15:32:18+00:00 INFO 67dc34ff537ca-0002         "eps_payments": "active",
2025-03-20T15:32:18+00:00 INFO 67dc34ff537ca-0002         "ideal_payments": "active",
2025-03-20T15:32:18+00:00 INFO 67dc34ff537ca-0002         "klarna_payments": "active",
2025-03-20T15:32:18+00:00 INFO 67dc34ff537ca-0002         "link_payments": "active",
2025-03-20T15:32:18+00:00 INFO 67dc34ff537ca-0002         "multibanco_payments": "active",
2025-03-20T15:32:18+00:00 INFO 67dc34ff537ca-0002         "p24_payments": "active",
2025-03-20T15:32:18+00:00 INFO 67dc34ff537ca-0002         "tax_reporting_us_1099_k": "active",
2025-03-20T15:32:18+00:00 INFO 67dc34ff537ca-0002         "transfers": "active",
2025-03-20T15:32:18+00:00 INFO 67dc34ff537ca-0002         "acss_debit_payments": "unrequested",
2025-03-20T15:32:18+00:00 INFO 67dc34ff537ca-0002         "amazon_pay_payments": "unrequested",
2025-03-20T15:32:18+00:00 INFO 67dc34ff537ca-0002         "bank_transfer_payments": "unrequested",
2025-03-20T15:32:18+00:00 INFO 67dc34ff537ca-0002         "cartes_bancaires_payments": "unrequested",
2025-03-20T15:32:18+00:00 INFO 67dc34ff537ca-0002         "cashapp_payments": "unrequested",
2025-03-20T15:32:18+00:00 INFO 67dc34ff537ca-0002         "giropay_payments": "unrequested",
2025-03-20T15:32:18+00:00 INFO 67dc34ff537ca-0002         "kakao_pay_payments": "unrequested",
2025-03-20T15:32:18+00:00 INFO 67dc34ff537ca-0002         "klarna": "unrequested",
2025-03-20T15:32:18+00:00 INFO 67dc34ff537ca-0002         "kr_card_payments": "unrequested",
2025-03-20T15:32:18+00:00 INFO 67dc34ff537ca-0002         "naver_pay_payments": "unrequested",
2025-03-20T15:32:18+00:00 INFO 67dc34ff537ca-0002         "payco_payments": "unrequested",
2025-03-20T15:32:18+00:00 INFO 67dc34ff537ca-0002         "samsung_pay_payments": "unrequested",
2025-03-20T15:32:18+00:00 INFO 67dc34ff537ca-0002         "sepa_bank_transfer_payments": "unrequested",
2025-03-20T15:32:18+00:00 INFO 67dc34ff537ca-0002         "sepa_debit_payments": "unrequested",
2025-03-20T15:32:18+00:00 INFO 67dc34ff537ca-0002         "sofort_payments": "unrequested",
2025-03-20T15:32:18+00:00 INFO 67dc34ff537ca-0002         "tax_reporting_us_1099_misc": "unrequested",
2025-03-20T15:32:18+00:00 INFO 67dc34ff537ca-0002         "us_bank_account_ach_payments": "unrequested",
2025-03-20T15:32:18+00:00 INFO 67dc34ff537ca-0002         "us_bank_transfer_payments": "unrequested"
2025-03-20T15:32:18+00:00 INFO 67dc34ff537ca-0002     },
2025-03-20T15:32:18+00:00 INFO 67dc34ff537ca-0002     "capability_requirements": {
2025-03-20T15:32:18+00:00 INFO 67dc34ff537ca-0002         "acss_debit_payments": [],
2025-03-20T15:32:18+00:00 INFO 67dc34ff537ca-0002         "affirm_payments": [],
2025-03-20T15:32:18+00:00 INFO 67dc34ff537ca-0002         "afterpay_clearpay_payments": [],
2025-03-20T15:32:18+00:00 INFO 67dc34ff537ca-0002         "amazon_pay_payments": [],
2025-03-20T15:32:18+00:00 INFO 67dc34ff537ca-0002         "bancontact_payments": [],
2025-03-20T15:32:18+00:00 INFO 67dc34ff537ca-0002         "bank_transfer_payments": [],
2025-03-20T15:32:18+00:00 INFO 67dc34ff537ca-0002         "card_payments": [],
2025-03-20T15:32:18+00:00 INFO 67dc34ff537ca-0002         "cartes_bancaires_payments": [],
2025-03-20T15:32:18+00:00 INFO 67dc34ff537ca-0002         "cashapp_payments": [],
2025-03-20T15:32:18+00:00 INFO 67dc34ff537ca-0002         "eps_payments": [],
2025-03-20T15:32:18+00:00 INFO 67dc34ff537ca-0002         "giropay_payments": [],
2025-03-20T15:32:18+00:00 INFO 67dc34ff537ca-0002         "ideal_payments": [],
2025-03-20T15:32:18+00:00 INFO 67dc34ff537ca-0002         "kakao_pay_payments": [],
2025-03-20T15:32:18+00:00 INFO 67dc34ff537ca-0002         "klarna": [],
2025-03-20T15:32:18+00:00 INFO 67dc34ff537ca-0002         "klarna_payments": [],
2025-03-20T15:32:18+00:00 INFO 67dc34ff537ca-0002         "kr_card_payments": [],
2025-03-20T15:32:18+00:00 INFO 67dc34ff537ca-0002         "link_payments": [],
2025-03-20T15:32:18+00:00 INFO 67dc34ff537ca-0002         "multibanco_payments": [],
2025-03-20T15:32:18+00:00 INFO 67dc34ff537ca-0002         "naver_pay_payments": [],
2025-03-20T15:32:18+00:00 INFO 67dc34ff537ca-0002         "p24_payments": [],
2025-03-20T15:32:18+00:00 INFO 67dc34ff537ca-0002         "payco_payments": [],
2025-03-20T15:32:18+00:00 INFO 67dc34ff537ca-0002         "samsung_pay_payments": [],
2025-03-20T15:32:18+00:00 INFO 67dc34ff537ca-0002         "sepa_bank_transfer_payments": [],
2025-03-20T15:32:18+00:00 INFO 67dc34ff537ca-0002         "sepa_debit_payments": [],
2025-03-20T15:32:18+00:00 INFO 67dc34ff537ca-0002         "sofort_payments": [],
2025-03-20T15:32:18+00:00 INFO 67dc34ff537ca-0002         "tax_reporting_us_1099_k": [],
2025-03-20T15:32:18+00:00 INFO 67dc34ff537ca-0002         "tax_reporting_us_1099_misc": [],
2025-03-20T15:32:18+00:00 INFO 67dc34ff537ca-0002         "transfers": [],
2025-03-20T15:32:18+00:00 INFO 67dc34ff537ca-0002         "us_bank_account_ach_payments": [],
2025-03-20T15:32:18+00:00 INFO 67dc34ff537ca-0002         "us_bank_transfer_payments": []
2025-03-20T15:32:18+00:00 INFO 67dc34ff537ca-0002     },
2025-03-20T15:32:18+00:00 INFO 67dc34ff537ca-0002     "payments_enabled": true,
2025-03-20T15:32:18+00:00 INFO 67dc34ff537ca-0002     "deposits": {
2025-03-20T15:32:18+00:00 INFO 67dc34ff537ca-0002         "status": "enabled",
2025-03-20T15:32:18+00:00 INFO 67dc34ff537ca-0002         "restrictions": "deposits_unrestricted",
2025-03-20T15:32:18+00:00 INFO 67dc34ff537ca-0002         "interval": "daily",
2025-03-20T15:32:18+00:00 INFO 67dc34ff537ca-0002         "weekly_anchor": "",
2025-03-20T15:32:18+00:00 INFO 67dc34ff537ca-0002         "monthly_anchor": null,
2025-03-20T15:32:18+00:00 INFO 67dc34ff537ca-0002         "delay_days": 2,
2025-03-20T15:32:18+00:00 INFO 67dc34ff537ca-0002         "completed_waiting_period": false,
2025-03-20T15:32:18+00:00 INFO 67dc34ff537ca-0002         "minimum_manual_deposit_amounts": {
2025-03-20T15:32:18+00:00 INFO 67dc34ff537ca-0002             "aud": 500,
2025-03-20T15:32:18+00:00 INFO 67dc34ff537ca-0002             "bgn": 100,
2025-03-20T15:32:18+00:00 INFO 67dc34ff537ca-0002             "cad": 500,
2025-03-20T15:32:18+00:00 INFO 67dc34ff537ca-0002             "chf": 500,
2025-03-20T15:32:18+00:00 INFO 67dc34ff537ca-0002             "czk": 3000,
2025-03-20T15:32:18+00:00 INFO 67dc34ff537ca-0002             "dkk": 5000,
2025-03-20T15:32:18+00:00 INFO 67dc34ff537ca-0002             "eur": 500,
2025-03-20T15:32:18+00:00 INFO 67dc34ff537ca-0002             "gbp": 500,
2025-03-20T15:32:18+00:00 INFO 67dc34ff537ca-0002             "hkd": 5000,
2025-03-20T15:32:18+00:00 INFO 67dc34ff537ca-0002             "huf": 36000,
2025-03-20T15:32:18+00:00 INFO 67dc34ff537ca-0002             "nok": 5000,
2025-03-20T15:32:18+00:00 INFO 67dc34ff537ca-0002             "nzd": 500,
2025-03-20T15:32:18+00:00 INFO 67dc34ff537ca-0002             "jpy": 50,
2025-03-20T15:32:18+00:00 INFO 67dc34ff537ca-0002             "sek": 5000,
2025-03-20T15:32:18+00:00 INFO 67dc34ff537ca-0002             "sgd": 500,
2025-03-20T15:32:18+00:00 INFO 67dc34ff537ca-0002             "usd": 500,
2025-03-20T15:32:18+00:00 INFO 67dc34ff537ca-0002             "ron": 500,
2025-03-20T15:32:18+00:00 INFO 67dc34ff537ca-0002             "pln": 500,
2025-03-20T15:32:18+00:00 INFO 67dc34ff537ca-0002             "aed": 200
2025-03-20T15:32:18+00:00 INFO 67dc34ff537ca-0002         },
2025-03-20T15:32:18+00:00 INFO 67dc34ff537ca-0002         "minimum_scheduled_deposit_amounts": {
2025-03-20T15:32:18+00:00 INFO 67dc34ff537ca-0002             "aed": 200,
2025-03-20T15:32:18+00:00 INFO 67dc34ff537ca-0002             "aud": 0,
2025-03-20T15:32:18+00:00 INFO 67dc34ff537ca-0002             "bgn": 100,
2025-03-20T15:32:18+00:00 INFO 67dc34ff537ca-0002             "cad": 0,
2025-03-20T15:32:18+00:00 INFO 67dc34ff537ca-0002             "chf": 500,
2025-03-20T15:32:18+00:00 INFO 67dc34ff537ca-0002             "czk": 3000,
2025-03-20T15:32:18+00:00 INFO 67dc34ff537ca-0002             "dkk": 2000,
2025-03-20T15:32:18+00:00 INFO 67dc34ff537ca-0002             "eur": 100,
2025-03-20T15:32:18+00:00 INFO 67dc34ff537ca-0002             "gbp": 100,
2025-03-20T15:32:18+00:00 INFO 67dc34ff537ca-0002             "hkd": 0,
2025-03-20T15:32:18+00:00 INFO 67dc34ff537ca-0002             "huf": 36000,
2025-03-20T15:32:18+00:00 INFO 67dc34ff537ca-0002             "jpy": 1,
2025-03-20T15:32:18+00:00 INFO 67dc34ff537ca-0002             "nok": 2000,
2025-03-20T15:32:18+00:00 INFO 67dc34ff537ca-0002             "nzd": 0,
2025-03-20T15:32:18+00:00 INFO 67dc34ff537ca-0002             "pln": 500,
2025-03-20T15:32:18+00:00 INFO 67dc34ff537ca-0002             "ron": 500,
2025-03-20T15:32:18+00:00 INFO 67dc34ff537ca-0002             "sek": 2000,
2025-03-20T15:32:18+00:00 INFO 67dc34ff537ca-0002             "sgd": 100,
2025-03-20T15:32:18+00:00 INFO 67dc34ff537ca-0002             "usd": 0
2025-03-20T15:32:18+00:00 INFO 67dc34ff537ca-0002         }
2025-03-20T15:32:18+00:00 INFO 67dc34ff537ca-0002     },
2025-03-20T15:32:18+00:00 INFO 67dc34ff537ca-0002     "lifetime_total_payment_volume": 0,
2025-03-20T15:32:18+00:00 INFO 67dc34ff537ca-0002     "requirements": {
2025-03-20T15:32:18+00:00 INFO 67dc34ff537ca-0002         "errors": []
2025-03-20T15:32:18+00:00 INFO 67dc34ff537ca-0002     },
2025-03-20T15:32:18+00:00 INFO 67dc34ff537ca-0002     "statement_descriptor": "NORTHERNLI",
2025-03-20T15:32:18+00:00 INFO 67dc34ff537ca-0002     "statement_descriptor_kanji": "",
2025-03-20T15:32:18+00:00 INFO 67dc34ff537ca-0002     "statement_descriptor_kana": "",
2025-03-20T15:32:18+00:00 INFO 67dc34ff537ca-0002     "latest_tos_agreement": {
2025-03-20T15:32:18+00:00 INFO 67dc34ff537ca-0002         "date": "2025-02-22 00:45:01",
2025-03-20T15:32:18+00:00 INFO 67dc34ff537ca-0002         "source": "signup",
2025-03-20T15:32:18+00:00 INFO 67dc34ff537ca-0002         "is_current_version": true
2025-03-20T15:32:18+00:00 INFO 67dc34ff537ca-0002     },
2025-03-20T15:32:18+00:00 INFO 67dc34ff537ca-0002     "fees": {
2025-03-20T15:32:18+00:00 INFO 67dc34ff537ca-0002         "base": {
2025-03-20T15:32:18+00:00 INFO 67dc34ff537ca-0002             "percentage_rate": 0.029,
2025-03-20T15:32:18+00:00 INFO 67dc34ff537ca-0002             "fixed_rate": 30,
2025-03-20T15:32:18+00:00 INFO 67dc34ff537ca-0002             "currency": "usd"
2025-03-20T15:32:18+00:00 INFO 67dc34ff537ca-0002         },
2025-03-20T15:32:18+00:00 INFO 67dc34ff537ca-0002         "discount": [],
2025-03-20T15:32:18+00:00 INFO 67dc34ff537ca-0002         "card": {
2025-03-20T15:32:18+00:00 INFO 67dc34ff537ca-0002             "base": {
2025-03-20T15:32:18+00:00 INFO 67dc34ff537ca-0002                 "percentage_rate": 0.029,
2025-03-20T15:32:18+00:00 INFO 67dc34ff537ca-0002                 "fixed_rate": 30,
2025-03-20T15:32:18+00:00 INFO 67dc34ff537ca-0002                 "currency": "usd"
2025-03-20T15:32:18+00:00 INFO 67dc34ff537ca-0002             },
2025-03-20T15:32:18+00:00 INFO 67dc34ff537ca-0002             "additional": {
2025-03-20T15:32:18+00:00 INFO 67dc34ff537ca-0002                 "percentage_rate": 0.015,
2025-03-20T15:32:18+00:00 INFO 67dc34ff537ca-0002                 "fixed_rate": 0,
2025-03-20T15:32:18+00:00 INFO 67dc34ff537ca-0002                 "currency": "usd"
2025-03-20T15:32:18+00:00 INFO 67dc34ff537ca-0002             },
2025-03-20T15:32:18+00:00 INFO 67dc34ff537ca-0002             "fx": {
2025-03-20T15:32:18+00:00 INFO 67dc34ff537ca-0002                 "percentage_rate": 0.01,
2025-03-20T15:32:18+00:00 INFO 67dc34ff537ca-0002                 "fixed_rate": 0,
2025-03-20T15:32:18+00:00 INFO 67dc34ff537ca-0002                 "currency": "usd"
2025-03-20T15:32:18+00:00 INFO 67dc34ff537ca-0002             },
2025-03-20T15:32:18+00:00 INFO 67dc34ff537ca-0002             "discount": []
2025-03-20T15:32:18+00:00 INFO 67dc34ff537ca-0002         },
2025-03-20T15:32:18+00:00 INFO 67dc34ff537ca-0002         "card_present": {
2025-03-20T15:32:18+00:00 INFO 67dc34ff537ca-0002             "base": {
2025-03-20T15:32:18+00:00 INFO 67dc34ff537ca-0002                 "percentage_rate": 0.027,
2025-03-20T15:32:18+00:00 INFO 67dc34ff537ca-0002                 "fixed_rate": 10,
2025-03-20T15:32:18+00:00 INFO 67dc34ff537ca-0002                 "currency": "usd"
2025-03-20T15:32:18+00:00 INFO 67dc34ff537ca-0002             },
2025-03-20T15:32:18+00:00 INFO 67dc34ff537ca-0002             "additional": {
2025-03-20T15:32:18+00:00 INFO 67dc34ff537ca-0002                 "percentage_rate": 0.01,
2025-03-20T15:32:18+00:00 INFO 67dc34ff537ca-0002                 "fixed_rate": 0,
2025-03-20T15:32:18+00:00 INFO 67dc34ff537ca-0002                 "currency": "usd"
2025-03-20T15:32:18+00:00 INFO 67dc34ff537ca-0002             },
2025-03-20T15:32:18+00:00 INFO 67dc34ff537ca-0002             "fx": {
2025-03-20T15:32:18+00:00 INFO 67dc34ff537ca-0002                 "percentage_rate": 0.01,
2025-03-20T15:32:18+00:00 INFO 67dc34ff537ca-0002                 "fixed_rate": 0,
2025-03-20T15:32:18+00:00 INFO 67dc34ff537ca-0002                 "currency": "usd"
2025-03-20T15:32:18+00:00 INFO 67dc34ff537ca-0002             },
2025-03-20T15:32:18+00:00 INFO 67dc34ff537ca-0002             "discount": []
2025-03-20T15:32:18+00:00 INFO 67dc34ff537ca-0002         },
2025-03-20T15:32:18+00:00 INFO 67dc34ff537ca-0002         "link": {
2025-03-20T15:32:18+00:00 INFO 67dc34ff537ca-0002             "base": {
2025-03-20T15:32:18+00:00 INFO 67dc34ff537ca-0002                 "percentage_rate": 0.029,
2025-03-20T15:32:18+00:00 INFO 67dc34ff537ca-0002                 "fixed_rate": 30,
2025-03-20T15:32:18+00:00 INFO 67dc34ff537ca-0002                 "currency": "usd"
2025-03-20T15:32:18+00:00 INFO 67dc34ff537ca-0002             },
2025-03-20T15:32:18+00:00 INFO 67dc34ff537ca-0002             "additional": {
2025-03-20T15:32:18+00:00 INFO 67dc34ff537ca-0002                 "percentage_rate": 0,
2025-03-20T15:32:18+00:00 INFO 67dc34ff537ca-0002                 "fixed_rate": 0,
2025-03-20T15:32:18+00:00 INFO 67dc34ff537ca-0002                 "currency": "usd"
2025-03-20T15:32:18+00:00 INFO 67dc34ff537ca-0002             },
2025-03-20T15:32:18+00:00 INFO 67dc34ff537ca-0002             "fx": {
2025-03-20T15:32:18+00:00 INFO 67dc34ff537ca-0002                 "percentage_rate": 0.01,
2025-03-20T15:32:18+00:00 INFO 67dc34ff537ca-0002                 "fixed_rate": 0,
2025-03-20T15:32:18+00:00 INFO 67dc34ff537ca-0002                 "currency": "usd"
2025-03-20T15:32:18+00:00 INFO 67dc34ff537ca-0002             },
2025-03-20T15:32:18+00:00 INFO 67dc34ff537ca-0002             "discount": []
2025-03-20T15:32:18+00:00 INFO 67dc34ff537ca-0002         },
2025-03-20T15:32:18+00:00 INFO 67dc34ff537ca-0002         "bancontact": {
2025-03-20T15:32:18+00:00 INFO 67dc34ff537ca-0002             "base": {
2025-03-20T15:32:18+00:00 INFO 67dc34ff537ca-0002                 "percentage_rate": 0.014,
2025-03-20T15:32:18+00:00 INFO 67dc34ff537ca-0002                 "fixed_rate": 30,
2025-03-20T15:32:18+00:00 INFO 67dc34ff537ca-0002                 "currency": "usd"
2025-03-20T15:32:18+00:00 INFO 67dc34ff537ca-0002             },
2025-03-20T15:32:18+00:00 INFO 67dc34ff537ca-0002             "additional": {
2025-03-20T15:32:18+00:00 INFO 67dc34ff537ca-0002                 "percentage_rate": 0.015,
2025-03-20T15:32:18+00:00 INFO 67dc34ff537ca-0002                 "fixed_rate": 0,
2025-03-20T15:32:18+00:00 INFO 67dc34ff537ca-0002                 "currency": "usd"
2025-03-20T15:32:18+00:00 INFO 67dc34ff537ca-0002             },
2025-03-20T15:32:18+00:00 INFO 67dc34ff537ca-0002             "fx": {
2025-03-20T15:32:18+00:00 INFO 67dc34ff537ca-0002                 "percentage_rate": 0.01,
2025-03-20T15:32:18+00:00 INFO 67dc34ff537ca-0002                 "fixed_rate": 0,
2025-03-20T15:32:18+00:00 INFO 67dc34ff537ca-0002                 "currency": "usd"
2025-03-20T15:32:18+00:00 INFO 67dc34ff537ca-0002             },
2025-03-20T15:32:18+00:00 INFO 67dc34ff537ca-0002             "discount": []
2025-03-20T15:32:18+00:00 INFO 67dc34ff537ca-0002         },
2025-03-20T15:32:18+00:00 INFO 67dc34ff537ca-0002         "eps": {
2025-03-20T15:32:18+00:00 INFO 67dc34ff537ca-0002             "base": {
2025-03-20T15:32:18+00:00 INFO 67dc34ff537ca-0002                 "percentage_rate": 0.018,
2025-03-20T15:32:18+00:00 INFO 67dc34ff537ca-0002                 "fixed_rate": 30,
2025-03-20T15:32:18+00:00 INFO 67dc34ff537ca-0002                 "currency": "usd"
2025-03-20T15:32:18+00:00 INFO 67dc34ff537ca-0002             },
2025-03-20T15:32:18+00:00 INFO 67dc34ff537ca-0002             "additional": {
2025-03-20T15:32:18+00:00 INFO 67dc34ff537ca-0002                 "percentage_rate": 0.015,
2025-03-20T15:32:18+00:00 INFO 67dc34ff537ca-0002                 "fixed_rate": 0,
2025-03-20T15:32:18+00:00 INFO 67dc34ff537ca-0002                 "currency": "usd"
2025-03-20T15:32:18+00:00 INFO 67dc34ff537ca-0002             },
2025-03-20T15:32:18+00:00 INFO 67dc34ff537ca-0002             "fx": {
2025-03-20T15:32:18+00:00 INFO 67dc34ff537ca-0002                 "percentage_rate": 0.01,
2025-03-20T15:32:18+00:00 INFO 67dc34ff537ca-0002                 "fixed_rate": 0,
2025-03-20T15:32:18+00:00 INFO 67dc34ff537ca-0002                 "currency": "usd"
2025-03-20T15:32:18+00:00 INFO 67dc34ff537ca-0002             },
2025-03-20T15:32:18+00:00 INFO 67dc34ff537ca-0002             "discount": []
2025-03-20T15:32:18+00:00 INFO 67dc34ff537ca-0002         },
2025-03-20T15:32:18+00:00 INFO 67dc34ff537ca-0002         "ideal": {
2025-03-20T15:32:18+00:00 INFO 67dc34ff537ca-0002             "base": {
2025-03-20T15:32:18+00:00 INFO 67dc34ff537ca-0002                 "percentage_rate": 0,
2025-03-20T15:32:18+00:00 INFO 67dc34ff537ca-0002                 "fixed_rate": 80,
2025-03-20T15:32:18+00:00 INFO 67dc34ff537ca-0002                 "currency": "usd"
2025-03-20T15:32:18+00:00 INFO 67dc34ff537ca-0002             },
2025-03-20T15:32:18+00:00 INFO 67dc34ff537ca-0002             "additional": {
2025-03-20T15:32:18+00:00 INFO 67dc34ff537ca-0002                 "percentage_rate": 0.015,
2025-03-20T15:32:18+00:00 INFO 67dc34ff537ca-0002                 "fixed_rate": 0,
2025-03-20T15:32:18+00:00 INFO 67dc34ff537ca-0002                 "currency": "usd"
2025-03-20T15:32:18+00:00 INFO 67dc34ff537ca-0002             },
2025-03-20T15:32:18+00:00 INFO 67dc34ff537ca-0002             "fx": {
2025-03-20T15:32:18+00:00 INFO 67dc34ff537ca-0002                 "percentage_rate": 0.01,
2025-03-20T15:32:18+00:00 INFO 67dc34ff537ca-0002                 "fixed_rate": 0,
2025-03-20T15:32:18+00:00 INFO 67dc34ff537ca-0002                 "currency": "usd"
2025-03-20T15:32:18+00:00 INFO 67dc34ff537ca-0002             },
2025-03-20T15:32:18+00:00 INFO 67dc34ff537ca-0002             "discount": []
2025-03-20T15:32:18+00:00 INFO 67dc34ff537ca-0002         },
2025-03-20T15:32:18+00:00 INFO 67dc34ff537ca-0002         "p24": {
2025-03-20T15:32:18+00:00 INFO 67dc34ff537ca-0002             "base": {
2025-03-20T15:32:18+00:00 INFO 67dc34ff537ca-0002                 "percentage_rate": 0.022,
2025-03-20T15:32:18+00:00 INFO 67dc34ff537ca-0002                 "fixed_rate": 30,
2025-03-20T15:32:18+00:00 INFO 67dc34ff537ca-0002                 "currency": "usd"
2025-03-20T15:32:18+00:00 INFO 67dc34ff537ca-0002             },
2025-03-20T15:32:18+00:00 INFO 67dc34ff537ca-0002             "additional": {
2025-03-20T15:32:18+00:00 INFO 67dc34ff537ca-0002                 "percentage_rate": 0.015,
2025-03-20T15:32:18+00:00 INFO 67dc34ff537ca-0002                 "fixed_rate": 0,
2025-03-20T15:32:18+00:00 INFO 67dc34ff537ca-0002                 "currency": "usd"
2025-03-20T15:32:18+00:00 INFO 67dc34ff537ca-0002             },
2025-03-20T15:32:18+00:00 INFO 67dc34ff537ca-0002             "fx": {
2025-03-20T15:32:18+00:00 INFO 67dc34ff537ca-0002                 "percentage_rate": 0.01,
2025-03-20T15:32:18+00:00 INFO 67dc34ff537ca-0002                 "fixed_rate": 0,
2025-03-20T15:32:18+00:00 INFO 67dc34ff537ca-0002                 "currency": "usd"
2025-03-20T15:32:18+00:00 INFO 67dc34ff537ca-0002             },
2025-03-20T15:32:18+00:00 INFO 67dc34ff537ca-0002             "discount": []
2025-03-20T15:32:18+00:00 INFO 67dc34ff537ca-0002         },
2025-03-20T15:32:18+00:00 INFO 67dc34ff537ca-0002         "affirm": {
2025-03-20T15:32:18+00:00 INFO 67dc34ff537ca-0002             "base": {
2025-03-20T15:32:18+00:00 INFO 67dc34ff537ca-0002                 "percentage_rate": 0.06,
2025-03-20T15:32:18+00:00 INFO 67dc34ff537ca-0002                 "fixed_rate": 30,
2025-03-20T15:32:18+00:00 INFO 67dc34ff537ca-0002                 "currency": "usd"
2025-03-20T15:32:18+00:00 INFO 67dc34ff537ca-0002             },
2025-03-20T15:32:18+00:00 INFO 67dc34ff537ca-0002             "additional": {
2025-03-20T15:32:18+00:00 INFO 67dc34ff537ca-0002                 "percentage_rate": 0,
2025-03-20T15:32:18+00:00 INFO 67dc34ff537ca-0002                 "fixed_rate": 0,
2025-03-20T15:32:18+00:00 INFO 67dc34ff537ca-0002                 "currency": "usd"
2025-03-20T15:32:18+00:00 INFO 67dc34ff537ca-0002             },
2025-03-20T15:32:18+00:00 INFO 67dc34ff537ca-0002             "fx": {
2025-03-20T15:32:18+00:00 INFO 67dc34ff537ca-0002                 "percentage_rate": 0,
2025-03-20T15:32:18+00:00 INFO 67dc34ff537ca-0002                 "fixed_rate": 0,
2025-03-20T15:32:18+00:00 INFO 67dc34ff537ca-0002                 "currency": "usd"
2025-03-20T15:32:18+00:00 INFO 67dc34ff537ca-0002             },
2025-03-20T15:32:18+00:00 INFO 67dc34ff537ca-0002             "discount": []
2025-03-20T15:32:18+00:00 INFO 67dc34ff537ca-0002         },
2025-03-20T15:32:18+00:00 INFO 67dc34ff537ca-0002         "afterpay_clearpay": {
2025-03-20T15:32:18+00:00 INFO 67dc34ff537ca-0002             "base": {
2025-03-20T15:32:18+00:00 INFO 67dc34ff537ca-0002                 "percentage_rate": 0.06,
2025-03-20T15:32:18+00:00 INFO 67dc34ff537ca-0002                 "fixed_rate": 30,
2025-03-20T15:32:18+00:00 INFO 67dc34ff537ca-0002                 "currency": "usd"
2025-03-20T15:32:18+00:00 INFO 67dc34ff537ca-0002             },
2025-03-20T15:32:18+00:00 INFO 67dc34ff537ca-0002             "additional": {
2025-03-20T15:32:18+00:00 INFO 67dc34ff537ca-0002                 "percentage_rate": 0,
2025-03-20T15:32:18+00:00 INFO 67dc34ff537ca-0002                 "fixed_rate": 0,
2025-03-20T15:32:18+00:00 INFO 67dc34ff537ca-0002                 "currency": "usd"
2025-03-20T15:32:18+00:00 INFO 67dc34ff537ca-0002             },
2025-03-20T15:32:18+00:00 INFO 67dc34ff537ca-0002             "fx": {
2025-03-20T15:32:18+00:00 INFO 67dc34ff537ca-0002                 "percentage_rate": 0,
2025-03-20T15:32:18+00:00 INFO 67dc34ff537ca-0002                 "fixed_rate": 0,
2025-03-20T15:32:18+00:00 INFO 67dc34ff537ca-0002                 "currency": "usd"
2025-03-20T15:32:18+00:00 INFO 67dc34ff537ca-0002             },
2025-03-20T15:32:18+00:00 INFO 67dc34ff537ca-0002             "discount": []
2025-03-20T15:32:18+00:00 INFO 67dc34ff537ca-0002         },
2025-03-20T15:32:18+00:00 INFO 67dc34ff537ca-0002         "klarna": {
2025-03-20T15:32:18+00:00 INFO 67dc34ff537ca-0002             "base": {
2025-03-20T15:32:18+00:00 INFO 67dc34ff537ca-0002                 "percentage_rate": 0.0599,
2025-03-20T15:32:18+00:00 INFO 67dc34ff537ca-0002                 "fixed_rate": 30,
2025-03-20T15:32:18+00:00 INFO 67dc34ff537ca-0002                 "currency": "usd"
2025-03-20T15:32:18+00:00 INFO 67dc34ff537ca-0002             },
2025-03-20T15:32:18+00:00 INFO 67dc34ff537ca-0002             "additional": {
2025-03-20T15:32:18+00:00 INFO 67dc34ff537ca-0002                 "percentage_rate": 0,
2025-03-20T15:32:18+00:00 INFO 67dc34ff537ca-0002                 "fixed_rate": 0,
2025-03-20T15:32:18+00:00 INFO 67dc34ff537ca-0002                 "currency": "usd"
2025-03-20T15:32:18+00:00 INFO 67dc34ff537ca-0002             },
2025-03-20T15:32:18+00:00 INFO 67dc34ff537ca-0002             "fx": {
2025-03-20T15:32:18+00:00 INFO 67dc34ff537ca-0002                 "percentage_rate": 0,
2025-03-20T15:32:18+00:00 INFO 67dc34ff537ca-0002                 "fixed_rate": 0,
2025-03-20T15:32:18+00:00 INFO 67dc34ff537ca-0002                 "currency": "usd"
2025-03-20T15:32:18+00:00 INFO 67dc34ff537ca-0002             },
2025-03-20T15:32:18+00:00 INFO 67dc34ff537ca-0002             "discount": []
2025-03-20T15:32:18+00:00 INFO 67dc34ff537ca-0002         }
2025-03-20T15:32:18+00:00 INFO 67dc34ff537ca-0002     },
2025-03-20T15:32:18+00:00 INFO 67dc34ff537ca-0002     "capital": {
2025-03-20T15:32:18+00:00 INFO 67dc34ff537ca-0002         "has_active_loan": false,
2025-03-20T15:32:18+00:00 INFO 67dc34ff537ca-0002         "has_previous_loans": false,
2025-03-20T15:32:18+00:00 INFO 67dc34ff537ca-0002         "loans": []
2025-03-20T15:32:18+00:00 INFO 67dc34ff537ca-0002     },
2025-03-20T15:32:18+00:00 INFO 67dc34ff537ca-0002     "fraud_services": {
2025-03-20T15:32:18+00:00 INFO 67dc34ff537ca-0002         "stripe": [],
2025-03-20T15:32:18+00:00 INFO 67dc34ff537ca-0002         "sift": {
2025-03-20T15:32:18+00:00 INFO 67dc34ff537ca-0002             "beacon_key": "affbdadb36",
2025-03-20T15:32:18+00:00 INFO 67dc34ff537ca-0002             "sandbox_beacon_key": "6ad0ad748b"
2025-03-20T15:32:18+00:00 INFO 67dc34ff537ca-0002         }
2025-03-20T15:32:18+00:00 INFO 67dc34ff537ca-0002     },
2025-03-20T15:32:18+00:00 INFO 67dc34ff537ca-0002     "store_currencies": {
2025-03-20T15:32:18+00:00 INFO 67dc34ff537ca-0002         "default": "usd",
2025-03-20T15:32:18+00:00 INFO 67dc34ff537ca-0002         "supported": [
2025-03-20T15:32:18+00:00 INFO 67dc34ff537ca-0002             "usd"
2025-03-20T15:32:18+00:00 INFO 67dc34ff537ca-0002         ]
2025-03-20T15:32:18+00:00 INFO 67dc34ff537ca-0002     },
2025-03-20T15:32:18+00:00 INFO 67dc34ff537ca-0002     "customer_currencies": {
2025-03-20T15:32:18+00:00 INFO 67dc34ff537ca-0002         "supported": [
2025-03-20T15:32:18+00:00 INFO 67dc34ff537ca-0002             "usd",
2025-03-20T15:32:18+00:00 INFO 67dc34ff537ca-0002             "aed",
2025-03-20T15:32:18+00:00 INFO 67dc34ff537ca-0002             "afn",
2025-03-20T15:32:18+00:00 INFO 67dc34ff537ca-0002             "all",
2025-03-20T15:32:18+00:00 INFO 67dc34ff537ca-0002             "amd",
2025-03-20T15:32:18+00:00 INFO 67dc34ff537ca-0002             "ang",
2025-03-20T15:32:18+00:00 INFO 67dc34ff537ca-0002             "aoa",
2025-03-20T15:32:18+00:00 INFO 67dc34ff537ca-0002             "ars",
2025-03-20T15:32:18+00:00 INFO 67dc34ff537ca-0002             "aud",
2025-03-20T15:32:18+00:00 INFO 67dc34ff537ca-0002             "awg",
2025-03-20T15:32:18+00:00 INFO 67dc34ff537ca-0002             "azn",
2025-03-20T15:32:18+00:00 INFO 67dc34ff537ca-0002             "bam",
2025-03-20T15:32:18+00:00 INFO 67dc34ff537ca-0002             "bbd",
2025-03-20T15:32:18+00:00 INFO 67dc34ff537ca-0002             "bdt",
2025-03-20T15:32:18+00:00 INFO 67dc34ff537ca-0002             "bgn",
2025-03-20T15:32:18+00:00 INFO 67dc34ff537ca-0002             "bif",
2025-03-20T15:32:18+00:00 INFO 67dc34ff537ca-0002             "bmd",
2025-03-20T15:32:18+00:00 INFO 67dc34ff537ca-0002             "bnd",
2025-03-20T15:32:18+00:00 INFO 67dc34ff537ca-0002             "bob",
2025-03-20T15:32:18+00:00 INFO 67dc34ff537ca-0002             "brl",
2025-03-20T15:32:18+00:00 INFO 67dc34ff537ca-0002             "bsd",
2025-03-20T15:32:18+00:00 INFO 67dc34ff537ca-0002             "bwp",
2025-03-20T15:32:18+00:00 INFO 67dc34ff537ca-0002             "byn",
2025-03-20T15:32:18+00:00 INFO 67dc34ff537ca-0002             "bzd",
2025-03-20T15:32:18+00:00 INFO 67dc34ff537ca-0002             "cad",
2025-03-20T15:32:18+00:00 INFO 67dc34ff537ca-0002             "cdf",
2025-03-20T15:32:18+00:00 INFO 67dc34ff537ca-0002             "chf",
2025-03-20T15:32:18+00:00 INFO 67dc34ff537ca-0002             "clp",
2025-03-20T15:32:18+00:00 INFO 67dc34ff537ca-0002             "cny",
2025-03-20T15:32:18+00:00 INFO 67dc34ff537ca-0002             "cop",
2025-03-20T15:32:18+00:00 INFO 67dc34ff537ca-0002             "crc",
2025-03-20T15:32:18+00:00 INFO 67dc34ff537ca-0002             "cve",
2025-03-20T15:32:18+00:00 INFO 67dc34ff537ca-0002             "czk",
2025-03-20T15:32:18+00:00 INFO 67dc34ff537ca-0002             "djf",
2025-03-20T15:32:18+00:00 INFO 67dc34ff537ca-0002             "dkk",
2025-03-20T15:32:18+00:00 INFO 67dc34ff537ca-0002             "dop",
2025-03-20T15:32:18+00:00 INFO 67dc34ff537ca-0002             "dzd",
2025-03-20T15:32:18+00:00 INFO 67dc34ff537ca-0002             "egp",
2025-03-20T15:32:18+00:00 INFO 67dc34ff537ca-0002             "etb",
2025-03-20T15:32:18+00:00 INFO 67dc34ff537ca-0002             "eur",
2025-03-20T15:32:18+00:00 INFO 67dc34ff537ca-0002             "fjd",
2025-03-20T15:32:18+00:00 INFO 67dc34ff537ca-0002             "fkp",
2025-03-20T15:32:18+00:00 INFO 67dc34ff537ca-0002             "gbp",
2025-03-20T15:32:18+00:00 INFO 67dc34ff537ca-0002             "gel",
2025-03-20T15:32:18+00:00 INFO 67dc34ff537ca-0002             "gip",
2025-03-20T15:32:18+00:00 INFO 67dc34ff537ca-0002             "gmd",
2025-03-20T15:32:18+00:00 INFO 67dc34ff537ca-0002             "gnf",
2025-03-20T15:32:18+00:00 INFO 67dc34ff537ca-0002             "gtq",
2025-03-20T15:32:18+00:00 INFO 67dc34ff537ca-0002             "gyd",
2025-03-20T15:32:18+00:00 INFO 67dc34ff537ca-0002             "hkd",
2025-03-20T15:32:18+00:00 INFO 67dc34ff537ca-0002             "hnl",
2025-03-20T15:32:18+00:00 INFO 67dc34ff537ca-0002             "htg",
2025-03-20T15:32:18+00:00 INFO 67dc34ff537ca-0002             "huf",
2025-03-20T15:32:18+00:00 INFO 67dc34ff537ca-0002             "idr",
2025-03-20T15:32:18+00:00 INFO 67dc34ff537ca-0002             "ils",
2025-03-20T15:32:18+00:00 INFO 67dc34ff537ca-0002             "inr",
2025-03-20T15:32:18+00:00 INFO 67dc34ff537ca-0002             "isk",
2025-03-20T15:32:18+00:00 INFO 67dc34ff537ca-0002             "jmd",
2025-03-20T15:32:18+00:00 INFO 67dc34ff537ca-0002             "jpy",
2025-03-20T15:32:18+00:00 INFO 67dc34ff537ca-0002             "kes",
2025-03-20T15:32:18+00:00 INFO 67dc34ff537ca-0002             "kgs",
2025-03-20T15:32:18+00:00 INFO 67dc34ff537ca-0002             "khr",
2025-03-20T15:32:18+00:00 INFO 67dc34ff537ca-0002             "kmf",
2025-03-20T15:32:18+00:00 INFO 67dc34ff537ca-0002             "krw",
2025-03-20T15:32:18+00:00 INFO 67dc34ff537ca-0002             "kyd",
2025-03-20T15:32:18+00:00 INFO 67dc34ff537ca-0002             "kzt",
2025-03-20T15:32:18+00:00 INFO 67dc34ff537ca-0002             "lak",
2025-03-20T15:32:18+00:00 INFO 67dc34ff537ca-0002             "lbp",
2025-03-20T15:32:18+00:00 INFO 67dc34ff537ca-0002             "lkr",
2025-03-20T15:32:18+00:00 INFO 67dc34ff537ca-0002             "lrd",
2025-03-20T15:32:18+00:00 INFO 67dc34ff537ca-0002             "lsl",
2025-03-20T15:32:18+00:00 INFO 67dc34ff537ca-0002             "mad",
2025-03-20T15:32:18+00:00 INFO 67dc34ff537ca-0002             "mdl",
2025-03-20T15:32:18+00:00 INFO 67dc34ff537ca-0002             "mga",
2025-03-20T15:32:18+00:00 INFO 67dc34ff537ca-0002             "mkd",
2025-03-20T15:32:18+00:00 INFO 67dc34ff537ca-0002             "mmk",
2025-03-20T15:32:18+00:00 INFO 67dc34ff537ca-0002             "mnt",
2025-03-20T15:32:18+00:00 INFO 67dc34ff537ca-0002             "mop",
2025-03-20T15:32:18+00:00 INFO 67dc34ff537ca-0002             "mur",
2025-03-20T15:32:18+00:00 INFO 67dc34ff537ca-0002             "mvr",
2025-03-20T15:32:18+00:00 INFO 67dc34ff537ca-0002             "mwk",
2025-03-20T15:32:18+00:00 INFO 67dc34ff537ca-0002             "mxn",
2025-03-20T15:32:18+00:00 INFO 67dc34ff537ca-0002             "myr",
2025-03-20T15:32:18+00:00 INFO 67dc34ff537ca-0002             "mzn",
2025-03-20T15:32:18+00:00 INFO 67dc34ff537ca-0002             "nad",
2025-03-20T15:32:18+00:00 INFO 67dc34ff537ca-0002             "ngn",
2025-03-20T15:32:18+00:00 INFO 67dc34ff537ca-0002             "nio",
2025-03-20T15:32:18+00:00 INFO 67dc34ff537ca-0002             "nok",
2025-03-20T15:32:18+00:00 INFO 67dc34ff537ca-0002             "npr",
2025-03-20T15:32:18+00:00 INFO 67dc34ff537ca-0002             "nzd",
2025-03-20T15:32:18+00:00 INFO 67dc34ff537ca-0002             "pab",
2025-03-20T15:32:18+00:00 INFO 67dc34ff537ca-0002             "pen",
2025-03-20T15:32:18+00:00 INFO 67dc34ff537ca-0002             "pgk",
2025-03-20T15:32:18+00:00 INFO 67dc34ff537ca-0002             "php",
2025-03-20T15:32:18+00:00 INFO 67dc34ff537ca-0002             "pkr",
2025-03-20T15:32:18+00:00 INFO 67dc34ff537ca-0002             "pln",
2025-03-20T15:32:18+00:00 INFO 67dc34ff537ca-0002             "pyg",
2025-03-20T15:32:18+00:00 INFO 67dc34ff537ca-0002             "qar",
2025-03-20T15:32:18+00:00 INFO 67dc34ff537ca-0002             "ron",
2025-03-20T15:32:18+00:00 INFO 67dc34ff537ca-0002             "rsd",
2025-03-20T15:32:18+00:00 INFO 67dc34ff537ca-0002             "rub",
2025-03-20T15:32:18+00:00 INFO 67dc34ff537ca-0002             "rwf",
2025-03-20T15:32:18+00:00 INFO 67dc34ff537ca-0002             "sar",
2025-03-20T15:32:18+00:00 INFO 67dc34ff537ca-0002             "sbd",
2025-03-20T15:32:18+00:00 INFO 67dc34ff537ca-0002             "scr",
2025-03-20T15:32:18+00:00 INFO 67dc34ff537ca-0002             "sek",
2025-03-20T15:32:18+00:00 INFO 67dc34ff537ca-0002             "sgd",
2025-03-20T15:32:18+00:00 INFO 67dc34ff537ca-0002             "shp",
2025-03-20T15:32:18+00:00 INFO 67dc34ff537ca-0002             "sle",
2025-03-20T15:32:18+00:00 INFO 67dc34ff537ca-0002             "sos",
2025-03-20T15:32:18+00:00 INFO 67dc34ff537ca-0002             "srd",
2025-03-20T15:32:18+00:00 INFO 67dc34ff537ca-0002             "std",
2025-03-20T15:32:18+00:00 INFO 67dc34ff537ca-0002             "szl",
2025-03-20T15:32:18+00:00 INFO 67dc34ff537ca-0002             "thb",
2025-03-20T15:32:18+00:00 INFO 67dc34ff537ca-0002             "tjs",
2025-03-20T15:32:18+00:00 INFO 67dc34ff537ca-0002             "top",
2025-03-20T15:32:18+00:00 INFO 67dc34ff537ca-0002             "try",
2025-03-20T15:32:18+00:00 INFO 67dc34ff537ca-0002             "ttd",
2025-03-20T15:32:18+00:00 INFO 67dc34ff537ca-0002             "twd",
2025-03-20T15:32:18+00:00 INFO 67dc34ff537ca-0002             "tzs",
2025-03-20T15:32:18+00:00 INFO 67dc34ff537ca-0002             "uah",
2025-03-20T15:32:18+00:00 INFO 67dc34ff537ca-0002             "ugx",
2025-03-20T15:32:18+00:00 INFO 67dc34ff537ca-0002             "uyu",
2025-03-20T15:32:18+00:00 INFO 67dc34ff537ca-0002             "uzs",
2025-03-20T15:32:18+00:00 INFO 67dc34ff537ca-0002             "vnd",
2025-03-20T15:32:18+00:00 INFO 67dc34ff537ca-0002             "vuv",
2025-03-20T15:32:18+00:00 INFO 67dc34ff537ca-0002             "wst",
2025-03-20T15:32:18+00:00 INFO 67dc34ff537ca-0002             "xaf",
2025-03-20T15:32:18+00:00 INFO 67dc34ff537ca-0002             "xcd",
2025-03-20T15:32:18+00:00 INFO 67dc34ff537ca-0002             "xof",
2025-03-20T15:32:18+00:00 INFO 67dc34ff537ca-0002             "xpf",
2025-03-20T15:32:18+00:00 INFO 67dc34ff537ca-0002             "yer",
2025-03-20T15:32:18+00:00 INFO 67dc34ff537ca-0002             "zar",
2025-03-20T15:32:18+00:00 INFO 67dc34ff537ca-0002             "zmw"
2025-03-20T15:32:18+00:00 INFO 67dc34ff537ca-0002         ]
2025-03-20T15:32:18+00:00 INFO 67dc34ff537ca-0002     },
2025-03-20T15:32:18+00:00 INFO 67dc34ff537ca-0002     "country": "(redacted)",
2025-03-20T15:32:18+00:00 INFO 67dc34ff537ca-0002     "instant_deposits_eligible": false,
2025-03-20T15:32:18+00:00 INFO 67dc34ff537ca-0002     "card_present_eligible": true,
2025-03-20T15:32:18+00:00 INFO 67dc34ff537ca-0002     "has_card_readers_available": false,
2025-03-20T15:32:18+00:00 INFO 67dc34ff537ca-0002     "platform_checkout_eligible": true,
2025-03-20T15:32:18+00:00 INFO 67dc34ff537ca-0002     "platform_direct_checkout_eligible": true,
2025-03-20T15:32:18+00:00 INFO 67dc34ff537ca-0002     "platform_global_theme_support_enabled": true,
2025-03-20T15:32:18+00:00 INFO 67dc34ff537ca-0002     "business_profile": {
2025-03-20T15:32:18+00:00 INFO 67dc34ff537ca-0002         "name": "(redacted)",
2025-03-20T15:32:18+00:00 INFO 67dc34ff537ca-0002         "url": "https:\/\/northernlights.grubmenu.io",
2025-03-20T15:32:18+00:00 INFO 67dc34ff537ca-0002         "support_address": [],
2025-03-20T15:32:18+00:00 INFO 67dc34ff537ca-0002         "support_email": "plenty.helpful@example.com",
2025-03-20T15:32:18+00:00 INFO 67dc34ff537ca-0002         "support_phone": "+10000000000"
2025-03-20T15:32:18+00:00 INFO 67dc34ff537ca-0002     },
2025-03-20T15:32:18+00:00 INFO 67dc34ff537ca-0002     "branding": {
2025-03-20T15:32:18+00:00 INFO 67dc34ff537ca-0002         "icon": "file_1Qv6ptFuiXB5oUVxW9EmwLOC",
2025-03-20T15:32:18+00:00 INFO 67dc34ff537ca-0002         "logo": "file_1Qv6ptFuiXB5oUVx4x2imFNO",
2025-03-20T15:32:18+00:00 INFO 67dc34ff537ca-0002         "primary_color": "#873eff",
2025-03-20T15:32:18+00:00 INFO 67dc34ff537ca-0002         "secondary_color": "#2c045d"
2025-03-20T15:32:18+00:00 INFO 67dc34ff537ca-0002     },
2025-03-20T15:32:18+00:00 INFO 67dc34ff537ca-0002     "locale": "en_US",
2025-03-20T15:32:18+00:00 INFO 67dc34ff537ca-0002     "has_more_failed_events": false,
2025-03-20T15:32:18+00:00 INFO 67dc34ff537ca-0002     "has_submitted_vat_data": false,
2025-03-20T15:32:18+00:00 INFO 67dc34ff537ca-0002     "is_documents_enabled": false,
2025-03-20T15:32:18+00:00 INFO 67dc34ff537ca-0002     "card_testing_protection_eligible": false,
2025-03-20T15:32:18+00:00 INFO 67dc34ff537ca-0002     "progressive_onboarding": {
2025-03-20T15:32:18+00:00 INFO 67dc34ff537ca-0002         "is_enabled": false,
2025-03-20T15:32:18+00:00 INFO 67dc34ff537ca-0002         "is_complete": false,
2025-03-20T15:32:18+00:00 INFO 67dc34ff537ca-0002         "tpv": null,
2025-03-20T15:32:18+00:00 INFO 67dc34ff537ca-0002         "first_transaction_date": null,
2025-03-20T15:32:18+00:00 INFO 67dc34ff537ca-0002         "kyc_deadline_date": null
2025-03-20T15:32:18+00:00 INFO 67dc34ff537ca-0002     },
2025-03-20T15:32:18+00:00 INFO 67dc34ff537ca-0002     "fraud_mitigation_settings": {
2025-03-20T15:32:18+00:00 INFO 67dc34ff537ca-0002         "avs_check_enabled": false,
2025-03-20T15:32:18+00:00 INFO 67dc34ff537ca-0002         "cvc_check_enabled": true
2025-03-20T15:32:18+00:00 INFO 67dc34ff537ca-0002     },
2025-03-20T15:32:18+00:00 INFO 67dc34ff537ca-0002     "is_deferred_intent_creation_upe_enabled": true,
2025-03-20T15:32:18+00:00 INFO 67dc34ff537ca-0002     "pre_check_save_my_info": true,
2025-03-20T15:32:18+00:00 INFO 67dc34ff537ca-0002     "is_tokenized_ece_disabled": false,
2025-03-20T15:32:18+00:00 INFO 67dc34ff537ca-0002     "eligibility_wporg_review_campaign_2025": false
2025-03-20T15:32:18+00:00 INFO 67dc34ff537ca-0002 }
2025-03-20T16:08:02+00:00 INFO 67dc3d629993d-0001 REQUEST_67dc3d62e0532 (JSON): {
2025-03-20T16:08:02+00:00 INFO 67dc3d629993d-0001     "url": "https:\/\/public-api.wordpress.com\/wpcom\/v2\/sites\/%s\/wcpay\/compatibility",
2025-03-20T16:08:02+00:00 INFO 67dc3d629993d-0001     "method": "POST",
2025-03-20T16:08:02+00:00 INFO 67dc3d629993d-0001     "headers": {
2025-03-20T16:08:02+00:00 INFO 67dc3d629993d-0001         "Content-Type": "application\/json; charset=utf-8",
2025-03-20T16:08:02+00:00 INFO 67dc3d629993d-0001         "User-Agent": "WooCommerce Payments\/8.9.2",
2025-03-20T16:08:02+00:00 INFO 67dc3d629993d-0001         "Idempotency-Key": "215a897b-dad3-4b0a-9dfc-8eec9ec098a6",
2025-03-20T16:08:02+00:00 INFO 67dc3d629993d-0001         "X-Request-Initiated": 1742486882.918832
2025-03-20T16:08:02+00:00 INFO 67dc3d629993d-0001     },
2025-03-20T16:08:02+00:00 INFO 67dc3d629993d-0001     "timeout": 70,
2025-03-20T16:08:02+00:00 INFO 67dc3d629993d-0001     "connect_timeout": 70,
2025-03-20T16:08:02+00:00 INFO 67dc3d629993d-0001     "body": {
2025-03-20T16:08:02+00:00 INFO 67dc3d629993d-0001         "test_mode": true,
2025-03-20T16:08:02+00:00 INFO 67dc3d629993d-0001         "compatibility_data": {
2025-03-20T16:08:02+00:00 INFO 67dc3d629993d-0001             "woopayments_version": "8.9.2",
2025-03-20T16:08:02+00:00 INFO 67dc3d629993d-0001             "woocommerce_version": "9.6.2",
2025-03-20T16:08:02+00:00 INFO 67dc3d629993d-0001             "woocommerce_permalinks": {
2025-03-20T16:08:02+00:00 INFO 67dc3d629993d-0001                 "product_base": "\/product",
2025-03-20T16:08:02+00:00 INFO 67dc3d629993d-0001                 "category_base": "product-category",
2025-03-20T16:08:02+00:00 INFO 67dc3d629993d-0001                 "tag_base": "product-tag",
2025-03-20T16:08:02+00:00 INFO 67dc3d629993d-0001                 "attribute_base": "",
2025-03-20T16:08:02+00:00 INFO 67dc3d629993d-0001                 "use_verbose_page_rules": false
2025-03-20T16:08:02+00:00 INFO 67dc3d629993d-0001             },
2025-03-20T16:08:02+00:00 INFO 67dc3d629993d-0001             "woocommerce_shop": "https:\/\/northernlights.grubmenu.io\/shop\/",
2025-03-20T16:08:02+00:00 INFO 67dc3d629993d-0001             "woocommerce_cart": "https:\/\/northernlights.grubmenu.io\/cart\/",
2025-03-20T16:08:02+00:00 INFO 67dc3d629993d-0001             "woocommerce_checkout": "https:\/\/northernlights.grubmenu.io\/checkout\/",
2025-03-20T16:08:02+00:00 INFO 67dc3d629993d-0001             "blog_theme": "hello-theme-child-master",
2025-03-20T16:08:02+00:00 INFO 67dc3d629993d-0001             "active_plugins": {
2025-03-20T16:08:02+00:00 INFO 67dc3d629993d-0001                 "0": "advanced-custom-fields\/acf.php",
2025-03-20T16:08:02+00:00 INFO 67dc3d629993d-0001                 "1": "classic-editor\/classic-editor.php",
2025-03-20T16:08:02+00:00 INFO 67dc3d629993d-0001                 "2": "classic-widgets\/classic-widgets.php",
2025-03-20T16:08:02+00:00 INFO 67dc3d629993d-0001                 "3": "code-snippets\/code-snippets.php",
2025-03-20T16:08:02+00:00 INFO 67dc3d629993d-0001                 "4": "elementor-pro\/elementor-pro.php",
2025-03-20T16:08:02+00:00 INFO 67dc3d629993d-0001                 "5": "elementor\/elementor.php",
2025-03-20T16:08:02+00:00 INFO 67dc3d629993d-0001                 "6": "elementskit-lite\/elementskit-lite.php",
2025-03-20T16:08:02+00:00 INFO 67dc3d629993d-0001                 "8": "metform\/metform.php",
2025-03-20T16:08:02+00:00 INFO 67dc3d629993d-0001                 "9": "orderable-pro\/orderable-pro.php",
2025-03-20T16:08:02+00:00 INFO 67dc3d629993d-0001                 "10": "orderable\/orderable.php",
2025-03-20T16:08:02+00:00 INFO 67dc3d629993d-0001                 "11": "pods\/init.php",
2025-03-20T16:08:02+00:00 INFO 67dc3d629993d-0001                 "12": "woo-update-manager\/woo-update-manager.php",
2025-03-20T16:08:02+00:00 INFO 67dc3d629993d-0001                 "13": "woocommerce-payments\/woocommerce-payments.php",
2025-03-20T16:08:02+00:00 INFO 67dc3d629993d-0001                 "14": "woocommerce-square\/woocommerce-square.php",
2025-03-20T16:08:02+00:00 INFO 67dc3d629993d-0001                 "15": "woocommerce\/woocommerce.php",
2025-03-20T16:08:02+00:00 INFO 67dc3d629993d-0001                 "16": "wp-mail-logging\/wp-mail-logging.php",
2025-03-20T16:08:02+00:00 INFO 67dc3d629993d-0001                 "17": "wp-mail-smtp\/wp_mail_smtp.php",
2025-03-20T16:08:02+00:00 INFO 67dc3d629993d-0001                 "18": "zapier\/zapier.php"
2025-03-20T16:08:02+00:00 INFO 67dc3d629993d-0001             },
2025-03-20T16:08:02+00:00 INFO 67dc3d629993d-0001             "post_types_count": {
2025-03-20T16:08:02+00:00 INFO 67dc3d629993d-0001                 "post": 0,
2025-03-20T16:08:02+00:00 INFO 67dc3d629993d-0001                 "page": 5,
2025-03-20T16:08:02+00:00 INFO 67dc3d629993d-0001                 "attachment": 0,
2025-03-20T16:08:02+00:00 INFO 67dc3d629993d-0001                 "e-floating-buttons": 0,
2025-03-20T16:08:02+00:00 INFO 67dc3d629993d-0001                 "elementor_library": 8,
2025-03-20T16:08:02+00:00 INFO 67dc3d629993d-0001                 "elementskit_content": 0,
2025-03-20T16:08:02+00:00 INFO 67dc3d629993d-0001                 "elementskit_template": 0,
2025-03-20T16:08:02+00:00 INFO 67dc3d629993d-0001                 "elementskit_widget": 0,
2025-03-20T16:08:02+00:00 INFO 67dc3d629993d-0001                 "product": 15,
2025-03-20T16:08:02+00:00 INFO 67dc3d629993d-0001                 "metform-form": 0,
2025-03-20T16:08:02+00:00 INFO 67dc3d629993d-0001                 "drop-off_location": 1
2025-03-20T16:08:02+00:00 INFO 67dc3d629993d-0001             }
2025-03-20T16:08:02+00:00 INFO 67dc3d629993d-0001         }
2025-03-20T16:08:02+00:00 INFO 67dc3d629993d-0001     }
2025-03-20T16:08:02+00:00 INFO 67dc3d629993d-0001 }
2025-03-20T16:08:02+00:00 INFO 67dc3d629993d-0001 CONTEXT (JSON): {
2025-03-20T16:08:02+00:00 INFO 67dc3d629993d-0001     "WP_User": "Guest (non logged-in user)",
2025-03-20T16:08:02+00:00 INFO 67dc3d629993d-0001     "HTTP_REFERER": "--",
2025-03-20T16:08:02+00:00 INFO 67dc3d629993d-0001     "HTTP_USER_AGENT": "WordPress\/6.7.2; https:\/\/northernlights.grubmenu.io",
2025-03-20T16:08:02+00:00 INFO 67dc3d629993d-0001     "REQUEST_URI": "\/wp-admin\/admin-ajax.php?action=as_async_request_queue_runner&nonce=454371316b",
2025-03-20T16:08:02+00:00 INFO 67dc3d629993d-0001     "DOING_AJAX": "1",
2025-03-20T16:08:02+00:00 INFO 67dc3d629993d-0001     "DOING_CRON": "",
2025-03-20T16:08:02+00:00 INFO 67dc3d629993d-0001     "WP_CLI": ""
2025-03-20T16:08:02+00:00 INFO 67dc3d629993d-0001 }
2025-03-20T16:08:03+00:00 INFO 67dc3d629993d-0002 RESPONSE_67dc3d62e0532 (JSON): {
2025-03-20T16:08:03+00:00 INFO 67dc3d629993d-0002     "result": "success"
2025-03-20T16:08:03+00:00 INFO 67dc3d629993d-0002 }
2025-03-20T20:19:58+00:00 INFO 67dc786e2d97f-0001 REQUEST_67dc786e672b5 (JSON): {
2025-03-20T20:19:58+00:00 INFO 67dc786e2d97f-0001     "url": "https:\/\/public-api.wordpress.com\/wpcom\/v2\/sites\/%s\/wcpay\/currency\/rates?test_mode=1&currency_from=usd",
2025-03-20T20:19:58+00:00 INFO 67dc786e2d97f-0001     "method": "GET",
2025-03-20T20:19:58+00:00 INFO 67dc786e2d97f-0001     "headers": {
2025-03-20T20:19:58+00:00 INFO 67dc786e2d97f-0001         "Content-Type": "application\/json; charset=utf-8",
2025-03-20T20:19:58+00:00 INFO 67dc786e2d97f-0001         "User-Agent": "WooCommerce Payments\/8.9.2",
2025-03-20T20:19:58+00:00 INFO 67dc786e2d97f-0001         "X-Request-Initiated": 1742501998.422579
2025-03-20T20:19:58+00:00 INFO 67dc786e2d97f-0001     },
2025-03-20T20:19:58+00:00 INFO 67dc786e2d97f-0001     "timeout": 70,
2025-03-20T20:19:58+00:00 INFO 67dc786e2d97f-0001     "connect_timeout": 70
2025-03-20T20:19:58+00:00 INFO 67dc786e2d97f-0001 }
2025-03-20T20:19:58+00:00 INFO 67dc786e2d97f-0001 CONTEXT (JSON): {
2025-03-20T20:19:58+00:00 INFO 67dc786e2d97f-0001     "WP_User": "Guest (non logged-in user)",
2025-03-20T20:19:58+00:00 INFO 67dc786e2d97f-0001     "HTTP_REFERER": "--",
2025-03-20T20:19:58+00:00 INFO 67dc786e2d97f-0001     "HTTP_USER_AGENT": "Mozilla\/5.0 (compatible; AhrefsBot\/7.0; +http:\/\/ahrefs.com\/robot\/)",
2025-03-20T20:19:58+00:00 INFO 67dc786e2d97f-0001     "REQUEST_URI": "\/product\/cinna-treats\/?add-to-cart=42",
2025-03-20T20:19:58+00:00 INFO 67dc786e2d97f-0001     "DOING_AJAX": "",
2025-03-20T20:19:58+00:00 INFO 67dc786e2d97f-0001     "DOING_CRON": "",
2025-03-20T20:19:58+00:00 INFO 67dc786e2d97f-0001     "WP_CLI": ""
2025-03-20T20:19:58+00:00 INFO 67dc786e2d97f-0001 }
2025-03-20T20:19:58+00:00 INFO 67dc786e2d97f-0002 RESPONSE_67dc786e672b5 (JSON): {
2025-03-20T20:19:58+00:00 INFO 67dc786e2d97f-0002     "AED": 3.6727,
2025-03-20T20:19:58+00:00 INFO 67dc786e2d97f-0002     "AFN": 71.115576,
2025-03-20T20:19:58+00:00 INFO 67dc786e2d97f-0002     "ALL": 91.2,
2025-03-20T20:19:58+00:00 INFO 67dc786e2d97f-0002     "AMD": 392.26,
2025-03-20T20:19:58+00:00 INFO 67dc786e2d97f-0002     "ANG": 1.801988,
2025-03-20T20:19:58+00:00 INFO 67dc786e2d97f-0002     "AOA": 913.5,
2025-03-20T20:19:58+00:00 INFO 67dc786e2d97f-0002     "ARS": 1069.125,
2025-03-20T20:19:58+00:00 INFO 67dc786e2d97f-0002     "AUD": 1.588606,
2025-03-20T20:19:58+00:00 INFO 67dc786e2d97f-0002     "AWG": 1.8,
2025-03-20T20:19:58+00:00 INFO 67dc786e2d97f-0002     "AZN": 1.7,
2025-03-20T20:19:58+00:00 INFO 67dc786e2d97f-0002     "BAM": 1.793349,
2025-03-20T20:19:58+00:00 INFO 67dc786e2d97f-0002     "BBD": 2,
2025-03-20T20:19:58+00:00 INFO 67dc786e2d97f-0002     "BDT": 121.480237,
2025-03-20T20:19:58+00:00 INFO 67dc786e2d97f-0002     "BGN": 1.804156,
2025-03-20T20:19:58+00:00 INFO 67dc786e2d97f-0002     "BHD": 0.376901,
2025-03-20T20:19:58+00:00 INFO 67dc786e2d97f-0002     "BIF": 2926,
2025-03-20T20:19:58+00:00 INFO 67dc786e2d97f-0002     "BMD": 1,
2025-03-20T20:19:58+00:00 INFO 67dc786e2d97f-0002     "BND": 1.334949,
2025-03-20T20:19:58+00:00 INFO 67dc786e2d97f-0002     "BOB": 6.908786,
2025-03-20T20:19:58+00:00 INFO 67dc786e2d97f-0002     "BRL": 5.6638,
2025-03-20T20:19:58+00:00 INFO 67dc786e2d97f-0002     "BSD": 1,
2025-03-20T20:19:58+00:00 INFO 67dc786e2d97f-0002     "BTC": 1.2e-5,
2025-03-20T20:19:58+00:00 INFO 67dc786e2d97f-0002     "BTN": 86.277614,
2025-03-20T20:19:58+00:00 INFO 67dc786e2d97f-0002     "BWP": 13.640699,
2025-03-20T20:19:58+00:00 INFO 67dc786e2d97f-0002     "BYN": 3.272035,
2025-03-20T20:19:58+00:00 INFO 67dc786e2d97f-0002     "BZD": 2.008312,
2025-03-20T20:19:58+00:00 INFO 67dc786e2d97f-0002     "CAD": 1.432752,
2025-03-20T20:19:58+00:00 INFO 67dc786e2d97f-0002     "CDF": 2871,
2025-03-20T20:19:58+00:00 INFO 67dc786e2d97f-0002     "CHF": 0.882152,
2025-03-20T20:19:58+00:00 INFO 67dc786e2d97f-0002     "CLF": 0.02418,
2025-03-20T20:19:58+00:00 INFO 67dc786e2d97f-0002     "CLP": 927.91,
2025-03-20T20:19:58+00:00 INFO 67dc786e2d97f-0002     "CNH": 7.254394,
2025-03-20T20:19:58+00:00 INFO 67dc786e2d97f-0002     "CNY": 7.2482,
2025-03-20T20:19:58+00:00 INFO 67dc786e2d97f-0002     "COP": 4180.16,
2025-03-20T20:19:58+00:00 INFO 67dc786e2d97f-0002     "CRC": 499.200151,
2025-03-20T20:19:58+00:00 INFO 67dc786e2d97f-0002     "CUC": 1,
2025-03-20T20:19:58+00:00 INFO 67dc786e2d97f-0002     "CUP": 25.75,
2025-03-20T20:19:58+00:00 INFO 67dc786e2d97f-0002     "CVE": 101.675,
2025-03-20T20:19:58+00:00 INFO 67dc786e2d97f-0002     "CZK": 23.0677,
2025-03-20T20:19:58+00:00 INFO 67dc786e2d97f-0002     "DJF": 177.5,
2025-03-20T20:19:58+00:00 INFO 67dc786e2d97f-0002     "DKK": 6.878275,
2025-03-20T20:19:58+00:00 INFO 67dc786e2d97f-0002     "DOP": 63.1,
2025-03-20T20:19:58+00:00 INFO 67dc786e2d97f-0002     "DZD": 133.43,
2025-03-20T20:19:58+00:00 INFO 67dc786e2d97f-0002     "EGP": 50.5729,
2025-03-20T20:19:58+00:00 INFO 67dc786e2d97f-0002     "ERN": 15,
2025-03-20T20:19:58+00:00 INFO 67dc786e2d97f-0002     "ETB": 129.075,
2025-03-20T20:19:58+00:00 INFO 67dc786e2d97f-0002     "EUR": 0.922147,
2025-03-20T20:19:58+00:00 INFO 67dc786e2d97f-0002     "FJD": 2.2863,
2025-03-20T20:19:58+00:00 INFO 67dc786e2d97f-0002     "FKP": 0.771533,
2025-03-20T20:19:58+00:00 INFO 67dc786e2d97f-0002     "GBP": 0.771533,
2025-03-20T20:19:58+00:00 INFO 67dc786e2d97f-0002     "GEL": 2.775,
2025-03-20T20:19:58+00:00 INFO 67dc786e2d97f-0002     "GGP": 0.771533,
2025-03-20T20:19:58+00:00 INFO 67dc786e2d97f-0002     "GHS": 15.51,
2025-03-20T20:19:58+00:00 INFO 67dc786e2d97f-0002     "GIP": 0.771533,
2025-03-20T20:19:58+00:00 INFO 67dc786e2d97f-0002     "GMD": 71.500005,
2025-03-20T20:19:58+00:00 INFO 67dc786e2d97f-0002     "GNF": 8655,
2025-03-20T20:19:58+00:00 INFO 67dc786e2d97f-0002     "GTQ": 7.70411,
2025-03-20T20:19:58+00:00 INFO 67dc786e2d97f-0002     "GYD": 209.787643,
2025-03-20T20:19:58+00:00 INFO 67dc786e2d97f-0002     "HKD": 7.772585,
2025-03-20T20:19:58+00:00 INFO 67dc786e2d97f-0002     "HNL": 25.76,
2025-03-20T20:19:58+00:00 INFO 67dc786e2d97f-0002     "HRK": 6.948102,
2025-03-20T20:19:58+00:00 INFO 67dc786e2d97f-0002     "HTG": 131.140597,
2025-03-20T20:19:58+00:00 INFO 67dc786e2d97f-0002     "HUF": 367.663,
2025-03-20T20:19:58+00:00 INFO 67dc786e2d97f-0002     "IDR": 16495.473185,
2025-03-20T20:19:58+00:00 INFO 67dc786e2d97f-0002     "ILS": 3.6775,
2025-03-20T20:19:58+00:00 INFO 67dc786e2d97f-0002     "IMP": 0.771533,
2025-03-20T20:19:58+00:00 INFO 67dc786e2d97f-0002     "INR": 86.357756,
2025-03-20T20:19:58+00:00 INFO 67dc786e2d97f-0002     "IQD": 1310,
2025-03-20T20:19:58+00:00 INFO 67dc786e2d97f-0002     "IRR": 42112.5,
2025-03-20T20:19:58+00:00 INFO 67dc786e2d97f-0002     "ISK": 133.07,
2025-03-20T20:19:58+00:00 INFO 67dc786e2d97f-0002     "JEP": 0.771533,
2025-03-20T20:19:58+00:00 INFO 67dc786e2d97f-0002     "JMD": 156.683839,
2025-03-20T20:19:58+00:00 INFO 67dc786e2d97f-0002     "JOD": 0.7091,
2025-03-20T20:19:58+00:00 INFO 67dc786e2d97f-0002     "JPY": 148.7675,
2025-03-20T20:19:58+00:00 INFO 67dc786e2d97f-0002     "KES": 129.5,
2025-03-20T20:19:58+00:00 INFO 67dc786e2d97f-0002     "KGS": 85.9051,
2025-03-20T20:19:58+00:00 INFO 67dc786e2d97f-0002     "KHR": 4012.5,
2025-03-20T20:19:58+00:00 INFO 67dc786e2d97f-0002     "KMF": 452.499738,
2025-03-20T20:19:58+00:00 INFO 67dc786e2d97f-0002     "KPW": 900,
2025-03-20T20:19:58+00:00 INFO 67dc786e2d97f-0002     "KRW": 1467.724195,
2025-03-20T20:19:58+00:00 INFO 67dc786e2d97f-0002     "KWD": 0.308067,
2025-03-20T20:19:58+00:00 INFO 67dc786e2d97f-0002     "KYD": 0.833168,
2025-03-20T20:19:58+00:00 INFO 67dc786e2d97f-0002     "KZT": 502.743839,
2025-03-20T20:19:58+00:00 INFO 67dc786e2d97f-0002     "LAK": 21642.5,
2025-03-20T20:19:58+00:00 INFO 67dc786e2d97f-0002     "LBP": 89600,
2025-03-20T20:19:58+00:00 INFO 67dc786e2d97f-0002     "LKR": 296.396341,
2025-03-20T20:19:58+00:00 INFO 67dc786e2d97f-0002     "LRD": 199.225013,
2025-03-20T20:19:58+00:00 INFO 67dc786e2d97f-0002     "LSL": 18.16,
2025-03-20T20:19:58+00:00 INFO 67dc786e2d97f-0002     "LYD": 4.815,
2025-03-20T20:19:58+00:00 INFO 67dc786e2d97f-0002     "MAD": 9.6525,
2025-03-20T20:19:58+00:00 INFO 67dc786e2d97f-0002     "MDL": 17.950182,
2025-03-20T20:19:58+00:00 INFO 67dc786e2d97f-0002     "MGA": 4675,
2025-03-20T20:19:58+00:00 INFO 67dc786e2d97f-0002     "MKD": 56.714812,
2025-03-20T20:19:58+00:00 INFO 67dc786e2d97f-0002     "MMK": 2098,
2025-03-20T20:19:58+00:00 INFO 67dc786e2d97f-0002     "MNT": 3398,
2025-03-20T20:19:58+00:00 INFO 67dc786e2d97f-0002     "MOP": 8.003428,
2025-03-20T20:19:58+00:00 INFO 67dc786e2d97f-0002     "MUR": 45.000002,
2025-03-20T20:19:58+00:00 INFO 67dc786e2d97f-0002     "MVR": 15.4,
2025-03-20T20:19:58+00:00 INFO 67dc786e2d97f-0002     "MWK": 1737,
2025-03-20T20:19:58+00:00 INFO 67dc786e2d97f-0002     "MXN": 20.11117,
2025-03-20T20:19:58+00:00 INFO 67dc786e2d97f-0002     "MYR": 4.426,
2025-03-20T20:19:58+00:00 INFO 67dc786e2d97f-0002     "MZN": 63.909994,
2025-03-20T20:19:58+00:00 INFO 67dc786e2d97f-0002     "NAD": 18.16,
2025-03-20T20:19:58+00:00 INFO 67dc786e2d97f-0002     "NGN": 1526.13,
2025-03-20T20:19:58+00:00 INFO 67dc786e2d97f-0002     "NIO": 36.76,
2025-03-20T20:19:58+00:00 INFO 67dc786e2d97f-0002     "NOK": 10.56061,
2025-03-20T20:19:58+00:00 INFO 67dc786e2d97f-0002     "NPR": 138.042751,
2025-03-20T20:19:58+00:00 INFO 67dc786e2d97f-0002     "NZD": 1.73943,
2025-03-20T20:19:58+00:00 INFO 67dc786e2d97f-0002     "OMR": 0.384915,
2025-03-20T20:19:58+00:00 INFO 67dc786e2d97f-0002     "PAB": 1,
2025-03-20T20:19:58+00:00 INFO 67dc786e2d97f-0002     "PEN": 3.62175,
2025-03-20T20:19:58+00:00 INFO 67dc786e2d97f-0002     "PGK": 4.02825,
2025-03-20T20:19:58+00:00 INFO 67dc786e2d97f-0002     "PHP": 57.265498,
2025-03-20T20:19:58+00:00 INFO 67dc786e2d97f-0002     "PKR": 280.125,
2025-03-20T20:19:58+00:00 INFO 67dc786e2d97f-0002     "PLN": 3.86501,
2025-03-20T20:19:58+00:00 INFO 67dc786e2d97f-0002     "PYG": 7983.383045,
2025-03-20T20:19:58+00:00 INFO 67dc786e2d97f-0002     "QAR": 3.641,
2025-03-20T20:19:58+00:00 INFO 67dc786e2d97f-0002     "RON": 4.5901,
2025-03-20T20:19:58+00:00 INFO 67dc786e2d97f-0002     "RSD": 108.068,
2025-03-20T20:19:58+00:00 INFO 67dc786e2d97f-0002     "RUB": 84.926219,
2025-03-20T20:19:58+00:00 INFO 67dc786e2d97f-0002     "RWF": 1410,
2025-03-20T20:19:58+00:00 INFO 67dc786e2d97f-0002     "SAR": 3.751157,
2025-03-20T20:19:58+00:00 INFO 67dc786e2d97f-0002     "SBD": 8.421986,
2025-03-20T20:19:58+00:00 INFO 67dc786e2d97f-0002     "SCR": 14.357972,
2025-03-20T20:19:58+00:00 INFO 67dc786e2d97f-0002     "SDG": 601,
2025-03-20T20:19:58+00:00 INFO 67dc786e2d97f-0002     "SEK": 10.142703,
2025-03-20T20:19:58+00:00 INFO 67dc786e2d97f-0002     "SGD": 1.335498,
2025-03-20T20:19:58+00:00 INFO 67dc786e2d97f-0002     "SHP": 0.771533,
2025-03-20T20:19:58+00:00 INFO 67dc786e2d97f-0002     "SLL": 20969.5,
2025-03-20T20:19:58+00:00 INFO 67dc786e2d97f-0002     "SOS": 571.5,
2025-03-20T20:19:58+00:00 INFO 67dc786e2d97f-0002     "SRD": 36.4925,
2025-03-20T20:19:58+00:00 INFO 67dc786e2d97f-0002     "SSP": 130.26,
2025-03-20T20:19:58+00:00 INFO 67dc786e2d97f-0002     "STD": 22281.8,
2025-03-20T20:19:58+00:00 INFO 67dc786e2d97f-0002     "SVC": 8.748381,
2025-03-20T20:19:58+00:00 INFO 67dc786e2d97f-0002     "SYP": 13002,
2025-03-20T20:19:58+00:00 INFO 67dc786e2d97f-0002     "SZL": 18.16,
2025-03-20T20:19:58+00:00 INFO 67dc786e2d97f-0002     "THB": 33.759,
2025-03-20T20:19:58+00:00 INFO 67dc786e2d97f-0002     "TJS": 10.90806,
2025-03-20T20:19:58+00:00 INFO 67dc786e2d97f-0002     "TMT": 3.5,
2025-03-20T20:19:58+00:00 INFO 67dc786e2d97f-0002     "TND": 3.0875,
2025-03-20T20:19:58+00:00 INFO 67dc786e2d97f-0002     "TOP": 2.40776,
2025-03-20T20:19:58+00:00 INFO 67dc786e2d97f-0002     "TRY": 37.939309,
2025-03-20T20:19:58+00:00 INFO 67dc786e2d97f-0002     "TTD": 6.794546,
2025-03-20T20:19:58+00:00 INFO 67dc786e2d97f-0002     "TWD": 33.023,
2025-03-20T20:19:58+00:00 INFO 67dc786e2d97f-0002     "TZS": 2645,
2025-03-20T20:19:58+00:00 INFO 67dc786e2d97f-0002     "UAH": 41.503711,
2025-03-20T20:19:58+00:00 INFO 67dc786e2d97f-0002     "UGX": 3664.144455,
2025-03-20T20:19:58+00:00 INFO 67dc786e2d97f-0002     "USD": 1,
2025-03-20T20:19:58+00:00 INFO 67dc786e2d97f-0002     "UYU": 42.253483,
2025-03-20T20:19:58+00:00 INFO 67dc786e2d97f-0002     "UZS": 12920,
2025-03-20T20:19:58+00:00 INFO 67dc786e2d97f-0002     "VND": 25560,
2025-03-20T20:19:58+00:00 INFO 67dc786e2d97f-0002     "VUV": 118.722,
2025-03-20T20:19:58+00:00 INFO 67dc786e2d97f-0002     "WST": 2.8,
2025-03-20T20:19:58+00:00 INFO 67dc786e2d97f-0002     "XAF": 604.888664,
2025-03-20T20:19:58+00:00 INFO 67dc786e2d97f-0002     "XAG": 0.029926,
2025-03-20T20:19:58+00:00 INFO 67dc786e2d97f-0002     "XAU": 0.000329,
2025-03-20T20:19:58+00:00 INFO 67dc786e2d97f-0002     "XCD": 2.70255,
2025-03-20T20:19:58+00:00 INFO 67dc786e2d97f-0002     "XDR": 0.748039,
2025-03-20T20:19:58+00:00 INFO 67dc786e2d97f-0002     "XOF": 604.888664,
2025-03-20T20:19:58+00:00 INFO 67dc786e2d97f-0002     "XPD": 0.001061,
2025-03-20T20:19:58+00:00 INFO 67dc786e2d97f-0002     "XPF": 110.041387,
2025-03-20T20:19:58+00:00 INFO 67dc786e2d97f-0002     "XPT": 0.001014,
2025-03-20T20:19:58+00:00 INFO 67dc786e2d97f-0002     "YER": 246.199928,
2025-03-20T20:19:58+00:00 INFO 67dc786e2d97f-0002     "ZAR": 18.156558,
2025-03-20T20:19:58+00:00 INFO 67dc786e2d97f-0002     "ZMW": 28.804577,
2025-03-20T20:19:58+00:00 INFO 67dc786e2d97f-0002     "ZWL": 322
2025-03-20T20:19:58+00:00 INFO 67dc786e2d97f-0002 }
