2025-04-17T00:51:16+00:00 INFO 680050833959d-0001 REQUEST_68005084be5cc (JSON): {
2025-04-17T00:51:16+00:00 INFO 680050833959d-0001     "url": "https:\/\/public-api.wordpress.com\/wpcom\/v2\/wcpay\/woopay\/compatibility?test_mode=1",
2025-04-17T00:51:16+00:00 INFO 680050833959d-0001     "method": "GET",
2025-04-17T00:51:16+00:00 INFO 680050833959d-0001     "headers": {
2025-04-17T00:51:16+00:00 INFO 680050833959d-0001         "Content-Type": "application\/json; charset=utf-8",
2025-04-17T00:51:16+00:00 INFO 680050833959d-0001         "User-Agent": "WooCommerce Payments\/9.1.0",
2025-04-17T00:51:16+00:00 INFO 680050833959d-0001         "X-Request-Initiated": 1744851076.779721
2025-04-17T00:51:16+00:00 INFO 680050833959d-0001     },
2025-04-17T00:51:16+00:00 INFO 680050833959d-0001     "timeout": 70,
2025-04-17T00:51:16+00:00 INFO 680050833959d-0001     "connect_timeout": 70
2025-04-17T00:51:16+00:00 INFO 680050833959d-0001 }
2025-04-17T00:51:16+00:00 INFO 680050833959d-0001 CONTEXT (JSON): {
2025-04-17T00:51:16+00:00 INFO 680050833959d-0001     "WP_User": "Guest (non logged-in user)",
2025-04-17T00:51:16+00:00 INFO 680050833959d-0001     "HTTP_REFERER": "--",
2025-04-17T00:51:16+00:00 INFO 680050833959d-0001     "HTTP_USER_AGENT": "WordPress\/6.7.2; https:\/\/northernlights.grubmenu.io",
2025-04-17T00:51:16+00:00 INFO 680050833959d-0001     "REQUEST_URI": "\/wp-cron.php?doing_wp_cron=1744851075.0643749237060546875000",
2025-04-17T00:51:16+00:00 INFO 680050833959d-0001     "DOING_AJAX": "",
2025-04-17T00:51:16+00:00 INFO 680050833959d-0001     "DOING_CRON": "1",
2025-04-17T00:51:16+00:00 INFO 680050833959d-0001     "WP_CLI": ""
2025-04-17T00:51:16+00:00 INFO 680050833959d-0001 }
2025-04-17T00:51:16+00:00 INFO 680050833959d-0002 RESPONSE_68005084be5cc (JSON): {
2025-04-17T00:51:16+00:00 INFO 680050833959d-0002     "incompatible_extensions": [
2025-04-17T00:51:16+00:00 INFO 680050833959d-0002         "class-wcdonation",
2025-04-17T00:51:16+00:00 INFO 680050833959d-0002         "woocommerce-avatax",
2025-04-17T00:51:16+00:00 INFO 680050833959d-0002         "woocommerce-table-rate-shipping",
2025-04-17T00:51:16+00:00 INFO 680050833959d-0002         "woocommerce-memberships-for-teams",
2025-04-17T00:51:16+00:00 INFO 680050833959d-0002         "woocommerce-checkout-add-ons",
2025-04-17T00:51:16+00:00 INFO 680050833959d-0002         "woocommerce-checkout-field-editor",
2025-04-17T00:51:16+00:00 INFO 680050833959d-0002         "woocommerce-eu-vat-number",
2025-04-17T00:51:16+00:00 INFO 680050833959d-0002         "woocommerce-order-delivery",
2025-04-17T00:51:16+00:00 INFO 680050833959d-0002         "woocommerce-pdf-product-vouchers",
2025-04-17T00:51:16+00:00 INFO 680050833959d-0002         "woocommerce-shipping-local-pickup-plus",
2025-04-17T00:51:16+00:00 INFO 680050833959d-0002         "woocommerce-shipping-multiple-addresses",
2025-04-17T00:51:16+00:00 INFO 680050833959d-0002         "woocommerce-smart-coupons",
2025-04-17T00:51:16+00:00 INFO 680050833959d-0002         "woocommerce-subscriptions-gifting",
2025-04-17T00:51:16+00:00 INFO 680050833959d-0002         "advanced-product-fields-for-woocommerce"
2025-04-17T00:51:16+00:00 INFO 680050833959d-0002     ],
2025-04-17T00:51:16+00:00 INFO 680050833959d-0002     "adapted_extensions": [
2025-04-17T00:51:16+00:00 INFO 680050833959d-0002         "woocommerce-points-and-rewards",
2025-04-17T00:51:16+00:00 INFO 680050833959d-0002         "woocommerce-gift-cards"
2025-04-17T00:51:16+00:00 INFO 680050833959d-0002     ],
2025-04-17T00:51:16+00:00 INFO 680050833959d-0002     "available_countries": [
2025-04-17T00:51:16+00:00 INFO 680050833959d-0002         "US"
2025-04-17T00:51:16+00:00 INFO 680050833959d-0002     ]
2025-04-17T00:51:16+00:00 INFO 680050833959d-0002 }
2025-04-17T02:01:50+00:00 INFO 6800610d4c80d-0001 REQUEST_6800610e11a8a (JSON): {
2025-04-17T02:01:50+00:00 INFO 6800610d4c80d-0001     "url": "https:\/\/public-api.wordpress.com\/wpcom\/v2\/sites\/%s\/wcpay\/currency\/rates?test_mode=1&currency_from=usd",
2025-04-17T02:01:50+00:00 INFO 6800610d4c80d-0001     "method": "GET",
2025-04-17T02:01:50+00:00 INFO 6800610d4c80d-0001     "headers": {
2025-04-17T02:01:50+00:00 INFO 6800610d4c80d-0001         "Content-Type": "application\/json; charset=utf-8",
2025-04-17T02:01:50+00:00 INFO 6800610d4c80d-0001         "User-Agent": "WooCommerce Payments\/9.1.0",
2025-04-17T02:01:50+00:00 INFO 6800610d4c80d-0001         "X-Request-Initiated": 1744855310.072327
2025-04-17T02:01:50+00:00 INFO 6800610d4c80d-0001     },
2025-04-17T02:01:50+00:00 INFO 6800610d4c80d-0001     "timeout": 70,
2025-04-17T02:01:50+00:00 INFO 6800610d4c80d-0001     "connect_timeout": 70
2025-04-17T02:01:50+00:00 INFO 6800610d4c80d-0001 }
2025-04-17T02:01:50+00:00 INFO 6800610d4c80d-0001 CONTEXT (JSON): {
2025-04-17T02:01:50+00:00 INFO 6800610d4c80d-0001     "WP_User": "Guest (non logged-in user)",
2025-04-17T02:01:50+00:00 INFO 6800610d4c80d-0001     "HTTP_REFERER": "--",
2025-04-17T02:01:50+00:00 INFO 6800610d4c80d-0001     "HTTP_USER_AGENT": "Mozilla\/5.0 (compatible; AhrefsBot\/7.0; +http:\/\/ahrefs.com\/robot\/)",
2025-04-17T02:01:50+00:00 INFO 6800610d4c80d-0001     "REQUEST_URI": "\/my-account\/",
2025-04-17T02:01:50+00:00 INFO 6800610d4c80d-0001     "DOING_AJAX": "",
2025-04-17T02:01:50+00:00 INFO 6800610d4c80d-0001     "DOING_CRON": "",
2025-04-17T02:01:50+00:00 INFO 6800610d4c80d-0001     "WP_CLI": ""
2025-04-17T02:01:50+00:00 INFO 6800610d4c80d-0001 }
2025-04-17T02:01:50+00:00 INFO 6800610d4c80d-0002 RESPONSE_6800610e11a8a (JSON): {
2025-04-17T02:01:50+00:00 INFO 6800610d4c80d-0002     "AED": 3.673005,
2025-04-17T02:01:50+00:00 INFO 6800610d4c80d-0002     "AFN": 72.495777,
2025-04-17T02:01:50+00:00 INFO 6800610d4c80d-0002     "ALL": 87.46497,
2025-04-17T02:01:50+00:00 INFO 6800610d4c80d-0002     "AMD": 391.27,
2025-04-17T02:01:50+00:00 INFO 6800610d4c80d-0002     "ANG": 1.79,
2025-04-17T02:01:50+00:00 INFO 6800610d4c80d-0002     "AOA": 916,
2025-04-17T02:01:50+00:00 INFO 6800610d4c80d-0002     "ARS": 1137.9902,
2025-04-17T02:01:50+00:00 INFO 6800610d4c80d-0002     "AUD": 1.569658,
2025-04-17T02:01:50+00:00 INFO 6800610d4c80d-0002     "AWG": 1.8025,
2025-04-17T02:01:50+00:00 INFO 6800610d4c80d-0002     "AZN": 1.7,
2025-04-17T02:01:50+00:00 INFO 6800610d4c80d-0002     "BAM": 1.720966,
2025-04-17T02:01:50+00:00 INFO 6800610d4c80d-0002     "BBD": 2,
2025-04-17T02:01:50+00:00 INFO 6800610d4c80d-0002     "BDT": 121.421435,
2025-04-17T02:01:50+00:00 INFO 6800610d4c80d-0002     "BGN": 1.7161,
2025-04-17T02:01:50+00:00 INFO 6800610d4c80d-0002     "BHD": 0.376859,
2025-04-17T02:01:50+00:00 INFO 6800610d4c80d-0002     "BIF": 2971.138661,
2025-04-17T02:01:50+00:00 INFO 6800610d4c80d-0002     "BMD": 1,
2025-04-17T02:01:50+00:00 INFO 6800610d4c80d-0002     "BND": 1.313413,
2025-04-17T02:01:50+00:00 INFO 6800610d4c80d-0002     "BOB": 6.905685,
2025-04-17T02:01:50+00:00 INFO 6800610d4c80d-0002     "BRL": 5.8669,
2025-04-17T02:01:50+00:00 INFO 6800610d4c80d-0002     "BSD": 1,
2025-04-17T02:01:50+00:00 INFO 6800610d4c80d-0002     "BTC": 1.2e-5,
2025-04-17T02:01:50+00:00 INFO 6800610d4c80d-0002     "BTN": 85.767731,
2025-04-17T02:01:50+00:00 INFO 6800610d4c80d-0002     "BWP": 13.775292,
2025-04-17T02:01:50+00:00 INFO 6800610d4c80d-0002     "BYN": 3.270465,
2025-04-17T02:01:50+00:00 INFO 6800610d4c80d-0002     "BZD": 2.007488,
2025-04-17T02:01:50+00:00 INFO 6800610d4c80d-0002     "CAD": 1.385988,
2025-04-17T02:01:50+00:00 INFO 6800610d4c80d-0002     "CDF": 2903.598597,
2025-04-17T02:01:50+00:00 INFO 6800610d4c80d-0002     "CHF": 0.813906,
2025-04-17T02:01:50+00:00 INFO 6800610d4c80d-0002     "CLF": 0.025261,
2025-04-17T02:01:50+00:00 INFO 6800610d4c80d-0002     "CLP": 969.54,
2025-04-17T02:01:50+00:00 INFO 6800610d4c80d-0002     "CNH": 7.301155,
2025-04-17T02:01:50+00:00 INFO 6800610d4c80d-0002     "CNY": 7.3063,
2025-04-17T02:01:50+00:00 INFO 6800610d4c80d-0002     "COP": 4340.910148,
2025-04-17T02:01:50+00:00 INFO 6800610d4c80d-0002     "CRC": 502.615978,
2025-04-17T02:01:50+00:00 INFO 6800610d4c80d-0002     "CUC": 1,
2025-04-17T02:01:50+00:00 INFO 6800610d4c80d-0002     "CUP": 25.75,
2025-04-17T02:01:50+00:00 INFO 6800610d4c80d-0002     "CVE": 97.025397,
2025-04-17T02:01:50+00:00 INFO 6800610d4c80d-0002     "CZK": 21.955047,
2025-04-17T02:01:50+00:00 INFO 6800610d4c80d-0002     "DJF": 177.964095,
2025-04-17T02:01:50+00:00 INFO 6800610d4c80d-0002     "DKK": 6.553211,
2025-04-17T02:01:50+00:00 INFO 6800610d4c80d-0002     "DOP": 61.556291,
2025-04-17T02:01:50+00:00 INFO 6800610d4c80d-0002     "DZD": 132.483011,
2025-04-17T02:01:50+00:00 INFO 6800610d4c80d-0002     "EGP": 51.1012,
2025-04-17T02:01:50+00:00 INFO 6800610d4c80d-0002     "ERN": 15,
2025-04-17T02:01:50+00:00 INFO 6800610d4c80d-0002     "ETB": 132.973434,
2025-04-17T02:01:50+00:00 INFO 6800610d4c80d-0002     "EUR": 0.877607,
2025-04-17T02:01:50+00:00 INFO 6800610d4c80d-0002     "FJD": 2.29,
2025-04-17T02:01:50+00:00 INFO 6800610d4c80d-0002     "FKP": 0.755727,
2025-04-17T02:01:50+00:00 INFO 6800610d4c80d-0002     "GBP": 0.755727,
2025-04-17T02:01:50+00:00 INFO 6800610d4c80d-0002     "GEL": 2.751,
2025-04-17T02:01:50+00:00 INFO 6800610d4c80d-0002     "GGP": 0.755727,
2025-04-17T02:01:50+00:00 INFO 6800610d4c80d-0002     "GHS": 15.470036,
2025-04-17T02:01:50+00:00 INFO 6800610d4c80d-0002     "GIP": 0.755727,
2025-04-17T02:01:50+00:00 INFO 6800610d4c80d-0002     "GMD": 72.1572,
2025-04-17T02:01:50+00:00 INFO 6800610d4c80d-0002     "GNF": 8649.727118,
2025-04-17T02:01:50+00:00 INFO 6800610d4c80d-0002     "GTQ": 7.700261,
2025-04-17T02:01:50+00:00 INFO 6800610d4c80d-0002     "GYD": 209.086947,
2025-04-17T02:01:50+00:00 INFO 6800610d4c80d-0002     "HKD": 7.762175,
2025-04-17T02:01:50+00:00 INFO 6800610d4c80d-0002     "HNL": 25.908637,
2025-04-17T02:01:50+00:00 INFO 6800610d4c80d-0002     "HRK": 6.609895,
2025-04-17T02:01:50+00:00 INFO 6800610d4c80d-0002     "HTG": 130.452572,
2025-04-17T02:01:50+00:00 INFO 6800610d4c80d-0002     "HUF": 357.729929,
2025-04-17T02:01:50+00:00 INFO 6800610d4c80d-0002     "IDR": 16802.55,
2025-04-17T02:01:50+00:00 INFO 6800610d4c80d-0002     "ILS": 3.68478,
2025-04-17T02:01:50+00:00 INFO 6800610d4c80d-0002     "IMP": 0.755727,
2025-04-17T02:01:50+00:00 INFO 6800610d4c80d-0002     "INR": 85.6206,
2025-04-17T02:01:50+00:00 INFO 6800610d4c80d-0002     "IQD": 1309.1588,
2025-04-17T02:01:50+00:00 INFO 6800610d4c80d-0002     "IRR": 42100,
2025-04-17T02:01:50+00:00 INFO 6800610d4c80d-0002     "ISK": 127.32,
2025-04-17T02:01:50+00:00 INFO 6800610d4c80d-0002     "JEP": 0.755727,
2025-04-17T02:01:50+00:00 INFO 6800610d4c80d-0002     "JMD": 158.3505,
2025-04-17T02:01:50+00:00 INFO 6800610d4c80d-0002     "JOD": 0.7094,
2025-04-17T02:01:50+00:00 INFO 6800610d4c80d-0002     "JPY": 141.92375,
2025-04-17T02:01:50+00:00 INFO 6800610d4c80d-0002     "KES": 129.7,
2025-04-17T02:01:50+00:00 INFO 6800610d4c80d-0002     "KGS": 87.45,
2025-04-17T02:01:50+00:00 INFO 6800610d4c80d-0002     "KHR": 4002.62072,
2025-04-17T02:01:50+00:00 INFO 6800610d4c80d-0002     "KMF": 439.500077,
2025-04-17T02:01:50+00:00 INFO 6800610d4c80d-0002     "KPW": 900,
2025-04-17T02:01:50+00:00 INFO 6800610d4c80d-0002     "KRW": 1415.240336,
2025-04-17T02:01:50+00:00 INFO 6800610d4c80d-0002     "KWD": 0.306587,
2025-04-17T02:01:50+00:00 INFO 6800610d4c80d-0002     "KYD": 0.832846,
2025-04-17T02:01:50+00:00 INFO 6800610d4c80d-0002     "KZT": 517.837113,
2025-04-17T02:01:50+00:00 INFO 6800610d4c80d-0002     "LAK": 21643.19349,
2025-04-17T02:01:50+00:00 INFO 6800610d4c80d-0002     "LBP": 89555.020635,
2025-04-17T02:01:50+00:00 INFO 6800610d4c80d-0002     "LKR": 298.278414,
2025-04-17T02:01:50+00:00 INFO 6800610d4c80d-0002     "LRD": 199.87417,
2025-04-17T02:01:50+00:00 INFO 6800610d4c80d-0002     "LSL": 18.837437,
2025-04-17T02:01:50+00:00 INFO 6800610d4c80d-0002     "LYD": 5.467,
2025-04-17T02:01:50+00:00 INFO 6800610d4c80d-0002     "MAD": 9.279294,
2025-04-17T02:01:50+00:00 INFO 6800610d4c80d-0002     "MDL": 17.288697,
2025-04-17T02:01:50+00:00 INFO 6800610d4c80d-0002     "MGA": 4552.803352,
2025-04-17T02:01:50+00:00 INFO 6800610d4c80d-0002     "MKD": 53.980903,
2025-04-17T02:01:50+00:00 INFO 6800610d4c80d-0002     "MMK": 2098,
2025-04-17T02:01:50+00:00 INFO 6800610d4c80d-0002     "MNT": 3398,
2025-04-17T02:01:50+00:00 INFO 6800610d4c80d-0002     "MOP": 7.988103,
2025-04-17T02:01:50+00:00 INFO 6800610d4c80d-0002     "MUR": 45.179996,
2025-04-17T02:01:50+00:00 INFO 6800610d4c80d-0002     "MVR": 15.4343,
2025-04-17T02:01:50+00:00 INFO 6800610d4c80d-0002     "MWK": 1732.930938,
2025-04-17T02:01:50+00:00 INFO 6800610d4c80d-0002     "MXN": 19.93071,
2025-04-17T02:01:50+00:00 INFO 6800610d4c80d-0002     "MYR": 4.4105,
2025-04-17T02:01:50+00:00 INFO 6800610d4c80d-0002     "MZN": 63.830001,
2025-04-17T02:01:50+00:00 INFO 6800610d4c80d-0002     "NAD": 18.837437,
2025-04-17T02:01:50+00:00 INFO 6800610d4c80d-0002     "NGN": 1605.58,
2025-04-17T02:01:50+00:00 INFO 6800610d4c80d-0002     "NIO": 36.779425,
2025-04-17T02:01:50+00:00 INFO 6800610d4c80d-0002     "NOK": 10.56302,
2025-04-17T02:01:50+00:00 INFO 6800610d4c80d-0002     "NPR": 137.228535,
2025-04-17T02:01:50+00:00 INFO 6800610d4c80d-0002     "NZD": 1.684806,
2025-04-17T02:01:50+00:00 INFO 6800610d4c80d-0002     "OMR": 0.384986,
2025-04-17T02:01:50+00:00 INFO 6800610d4c80d-0002     "PAB": 1,
2025-04-17T02:01:50+00:00 INFO 6800610d4c80d-0002     "PEN": 3.739171,
2025-04-17T02:01:50+00:00 INFO 6800610d4c80d-0002     "PGK": 4.133027,
2025-04-17T02:01:50+00:00 INFO 6800610d4c80d-0002     "PHP": 56.602001,
2025-04-17T02:01:50+00:00 INFO 6800610d4c80d-0002     "PKR": 280.276082,
2025-04-17T02:01:50+00:00 INFO 6800610d4c80d-0002     "PLN": 3.755038,
2025-04-17T02:01:50+00:00 INFO 6800610d4c80d-0002     "PYG": 7995.89927,
2025-04-17T02:01:50+00:00 INFO 6800610d4c80d-0002     "QAR": 3.642556,
2025-04-17T02:01:50+00:00 INFO 6800610d4c80d-0002     "RON": 4.3654,
2025-04-17T02:01:50+00:00 INFO 6800610d4c80d-0002     "RSD": 103.28,
2025-04-17T02:01:50+00:00 INFO 6800610d4c80d-0002     "RUB": 83.000738,
2025-04-17T02:01:50+00:00 INFO 6800610d4c80d-0002     "RWF": 1419.930665,
2025-04-17T02:01:50+00:00 INFO 6800610d4c80d-0002     "SAR": 3.752364,
2025-04-17T02:01:50+00:00 INFO 6800610d4c80d-0002     "SBD": 8.354365,
2025-04-17T02:01:50+00:00 INFO 6800610d4c80d-0002     "SCR": 14.262714,
2025-04-17T02:01:50+00:00 INFO 6800610d4c80d-0002     "SDG": 600.5,
2025-04-17T02:01:50+00:00 INFO 6800610d4c80d-0002     "SEK": 9.754903,
2025-04-17T02:01:50+00:00 INFO 6800610d4c80d-0002     "SGD": 1.310938,
2025-04-17T02:01:50+00:00 INFO 6800610d4c80d-0002     "SHP": 0.755727,
2025-04-17T02:01:50+00:00 INFO 6800610d4c80d-0002     "SLL": 20969.5,
2025-04-17T02:01:50+00:00 INFO 6800610d4c80d-0002     "SOS": 571.162108,
2025-04-17T02:01:50+00:00 INFO 6800610d4c80d-0002     "SRD": 36.6465,
2025-04-17T02:01:50+00:00 INFO 6800610d4c80d-0002     "SSP": 130.26,
2025-04-17T02:01:50+00:00 INFO 6800610d4c80d-0002     "STD": 22281.8,
2025-04-17T02:01:50+00:00 INFO 6800610d4c80d-0002     "SVC": 8.744737,
2025-04-17T02:01:50+00:00 INFO 6800610d4c80d-0002     "SYP": 13002,
2025-04-17T02:01:50+00:00 INFO 6800610d4c80d-0002     "SZL": 18.852319,
2025-04-17T02:01:50+00:00 INFO 6800610d4c80d-0002     "THB": 33.08,
2025-04-17T02:01:50+00:00 INFO 6800610d4c80d-0002     "TJS": 10.849755,
2025-04-17T02:01:50+00:00 INFO 6800610d4c80d-0002     "TMT": 3.51,
2025-04-17T02:01:50+00:00 INFO 6800610d4c80d-0002     "TND": 2.997127,
2025-04-17T02:01:50+00:00 INFO 6800610d4c80d-0002     "TOP": 2.40776,
2025-04-17T02:01:50+00:00 INFO 6800610d4c80d-0002     "TRY": 38.149903,
2025-04-17T02:01:50+00:00 INFO 6800610d4c80d-0002     "TTD": 6.786894,
2025-04-17T02:01:50+00:00 INFO 6800610d4c80d-0002     "TWD": 32.393701,
2025-04-17T02:01:50+00:00 INFO 6800610d4c80d-0002     "TZS": 2677.5,
2025-04-17T02:01:50+00:00 INFO 6800610d4c80d-0002     "UAH": 41.29068,
2025-04-17T02:01:50+00:00 INFO 6800610d4c80d-0002     "UGX": 3664.906914,
2025-04-17T02:01:50+00:00 INFO 6800610d4c80d-0002     "USD": 1,
2025-04-17T02:01:50+00:00 INFO 6800610d4c80d-0002     "UYU": 42.348428,
2025-04-17T02:01:50+00:00 INFO 6800610d4c80d-0002     "UZS": 12972.782101,
2025-04-17T02:01:50+00:00 INFO 6800610d4c80d-0002     "VND": 25843.142975,
2025-04-17T02:01:50+00:00 INFO 6800610d4c80d-0002     "VUV": 118.722,
2025-04-17T02:01:50+00:00 INFO 6800610d4c80d-0002     "WST": 2.8,
2025-04-17T02:01:50+00:00 INFO 6800610d4c80d-0002     "XAF": 575.672507,
2025-04-17T02:01:50+00:00 INFO 6800610d4c80d-0002     "XAG": 0.030388,
2025-04-17T02:01:50+00:00 INFO 6800610d4c80d-0002     "XAU": 0.000298,
2025-04-17T02:01:50+00:00 INFO 6800610d4c80d-0002     "XCD": 2.70255,
2025-04-17T02:01:50+00:00 INFO 6800610d4c80d-0002     "XDR": 0.718102,
2025-04-17T02:01:50+00:00 INFO 6800610d4c80d-0002     "XOF": 575.672507,
2025-04-17T02:01:50+00:00 INFO 6800610d4c80d-0002     "XPD": 0.00103,
2025-04-17T02:01:50+00:00 INFO 6800610d4c80d-0002     "XPF": 104.726382,
2025-04-17T02:01:50+00:00 INFO 6800610d4c80d-0002     "XPT": 0.00104,
2025-04-17T02:01:50+00:00 INFO 6800610d4c80d-0002     "YER": 245.720656,
2025-04-17T02:01:50+00:00 INFO 6800610d4c80d-0002     "ZAR": 18.836289,
2025-04-17T02:01:50+00:00 INFO 6800610d4c80d-0002     "ZMW": 28.382119,
2025-04-17T02:01:50+00:00 INFO 6800610d4c80d-0002     "ZWL": 322
2025-04-17T02:01:50+00:00 INFO 6800610d4c80d-0002 }
2025-04-17T13:01:30+00:00 INFO 6800fba9daab0-0001 REQUEST_6800fbaa76ead (JSON): {
2025-04-17T13:01:30+00:00 INFO 6800fba9daab0-0001     "url": "https:\/\/public-api.wordpress.com\/wpcom\/v2\/sites\/%s\/wcpay\/currency\/rates?test_mode=1&currency_from=usd",
2025-04-17T13:01:30+00:00 INFO 6800fba9daab0-0001     "method": "GET",
2025-04-17T13:01:30+00:00 INFO 6800fba9daab0-0001     "headers": {
2025-04-17T13:01:30+00:00 INFO 6800fba9daab0-0001         "Content-Type": "application\/json; charset=utf-8",
2025-04-17T13:01:30+00:00 INFO 6800fba9daab0-0001         "User-Agent": "WooCommerce Payments\/9.1.0",
2025-04-17T13:01:30+00:00 INFO 6800fba9daab0-0001         "X-Request-Initiated": 1744894890.487083
2025-04-17T13:01:30+00:00 INFO 6800fba9daab0-0001     },
2025-04-17T13:01:30+00:00 INFO 6800fba9daab0-0001     "timeout": 70,
2025-04-17T13:01:30+00:00 INFO 6800fba9daab0-0001     "connect_timeout": 70
2025-04-17T13:01:30+00:00 INFO 6800fba9daab0-0001 }
2025-04-17T13:01:30+00:00 INFO 6800fba9daab0-0001 CONTEXT (JSON): {
2025-04-17T13:01:30+00:00 INFO 6800fba9daab0-0001     "WP_User": "Guest (non logged-in user)",
2025-04-17T13:01:30+00:00 INFO 6800fba9daab0-0001     "HTTP_REFERER": "--",
2025-04-17T13:01:30+00:00 INFO 6800fba9daab0-0001     "HTTP_USER_AGENT": "Mozilla\/5.0 (compatible; Googlebot\/2.1; +http:\/\/www.google.com\/bot.html)",
2025-04-17T13:01:30+00:00 INFO 6800fba9daab0-0001     "REQUEST_URI": "\/robots.txt",
2025-04-17T13:01:30+00:00 INFO 6800fba9daab0-0001     "DOING_AJAX": "",
2025-04-17T13:01:30+00:00 INFO 6800fba9daab0-0001     "DOING_CRON": "",
2025-04-17T13:01:30+00:00 INFO 6800fba9daab0-0001     "WP_CLI": ""
2025-04-17T13:01:30+00:00 INFO 6800fba9daab0-0001 }
2025-04-17T13:01:30+00:00 INFO 6800fba9daab0-0002 RESPONSE_6800fbaa76ead (JSON): {
2025-04-17T13:01:30+00:00 INFO 6800fba9daab0-0002     "AED": 3.67299,
2025-04-17T13:01:30+00:00 INFO 6800fba9daab0-0002     "AFN": 72.036881,
2025-04-17T13:01:30+00:00 INFO 6800fba9daab0-0002     "ALL": 87.27478,
2025-04-17T13:01:30+00:00 INFO 6800fba9daab0-0002     "AMD": 390.273167,
2025-04-17T13:01:30+00:00 INFO 6800fba9daab0-0002     "ANG": 1.79,
2025-04-17T13:01:30+00:00 INFO 6800fba9daab0-0002     "AOA": 916,
2025-04-17T13:01:30+00:00 INFO 6800fba9daab0-0002     "ARS": 1138.03007,
2025-04-17T13:01:30+00:00 INFO 6800fba9daab0-0002     "AUD": 1.572834,
2025-04-17T13:01:30+00:00 INFO 6800fba9daab0-0002     "AWG": 1.8025,
2025-04-17T13:01:30+00:00 INFO 6800fba9daab0-0002     "AZN": 1.7,
2025-04-17T13:01:30+00:00 INFO 6800fba9daab0-0002     "BAM": 1.720686,
2025-04-17T13:01:30+00:00 INFO 6800fba9daab0-0002     "BBD": 2,
2025-04-17T13:01:30+00:00 INFO 6800fba9daab0-0002     "BDT": 121.428063,
2025-04-17T13:01:30+00:00 INFO 6800fba9daab0-0002     "BGN": 1.719648,
2025-04-17T13:01:30+00:00 INFO 6800fba9daab0-0002     "BHD": 0.376874,
2025-04-17T13:01:30+00:00 INFO 6800fba9daab0-0002     "BIF": 2971.548107,
2025-04-17T13:01:30+00:00 INFO 6800fba9daab0-0002     "BMD": 1,
2025-04-17T13:01:30+00:00 INFO 6800fba9daab0-0002     "BND": 1.312071,
2025-04-17T13:01:30+00:00 INFO 6800fba9daab0-0002     "BOB": 6.906563,
2025-04-17T13:01:30+00:00 INFO 6800fba9daab0-0002     "BRL": 5.8931,
2025-04-17T13:01:30+00:00 INFO 6800fba9daab0-0002     "BSD": 1,
2025-04-17T13:01:30+00:00 INFO 6800fba9daab0-0002     "BTC": 1.2e-5,
2025-04-17T13:01:30+00:00 INFO 6800fba9daab0-0002     "BTN": 85.314623,
2025-04-17T13:01:30+00:00 INFO 6800fba9daab0-0002     "BWP": 13.77569,
2025-04-17T13:01:30+00:00 INFO 6800fba9daab0-0002     "BYN": 3.270808,
2025-04-17T13:01:30+00:00 INFO 6800fba9daab0-0002     "BZD": 2.007496,
2025-04-17T13:01:30+00:00 INFO 6800fba9daab0-0002     "CAD": 1.390045,
2025-04-17T13:01:30+00:00 INFO 6800fba9daab0-0002     "CDF": 2903.724435,
2025-04-17T13:01:30+00:00 INFO 6800fba9daab0-0002     "CHF": 0.817144,
2025-04-17T13:01:30+00:00 INFO 6800fba9daab0-0002     "CLF": 0.025261,
2025-04-17T13:01:30+00:00 INFO 6800fba9daab0-0002     "CLP": 968.12,
2025-04-17T13:01:30+00:00 INFO 6800fba9daab0-0002     "CNH": 7.30136,
2025-04-17T13:01:30+00:00 INFO 6800fba9daab0-0002     "CNY": 7.2993,
2025-04-17T13:01:30+00:00 INFO 6800fba9daab0-0002     "COP": 4306.338926,
2025-04-17T13:01:30+00:00 INFO 6800fba9daab0-0002     "CRC": 502.269783,
2025-04-17T13:01:30+00:00 INFO 6800fba9daab0-0002     "CUC": 1,
2025-04-17T13:01:30+00:00 INFO 6800fba9daab0-0002     "CUP": 25.75,
2025-04-17T13:01:30+00:00 INFO 6800fba9daab0-0002     "CVE": 97.009595,
2025-04-17T13:01:30+00:00 INFO 6800fba9daab0-0002     "CZK": 21.995001,
2025-04-17T13:01:30+00:00 INFO 6800fba9daab0-0002     "DJF": 177.975082,
2025-04-17T13:01:30+00:00 INFO 6800fba9daab0-0002     "DKK": 6.571086,
2025-04-17T13:01:30+00:00 INFO 6800fba9daab0-0002     "DOP": 59.939823,
2025-04-17T13:01:30+00:00 INFO 6800fba9daab0-0002     "DZD": 132.638375,
2025-04-17T13:01:30+00:00 INFO 6800fba9daab0-0002     "EGP": 51.1265,
2025-04-17T13:01:30+00:00 INFO 6800fba9daab0-0002     "ERN": 15,
2025-04-17T13:01:30+00:00 INFO 6800fba9daab0-0002     "ETB": 133.023656,
2025-04-17T13:01:30+00:00 INFO 6800fba9daab0-0002     "EUR": 0.880036,
2025-04-17T13:01:30+00:00 INFO 6800fba9daab0-0002     "FJD": 2.29,
2025-04-17T13:01:30+00:00 INFO 6800fba9daab0-0002     "FKP": 0.755786,
2025-04-17T13:01:30+00:00 INFO 6800fba9daab0-0002     "GBP": 0.755786,
2025-04-17T13:01:30+00:00 INFO 6800fba9daab0-0002     "GEL": 2.751,
2025-04-17T13:01:30+00:00 INFO 6800fba9daab0-0002     "GGP": 0.755786,
2025-04-17T13:01:30+00:00 INFO 6800fba9daab0-0002     "GHS": 15.441668,
2025-04-17T13:01:30+00:00 INFO 6800fba9daab0-0002     "GIP": 0.755786,
2025-04-17T13:01:30+00:00 INFO 6800fba9daab0-0002     "GMD": 72.1572,
2025-04-17T13:01:30+00:00 INFO 6800fba9daab0-0002     "GNF": 8650.08664,
2025-04-17T13:01:30+00:00 INFO 6800fba9daab0-0002     "GTQ": 7.698128,
2025-04-17T13:01:30+00:00 INFO 6800fba9daab0-0002     "GYD": 209.656723,
2025-04-17T13:01:30+00:00 INFO 6800fba9daab0-0002     "HKD": 7.76385,
2025-04-17T13:01:30+00:00 INFO 6800fba9daab0-0002     "HNL": 25.908819,
2025-04-17T13:01:30+00:00 INFO 6800fba9daab0-0002     "HRK": 6.629553,
2025-04-17T13:01:30+00:00 INFO 6800fba9daab0-0002     "HTG": 130.419482,
2025-04-17T13:01:30+00:00 INFO 6800fba9daab0-0002     "HUF": 358.677501,
2025-04-17T13:01:30+00:00 INFO 6800fba9daab0-0002     "IDR": 16870.760885,
2025-04-17T13:01:30+00:00 INFO 6800fba9daab0-0002     "ILS": 3.689094,
2025-04-17T13:01:30+00:00 INFO 6800fba9daab0-0002     "IMP": 0.755786,
2025-04-17T13:01:30+00:00 INFO 6800fba9daab0-0002     "INR": 85.397099,
2025-04-17T13:01:30+00:00 INFO 6800fba9daab0-0002     "IQD": 1309.205488,
2025-04-17T13:01:30+00:00 INFO 6800fba9daab0-0002     "IRR": 42100,
2025-04-17T13:01:30+00:00 INFO 6800fba9daab0-0002     "ISK": 127.7,
2025-04-17T13:01:30+00:00 INFO 6800fba9daab0-0002     "JEP": 0.755786,
2025-04-17T13:01:30+00:00 INFO 6800fba9daab0-0002     "JMD": 157.965574,
2025-04-17T13:01:30+00:00 INFO 6800fba9daab0-0002     "JOD": 0.7094,
2025-04-17T13:01:30+00:00 INFO 6800fba9daab0-0002     "JPY": 142.552,
2025-04-17T13:01:30+00:00 INFO 6800fba9daab0-0002     "KES": 129.66,
2025-04-17T13:01:30+00:00 INFO 6800fba9daab0-0002     "KGS": 87.45,
2025-04-17T13:01:30+00:00 INFO 6800fba9daab0-0002     "KHR": 4003.116209,
2025-04-17T13:01:30+00:00 INFO 6800fba9daab0-0002     "KMF": 439.500077,
2025-04-17T13:01:30+00:00 INFO 6800fba9daab0-0002     "KPW": 900,
2025-04-17T13:01:30+00:00 INFO 6800fba9daab0-0002     "KRW": 1417.031722,
2025-04-17T13:01:30+00:00 INFO 6800fba9daab0-0002     "KWD": 0.306639,
2025-04-17T13:01:30+00:00 INFO 6800fba9daab0-0002     "KYD": 0.832893,
2025-04-17T13:01:30+00:00 INFO 6800fba9daab0-0002     "KZT": 523.173589,
2025-04-17T13:01:30+00:00 INFO 6800fba9daab0-0002     "LAK": 21643.53649,
2025-04-17T13:01:30+00:00 INFO 6800fba9daab0-0002     "LBP": 89557.667135,
2025-04-17T13:01:30+00:00 INFO 6800fba9daab0-0002     "LKR": 298.278414,
2025-04-17T13:01:30+00:00 INFO 6800fba9daab0-0002     "LRD": 199.87859,
2025-04-17T13:01:30+00:00 INFO 6800fba9daab0-0002     "LSL": 18.856894,
2025-04-17T13:01:30+00:00 INFO 6800fba9daab0-0002     "LYD": 5.471389,
2025-04-17T13:01:30+00:00 INFO 6800fba9daab0-0002     "MAD": 9.269602,
2025-04-17T13:01:30+00:00 INFO 6800fba9daab0-0002     "MDL": 17.289555,
2025-04-17T13:01:30+00:00 INFO 6800fba9daab0-0002     "MGA": 4552.903502,
2025-04-17T13:01:30+00:00 INFO 6800fba9daab0-0002     "MKD": 54.129788,
2025-04-17T13:01:30+00:00 INFO 6800fba9daab0-0002     "MMK": 2098,
2025-04-17T13:01:30+00:00 INFO 6800fba9daab0-0002     "MNT": 3398,
2025-04-17T13:01:30+00:00 INFO 6800fba9daab0-0002     "MOP": 7.990393,
2025-04-17T13:01:30+00:00 INFO 6800fba9daab0-0002     "MUR": 45.09,
2025-04-17T13:01:30+00:00 INFO 6800fba9daab0-0002     "MVR": 15.4343,
2025-04-17T13:01:30+00:00 INFO 6800fba9daab0-0002     "MWK": 1733.033676,
2025-04-17T13:01:30+00:00 INFO 6800fba9daab0-0002     "MXN": 19.9146,
2025-04-17T13:01:30+00:00 INFO 6800fba9daab0-0002     "MYR": 4.4075,
2025-04-17T13:01:30+00:00 INFO 6800fba9daab0-0002     "MZN": 63.830001,
2025-04-17T13:01:30+00:00 INFO 6800fba9daab0-0002     "NAD": 18.856894,
2025-04-17T13:01:30+00:00 INFO 6800fba9daab0-0002     "NGN": 1603.37,
2025-04-17T13:01:30+00:00 INFO 6800fba9daab0-0002     "NIO": 36.775057,
2025-04-17T13:01:30+00:00 INFO 6800fba9daab0-0002     "NOK": 10.543125,
2025-04-17T13:01:30+00:00 INFO 6800fba9daab0-0002     "NPR": 136.503204,
2025-04-17T13:01:30+00:00 INFO 6800fba9daab0-0002     "NZD": 1.68448,
2025-04-17T13:01:30+00:00 INFO 6800fba9daab0-0002     "OMR": 0.385006,
2025-04-17T13:01:30+00:00 INFO 6800fba9daab0-0002     "PAB": 1,
2025-04-17T13:01:30+00:00 INFO 6800fba9daab0-0002     "PEN": 3.724398,
2025-04-17T13:01:30+00:00 INFO 6800fba9daab0-0002     "PGK": 4.133235,
2025-04-17T13:01:30+00:00 INFO 6800fba9daab0-0002     "PHP": 56.678997,
2025-04-17T13:01:30+00:00 INFO 6800fba9daab0-0002     "PKR": 280.392743,
2025-04-17T13:01:30+00:00 INFO 6800fba9daab0-0002     "PLN": 3.75931,
2025-04-17T13:01:30+00:00 INFO 6800fba9daab0-0002     "PYG": 7999.962711,
2025-04-17T13:01:30+00:00 INFO 6800fba9daab0-0002     "QAR": 3.642666,
2025-04-17T13:01:30+00:00 INFO 6800fba9daab0-0002     "RON": 4.3807,
2025-04-17T13:01:30+00:00 INFO 6800fba9daab0-0002     "RSD": 103.28,
2025-04-17T13:01:30+00:00 INFO 6800fba9daab0-0002     "RUB": 82.118161,
2025-04-17T13:01:30+00:00 INFO 6800fba9daab0-0002     "RWF": 1430.18233,
2025-04-17T13:01:30+00:00 INFO 6800fba9daab0-0002     "SAR": 3.752354,
2025-04-17T13:01:30+00:00 INFO 6800fba9daab0-0002     "SBD": 8.354365,
2025-04-17T13:01:30+00:00 INFO 6800fba9daab0-0002     "SCR": 14.440923,
2025-04-17T13:01:30+00:00 INFO 6800fba9daab0-0002     "SDG": 600.5,
2025-04-17T13:01:30+00:00 INFO 6800fba9daab0-0002     "SEK": 9.711267,
2025-04-17T13:01:30+00:00 INFO 6800fba9daab0-0002     "SGD": 1.312275,
2025-04-17T13:01:30+00:00 INFO 6800fba9daab0-0002     "SHP": 0.755786,
2025-04-17T13:01:30+00:00 INFO 6800fba9daab0-0002     "SLL": 20969.5,
2025-04-17T13:01:30+00:00 INFO 6800fba9daab0-0002     "SOS": 571.156858,
2025-04-17T13:01:30+00:00 INFO 6800fba9daab0-0002     "SRD": 36.6465,
2025-04-17T13:01:30+00:00 INFO 6800fba9daab0-0002     "SSP": 130.26,
2025-04-17T13:01:30+00:00 INFO 6800fba9daab0-0002     "STD": 22281.8,
2025-04-17T13:01:30+00:00 INFO 6800fba9daab0-0002     "SVC": 8.745073,
2025-04-17T13:01:30+00:00 INFO 6800fba9daab0-0002     "SYP": 13002,
2025-04-17T13:01:30+00:00 INFO 6800fba9daab0-0002     "SZL": 18.850295,
2025-04-17T13:01:30+00:00 INFO 6800fba9daab0-0002     "THB": 33.2695,
2025-04-17T13:01:30+00:00 INFO 6800fba9daab0-0002     "TJS": 10.849755,
2025-04-17T13:01:30+00:00 INFO 6800fba9daab0-0002     "TMT": 3.51,
2025-04-17T13:01:30+00:00 INFO 6800fba9daab0-0002     "TND": 2.988722,
2025-04-17T13:01:30+00:00 INFO 6800fba9daab0-0002     "TOP": 2.40776,
2025-04-17T13:01:30+00:00 INFO 6800fba9daab0-0002     "TRY": 38.0946,
2025-04-17T13:01:30+00:00 INFO 6800fba9daab0-0002     "TTD": 6.781391,
2025-04-17T13:01:30+00:00 INFO 6800fba9daab0-0002     "TWD": 32.459501,
2025-04-17T13:01:30+00:00 INFO 6800fba9daab0-0002     "TZS": 2687.5,
2025-04-17T13:01:30+00:00 INFO 6800fba9daab0-0002     "UAH": 41.29068,
2025-04-17T13:01:30+00:00 INFO 6800fba9daab0-0002     "UGX": 3663.561804,
2025-04-17T13:01:30+00:00 INFO 6800fba9daab0-0002     "USD": 1,
2025-04-17T13:01:30+00:00 INFO 6800fba9daab0-0002     "UYU": 42.348428,
2025-04-17T13:01:30+00:00 INFO 6800fba9daab0-0002     "UZS": 12986.383191,
2025-04-17T13:01:30+00:00 INFO 6800fba9daab0-0002     "VND": 25886.623558,
2025-04-17T13:01:30+00:00 INFO 6800fba9daab0-0002     "VUV": 118.722,
2025-04-17T13:01:30+00:00 INFO 6800fba9daab0-0002     "WST": 2.8,
2025-04-17T13:01:30+00:00 INFO 6800fba9daab0-0002     "XAF": 577.265716,
2025-04-17T13:01:30+00:00 INFO 6800fba9daab0-0002     "XAG": 0.030973,
2025-04-17T13:01:30+00:00 INFO 6800fba9daab0-0002     "XAU": 0.000301,
2025-04-17T13:01:30+00:00 INFO 6800fba9daab0-0002     "XCD": 2.70255,
2025-04-17T13:01:30+00:00 INFO 6800fba9daab0-0002     "XDR": 0.718102,
2025-04-17T13:01:30+00:00 INFO 6800fba9daab0-0002     "XOF": 577.265716,
2025-04-17T13:01:30+00:00 INFO 6800fba9daab0-0002     "XPD": 0.001059,
2025-04-17T13:01:30+00:00 INFO 6800fba9daab0-0002     "XPF": 105.016219,
2025-04-17T13:01:30+00:00 INFO 6800fba9daab0-0002     "XPT": 0.001059,
2025-04-17T13:01:30+00:00 INFO 6800fba9daab0-0002     "YER": 245.720656,
2025-04-17T13:01:30+00:00 INFO 6800fba9daab0-0002     "ZAR": 18.836726,
2025-04-17T13:01:30+00:00 INFO 6800fba9daab0-0002     "ZMW": 28.458439,
2025-04-17T13:01:30+00:00 INFO 6800fba9daab0-0002     "ZWL": 322
2025-04-17T13:01:30+00:00 INFO 6800fba9daab0-0002 }
