2025-04-07T01:38:27+00:00 INFO 67f32c91e4d26-0001 REQUEST_67f32c93296c1 (JSON): {
2025-04-07T01:38:27+00:00 INFO 67f32c91e4d26-0001     "url": "https:\/\/public-api.wordpress.com\/wpcom\/v2\/wcpay\/woopay\/compatibility?test_mode=1",
2025-04-07T01:38:27+00:00 INFO 67f32c91e4d26-0001     "method": "GET",
2025-04-07T01:38:27+00:00 INFO 67f32c91e4d26-0001     "headers": {
2025-04-07T01:38:27+00:00 INFO 67f32c91e4d26-0001         "Content-Type": "application\/json; charset=utf-8",
2025-04-07T01:38:27+00:00 INFO 67f32c91e4d26-0001         "User-Agent": "WooCommerce Payments\/9.1.0",
2025-04-07T01:38:27+00:00 INFO 67f32c91e4d26-0001         "X-Request-Initiated": 1743989907.169662
2025-04-07T01:38:27+00:00 INFO 67f32c91e4d26-0001     },
2025-04-07T01:38:27+00:00 INFO 67f32c91e4d26-0001     "timeout": 70,
2025-04-07T01:38:27+00:00 INFO 67f32c91e4d26-0001     "connect_timeout": 70
2025-04-07T01:38:27+00:00 INFO 67f32c91e4d26-0001 }
2025-04-07T01:38:27+00:00 INFO 67f32c91e4d26-0001 CONTEXT (JSON): {
2025-04-07T01:38:27+00:00 INFO 67f32c91e4d26-0001     "WP_User": "Guest (non logged-in user)",
2025-04-07T01:38:27+00:00 INFO 67f32c91e4d26-0001     "HTTP_REFERER": "--",
2025-04-07T01:38:27+00:00 INFO 67f32c91e4d26-0001     "HTTP_USER_AGENT": "WordPress\/6.7.2; https:\/\/northernlights.grubmenu.io",
2025-04-07T01:38:27+00:00 INFO 67f32c91e4d26-0001     "REQUEST_URI": "\/wp-cron.php?doing_wp_cron=1743989905.0519230365753173828125",
2025-04-07T01:38:27+00:00 INFO 67f32c91e4d26-0001     "DOING_AJAX": "",
2025-04-07T01:38:27+00:00 INFO 67f32c91e4d26-0001     "DOING_CRON": "1",
2025-04-07T01:38:27+00:00 INFO 67f32c91e4d26-0001     "WP_CLI": ""
2025-04-07T01:38:27+00:00 INFO 67f32c91e4d26-0001 }
2025-04-07T01:38:27+00:00 INFO 67f32c91e4d26-0002 RESPONSE_67f32c93296c1 (JSON): {
2025-04-07T01:38:27+00:00 INFO 67f32c91e4d26-0002     "incompatible_extensions": [
2025-04-07T01:38:27+00:00 INFO 67f32c91e4d26-0002         "class-wcdonation",
2025-04-07T01:38:27+00:00 INFO 67f32c91e4d26-0002         "woocommerce-avatax",
2025-04-07T01:38:27+00:00 INFO 67f32c91e4d26-0002         "woocommerce-table-rate-shipping",
2025-04-07T01:38:27+00:00 INFO 67f32c91e4d26-0002         "woocommerce-memberships-for-teams",
2025-04-07T01:38:27+00:00 INFO 67f32c91e4d26-0002         "woocommerce-checkout-add-ons",
2025-04-07T01:38:27+00:00 INFO 67f32c91e4d26-0002         "woocommerce-checkout-field-editor",
2025-04-07T01:38:27+00:00 INFO 67f32c91e4d26-0002         "woocommerce-eu-vat-number",
2025-04-07T01:38:27+00:00 INFO 67f32c91e4d26-0002         "woocommerce-order-delivery",
2025-04-07T01:38:27+00:00 INFO 67f32c91e4d26-0002         "woocommerce-pdf-product-vouchers",
2025-04-07T01:38:27+00:00 INFO 67f32c91e4d26-0002         "woocommerce-shipping-local-pickup-plus",
2025-04-07T01:38:27+00:00 INFO 67f32c91e4d26-0002         "woocommerce-shipping-multiple-addresses",
2025-04-07T01:38:27+00:00 INFO 67f32c91e4d26-0002         "woocommerce-smart-coupons",
2025-04-07T01:38:27+00:00 INFO 67f32c91e4d26-0002         "woocommerce-subscriptions-gifting",
2025-04-07T01:38:27+00:00 INFO 67f32c91e4d26-0002         "advanced-product-fields-for-woocommerce"
2025-04-07T01:38:27+00:00 INFO 67f32c91e4d26-0002     ],
2025-04-07T01:38:27+00:00 INFO 67f32c91e4d26-0002     "adapted_extensions": [
2025-04-07T01:38:27+00:00 INFO 67f32c91e4d26-0002         "woocommerce-points-and-rewards",
2025-04-07T01:38:27+00:00 INFO 67f32c91e4d26-0002         "woocommerce-gift-cards"
2025-04-07T01:38:27+00:00 INFO 67f32c91e4d26-0002     ],
2025-04-07T01:38:27+00:00 INFO 67f32c91e4d26-0002     "available_countries": [
2025-04-07T01:38:27+00:00 INFO 67f32c91e4d26-0002         "US"
2025-04-07T01:38:27+00:00 INFO 67f32c91e4d26-0002     ]
2025-04-07T01:38:27+00:00 INFO 67f32c91e4d26-0002 }
2025-04-07T02:31:56+00:00 INFO 67f3391c56d0a-0001 REQUEST_67f3391c7f558 (JSON): {
2025-04-07T02:31:56+00:00 INFO 67f3391c56d0a-0001     "url": "https:\/\/public-api.wordpress.com\/wpcom\/v2\/sites\/%s\/wcpay\/currency\/rates?test_mode=1&currency_from=usd",
2025-04-07T02:31:56+00:00 INFO 67f3391c56d0a-0001     "method": "GET",
2025-04-07T02:31:56+00:00 INFO 67f3391c56d0a-0001     "headers": {
2025-04-07T02:31:56+00:00 INFO 67f3391c56d0a-0001         "Content-Type": "application\/json; charset=utf-8",
2025-04-07T02:31:56+00:00 INFO 67f3391c56d0a-0001         "User-Agent": "WooCommerce Payments\/9.1.0",
2025-04-07T02:31:56+00:00 INFO 67f3391c56d0a-0001         "X-Request-Initiated": 1743993116.521558
2025-04-07T02:31:56+00:00 INFO 67f3391c56d0a-0001     },
2025-04-07T02:31:56+00:00 INFO 67f3391c56d0a-0001     "timeout": 70,
2025-04-07T02:31:56+00:00 INFO 67f3391c56d0a-0001     "connect_timeout": 70
2025-04-07T02:31:56+00:00 INFO 67f3391c56d0a-0001 }
2025-04-07T02:31:56+00:00 INFO 67f3391c56d0a-0001 CONTEXT (JSON): {
2025-04-07T02:31:56+00:00 INFO 67f3391c56d0a-0001     "WP_User": "Guest (non logged-in user)",
2025-04-07T02:31:56+00:00 INFO 67f3391c56d0a-0001     "HTTP_REFERER": "--",
2025-04-07T02:31:56+00:00 INFO 67f3391c56d0a-0001     "HTTP_USER_AGENT": "Mozilla\/5.0 (compatible; AhrefsBot\/7.0; +http:\/\/ahrefs.com\/robot\/)",
2025-04-07T02:31:56+00:00 INFO 67f3391c56d0a-0001     "REQUEST_URI": "\/product-category\/desserts\/feed\/",
2025-04-07T02:31:56+00:00 INFO 67f3391c56d0a-0001     "DOING_AJAX": "",
2025-04-07T02:31:56+00:00 INFO 67f3391c56d0a-0001     "DOING_CRON": "",
2025-04-07T02:31:56+00:00 INFO 67f3391c56d0a-0001     "WP_CLI": ""
2025-04-07T02:31:56+00:00 INFO 67f3391c56d0a-0001 }
2025-04-07T02:31:56+00:00 INFO 67f3391c56d0a-0002 RESPONSE_67f3391c7f558 (JSON): {
2025-04-07T02:31:56+00:00 INFO 67f3391c56d0a-0002     "AED": 3.673,
2025-04-07T02:31:56+00:00 INFO 67f3391c56d0a-0002     "AFN": 71.599175,
2025-04-07T02:31:56+00:00 INFO 67f3391c56d0a-0002     "ALL": 91.8,
2025-04-07T02:31:56+00:00 INFO 67f3391c56d0a-0002     "AMD": 390.941816,
2025-04-07T02:31:56+00:00 INFO 67f3391c56d0a-0002     "ANG": 1.79,
2025-04-07T02:31:56+00:00 INFO 67f3391c56d0a-0002     "AOA": 916,
2025-04-07T02:31:56+00:00 INFO 67f3391c56d0a-0002     "ARS": 1077.7607,
2025-04-07T02:31:56+00:00 INFO 67f3391c56d0a-0002     "AUD": 1.66938,
2025-04-07T02:31:56+00:00 INFO 67f3391c56d0a-0002     "AWG": 1.8,
2025-04-07T02:31:56+00:00 INFO 67f3391c56d0a-0002     "AZN": 1.7,
2025-04-07T02:31:56+00:00 INFO 67f3391c56d0a-0002     "BAM": 1.811219,
2025-04-07T02:31:56+00:00 INFO 67f3391c56d0a-0002     "BBD": 2,
2025-04-07T02:31:56+00:00 INFO 67f3391c56d0a-0002     "BDT": 121.490369,
2025-04-07T02:31:56+00:00 INFO 67f3391c56d0a-0002     "BGN": 1.784082,
2025-04-07T02:31:56+00:00 INFO 67f3391c56d0a-0002     "BHD": 0.376648,
2025-04-07T02:31:56+00:00 INFO 67f3391c56d0a-0002     "BIF": 2971.410793,
2025-04-07T02:31:56+00:00 INFO 67f3391c56d0a-0002     "BMD": 1,
2025-04-07T02:31:56+00:00 INFO 67f3391c56d0a-0002     "BND": 1.336041,
2025-04-07T02:31:56+00:00 INFO 67f3391c56d0a-0002     "BOB": 6.909374,
2025-04-07T02:31:56+00:00 INFO 67f3391c56d0a-0002     "BRL": 5.8435,
2025-04-07T02:31:56+00:00 INFO 67f3391c56d0a-0002     "BSD": 1,
2025-04-07T02:31:56+00:00 INFO 67f3391c56d0a-0002     "BTC": 1.3e-5,
2025-04-07T02:31:56+00:00 INFO 67f3391c56d0a-0002     "BTN": 85.35416,
2025-04-07T02:31:56+00:00 INFO 67f3391c56d0a-0002     "BWP": 14.014139,
2025-04-07T02:31:56+00:00 INFO 67f3391c56d0a-0002     "BYN": 3.27212,
2025-04-07T02:31:56+00:00 INFO 67f3391c56d0a-0002     "BZD": 2.008449,
2025-04-07T02:31:56+00:00 INFO 67f3391c56d0a-0002     "CAD": 1.424016,
2025-04-07T02:31:56+00:00 INFO 67f3391c56d0a-0002     "CDF": 2906.096414,
2025-04-07T02:31:56+00:00 INFO 67f3391c56d0a-0002     "CHF": 0.851982,
2025-04-07T02:31:56+00:00 INFO 67f3391c56d0a-0002     "CLF": 0.0249,
2025-04-07T02:31:56+00:00 INFO 67f3391c56d0a-0002     "CLP": 963.74,
2025-04-07T02:31:56+00:00 INFO 67f3391c56d0a-0002     "CNH": 7.30464,
2025-04-07T02:31:56+00:00 INFO 67f3391c56d0a-0002     "CNY": 7.28155,
2025-04-07T02:31:56+00:00 INFO 67f3391c56d0a-0002     "COP": 4170.376818,
2025-04-07T02:31:56+00:00 INFO 67f3391c56d0a-0002     "CRC": 509.007767,
2025-04-07T02:31:56+00:00 INFO 67f3391c56d0a-0002     "CUC": 1,
2025-04-07T02:31:56+00:00 INFO 67f3391c56d0a-0002     "CUP": 25.75,
2025-04-07T02:31:56+00:00 INFO 67f3391c56d0a-0002     "CVE": 102.162483,
2025-04-07T02:31:56+00:00 INFO 67f3391c56d0a-0002     "CZK": 22.966023,
2025-04-07T02:31:56+00:00 INFO 67f3391c56d0a-0002     "DJF": 178.067757,
2025-04-07T02:31:56+00:00 INFO 67f3391c56d0a-0002     "DKK": 6.795787,
2025-04-07T02:31:56+00:00 INFO 67f3391c56d0a-0002     "DOP": 63.543905,
2025-04-07T02:31:56+00:00 INFO 67f3391c56d0a-0002     "DZD": 133.267568,
2025-04-07T02:31:56+00:00 INFO 67f3391c56d0a-0002     "EGP": 50.8056,
2025-04-07T02:31:56+00:00 INFO 67f3391c56d0a-0002     "ERN": 15,
2025-04-07T02:31:56+00:00 INFO 67f3391c56d0a-0002     "ETB": 131.629664,
2025-04-07T02:31:56+00:00 INFO 67f3391c56d0a-0002     "EUR": 0.910603,
2025-04-07T02:31:56+00:00 INFO 67f3391c56d0a-0002     "FJD": 2.3149,
2025-04-07T02:31:56+00:00 INFO 67f3391c56d0a-0002     "FKP": 0.774514,
2025-04-07T02:31:56+00:00 INFO 67f3391c56d0a-0002     "GBP": 0.774514,
2025-04-07T02:31:56+00:00 INFO 67f3391c56d0a-0002     "GEL": 2.751,
2025-04-07T02:31:56+00:00 INFO 67f3391c56d0a-0002     "GGP": 0.774514,
2025-04-07T02:31:56+00:00 INFO 67f3391c56d0a-0002     "GHS": 15.595895,
2025-04-07T02:31:56+00:00 INFO 67f3391c56d0a-0002     "GIP": 0.774514,
2025-04-07T02:31:56+00:00 INFO 67f3391c56d0a-0002     "GMD": 71.79,
2025-04-07T02:31:56+00:00 INFO 67f3391c56d0a-0002     "GNF": 8707.823448,
2025-04-07T02:31:56+00:00 INFO 67f3391c56d0a-0002     "GTQ": 7.717987,
2025-04-07T02:31:56+00:00 INFO 67f3391c56d0a-0002     "GYD": 209.208198,
2025-04-07T02:31:56+00:00 INFO 67f3391c56d0a-0002     "HKD": 7.77233,
2025-04-07T02:31:56+00:00 INFO 67f3391c56d0a-0002     "HNL": 25.744126,
2025-04-07T02:31:56+00:00 INFO 67f3391c56d0a-0002     "HRK": 6.855507,
2025-04-07T02:31:56+00:00 INFO 67f3391c56d0a-0002     "HTG": 130.847226,
2025-04-07T02:31:56+00:00 INFO 67f3391c56d0a-0002     "HUF": 370.015409,
2025-04-07T02:31:56+00:00 INFO 67f3391c56d0a-0002     "IDR": 16745,
2025-04-07T02:31:56+00:00 INFO 67f3391c56d0a-0002     "ILS": 3.758267,
2025-04-07T02:31:56+00:00 INFO 67f3391c56d0a-0002     "IMP": 0.774514,
2025-04-07T02:31:56+00:00 INFO 67f3391c56d0a-0002     "INR": 85.5295,
2025-04-07T02:31:56+00:00 INFO 67f3391c56d0a-0002     "IQD": 1309.883409,
2025-04-07T02:31:56+00:00 INFO 67f3391c56d0a-0002     "IRR": 42250,
2025-04-07T02:31:56+00:00 INFO 67f3391c56d0a-0002     "ISK": 131.9,
2025-04-07T02:31:56+00:00 INFO 67f3391c56d0a-0002     "JEP": 0.774514,
2025-04-07T02:31:56+00:00 INFO 67f3391c56d0a-0002     "JMD": 158.68644,
2025-04-07T02:31:56+00:00 INFO 67f3391c56d0a-0002     "JOD": 0.7089,
2025-04-07T02:31:56+00:00 INFO 67f3391c56d0a-0002     "JPY": 145.4869,
2025-04-07T02:31:56+00:00 INFO 67f3391c56d0a-0002     "KES": 130.052464,
2025-04-07T02:31:56+00:00 INFO 67f3391c56d0a-0002     "KGS": 86.7116,
2025-04-07T02:31:56+00:00 INFO 67f3391c56d0a-0002     "KHR": 3999.464066,
2025-04-07T02:31:56+00:00 INFO 67f3391c56d0a-0002     "KMF": 447.632363,
2025-04-07T02:31:56+00:00 INFO 67f3391c56d0a-0002     "KPW": 900,
2025-04-07T02:31:56+00:00 INFO 67f3391c56d0a-0002     "KRW": 1459.51,
2025-04-07T02:31:56+00:00 INFO 67f3391c56d0a-0002     "KWD": 0.307585,
2025-04-07T02:31:56+00:00 INFO 67f3391c56d0a-0002     "KYD": 0.833171,
2025-04-07T02:31:56+00:00 INFO 67f3391c56d0a-0002     "KZT": 510.16594,
2025-04-07T02:31:56+00:00 INFO 67f3391c56d0a-0002     "LAK": 21793.961652,
2025-04-07T02:31:56+00:00 INFO 67f3391c56d0a-0002     "LBP": 90143.255902,
2025-04-07T02:31:56+00:00 INFO 67f3391c56d0a-0002     "LKR": 296.939647,
2025-04-07T02:31:56+00:00 INFO 67f3391c56d0a-0002     "LRD": 201.24059,
2025-04-07T02:31:56+00:00 INFO 67f3391c56d0a-0002     "LSL": 19.187411,
2025-04-07T02:31:56+00:00 INFO 67f3391c56d0a-0002     "LYD": 4.866591,
2025-04-07T02:31:56+00:00 INFO 67f3391c56d0a-0002     "MAD": 9.511668,
2025-04-07T02:31:56+00:00 INFO 67f3391c56d0a-0002     "MDL": 17.710173,
2025-04-07T02:31:56+00:00 INFO 67f3391c56d0a-0002     "MGA": 4673.90265,
2025-04-07T02:31:56+00:00 INFO 67f3391c56d0a-0002     "MKD": 56.016099,
2025-04-07T02:31:56+00:00 INFO 67f3391c56d0a-0002     "MMK": 2098,
2025-04-07T02:31:56+00:00 INFO 67f3391c56d0a-0002     "MNT": 3398,
2025-04-07T02:31:56+00:00 INFO 67f3391c56d0a-0002     "MOP": 8.011832,
2025-04-07T02:31:56+00:00 INFO 67f3391c56d0a-0002     "MUR": 44.670002,
2025-04-07T02:31:56+00:00 INFO 67f3391c56d0a-0002     "MVR": 15.415,
2025-04-07T02:31:56+00:00 INFO 67f3391c56d0a-0002     "MWK": 1744.766507,
2025-04-07T02:31:56+00:00 INFO 67f3391c56d0a-0002     "MXN": 20.630681,
2025-04-07T02:31:56+00:00 INFO 67f3391c56d0a-0002     "MYR": 4.437,
2025-04-07T02:31:56+00:00 INFO 67f3391c56d0a-0002     "MZN": 63.830001,
2025-04-07T02:31:56+00:00 INFO 67f3391c56d0a-0002     "NAD": 19.187411,
2025-04-07T02:31:56+00:00 INFO 67f3391c56d0a-0002     "NGN": 1546.277818,
2025-04-07T02:31:56+00:00 INFO 67f3391c56d0a-0002     "NIO": 37.026227,
2025-04-07T02:31:56+00:00 INFO 67f3391c56d0a-0002     "NOK": 10.817243,
2025-04-07T02:31:56+00:00 INFO 67f3391c56d0a-0002     "NPR": 136.568911,
2025-04-07T02:31:56+00:00 INFO 67f3391c56d0a-0002     "NZD": 1.803854,
2025-04-07T02:31:56+00:00 INFO 67f3391c56d0a-0002     "OMR": 0.384721,
2025-04-07T02:31:56+00:00 INFO 67f3391c56d0a-0002     "PAB": 1,
2025-04-07T02:31:56+00:00 INFO 67f3391c56d0a-0002     "PEN": 3.671512,
2025-04-07T02:31:56+00:00 INFO 67f3391c56d0a-0002     "PGK": 4.125987,
2025-04-07T02:31:56+00:00 INFO 67f3391c56d0a-0002     "PHP": 57.313999,
2025-04-07T02:31:56+00:00 INFO 67f3391c56d0a-0002     "PKR": 282.466303,
2025-04-07T02:31:56+00:00 INFO 67f3391c56d0a-0002     "PLN": 3.887454,
2025-04-07T02:31:56+00:00 INFO 67f3391c56d0a-0002     "PYG": 8066.589717,
2025-04-07T02:31:56+00:00 INFO 67f3391c56d0a-0002     "QAR": 3.645527,
2025-04-07T02:31:56+00:00 INFO 67f3391c56d0a-0002     "RON": 4.5274,
2025-04-07T02:31:56+00:00 INFO 67f3391c56d0a-0002     "RSD": 106.888,
2025-04-07T02:31:56+00:00 INFO 67f3391c56d0a-0002     "RUB": 84.589676,
2025-04-07T02:31:56+00:00 INFO 67f3391c56d0a-0002     "RWF": 1450.034572,
2025-04-07T02:31:56+00:00 INFO 67f3391c56d0a-0002     "SAR": 3.752548,
2025-04-07T02:31:56+00:00 INFO 67f3391c56d0a-0002     "SBD": 8.31633,
2025-04-07T02:31:56+00:00 INFO 67f3391c56d0a-0002     "SCR": 14.340707,
2025-04-07T02:31:56+00:00 INFO 67f3391c56d0a-0002     "SDG": 600.5,
2025-04-07T02:31:56+00:00 INFO 67f3391c56d0a-0002     "SEK": 10.020415,
2025-04-07T02:31:56+00:00 INFO 67f3391c56d0a-0002     "SGD": 1.346545,
2025-04-07T02:31:56+00:00 INFO 67f3391c56d0a-0002     "SHP": 0.774514,
2025-04-07T02:31:56+00:00 INFO 67f3391c56d0a-0002     "SLL": 20969.5,
2025-04-07T02:31:56+00:00 INFO 67f3391c56d0a-0002     "SOS": 571.397532,
2025-04-07T02:31:56+00:00 INFO 67f3391c56d0a-0002     "SRD": 36.6465,
2025-04-07T02:31:56+00:00 INFO 67f3391c56d0a-0002     "SSP": 130.26,
2025-04-07T02:31:56+00:00 INFO 67f3391c56d0a-0002     "STD": 22281.8,
2025-04-07T02:31:56+00:00 INFO 67f3391c56d0a-0002     "SVC": 8.749819,
2025-04-07T02:31:56+00:00 INFO 67f3391c56d0a-0002     "SYP": 13002,
2025-04-07T02:31:56+00:00 INFO 67f3391c56d0a-0002     "SZL": 19.194527,
2025-04-07T02:31:56+00:00 INFO 67f3391c56d0a-0002     "THB": 34.61,
2025-04-07T02:31:56+00:00 INFO 67f3391c56d0a-0002     "TJS": 10.884639,
2025-04-07T02:31:56+00:00 INFO 67f3391c56d0a-0002     "TMT": 3.5,
2025-04-07T02:31:56+00:00 INFO 67f3391c56d0a-0002     "TND": 3.099021,
2025-04-07T02:31:56+00:00 INFO 67f3391c56d0a-0002     "TOP": 2.40776,
2025-04-07T02:31:56+00:00 INFO 67f3391c56d0a-0002     "TRY": 38.007598,
2025-04-07T02:31:56+00:00 INFO 67f3391c56d0a-0002     "TTD": 6.779262,
2025-04-07T02:31:56+00:00 INFO 67f3391c56d0a-0002     "TWD": 33.1878,
2025-04-07T02:31:56+00:00 INFO 67f3391c56d0a-0002     "TZS": 2691.725589,
2025-04-07T02:31:56+00:00 INFO 67f3391c56d0a-0002     "UAH": 41.283674,
2025-04-07T02:31:56+00:00 INFO 67f3391c56d0a-0002     "UGX": 3677.967959,
2025-04-07T02:31:56+00:00 INFO 67f3391c56d0a-0002     "USD": 1,
2025-04-07T02:31:56+00:00 INFO 67f3391c56d0a-0002     "UYU": 42.563281,
2025-04-07T02:31:56+00:00 INFO 67f3391c56d0a-0002     "UZS": 12914.890317,
2025-04-07T02:31:56+00:00 INFO 67f3391c56d0a-0002     "VND": 25806.458487,
2025-04-07T02:31:56+00:00 INFO 67f3391c56d0a-0002     "VUV": 118.722,
2025-04-07T02:31:56+00:00 INFO 67f3391c56d0a-0002     "WST": 2.8,
2025-04-07T02:31:56+00:00 INFO 67f3391c56d0a-0002     "XAF": 597.316164,
2025-04-07T02:31:56+00:00 INFO 67f3391c56d0a-0002     "XAG": 0.034877,
2025-04-07T02:31:56+00:00 INFO 67f3391c56d0a-0002     "XAU": 0.000334,
2025-04-07T02:31:56+00:00 INFO 67f3391c56d0a-0002     "XCD": 2.70255,
2025-04-07T02:31:56+00:00 INFO 67f3391c56d0a-0002     "XDR": 0.752233,
2025-04-07T02:31:56+00:00 INFO 67f3391c56d0a-0002     "XOF": 597.316164,
2025-04-07T02:31:56+00:00 INFO 67f3391c56d0a-0002     "XPD": 0.001139,
2025-04-07T02:31:56+00:00 INFO 67f3391c56d0a-0002     "XPF": 108.663797,
2025-04-07T02:31:56+00:00 INFO 67f3391c56d0a-0002     "XPT": 0.001134,
2025-04-07T02:31:56+00:00 INFO 67f3391c56d0a-0002     "YER": 245.54999,
2025-04-07T02:31:56+00:00 INFO 67f3391c56d0a-0002     "ZAR": 19.310378,
2025-04-07T02:31:56+00:00 INFO 67f3391c56d0a-0002     "ZMW": 27.774109,
2025-04-07T02:31:56+00:00 INFO 67f3391c56d0a-0002     "ZWL": 322
2025-04-07T02:31:56+00:00 INFO 67f3391c56d0a-0002 }
2025-04-07T08:55:55+00:00 INFO 67f3931b6c4b6-0001 REQUEST_67f3931bb4fab (JSON): {
2025-04-07T08:55:55+00:00 INFO 67f3931b6c4b6-0001     "url": "https:\/\/public-api.wordpress.com\/wpcom\/v2\/sites\/%s\/wcpay\/currency\/rates?test_mode=1&currency_from=usd",
2025-04-07T08:55:55+00:00 INFO 67f3931b6c4b6-0001     "method": "GET",
2025-04-07T08:55:55+00:00 INFO 67f3931b6c4b6-0001     "headers": {
2025-04-07T08:55:55+00:00 INFO 67f3931b6c4b6-0001         "Content-Type": "application\/json; charset=utf-8",
2025-04-07T08:55:55+00:00 INFO 67f3931b6c4b6-0001         "User-Agent": "WooCommerce Payments\/9.1.0",
2025-04-07T08:55:55+00:00 INFO 67f3931b6c4b6-0001         "X-Request-Initiated": 1744016155.741288
2025-04-07T08:55:55+00:00 INFO 67f3931b6c4b6-0001     },
2025-04-07T08:55:55+00:00 INFO 67f3931b6c4b6-0001     "timeout": 70,
2025-04-07T08:55:55+00:00 INFO 67f3931b6c4b6-0001     "connect_timeout": 70
2025-04-07T08:55:55+00:00 INFO 67f3931b6c4b6-0001 }
2025-04-07T08:55:55+00:00 INFO 67f3931b6c4b6-0001 CONTEXT (JSON): {
2025-04-07T08:55:55+00:00 INFO 67f3931b6c4b6-0001     "WP_User": "Guest (non logged-in user)",
2025-04-07T08:55:55+00:00 INFO 67f3931b6c4b6-0001     "HTTP_REFERER": "--",
2025-04-07T08:55:55+00:00 INFO 67f3931b6c4b6-0001     "HTTP_USER_AGENT": "Mozilla\/5.0 (compatible; AhrefsBot\/7.0; +http:\/\/ahrefs.com\/robot\/)",
2025-04-07T08:55:55+00:00 INFO 67f3931b6c4b6-0001     "REQUEST_URI": "\/product-category\/sauces\/?add-to-cart=718",
2025-04-07T08:55:55+00:00 INFO 67f3931b6c4b6-0001     "DOING_AJAX": "",
2025-04-07T08:55:55+00:00 INFO 67f3931b6c4b6-0001     "DOING_CRON": "",
2025-04-07T08:55:55+00:00 INFO 67f3931b6c4b6-0001     "WP_CLI": ""
2025-04-07T08:55:55+00:00 INFO 67f3931b6c4b6-0001 }
2025-04-07T08:55:56+00:00 INFO 67f3931b6c4b6-0002 RESPONSE_67f3931bb4fab (JSON): {
2025-04-07T08:55:56+00:00 INFO 67f3931b6c4b6-0002     "AED": 3.67299,
2025-04-07T08:55:56+00:00 INFO 67f3931b6c4b6-0002     "AFN": 71.599175,
2025-04-07T08:55:56+00:00 INFO 67f3931b6c4b6-0002     "ALL": 91.8,
2025-04-07T08:55:56+00:00 INFO 67f3931b6c4b6-0002     "AMD": 390.941816,
2025-04-07T08:55:56+00:00 INFO 67f3931b6c4b6-0002     "ANG": 1.79,
2025-04-07T08:55:56+00:00 INFO 67f3931b6c4b6-0002     "AOA": 916,
2025-04-07T08:55:56+00:00 INFO 67f3931b6c4b6-0002     "ARS": 1073.4952,
2025-04-07T08:55:56+00:00 INFO 67f3931b6c4b6-0002     "AUD": 1.661839,
2025-04-07T08:55:56+00:00 INFO 67f3931b6c4b6-0002     "AWG": 1.8,
2025-04-07T08:55:56+00:00 INFO 67f3931b6c4b6-0002     "AZN": 1.7,
2025-04-07T08:55:56+00:00 INFO 67f3931b6c4b6-0002     "BAM": 1.811219,
2025-04-07T08:55:56+00:00 INFO 67f3931b6c4b6-0002     "BBD": 2,
2025-04-07T08:55:56+00:00 INFO 67f3931b6c4b6-0002     "BDT": 121.490369,
2025-04-07T08:55:56+00:00 INFO 67f3931b6c4b6-0002     "BGN": 1.776918,
2025-04-07T08:55:56+00:00 INFO 67f3931b6c4b6-0002     "BHD": 0.376858,
2025-04-07T08:55:56+00:00 INFO 67f3931b6c4b6-0002     "BIF": 2971.410793,
2025-04-07T08:55:56+00:00 INFO 67f3931b6c4b6-0002     "BMD": 1,
2025-04-07T08:55:56+00:00 INFO 67f3931b6c4b6-0002     "BND": 1.336041,
2025-04-07T08:55:56+00:00 INFO 67f3931b6c4b6-0002     "BOB": 6.909374,
2025-04-07T08:55:56+00:00 INFO 67f3931b6c4b6-0002     "BRL": 5.8623,
2025-04-07T08:55:56+00:00 INFO 67f3931b6c4b6-0002     "BSD": 1,
2025-04-07T08:55:56+00:00 INFO 67f3931b6c4b6-0002     "BTC": 1.3e-5,
2025-04-07T08:55:56+00:00 INFO 67f3931b6c4b6-0002     "BTN": 85.35416,
2025-04-07T08:55:56+00:00 INFO 67f3931b6c4b6-0002     "BWP": 14.014139,
2025-04-07T08:55:56+00:00 INFO 67f3931b6c4b6-0002     "BYN": 3.27212,
2025-04-07T08:55:56+00:00 INFO 67f3931b6c4b6-0002     "BZD": 2.008449,
2025-04-07T08:55:56+00:00 INFO 67f3931b6c4b6-0002     "CAD": 1.421739,
2025-04-07T08:55:56+00:00 INFO 67f3931b6c4b6-0002     "CDF": 2906.096414,
2025-04-07T08:55:56+00:00 INFO 67f3931b6c4b6-0002     "CHF": 0.850983,
2025-04-07T08:55:56+00:00 INFO 67f3931b6c4b6-0002     "CLF": 0.0249,
2025-04-07T08:55:56+00:00 INFO 67f3931b6c4b6-0002     "CLP": 980.392157,
2025-04-07T08:55:56+00:00 INFO 67f3931b6c4b6-0002     "CNH": 7.322047,
2025-04-07T08:55:56+00:00 INFO 67f3931b6c4b6-0002     "CNY": 7.31,
2025-04-07T08:55:56+00:00 INFO 67f3931b6c4b6-0002     "COP": 4161.43994,
2025-04-07T08:55:56+00:00 INFO 67f3931b6c4b6-0002     "CRC": 509.007767,
2025-04-07T08:55:56+00:00 INFO 67f3931b6c4b6-0002     "CUC": 1,
2025-04-07T08:55:56+00:00 INFO 67f3931b6c4b6-0002     "CUP": 25.75,
2025-04-07T08:55:56+00:00 INFO 67f3931b6c4b6-0002     "CVE": 102.162483,
2025-04-07T08:55:56+00:00 INFO 67f3931b6c4b6-0002     "CZK": 22.948984,
2025-04-07T08:55:56+00:00 INFO 67f3931b6c4b6-0002     "DJF": 178.067757,
2025-04-07T08:55:56+00:00 INFO 67f3931b6c4b6-0002     "DKK": 6.773115,
2025-04-07T08:55:56+00:00 INFO 67f3931b6c4b6-0002     "DOP": 63.543905,
2025-04-07T08:55:56+00:00 INFO 67f3931b6c4b6-0002     "DZD": 133.362095,
2025-04-07T08:55:56+00:00 INFO 67f3931b6c4b6-0002     "EGP": 51.120285,
2025-04-07T08:55:56+00:00 INFO 67f3931b6c4b6-0002     "ERN": 15,
2025-04-07T08:55:56+00:00 INFO 67f3931b6c4b6-0002     "ETB": 131.629664,
2025-04-07T08:55:56+00:00 INFO 67f3931b6c4b6-0002     "EUR": 0.907659,
2025-04-07T08:55:56+00:00 INFO 67f3931b6c4b6-0002     "FJD": 2.33545,
2025-04-07T08:55:56+00:00 INFO 67f3931b6c4b6-0002     "FKP": 0.773752,
2025-04-07T08:55:56+00:00 INFO 67f3931b6c4b6-0002     "GBP": 0.773752,
2025-04-07T08:55:56+00:00 INFO 67f3931b6c4b6-0002     "GEL": 2.751,
2025-04-07T08:55:56+00:00 INFO 67f3931b6c4b6-0002     "GGP": 0.773752,
2025-04-07T08:55:56+00:00 INFO 67f3931b6c4b6-0002     "GHS": 15.595895,
2025-04-07T08:55:56+00:00 INFO 67f3931b6c4b6-0002     "GIP": 0.773752,
2025-04-07T08:55:56+00:00 INFO 67f3931b6c4b6-0002     "GMD": 72.157198,
2025-04-07T08:55:56+00:00 INFO 67f3931b6c4b6-0002     "GNF": 8707.823448,
2025-04-07T08:55:56+00:00 INFO 67f3931b6c4b6-0002     "GTQ": 7.717987,
2025-04-07T08:55:56+00:00 INFO 67f3931b6c4b6-0002     "GYD": 209.208198,
2025-04-07T08:55:56+00:00 INFO 67f3931b6c4b6-0002     "HKD": 7.767312,
2025-04-07T08:55:56+00:00 INFO 67f3931b6c4b6-0002     "HNL": 25.744126,
2025-04-07T08:55:56+00:00 INFO 67f3931b6c4b6-0002     "HRK": 6.846078,
2025-04-07T08:55:56+00:00 INFO 67f3931b6c4b6-0002     "HTG": 130.847226,
2025-04-07T08:55:56+00:00 INFO 67f3931b6c4b6-0002     "HUF": 369.603351,
2025-04-07T08:55:56+00:00 INFO 67f3931b6c4b6-0002     "IDR": 17104.95,
2025-04-07T08:55:56+00:00 INFO 67f3931b6c4b6-0002     "ILS": 3.78673,
2025-04-07T08:55:56+00:00 INFO 67f3931b6c4b6-0002     "IMP": 0.773752,
2025-04-07T08:55:56+00:00 INFO 67f3931b6c4b6-0002     "INR": 85.705999,
2025-04-07T08:55:56+00:00 INFO 67f3931b6c4b6-0002     "IQD": 1309.883409,
2025-04-07T08:55:56+00:00 INFO 67f3931b6c4b6-0002     "IRR": 42250,
2025-04-07T08:55:56+00:00 INFO 67f3931b6c4b6-0002     "ISK": 131.48,
2025-04-07T08:55:56+00:00 INFO 67f3931b6c4b6-0002     "JEP": 0.773752,
2025-04-07T08:55:56+00:00 INFO 67f3931b6c4b6-0002     "JMD": 158.68644,
2025-04-07T08:55:56+00:00 INFO 67f3931b6c4b6-0002     "JOD": 0.7089,
2025-04-07T08:55:56+00:00 INFO 67f3931b6c4b6-0002     "JPY": 145.737367,
2025-04-07T08:55:56+00:00 INFO 67f3931b6c4b6-0002     "KES": 129.2,
2025-04-07T08:55:56+00:00 INFO 67f3931b6c4b6-0002     "KGS": 86.7116,
2025-04-07T08:55:56+00:00 INFO 67f3931b6c4b6-0002     "KHR": 3999.464066,
2025-04-07T08:55:56+00:00 INFO 67f3931b6c4b6-0002     "KMF": 447.017657,
2025-04-07T08:55:56+00:00 INFO 67f3931b6c4b6-0002     "KPW": 900,
2025-04-07T08:55:56+00:00 INFO 67f3931b6c4b6-0002     "KRW": 1464.801571,
2025-04-07T08:55:56+00:00 INFO 67f3931b6c4b6-0002     "KWD": 0.307648,
2025-04-07T08:55:56+00:00 INFO 67f3931b6c4b6-0002     "KYD": 0.833171,
2025-04-07T08:55:56+00:00 INFO 67f3931b6c4b6-0002     "KZT": 510.16594,
2025-04-07T08:55:56+00:00 INFO 67f3931b6c4b6-0002     "LAK": 21793.961652,
2025-04-07T08:55:56+00:00 INFO 67f3931b6c4b6-0002     "LBP": 90143.255902,
2025-04-07T08:55:56+00:00 INFO 67f3931b6c4b6-0002     "LKR": 296.939647,
2025-04-07T08:55:56+00:00 INFO 67f3931b6c4b6-0002     "LRD": 201.24059,
2025-04-07T08:55:56+00:00 INFO 67f3931b6c4b6-0002     "LSL": 19.187411,
2025-04-07T08:55:56+00:00 INFO 67f3931b6c4b6-0002     "LYD": 4.866591,
2025-04-07T08:55:56+00:00 INFO 67f3931b6c4b6-0002     "MAD": 9.511668,
2025-04-07T08:55:56+00:00 INFO 67f3931b6c4b6-0002     "MDL": 17.710173,
2025-04-07T08:55:56+00:00 INFO 67f3931b6c4b6-0002     "MGA": 4673.90265,
2025-04-07T08:55:56+00:00 INFO 67f3931b6c4b6-0002     "MKD": 55.945989,
2025-04-07T08:55:56+00:00 INFO 67f3931b6c4b6-0002     "MMK": 2098,
2025-04-07T08:55:56+00:00 INFO 67f3931b6c4b6-0002     "MNT": 3398,
2025-04-07T08:55:56+00:00 INFO 67f3931b6c4b6-0002     "MOP": 8.011832,
2025-04-07T08:55:56+00:00 INFO 67f3931b6c4b6-0002     "MUR": 45.169998,
2025-04-07T08:55:56+00:00 INFO 67f3931b6c4b6-0002     "MVR": 15.405701,
2025-04-07T08:55:56+00:00 INFO 67f3931b6c4b6-0002     "MWK": 1744.766507,
2025-04-07T08:55:56+00:00 INFO 67f3931b6c4b6-0002     "MXN": 20.648695,
2025-04-07T08:55:56+00:00 INFO 67f3931b6c4b6-0002     "MYR": 4.4645,
2025-04-07T08:55:56+00:00 INFO 67f3931b6c4b6-0002     "MZN": 63.830001,
2025-04-07T08:55:56+00:00 INFO 67f3931b6c4b6-0002     "NAD": 19.187411,
2025-04-07T08:55:56+00:00 INFO 67f3931b6c4b6-0002     "NGN": 1544.69,
2025-04-07T08:55:56+00:00 INFO 67f3931b6c4b6-0002     "NIO": 37.026227,
2025-04-07T08:55:56+00:00 INFO 67f3931b6c4b6-0002     "NOK": 10.81819,
2025-04-07T08:55:56+00:00 INFO 67f3931b6c4b6-0002     "NPR": 136.568911,
2025-04-07T08:55:56+00:00 INFO 67f3931b6c4b6-0002     "NZD": 1.797077,
2025-04-07T08:55:56+00:00 INFO 67f3931b6c4b6-0002     "OMR": 0.384939,
2025-04-07T08:55:56+00:00 INFO 67f3931b6c4b6-0002     "PAB": 1,
2025-04-07T08:55:56+00:00 INFO 67f3931b6c4b6-0002     "PEN": 3.671512,
2025-04-07T08:55:56+00:00 INFO 67f3931b6c4b6-0002     "PGK": 4.125987,
2025-04-07T08:55:56+00:00 INFO 67f3931b6c4b6-0002     "PHP": 57.369495,
2025-04-07T08:55:56+00:00 INFO 67f3931b6c4b6-0002     "PKR": 282.466303,
2025-04-07T08:55:56+00:00 INFO 67f3931b6c4b6-0002     "PLN": 3.881049,
2025-04-07T08:55:56+00:00 INFO 67f3931b6c4b6-0002     "PYG": 8066.589717,
2025-04-07T08:55:56+00:00 INFO 67f3931b6c4b6-0002     "QAR": 3.645527,
2025-04-07T08:55:56+00:00 INFO 67f3931b6c4b6-0002     "RON": 4.5178,
2025-04-07T08:55:56+00:00 INFO 67f3931b6c4b6-0002     "RSD": 106.316,
2025-04-07T08:55:56+00:00 INFO 67f3931b6c4b6-0002     "RUB": 84.453322,
2025-04-07T08:55:56+00:00 INFO 67f3931b6c4b6-0002     "RWF": 1450.034572,
2025-04-07T08:55:56+00:00 INFO 67f3931b6c4b6-0002     "SAR": 3.75334,
2025-04-07T08:55:56+00:00 INFO 67f3931b6c4b6-0002     "SBD": 8.31633,
2025-04-07T08:55:56+00:00 INFO 67f3931b6c4b6-0002     "SCR": 14.350427,
2025-04-07T08:55:56+00:00 INFO 67f3931b6c4b6-0002     "SDG": 600.5,
2025-04-07T08:55:56+00:00 INFO 67f3931b6c4b6-0002     "SEK": 10.035946,
2025-04-07T08:55:56+00:00 INFO 67f3931b6c4b6-0002     "SGD": 1.346161,
2025-04-07T08:55:56+00:00 INFO 67f3931b6c4b6-0002     "SHP": 0.773752,
2025-04-07T08:55:56+00:00 INFO 67f3931b6c4b6-0002     "SLL": 20969.5,
2025-04-07T08:55:56+00:00 INFO 67f3931b6c4b6-0002     "SOS": 571.397532,
2025-04-07T08:55:56+00:00 INFO 67f3931b6c4b6-0002     "SRD": 36.6465,
2025-04-07T08:55:56+00:00 INFO 67f3931b6c4b6-0002     "SSP": 130.26,
2025-04-07T08:55:56+00:00 INFO 67f3931b6c4b6-0002     "STD": 22281.8,
2025-04-07T08:55:56+00:00 INFO 67f3931b6c4b6-0002     "SVC": 8.749819,
2025-04-07T08:55:56+00:00 INFO 67f3931b6c4b6-0002     "SYP": 13002,
2025-04-07T08:55:56+00:00 INFO 67f3931b6c4b6-0002     "SZL": 19.194527,
2025-04-07T08:55:56+00:00 INFO 67f3931b6c4b6-0002     "THB": 34.515333,
2025-04-07T08:55:56+00:00 INFO 67f3931b6c4b6-0002     "TJS": 10.884639,
2025-04-07T08:55:56+00:00 INFO 67f3931b6c4b6-0002     "TMT": 3.5,
2025-04-07T08:55:56+00:00 INFO 67f3931b6c4b6-0002     "TND": 3.099021,
2025-04-07T08:55:56+00:00 INFO 67f3931b6c4b6-0002     "TOP": 2.40776,
2025-04-07T08:55:56+00:00 INFO 67f3931b6c4b6-0002     "TRY": 38.006399,
2025-04-07T08:55:56+00:00 INFO 67f3931b6c4b6-0002     "TTD": 6.779262,
2025-04-07T08:55:56+00:00 INFO 67f3931b6c4b6-0002     "TWD": 33.139143,
2025-04-07T08:55:56+00:00 INFO 67f3931b6c4b6-0002     "TZS": 2691.725589,
2025-04-07T08:55:56+00:00 INFO 67f3931b6c4b6-0002     "UAH": 41.283674,
2025-04-07T08:55:56+00:00 INFO 67f3931b6c4b6-0002     "UGX": 3677.967959,
2025-04-07T08:55:56+00:00 INFO 67f3931b6c4b6-0002     "USD": 1,
2025-04-07T08:55:56+00:00 INFO 67f3931b6c4b6-0002     "UYU": 42.12886,
2025-04-07T08:55:56+00:00 INFO 67f3931b6c4b6-0002     "UZS": 12914.890317,
2025-04-07T08:55:56+00:00 INFO 67f3931b6c4b6-0002     "VND": 25806.458487,
2025-04-07T08:55:56+00:00 INFO 67f3931b6c4b6-0002     "VUV": 118.722,
2025-04-07T08:55:56+00:00 INFO 67f3931b6c4b6-0002     "WST": 2.8,
2025-04-07T08:55:56+00:00 INFO 67f3931b6c4b6-0002     "XAF": 595.384975,
2025-04-07T08:55:56+00:00 INFO 67f3931b6c4b6-0002     "XAG": 0.033313,
2025-04-07T08:55:56+00:00 INFO 67f3931b6c4b6-0002     "XAU": 0.00033,
2025-04-07T08:55:56+00:00 INFO 67f3931b6c4b6-0002     "XCD": 2.70255,
2025-04-07T08:55:56+00:00 INFO 67f3931b6c4b6-0002     "XDR": 0.752233,
2025-04-07T08:55:56+00:00 INFO 67f3931b6c4b6-0002     "XOF": 595.384975,
2025-04-07T08:55:56+00:00 INFO 67f3931b6c4b6-0002     "XPD": 0.001118,
2025-04-07T08:55:56+00:00 INFO 67f3931b6c4b6-0002     "XPF": 108.312475,
2025-04-07T08:55:56+00:00 INFO 67f3931b6c4b6-0002     "XPT": 0.001113,
2025-04-07T08:55:56+00:00 INFO 67f3931b6c4b6-0002     "YER": 245.549991,
2025-04-07T08:55:56+00:00 INFO 67f3931b6c4b6-0002     "ZAR": 19.240911,
2025-04-07T08:55:56+00:00 INFO 67f3931b6c4b6-0002     "ZMW": 27.774109,
2025-04-07T08:55:56+00:00 INFO 67f3931b6c4b6-0002     "ZWL": 322
2025-04-07T08:55:56+00:00 INFO 67f3931b6c4b6-0002 }
2025-04-07T15:27:52+00:00 INFO 67f3eef8224a4-0001 REQUEST_67f3eef851a7f (JSON): {
2025-04-07T15:27:52+00:00 INFO 67f3eef8224a4-0001     "url": "https:\/\/public-api.wordpress.com\/wpcom\/v2\/sites\/%s\/wcpay\/currency\/rates?test_mode=1&currency_from=usd",
2025-04-07T15:27:52+00:00 INFO 67f3eef8224a4-0001     "method": "GET",
2025-04-07T15:27:52+00:00 INFO 67f3eef8224a4-0001     "headers": {
2025-04-07T15:27:52+00:00 INFO 67f3eef8224a4-0001         "Content-Type": "application\/json; charset=utf-8",
2025-04-07T15:27:52+00:00 INFO 67f3eef8224a4-0001         "User-Agent": "WooCommerce Payments\/9.1.0",
2025-04-07T15:27:52+00:00 INFO 67f3eef8224a4-0001         "X-Request-Initiated": 1744039672.334461
2025-04-07T15:27:52+00:00 INFO 67f3eef8224a4-0001     },
2025-04-07T15:27:52+00:00 INFO 67f3eef8224a4-0001     "timeout": 70,
2025-04-07T15:27:52+00:00 INFO 67f3eef8224a4-0001     "connect_timeout": 70
2025-04-07T15:27:52+00:00 INFO 67f3eef8224a4-0001 }
2025-04-07T15:27:52+00:00 INFO 67f3eef8224a4-0001 CONTEXT (JSON): {
2025-04-07T15:27:52+00:00 INFO 67f3eef8224a4-0001     "WP_User": "Guest (non logged-in user)",
2025-04-07T15:27:52+00:00 INFO 67f3eef8224a4-0001     "HTTP_REFERER": "--",
2025-04-07T15:27:52+00:00 INFO 67f3eef8224a4-0001     "HTTP_USER_AGENT": "Mozilla\/5.0 (compatible; AhrefsBot\/7.0; +http:\/\/ahrefs.com\/robot\/)",
2025-04-07T15:27:52+00:00 INFO 67f3eef8224a4-0001     "REQUEST_URI": "\/product\/garlic-sauce\/?add-to-cart=214",
2025-04-07T15:27:52+00:00 INFO 67f3eef8224a4-0001     "DOING_AJAX": "",
2025-04-07T15:27:52+00:00 INFO 67f3eef8224a4-0001     "DOING_CRON": "",
2025-04-07T15:27:52+00:00 INFO 67f3eef8224a4-0001     "WP_CLI": ""
2025-04-07T15:27:52+00:00 INFO 67f3eef8224a4-0001 }
2025-04-07T15:27:52+00:00 INFO 67f3eef8224a4-0002 RESPONSE_67f3eef851a7f (JSON): {
2025-04-07T15:27:52+00:00 INFO 67f3eef8224a4-0002     "AED": 3.672985,
2025-04-07T15:27:52+00:00 INFO 67f3eef8224a4-0002     "AFN": 71.633316,
2025-04-07T15:27:52+00:00 INFO 67f3eef8224a4-0002     "ALL": 90.514471,
2025-04-07T15:27:52+00:00 INFO 67f3eef8224a4-0002     "AMD": 390.651136,
2025-04-07T15:27:52+00:00 INFO 67f3eef8224a4-0002     "ANG": 1.79,
2025-04-07T15:27:52+00:00 INFO 67f3eef8224a4-0002     "AOA": 916,
2025-04-07T15:27:52+00:00 INFO 67f3eef8224a4-0002     "ARS": 1075.3504,
2025-04-07T15:27:52+00:00 INFO 67f3eef8224a4-0002     "AUD": 1.663717,
2025-04-07T15:27:52+00:00 INFO 67f3eef8224a4-0002     "AWG": 1.8,
2025-04-07T15:27:52+00:00 INFO 67f3eef8224a4-0002     "AZN": 1.7,
2025-04-07T15:27:52+00:00 INFO 67f3eef8224a4-0002     "BAM": 1.785401,
2025-04-07T15:27:52+00:00 INFO 67f3eef8224a4-0002     "BBD": 2,
2025-04-07T15:27:52+00:00 INFO 67f3eef8224a4-0002     "BDT": 121.550449,
2025-04-07T15:27:52+00:00 INFO 67f3eef8224a4-0002     "BGN": 1.783345,
2025-04-07T15:27:52+00:00 INFO 67f3eef8224a4-0002     "BHD": 0.376876,
2025-04-07T15:27:52+00:00 INFO 67f3eef8224a4-0002     "BIF": 2973.590812,
2025-04-07T15:27:52+00:00 INFO 67f3eef8224a4-0002     "BMD": 1,
2025-04-07T15:27:52+00:00 INFO 67f3eef8224a4-0002     "BND": 1.347806,
2025-04-07T15:27:52+00:00 INFO 67f3eef8224a4-0002     "BOB": 6.928063,
2025-04-07T15:27:52+00:00 INFO 67f3eef8224a4-0002     "BRL": 5.878501,
2025-04-07T15:27:52+00:00 INFO 67f3eef8224a4-0002     "BSD": 1,
2025-04-07T15:27:52+00:00 INFO 67f3eef8224a4-0002     "BTC": 1.3e-5,
2025-04-07T15:27:52+00:00 INFO 67f3eef8224a4-0002     "BTN": 85.886703,
2025-04-07T15:27:52+00:00 INFO 67f3eef8224a4-0002     "BWP": 14.071637,
2025-04-07T15:27:52+00:00 INFO 67f3eef8224a4-0002     "BYN": 3.273951,
2025-04-07T15:27:52+00:00 INFO 67f3eef8224a4-0002     "BZD": 2.009521,
2025-04-07T15:27:52+00:00 INFO 67f3eef8224a4-0002     "CAD": 1.422273,
2025-04-07T15:27:52+00:00 INFO 67f3eef8224a4-0002     "CDF": 2907.66305,
2025-04-07T15:27:52+00:00 INFO 67f3eef8224a4-0002     "CHF": 0.861164,
2025-04-07T15:27:52+00:00 INFO 67f3eef8224a4-0002     "CLF": 0.025678,
2025-04-07T15:27:52+00:00 INFO 67f3eef8224a4-0002     "CLP": 985.21,
2025-04-07T15:27:52+00:00 INFO 67f3eef8224a4-0002     "CNH": 7.321471,
2025-04-07T15:27:52+00:00 INFO 67f3eef8224a4-0002     "CNY": 7.3112,
2025-04-07T15:27:52+00:00 INFO 67f3eef8224a4-0002     "COP": 4291.230411,
2025-04-07T15:27:52+00:00 INFO 67f3eef8224a4-0002     "CRC": 507.659159,
2025-04-07T15:27:52+00:00 INFO 67f3eef8224a4-0002     "CUC": 1,
2025-04-07T15:27:52+00:00 INFO 67f3eef8224a4-0002     "CUP": 25.75,
2025-04-07T15:27:52+00:00 INFO 67f3eef8224a4-0002     "CVE": 100.658193,
2025-04-07T15:27:52+00:00 INFO 67f3eef8224a4-0002     "CZK": 23.072996,
2025-04-07T15:27:52+00:00 INFO 67f3eef8224a4-0002     "DJF": 178.152482,
2025-04-07T15:27:52+00:00 INFO 67f3eef8224a4-0002     "DKK": 6.833558,
2025-04-07T15:27:52+00:00 INFO 67f3eef8224a4-0002     "DOP": 62.916511,
2025-04-07T15:27:52+00:00 INFO 67f3eef8224a4-0002     "DZD": 133.713816,
2025-04-07T15:27:52+00:00 INFO 67f3eef8224a4-0002     "EGP": 51.396495,
2025-04-07T15:27:52+00:00 INFO 67f3eef8224a4-0002     "ERN": 15,
2025-04-07T15:27:52+00:00 INFO 67f3eef8224a4-0002     "ETB": 132.431435,
2025-04-07T15:27:52+00:00 INFO 67f3eef8224a4-0002     "EUR": 0.915475,
2025-04-07T15:27:52+00:00 INFO 67f3eef8224a4-0002     "FJD": 2.32785,
2025-04-07T15:27:52+00:00 INFO 67f3eef8224a4-0002     "FKP": 0.783918,
2025-04-07T15:27:52+00:00 INFO 67f3eef8224a4-0002     "GBP": 0.783918,
2025-04-07T15:27:52+00:00 INFO 67f3eef8224a4-0002     "GEL": 2.751,
2025-04-07T15:27:52+00:00 INFO 67f3eef8224a4-0002     "GGP": 0.783918,
2025-04-07T15:27:52+00:00 INFO 67f3eef8224a4-0002     "GHS": 15.506664,
2025-04-07T15:27:52+00:00 INFO 67f3eef8224a4-0002     "GIP": 0.783918,
2025-04-07T15:27:52+00:00 INFO 67f3eef8224a4-0002     "GMD": 72.1572,
2025-04-07T15:27:52+00:00 INFO 67f3eef8224a4-0002     "GNF": 8657.724844,
2025-04-07T15:27:52+00:00 INFO 67f3eef8224a4-0002     "GTQ": 7.722082,
2025-04-07T15:27:52+00:00 INFO 67f3eef8224a4-0002     "GYD": 209.932846,
2025-04-07T15:27:52+00:00 INFO 67f3eef8224a4-0002     "HKD": 7.76929,
2025-04-07T15:27:52+00:00 INFO 67f3eef8224a4-0002     "HNL": 25.596107,
2025-04-07T15:27:52+00:00 INFO 67f3eef8224a4-0002     "HRK": 6.894513,
2025-04-07T15:27:52+00:00 INFO 67f3eef8224a4-0002     "HTG": 130.908681,
2025-04-07T15:27:52+00:00 INFO 67f3eef8224a4-0002     "HUF": 374.117109,
2025-04-07T15:27:52+00:00 INFO 67f3eef8224a4-0002     "IDR": 16888.835837,
2025-04-07T15:27:52+00:00 INFO 67f3eef8224a4-0002     "ILS": 3.778847,
2025-04-07T15:27:52+00:00 INFO 67f3eef8224a4-0002     "IMP": 0.783918,
2025-04-07T15:27:52+00:00 INFO 67f3eef8224a4-0002     "INR": 85.880552,
2025-04-07T15:27:52+00:00 INFO 67f3eef8224a4-0002     "IQD": 1310.535645,
2025-04-07T15:27:52+00:00 INFO 67f3eef8224a4-0002     "IRR": 42250,
2025-04-07T15:27:52+00:00 INFO 67f3eef8224a4-0002     "ISK": 132.7,
2025-04-07T15:27:52+00:00 INFO 67f3eef8224a4-0002     "JEP": 0.783918,
2025-04-07T15:27:52+00:00 INFO 67f3eef8224a4-0002     "JMD": 157.774408,
2025-04-07T15:27:52+00:00 INFO 67f3eef8224a4-0002     "JOD": 0.7089,
2025-04-07T15:27:52+00:00 INFO 67f3eef8224a4-0002     "JPY": 147.590719,
2025-04-07T15:27:52+00:00 INFO 67f3eef8224a4-0002     "KES": 129.53,
2025-04-07T15:27:52+00:00 INFO 67f3eef8224a4-0002     "KGS": 86.7116,
2025-04-07T15:27:52+00:00 INFO 67f3eef8224a4-0002     "KHR": 4003.992307,
2025-04-07T15:27:52+00:00 INFO 67f3eef8224a4-0002     "KMF": 450.179712,
2025-04-07T15:27:52+00:00 INFO 67f3eef8224a4-0002     "KPW": 900,
2025-04-07T15:27:52+00:00 INFO 67f3eef8224a4-0002     "KRW": 1464.447771,
2025-04-07T15:27:52+00:00 INFO 67f3eef8224a4-0002     "KWD": 0.307847,
2025-04-07T15:27:52+00:00 INFO 67f3eef8224a4-0002     "KYD": 0.833797,
2025-04-07T15:27:52+00:00 INFO 67f3eef8224a4-0002     "KZT": 524.446532,
2025-04-07T15:27:52+00:00 INFO 67f3eef8224a4-0002     "LAK": 21663.224947,
2025-04-07T15:27:52+00:00 INFO 67f3eef8224a4-0002     "LBP": 89643.389105,
2025-04-07T15:27:52+00:00 INFO 67f3eef8224a4-0002     "LKR": 297.976999,
2025-04-07T15:27:52+00:00 INFO 67f3eef8224a4-0002     "LRD": 200.08901,
2025-04-07T15:27:52+00:00 INFO 67f3eef8224a4-0002     "LSL": 19.379239,
2025-04-07T15:27:52+00:00 INFO 67f3eef8224a4-0002     "LYD": 5.548506,
2025-04-07T15:27:52+00:00 INFO 67f3eef8224a4-0002     "MAD": 9.537537,
2025-04-07T15:27:52+00:00 INFO 67f3eef8224a4-0002     "MDL": 17.722728,
2025-04-07T15:27:52+00:00 INFO 67f3eef8224a4-0002     "MGA": 4669.342854,
2025-04-07T15:27:52+00:00 INFO 67f3eef8224a4-0002     "MKD": 56.144556,
2025-04-07T15:27:52+00:00 INFO 67f3eef8224a4-0002     "MMK": 2098,
2025-04-07T15:27:52+00:00 INFO 67f3eef8224a4-0002     "MNT": 3398,
2025-04-07T15:27:52+00:00 INFO 67f3eef8224a4-0002     "MOP": 8.006117,
2025-04-07T15:27:52+00:00 INFO 67f3eef8224a4-0002     "MUR": 45.049996,
2025-04-07T15:27:52+00:00 INFO 67f3eef8224a4-0002     "MVR": 15.4343,
2025-04-07T15:27:52+00:00 INFO 67f3eef8224a4-0002     "MWK": 1734.781394,
2025-04-07T15:27:52+00:00 INFO 67f3eef8224a4-0002     "MXN": 20.653004,
2025-04-07T15:27:52+00:00 INFO 67f3eef8224a4-0002     "MYR": 4.48,
2025-04-07T15:27:52+00:00 INFO 67f3eef8224a4-0002     "MZN": 63.830001,
2025-04-07T15:27:52+00:00 INFO 67f3eef8224a4-0002     "NAD": 19.379062,
2025-04-07T15:27:52+00:00 INFO 67f3eef8224a4-0002     "NGN": 1548.34,
2025-04-07T15:27:52+00:00 INFO 67f3eef8224a4-0002     "NIO": 36.816256,
2025-04-07T15:27:52+00:00 INFO 67f3eef8224a4-0002     "NOK": 10.945977,
2025-04-07T15:27:52+00:00 INFO 67f3eef8224a4-0002     "NPR": 137.416665,
2025-04-07T15:27:52+00:00 INFO 67f3eef8224a4-0002     "NZD": 1.802133,
2025-04-07T15:27:52+00:00 INFO 67f3eef8224a4-0002     "OMR": 0.384957,
2025-04-07T15:27:52+00:00 INFO 67f3eef8224a4-0002     "PAB": 1,
2025-04-07T15:27:52+00:00 INFO 67f3eef8224a4-0002     "PEN": 3.681899,
2025-04-07T15:27:52+00:00 INFO 67f3eef8224a4-0002     "PGK": 4.069598,
2025-04-07T15:27:52+00:00 INFO 67f3eef8224a4-0002     "PHP": 57.321999,
2025-04-07T15:27:52+00:00 INFO 67f3eef8224a4-0002     "PKR": 280.497925,
2025-04-07T15:27:52+00:00 INFO 67f3eef8224a4-0002     "PLN": 3.936692,
2025-04-07T15:27:52+00:00 INFO 67f3eef8224a4-0002     "PYG": 8008.78362,
2025-04-07T15:27:52+00:00 INFO 67f3eef8224a4-0002     "QAR": 3.646788,
2025-04-07T15:27:52+00:00 INFO 67f3eef8224a4-0002     "RON": 4.5556,
2025-04-07T15:27:52+00:00 INFO 67f3eef8224a4-0002     "RSD": 107.217,
2025-04-07T15:27:52+00:00 INFO 67f3eef8224a4-0002     "RUB": 86.349233,
2025-04-07T15:27:52+00:00 INFO 67f3eef8224a4-0002     "RWF": 1410.690057,
2025-04-07T15:27:52+00:00 INFO 67f3eef8224a4-0002     "SAR": 3.754563,
2025-04-07T15:27:52+00:00 INFO 67f3eef8224a4-0002     "SBD": 8.31633,
2025-04-07T15:27:52+00:00 INFO 67f3eef8224a4-0002     "SCR": 14.448156,
2025-04-07T15:27:52+00:00 INFO 67f3eef8224a4-0002     "SDG": 600.5,
2025-04-07T15:27:52+00:00 INFO 67f3eef8224a4-0002     "SEK": 10.057953,
2025-04-07T15:27:52+00:00 INFO 67f3eef8224a4-0002     "SGD": 1.34926,
2025-04-07T15:27:52+00:00 INFO 67f3eef8224a4-0002     "SHP": 0.783918,
2025-04-07T15:27:52+00:00 INFO 67f3eef8224a4-0002     "SLL": 20969.5,
2025-04-07T15:27:52+00:00 INFO 67f3eef8224a4-0002     "SOS": 571.751823,
2025-04-07T15:27:52+00:00 INFO 67f3eef8224a4-0002     "SRD": 36.6465,
2025-04-07T15:27:52+00:00 INFO 67f3eef8224a4-0002     "SSP": 130.26,
2025-04-07T15:27:52+00:00 INFO 67f3eef8224a4-0002     "STD": 22281.8,
2025-04-07T15:27:52+00:00 INFO 67f3eef8224a4-0002     "SVC": 8.75364,
2025-04-07T15:27:52+00:00 INFO 67f3eef8224a4-0002     "SYP": 13002,
2025-04-07T15:27:52+00:00 INFO 67f3eef8224a4-0002     "SZL": 19.373214,
2025-04-07T15:27:52+00:00 INFO 67f3eef8224a4-0002     "THB": 34.576153,
2025-04-07T15:27:52+00:00 INFO 67f3eef8224a4-0002     "TJS": 10.870498,
2025-04-07T15:27:52+00:00 INFO 67f3eef8224a4-0002     "TMT": 3.5,
2025-04-07T15:27:52+00:00 INFO 67f3eef8224a4-0002     "TND": 3.068995,
2025-04-07T15:27:52+00:00 INFO 67f3eef8224a4-0002     "TOP": 2.40776,
2025-04-07T15:27:52+00:00 INFO 67f3eef8224a4-0002     "TRY": 38.000601,
2025-04-07T15:27:52+00:00 INFO 67f3eef8224a4-0002     "TTD": 6.779955,
2025-04-07T15:27:52+00:00 INFO 67f3eef8224a4-0002     "TWD": 32.986501,
2025-04-07T15:27:52+00:00 INFO 67f3eef8224a4-0002     "TZS": 2691.259651,
2025-04-07T15:27:52+00:00 INFO 67f3eef8224a4-0002     "UAH": 41.052646,
2025-04-07T15:27:52+00:00 INFO 67f3eef8224a4-0002     "UGX": 3718.137449,
2025-04-07T15:27:52+00:00 INFO 67f3eef8224a4-0002     "USD": 1,
2025-04-07T15:27:52+00:00 INFO 67f3eef8224a4-0002     "UYU": 42.138318,
2025-04-07T15:27:52+00:00 INFO 67f3eef8224a4-0002     "UZS": 12953.175344,
2025-04-07T15:27:52+00:00 INFO 67f3eef8224a4-0002     "VND": 25806.458487,
2025-04-07T15:27:52+00:00 INFO 67f3eef8224a4-0002     "VUV": 118.722,
2025-04-07T15:27:52+00:00 INFO 67f3eef8224a4-0002     "WST": 2.8,
2025-04-07T15:27:52+00:00 INFO 67f3eef8224a4-0002     "XAF": 600.512091,
2025-04-07T15:27:52+00:00 INFO 67f3eef8224a4-0002     "XAG": 0.033134,
2025-04-07T15:27:52+00:00 INFO 67f3eef8224a4-0002     "XAU": 0.000333,
2025-04-07T15:27:52+00:00 INFO 67f3eef8224a4-0002     "XCD": 2.70255,
2025-04-07T15:27:52+00:00 INFO 67f3eef8224a4-0002     "XDR": 0.752233,
2025-04-07T15:27:52+00:00 INFO 67f3eef8224a4-0002     "XOF": 600.512091,
2025-04-07T15:27:52+00:00 INFO 67f3eef8224a4-0002     "XPD": 0.001117,
2025-04-07T15:27:52+00:00 INFO 67f3eef8224a4-0002     "XPF": 109.245201,
2025-04-07T15:27:52+00:00 INFO 67f3eef8224a4-0002     "XPT": 0.001118,
2025-04-07T15:27:52+00:00 INFO 67f3eef8224a4-0002     "YER": 245.491488,
2025-04-07T15:27:52+00:00 INFO 67f3eef8224a4-0002     "ZAR": 19.582626,
2025-04-07T15:27:52+00:00 INFO 67f3eef8224a4-0002     "ZMW": 27.987949,
2025-04-07T15:27:52+00:00 INFO 67f3eef8224a4-0002     "ZWL": 322
2025-04-07T15:27:52+00:00 INFO 67f3eef8224a4-0002 }
2025-04-07T22:06:37+00:00 INFO 67f44c6d76aa6-0001 REQUEST_67f44c6d820d5 (JSON): {
2025-04-07T22:06:37+00:00 INFO 67f44c6d76aa6-0001     "url": "https:\/\/public-api.wordpress.com\/wpcom\/v2\/sites\/%s\/wcpay\/accounts?test_mode=true",
2025-04-07T22:06:37+00:00 INFO 67f44c6d76aa6-0001     "method": "GET",
2025-04-07T22:06:37+00:00 INFO 67f44c6d76aa6-0001     "headers": {
2025-04-07T22:06:37+00:00 INFO 67f44c6d76aa6-0001         "Content-Type": "application\/json; charset=utf-8",
2025-04-07T22:06:37+00:00 INFO 67f44c6d76aa6-0001         "User-Agent": "WooCommerce Payments\/9.1.0",
2025-04-07T22:06:37+00:00 INFO 67f44c6d76aa6-0001         "X-Request-Initiated": 1744063597.532689
2025-04-07T22:06:37+00:00 INFO 67f44c6d76aa6-0001     },
2025-04-07T22:06:37+00:00 INFO 67f44c6d76aa6-0001     "timeout": 70,
2025-04-07T22:06:37+00:00 INFO 67f44c6d76aa6-0001     "connect_timeout": 70
2025-04-07T22:06:37+00:00 INFO 67f44c6d76aa6-0001 }
2025-04-07T22:06:37+00:00 INFO 67f44c6d76aa6-0001 CONTEXT (JSON): {
2025-04-07T22:06:37+00:00 INFO 67f44c6d76aa6-0001     "WP_User": "Guest (non logged-in user)",
2025-04-07T22:06:37+00:00 INFO 67f44c6d76aa6-0001     "HTTP_REFERER": "--",
2025-04-07T22:06:37+00:00 INFO 67f44c6d76aa6-0001     "HTTP_USER_AGENT": "Mozilla\/5.0 (Linux; Android 6.0.1; Nexus 5X Build\/MMB29P) AppleWebKit\/537.36 (KHTML, like Gecko) Chrome\/135.0.7049.52 Mobile Safari\/537.36 (compatible; Googlebot\/2.1; +http:\/\/www.google.com\/bot.html)",
2025-04-07T22:06:37+00:00 INFO 67f44c6d76aa6-0001     "REQUEST_URI": "\/product-category\/drinks\/",
2025-04-07T22:06:37+00:00 INFO 67f44c6d76aa6-0001     "DOING_AJAX": "",
2025-04-07T22:06:37+00:00 INFO 67f44c6d76aa6-0001     "DOING_CRON": "",
2025-04-07T22:06:37+00:00 INFO 67f44c6d76aa6-0001     "WP_CLI": ""
2025-04-07T22:06:37+00:00 INFO 67f44c6d76aa6-0001 }
2025-04-07T22:06:41+00:00 INFO 67f44c6d76aa6-0002 RESPONSE_67f44c6d820d5 (JSON): {
2025-04-07T22:06:41+00:00 INFO 67f44c6d76aa6-0002     "account_id": "acct_1Qv6psC4wRMCdaNt",
2025-04-07T22:06:41+00:00 INFO 67f44c6d76aa6-0002     "email": "(redacted)",
2025-04-07T22:06:41+00:00 INFO 67f44c6d76aa6-0002     "live_publishable_key": "pk_live_51ETDmyFuiXB5oUVxaIafkGPnwuNcBxr1pXVhvLJ4BrWuiqfG6SldjatOGLQhuqXnDmgqwRA7tDoSFlbY4wFji7KR0079TvtxNs",
2025-04-07T22:06:41+00:00 INFO 67f44c6d76aa6-0002     "test_publishable_key": "pk_test_51ETDmyFuiXB5oUVxwSobQMW5Tno1GclIq7ePZWzLeW4q8oa7Zb8hI5VfwI5sNT5nXuKYinLukNvGCXmsQXAoDGHG00MqHqlYHR",
2025-04-07T22:06:41+00:00 INFO 67f44c6d76aa6-0002     "is_live": false,
2025-04-07T22:06:41+00:00 INFO 67f44c6d76aa6-0002     "is_test_drive": true,
2025-04-07T22:06:41+00:00 INFO 67f44c6d76aa6-0002     "created": "2025-02-22 00:45:01",
2025-04-07T22:06:41+00:00 INFO 67f44c6d76aa6-0002     "has_pending_requirements": false,
2025-04-07T22:06:41+00:00 INFO 67f44c6d76aa6-0002     "has_future_requirements": false,
2025-04-07T22:06:41+00:00 INFO 67f44c6d76aa6-0002     "has_overdue_requirements": false,
2025-04-07T22:06:41+00:00 INFO 67f44c6d76aa6-0002     "details_submitted": true,
2025-04-07T22:06:41+00:00 INFO 67f44c6d76aa6-0002     "current_deadline": null,
2025-04-07T22:06:41+00:00 INFO 67f44c6d76aa6-0002     "status": "complete",
2025-04-07T22:06:41+00:00 INFO 67f44c6d76aa6-0002     "capabilities": {
2025-04-07T22:06:41+00:00 INFO 67f44c6d76aa6-0002         "affirm_payments": "active",
2025-04-07T22:06:41+00:00 INFO 67f44c6d76aa6-0002         "afterpay_clearpay_payments": "active",
2025-04-07T22:06:41+00:00 INFO 67f44c6d76aa6-0002         "bancontact_payments": "active",
2025-04-07T22:06:41+00:00 INFO 67f44c6d76aa6-0002         "card_payments": "active",
2025-04-07T22:06:41+00:00 INFO 67f44c6d76aa6-0002         "eps_payments": "active",
2025-04-07T22:06:41+00:00 INFO 67f44c6d76aa6-0002         "ideal_payments": "active",
2025-04-07T22:06:41+00:00 INFO 67f44c6d76aa6-0002         "klarna_payments": "active",
2025-04-07T22:06:41+00:00 INFO 67f44c6d76aa6-0002         "link_payments": "active",
2025-04-07T22:06:41+00:00 INFO 67f44c6d76aa6-0002         "multibanco_payments": "active",
2025-04-07T22:06:41+00:00 INFO 67f44c6d76aa6-0002         "p24_payments": "active",
2025-04-07T22:06:41+00:00 INFO 67f44c6d76aa6-0002         "tax_reporting_us_1099_k": "active",
2025-04-07T22:06:41+00:00 INFO 67f44c6d76aa6-0002         "transfers": "active",
2025-04-07T22:06:41+00:00 INFO 67f44c6d76aa6-0002         "acss_debit_payments": "unrequested",
2025-04-07T22:06:41+00:00 INFO 67f44c6d76aa6-0002         "amazon_pay_payments": "unrequested",
2025-04-07T22:06:41+00:00 INFO 67f44c6d76aa6-0002         "bank_transfer_payments": "unrequested",
2025-04-07T22:06:41+00:00 INFO 67f44c6d76aa6-0002         "cartes_bancaires_payments": "unrequested",
2025-04-07T22:06:41+00:00 INFO 67f44c6d76aa6-0002         "cashapp_payments": "unrequested",
2025-04-07T22:06:41+00:00 INFO 67f44c6d76aa6-0002         "giropay_payments": "unrequested",
2025-04-07T22:06:41+00:00 INFO 67f44c6d76aa6-0002         "kakao_pay_payments": "unrequested",
2025-04-07T22:06:41+00:00 INFO 67f44c6d76aa6-0002         "klarna": "unrequested",
2025-04-07T22:06:41+00:00 INFO 67f44c6d76aa6-0002         "kr_card_payments": "unrequested",
2025-04-07T22:06:41+00:00 INFO 67f44c6d76aa6-0002         "naver_pay_payments": "unrequested",
2025-04-07T22:06:41+00:00 INFO 67f44c6d76aa6-0002         "payco_payments": "unrequested",
2025-04-07T22:06:41+00:00 INFO 67f44c6d76aa6-0002         "samsung_pay_payments": "unrequested",
2025-04-07T22:06:41+00:00 INFO 67f44c6d76aa6-0002         "sepa_bank_transfer_payments": "unrequested",
2025-04-07T22:06:41+00:00 INFO 67f44c6d76aa6-0002         "sepa_debit_payments": "unrequested",
2025-04-07T22:06:41+00:00 INFO 67f44c6d76aa6-0002         "sofort_payments": "unrequested",
2025-04-07T22:06:41+00:00 INFO 67f44c6d76aa6-0002         "tax_reporting_us_1099_misc": "unrequested",
2025-04-07T22:06:41+00:00 INFO 67f44c6d76aa6-0002         "us_bank_account_ach_payments": "unrequested",
2025-04-07T22:06:41+00:00 INFO 67f44c6d76aa6-0002         "us_bank_transfer_payments": "unrequested"
2025-04-07T22:06:41+00:00 INFO 67f44c6d76aa6-0002     },
2025-04-07T22:06:41+00:00 INFO 67f44c6d76aa6-0002     "capability_requirements": {
2025-04-07T22:06:41+00:00 INFO 67f44c6d76aa6-0002         "acss_debit_payments": [],
2025-04-07T22:06:41+00:00 INFO 67f44c6d76aa6-0002         "affirm_payments": [],
2025-04-07T22:06:41+00:00 INFO 67f44c6d76aa6-0002         "afterpay_clearpay_payments": [],
2025-04-07T22:06:41+00:00 INFO 67f44c6d76aa6-0002         "amazon_pay_payments": [],
2025-04-07T22:06:41+00:00 INFO 67f44c6d76aa6-0002         "bancontact_payments": [],
2025-04-07T22:06:41+00:00 INFO 67f44c6d76aa6-0002         "bank_transfer_payments": [],
2025-04-07T22:06:41+00:00 INFO 67f44c6d76aa6-0002         "card_payments": [],
2025-04-07T22:06:41+00:00 INFO 67f44c6d76aa6-0002         "cartes_bancaires_payments": [],
2025-04-07T22:06:41+00:00 INFO 67f44c6d76aa6-0002         "cashapp_payments": [],
2025-04-07T22:06:41+00:00 INFO 67f44c6d76aa6-0002         "eps_payments": [],
2025-04-07T22:06:41+00:00 INFO 67f44c6d76aa6-0002         "giropay_payments": [],
2025-04-07T22:06:41+00:00 INFO 67f44c6d76aa6-0002         "ideal_payments": [],
2025-04-07T22:06:41+00:00 INFO 67f44c6d76aa6-0002         "kakao_pay_payments": [],
2025-04-07T22:06:41+00:00 INFO 67f44c6d76aa6-0002         "klarna": [],
2025-04-07T22:06:41+00:00 INFO 67f44c6d76aa6-0002         "klarna_payments": [],
2025-04-07T22:06:41+00:00 INFO 67f44c6d76aa6-0002         "kr_card_payments": [],
2025-04-07T22:06:41+00:00 INFO 67f44c6d76aa6-0002         "link_payments": [],
2025-04-07T22:06:41+00:00 INFO 67f44c6d76aa6-0002         "multibanco_payments": [],
2025-04-07T22:06:41+00:00 INFO 67f44c6d76aa6-0002         "naver_pay_payments": [],
2025-04-07T22:06:41+00:00 INFO 67f44c6d76aa6-0002         "p24_payments": [],
2025-04-07T22:06:41+00:00 INFO 67f44c6d76aa6-0002         "payco_payments": [],
2025-04-07T22:06:41+00:00 INFO 67f44c6d76aa6-0002         "samsung_pay_payments": [],
2025-04-07T22:06:41+00:00 INFO 67f44c6d76aa6-0002         "sepa_bank_transfer_payments": [],
2025-04-07T22:06:41+00:00 INFO 67f44c6d76aa6-0002         "sepa_debit_payments": [],
2025-04-07T22:06:41+00:00 INFO 67f44c6d76aa6-0002         "sofort_payments": [],
2025-04-07T22:06:41+00:00 INFO 67f44c6d76aa6-0002         "tax_reporting_us_1099_k": [],
2025-04-07T22:06:41+00:00 INFO 67f44c6d76aa6-0002         "tax_reporting_us_1099_misc": [],
2025-04-07T22:06:41+00:00 INFO 67f44c6d76aa6-0002         "transfers": [],
2025-04-07T22:06:41+00:00 INFO 67f44c6d76aa6-0002         "us_bank_account_ach_payments": [],
2025-04-07T22:06:41+00:00 INFO 67f44c6d76aa6-0002         "us_bank_transfer_payments": []
2025-04-07T22:06:41+00:00 INFO 67f44c6d76aa6-0002     },
2025-04-07T22:06:41+00:00 INFO 67f44c6d76aa6-0002     "payments_enabled": true,
2025-04-07T22:06:41+00:00 INFO 67f44c6d76aa6-0002     "deposits": {
2025-04-07T22:06:41+00:00 INFO 67f44c6d76aa6-0002         "status": "enabled",
2025-04-07T22:06:41+00:00 INFO 67f44c6d76aa6-0002         "restrictions": "deposits_unrestricted",
2025-04-07T22:06:41+00:00 INFO 67f44c6d76aa6-0002         "interval": "daily",
2025-04-07T22:06:41+00:00 INFO 67f44c6d76aa6-0002         "weekly_anchor": "",
2025-04-07T22:06:41+00:00 INFO 67f44c6d76aa6-0002         "monthly_anchor": null,
2025-04-07T22:06:41+00:00 INFO 67f44c6d76aa6-0002         "delay_days": 2,
2025-04-07T22:06:41+00:00 INFO 67f44c6d76aa6-0002         "completed_waiting_period": false,
2025-04-07T22:06:41+00:00 INFO 67f44c6d76aa6-0002         "minimum_manual_deposit_amounts": {
2025-04-07T22:06:41+00:00 INFO 67f44c6d76aa6-0002             "aud": 500,
2025-04-07T22:06:41+00:00 INFO 67f44c6d76aa6-0002             "bgn": 100,
2025-04-07T22:06:41+00:00 INFO 67f44c6d76aa6-0002             "cad": 500,
2025-04-07T22:06:41+00:00 INFO 67f44c6d76aa6-0002             "chf": 500,
2025-04-07T22:06:41+00:00 INFO 67f44c6d76aa6-0002             "czk": 3000,
2025-04-07T22:06:41+00:00 INFO 67f44c6d76aa6-0002             "dkk": 5000,
2025-04-07T22:06:41+00:00 INFO 67f44c6d76aa6-0002             "eur": 500,
2025-04-07T22:06:41+00:00 INFO 67f44c6d76aa6-0002             "gbp": 500,
2025-04-07T22:06:41+00:00 INFO 67f44c6d76aa6-0002             "hkd": 5000,
2025-04-07T22:06:41+00:00 INFO 67f44c6d76aa6-0002             "huf": 36000,
2025-04-07T22:06:41+00:00 INFO 67f44c6d76aa6-0002             "nok": 5000,
2025-04-07T22:06:41+00:00 INFO 67f44c6d76aa6-0002             "nzd": 500,
2025-04-07T22:06:41+00:00 INFO 67f44c6d76aa6-0002             "jpy": 50,
2025-04-07T22:06:41+00:00 INFO 67f44c6d76aa6-0002             "sek": 5000,
2025-04-07T22:06:41+00:00 INFO 67f44c6d76aa6-0002             "sgd": 500,
2025-04-07T22:06:41+00:00 INFO 67f44c6d76aa6-0002             "usd": 500,
2025-04-07T22:06:41+00:00 INFO 67f44c6d76aa6-0002             "ron": 500,
2025-04-07T22:06:41+00:00 INFO 67f44c6d76aa6-0002             "pln": 500,
2025-04-07T22:06:41+00:00 INFO 67f44c6d76aa6-0002             "aed": 200
2025-04-07T22:06:41+00:00 INFO 67f44c6d76aa6-0002         },
2025-04-07T22:06:41+00:00 INFO 67f44c6d76aa6-0002         "minimum_scheduled_deposit_amounts": {
2025-04-07T22:06:41+00:00 INFO 67f44c6d76aa6-0002             "aed": 200,
2025-04-07T22:06:41+00:00 INFO 67f44c6d76aa6-0002             "aud": 0,
2025-04-07T22:06:41+00:00 INFO 67f44c6d76aa6-0002             "bgn": 100,
2025-04-07T22:06:41+00:00 INFO 67f44c6d76aa6-0002             "cad": 0,
2025-04-07T22:06:41+00:00 INFO 67f44c6d76aa6-0002             "chf": 500,
2025-04-07T22:06:41+00:00 INFO 67f44c6d76aa6-0002             "czk": 3000,
2025-04-07T22:06:41+00:00 INFO 67f44c6d76aa6-0002             "dkk": 2000,
2025-04-07T22:06:41+00:00 INFO 67f44c6d76aa6-0002             "eur": 100,
2025-04-07T22:06:41+00:00 INFO 67f44c6d76aa6-0002             "gbp": 100,
2025-04-07T22:06:41+00:00 INFO 67f44c6d76aa6-0002             "hkd": 0,
2025-04-07T22:06:41+00:00 INFO 67f44c6d76aa6-0002             "huf": 36000,
2025-04-07T22:06:41+00:00 INFO 67f44c6d76aa6-0002             "jpy": 1,
2025-04-07T22:06:41+00:00 INFO 67f44c6d76aa6-0002             "nok": 2000,
2025-04-07T22:06:41+00:00 INFO 67f44c6d76aa6-0002             "nzd": 0,
2025-04-07T22:06:41+00:00 INFO 67f44c6d76aa6-0002             "pln": 500,
2025-04-07T22:06:41+00:00 INFO 67f44c6d76aa6-0002             "ron": 500,
2025-04-07T22:06:41+00:00 INFO 67f44c6d76aa6-0002             "sek": 2000,
2025-04-07T22:06:41+00:00 INFO 67f44c6d76aa6-0002             "sgd": 100,
2025-04-07T22:06:41+00:00 INFO 67f44c6d76aa6-0002             "usd": 0
2025-04-07T22:06:41+00:00 INFO 67f44c6d76aa6-0002         }
2025-04-07T22:06:41+00:00 INFO 67f44c6d76aa6-0002     },
2025-04-07T22:06:41+00:00 INFO 67f44c6d76aa6-0002     "lifetime_total_payment_volume": 0,
2025-04-07T22:06:41+00:00 INFO 67f44c6d76aa6-0002     "requirements": {
2025-04-07T22:06:41+00:00 INFO 67f44c6d76aa6-0002         "errors": []
2025-04-07T22:06:41+00:00 INFO 67f44c6d76aa6-0002     },
2025-04-07T22:06:41+00:00 INFO 67f44c6d76aa6-0002     "statement_descriptor": "NORTHERNLI",
2025-04-07T22:06:41+00:00 INFO 67f44c6d76aa6-0002     "statement_descriptor_kanji": "",
2025-04-07T22:06:41+00:00 INFO 67f44c6d76aa6-0002     "statement_descriptor_kana": "",
2025-04-07T22:06:41+00:00 INFO 67f44c6d76aa6-0002     "latest_tos_agreement": {
2025-04-07T22:06:41+00:00 INFO 67f44c6d76aa6-0002         "date": "2025-02-22 00:45:01",
2025-04-07T22:06:41+00:00 INFO 67f44c6d76aa6-0002         "source": "signup",
2025-04-07T22:06:41+00:00 INFO 67f44c6d76aa6-0002         "is_current_version": true
2025-04-07T22:06:41+00:00 INFO 67f44c6d76aa6-0002     },
2025-04-07T22:06:41+00:00 INFO 67f44c6d76aa6-0002     "fees": {
2025-04-07T22:06:41+00:00 INFO 67f44c6d76aa6-0002         "base": {
2025-04-07T22:06:41+00:00 INFO 67f44c6d76aa6-0002             "percentage_rate": 0.029,
2025-04-07T22:06:41+00:00 INFO 67f44c6d76aa6-0002             "fixed_rate": 30,
2025-04-07T22:06:41+00:00 INFO 67f44c6d76aa6-0002             "currency": "usd"
2025-04-07T22:06:41+00:00 INFO 67f44c6d76aa6-0002         },
2025-04-07T22:06:41+00:00 INFO 67f44c6d76aa6-0002         "discount": [],
2025-04-07T22:06:41+00:00 INFO 67f44c6d76aa6-0002         "card": {
2025-04-07T22:06:41+00:00 INFO 67f44c6d76aa6-0002             "base": {
2025-04-07T22:06:41+00:00 INFO 67f44c6d76aa6-0002                 "percentage_rate": 0.029,
2025-04-07T22:06:41+00:00 INFO 67f44c6d76aa6-0002                 "fixed_rate": 30,
2025-04-07T22:06:41+00:00 INFO 67f44c6d76aa6-0002                 "currency": "usd"
2025-04-07T22:06:41+00:00 INFO 67f44c6d76aa6-0002             },
2025-04-07T22:06:41+00:00 INFO 67f44c6d76aa6-0002             "additional": {
2025-04-07T22:06:41+00:00 INFO 67f44c6d76aa6-0002                 "percentage_rate": 0.015,
2025-04-07T22:06:41+00:00 INFO 67f44c6d76aa6-0002                 "fixed_rate": 0,
2025-04-07T22:06:41+00:00 INFO 67f44c6d76aa6-0002                 "currency": "usd"
2025-04-07T22:06:41+00:00 INFO 67f44c6d76aa6-0002             },
2025-04-07T22:06:41+00:00 INFO 67f44c6d76aa6-0002             "fx": {
2025-04-07T22:06:41+00:00 INFO 67f44c6d76aa6-0002                 "percentage_rate": 0.01,
2025-04-07T22:06:41+00:00 INFO 67f44c6d76aa6-0002                 "fixed_rate": 0,
2025-04-07T22:06:41+00:00 INFO 67f44c6d76aa6-0002                 "currency": "usd"
2025-04-07T22:06:41+00:00 INFO 67f44c6d76aa6-0002             },
2025-04-07T22:06:41+00:00 INFO 67f44c6d76aa6-0002             "discount": []
2025-04-07T22:06:41+00:00 INFO 67f44c6d76aa6-0002         },
2025-04-07T22:06:41+00:00 INFO 67f44c6d76aa6-0002         "card_present": {
2025-04-07T22:06:41+00:00 INFO 67f44c6d76aa6-0002             "base": {
2025-04-07T22:06:41+00:00 INFO 67f44c6d76aa6-0002                 "percentage_rate": 0.027,
2025-04-07T22:06:41+00:00 INFO 67f44c6d76aa6-0002                 "fixed_rate": 10,
2025-04-07T22:06:41+00:00 INFO 67f44c6d76aa6-0002                 "currency": "usd"
2025-04-07T22:06:41+00:00 INFO 67f44c6d76aa6-0002             },
2025-04-07T22:06:41+00:00 INFO 67f44c6d76aa6-0002             "additional": {
2025-04-07T22:06:41+00:00 INFO 67f44c6d76aa6-0002                 "percentage_rate": 0.01,
2025-04-07T22:06:41+00:00 INFO 67f44c6d76aa6-0002                 "fixed_rate": 0,
2025-04-07T22:06:41+00:00 INFO 67f44c6d76aa6-0002                 "currency": "usd"
2025-04-07T22:06:41+00:00 INFO 67f44c6d76aa6-0002             },
2025-04-07T22:06:41+00:00 INFO 67f44c6d76aa6-0002             "fx": {
2025-04-07T22:06:41+00:00 INFO 67f44c6d76aa6-0002                 "percentage_rate": 0.01,
2025-04-07T22:06:41+00:00 INFO 67f44c6d76aa6-0002                 "fixed_rate": 0,
2025-04-07T22:06:41+00:00 INFO 67f44c6d76aa6-0002                 "currency": "usd"
2025-04-07T22:06:41+00:00 INFO 67f44c6d76aa6-0002             },
2025-04-07T22:06:41+00:00 INFO 67f44c6d76aa6-0002             "discount": []
2025-04-07T22:06:41+00:00 INFO 67f44c6d76aa6-0002         },
2025-04-07T22:06:41+00:00 INFO 67f44c6d76aa6-0002         "link": {
2025-04-07T22:06:41+00:00 INFO 67f44c6d76aa6-0002             "base": {
2025-04-07T22:06:41+00:00 INFO 67f44c6d76aa6-0002                 "percentage_rate": 0.029,
2025-04-07T22:06:41+00:00 INFO 67f44c6d76aa6-0002                 "fixed_rate": 30,
2025-04-07T22:06:41+00:00 INFO 67f44c6d76aa6-0002                 "currency": "usd"
2025-04-07T22:06:41+00:00 INFO 67f44c6d76aa6-0002             },
2025-04-07T22:06:41+00:00 INFO 67f44c6d76aa6-0002             "additional": {
2025-04-07T22:06:41+00:00 INFO 67f44c6d76aa6-0002                 "percentage_rate": 0,
2025-04-07T22:06:41+00:00 INFO 67f44c6d76aa6-0002                 "fixed_rate": 0,
2025-04-07T22:06:41+00:00 INFO 67f44c6d76aa6-0002                 "currency": "usd"
2025-04-07T22:06:41+00:00 INFO 67f44c6d76aa6-0002             },
2025-04-07T22:06:41+00:00 INFO 67f44c6d76aa6-0002             "fx": {
2025-04-07T22:06:41+00:00 INFO 67f44c6d76aa6-0002                 "percentage_rate": 0.01,
2025-04-07T22:06:41+00:00 INFO 67f44c6d76aa6-0002                 "fixed_rate": 0,
2025-04-07T22:06:41+00:00 INFO 67f44c6d76aa6-0002                 "currency": "usd"
2025-04-07T22:06:41+00:00 INFO 67f44c6d76aa6-0002             },
2025-04-07T22:06:41+00:00 INFO 67f44c6d76aa6-0002             "discount": []
2025-04-07T22:06:41+00:00 INFO 67f44c6d76aa6-0002         },
2025-04-07T22:06:41+00:00 INFO 67f44c6d76aa6-0002         "bancontact": {
2025-04-07T22:06:41+00:00 INFO 67f44c6d76aa6-0002             "base": {
2025-04-07T22:06:41+00:00 INFO 67f44c6d76aa6-0002                 "percentage_rate": 0.014,
2025-04-07T22:06:41+00:00 INFO 67f44c6d76aa6-0002                 "fixed_rate": 30,
2025-04-07T22:06:41+00:00 INFO 67f44c6d76aa6-0002                 "currency": "usd"
2025-04-07T22:06:41+00:00 INFO 67f44c6d76aa6-0002             },
2025-04-07T22:06:41+00:00 INFO 67f44c6d76aa6-0002             "additional": {
2025-04-07T22:06:41+00:00 INFO 67f44c6d76aa6-0002                 "percentage_rate": 0.015,
2025-04-07T22:06:41+00:00 INFO 67f44c6d76aa6-0002                 "fixed_rate": 0,
2025-04-07T22:06:41+00:00 INFO 67f44c6d76aa6-0002                 "currency": "usd"
2025-04-07T22:06:41+00:00 INFO 67f44c6d76aa6-0002             },
2025-04-07T22:06:41+00:00 INFO 67f44c6d76aa6-0002             "fx": {
2025-04-07T22:06:41+00:00 INFO 67f44c6d76aa6-0002                 "percentage_rate": 0.01,
2025-04-07T22:06:41+00:00 INFO 67f44c6d76aa6-0002                 "fixed_rate": 0,
2025-04-07T22:06:41+00:00 INFO 67f44c6d76aa6-0002                 "currency": "usd"
2025-04-07T22:06:41+00:00 INFO 67f44c6d76aa6-0002             },
2025-04-07T22:06:41+00:00 INFO 67f44c6d76aa6-0002             "discount": []
2025-04-07T22:06:41+00:00 INFO 67f44c6d76aa6-0002         },
2025-04-07T22:06:41+00:00 INFO 67f44c6d76aa6-0002         "eps": {
2025-04-07T22:06:41+00:00 INFO 67f44c6d76aa6-0002             "base": {
2025-04-07T22:06:41+00:00 INFO 67f44c6d76aa6-0002                 "percentage_rate": 0.018,
2025-04-07T22:06:41+00:00 INFO 67f44c6d76aa6-0002                 "fixed_rate": 30,
2025-04-07T22:06:41+00:00 INFO 67f44c6d76aa6-0002                 "currency": "usd"
2025-04-07T22:06:41+00:00 INFO 67f44c6d76aa6-0002             },
2025-04-07T22:06:41+00:00 INFO 67f44c6d76aa6-0002             "additional": {
2025-04-07T22:06:41+00:00 INFO 67f44c6d76aa6-0002                 "percentage_rate": 0.015,
2025-04-07T22:06:41+00:00 INFO 67f44c6d76aa6-0002                 "fixed_rate": 0,
2025-04-07T22:06:41+00:00 INFO 67f44c6d76aa6-0002                 "currency": "usd"
2025-04-07T22:06:41+00:00 INFO 67f44c6d76aa6-0002             },
2025-04-07T22:06:41+00:00 INFO 67f44c6d76aa6-0002             "fx": {
2025-04-07T22:06:41+00:00 INFO 67f44c6d76aa6-0002                 "percentage_rate": 0.01,
2025-04-07T22:06:41+00:00 INFO 67f44c6d76aa6-0002                 "fixed_rate": 0,
2025-04-07T22:06:41+00:00 INFO 67f44c6d76aa6-0002                 "currency": "usd"
2025-04-07T22:06:41+00:00 INFO 67f44c6d76aa6-0002             },
2025-04-07T22:06:41+00:00 INFO 67f44c6d76aa6-0002             "discount": []
2025-04-07T22:06:41+00:00 INFO 67f44c6d76aa6-0002         },
2025-04-07T22:06:41+00:00 INFO 67f44c6d76aa6-0002         "ideal": {
2025-04-07T22:06:41+00:00 INFO 67f44c6d76aa6-0002             "base": {
2025-04-07T22:06:41+00:00 INFO 67f44c6d76aa6-0002                 "percentage_rate": 0,
2025-04-07T22:06:41+00:00 INFO 67f44c6d76aa6-0002                 "fixed_rate": 80,
2025-04-07T22:06:41+00:00 INFO 67f44c6d76aa6-0002                 "currency": "usd"
2025-04-07T22:06:41+00:00 INFO 67f44c6d76aa6-0002             },
2025-04-07T22:06:41+00:00 INFO 67f44c6d76aa6-0002             "additional": {
2025-04-07T22:06:41+00:00 INFO 67f44c6d76aa6-0002                 "percentage_rate": 0.015,
2025-04-07T22:06:41+00:00 INFO 67f44c6d76aa6-0002                 "fixed_rate": 0,
2025-04-07T22:06:41+00:00 INFO 67f44c6d76aa6-0002                 "currency": "usd"
2025-04-07T22:06:41+00:00 INFO 67f44c6d76aa6-0002             },
2025-04-07T22:06:41+00:00 INFO 67f44c6d76aa6-0002             "fx": {
2025-04-07T22:06:41+00:00 INFO 67f44c6d76aa6-0002                 "percentage_rate": 0.01,
2025-04-07T22:06:41+00:00 INFO 67f44c6d76aa6-0002                 "fixed_rate": 0,
2025-04-07T22:06:41+00:00 INFO 67f44c6d76aa6-0002                 "currency": "usd"
2025-04-07T22:06:41+00:00 INFO 67f44c6d76aa6-0002             },
2025-04-07T22:06:41+00:00 INFO 67f44c6d76aa6-0002             "discount": []
2025-04-07T22:06:41+00:00 INFO 67f44c6d76aa6-0002         },
2025-04-07T22:06:41+00:00 INFO 67f44c6d76aa6-0002         "p24": {
2025-04-07T22:06:41+00:00 INFO 67f44c6d76aa6-0002             "base": {
2025-04-07T22:06:41+00:00 INFO 67f44c6d76aa6-0002                 "percentage_rate": 0.022,
2025-04-07T22:06:41+00:00 INFO 67f44c6d76aa6-0002                 "fixed_rate": 30,
2025-04-07T22:06:41+00:00 INFO 67f44c6d76aa6-0002                 "currency": "usd"
2025-04-07T22:06:41+00:00 INFO 67f44c6d76aa6-0002             },
2025-04-07T22:06:41+00:00 INFO 67f44c6d76aa6-0002             "additional": {
2025-04-07T22:06:41+00:00 INFO 67f44c6d76aa6-0002                 "percentage_rate": 0.015,
2025-04-07T22:06:41+00:00 INFO 67f44c6d76aa6-0002                 "fixed_rate": 0,
2025-04-07T22:06:41+00:00 INFO 67f44c6d76aa6-0002                 "currency": "usd"
2025-04-07T22:06:41+00:00 INFO 67f44c6d76aa6-0002             },
2025-04-07T22:06:41+00:00 INFO 67f44c6d76aa6-0002             "fx": {
2025-04-07T22:06:41+00:00 INFO 67f44c6d76aa6-0002                 "percentage_rate": 0.01,
2025-04-07T22:06:41+00:00 INFO 67f44c6d76aa6-0002                 "fixed_rate": 0,
2025-04-07T22:06:41+00:00 INFO 67f44c6d76aa6-0002                 "currency": "usd"
2025-04-07T22:06:41+00:00 INFO 67f44c6d76aa6-0002             },
2025-04-07T22:06:41+00:00 INFO 67f44c6d76aa6-0002             "discount": []
2025-04-07T22:06:41+00:00 INFO 67f44c6d76aa6-0002         },
2025-04-07T22:06:41+00:00 INFO 67f44c6d76aa6-0002         "affirm": {
2025-04-07T22:06:41+00:00 INFO 67f44c6d76aa6-0002             "base": {
2025-04-07T22:06:41+00:00 INFO 67f44c6d76aa6-0002                 "percentage_rate": 0.06,
2025-04-07T22:06:41+00:00 INFO 67f44c6d76aa6-0002                 "fixed_rate": 30,
2025-04-07T22:06:41+00:00 INFO 67f44c6d76aa6-0002                 "currency": "usd"
2025-04-07T22:06:41+00:00 INFO 67f44c6d76aa6-0002             },
2025-04-07T22:06:41+00:00 INFO 67f44c6d76aa6-0002             "additional": {
2025-04-07T22:06:41+00:00 INFO 67f44c6d76aa6-0002                 "percentage_rate": 0,
2025-04-07T22:06:41+00:00 INFO 67f44c6d76aa6-0002                 "fixed_rate": 0,
2025-04-07T22:06:41+00:00 INFO 67f44c6d76aa6-0002                 "currency": "usd"
2025-04-07T22:06:41+00:00 INFO 67f44c6d76aa6-0002             },
2025-04-07T22:06:41+00:00 INFO 67f44c6d76aa6-0002             "fx": {
2025-04-07T22:06:41+00:00 INFO 67f44c6d76aa6-0002                 "percentage_rate": 0,
2025-04-07T22:06:41+00:00 INFO 67f44c6d76aa6-0002                 "fixed_rate": 0,
2025-04-07T22:06:41+00:00 INFO 67f44c6d76aa6-0002                 "currency": "usd"
2025-04-07T22:06:41+00:00 INFO 67f44c6d76aa6-0002             },
2025-04-07T22:06:41+00:00 INFO 67f44c6d76aa6-0002             "discount": []
2025-04-07T22:06:41+00:00 INFO 67f44c6d76aa6-0002         },
2025-04-07T22:06:41+00:00 INFO 67f44c6d76aa6-0002         "afterpay_clearpay": {
2025-04-07T22:06:41+00:00 INFO 67f44c6d76aa6-0002             "base": {
2025-04-07T22:06:41+00:00 INFO 67f44c6d76aa6-0002                 "percentage_rate": 0.06,
2025-04-07T22:06:41+00:00 INFO 67f44c6d76aa6-0002                 "fixed_rate": 30,
2025-04-07T22:06:41+00:00 INFO 67f44c6d76aa6-0002                 "currency": "usd"
2025-04-07T22:06:41+00:00 INFO 67f44c6d76aa6-0002             },
2025-04-07T22:06:41+00:00 INFO 67f44c6d76aa6-0002             "additional": {
2025-04-07T22:06:41+00:00 INFO 67f44c6d76aa6-0002                 "percentage_rate": 0,
2025-04-07T22:06:41+00:00 INFO 67f44c6d76aa6-0002                 "fixed_rate": 0,
2025-04-07T22:06:41+00:00 INFO 67f44c6d76aa6-0002                 "currency": "usd"
2025-04-07T22:06:41+00:00 INFO 67f44c6d76aa6-0002             },
2025-04-07T22:06:41+00:00 INFO 67f44c6d76aa6-0002             "fx": {
2025-04-07T22:06:41+00:00 INFO 67f44c6d76aa6-0002                 "percentage_rate": 0,
2025-04-07T22:06:41+00:00 INFO 67f44c6d76aa6-0002                 "fixed_rate": 0,
2025-04-07T22:06:41+00:00 INFO 67f44c6d76aa6-0002                 "currency": "usd"
2025-04-07T22:06:41+00:00 INFO 67f44c6d76aa6-0002             },
2025-04-07T22:06:41+00:00 INFO 67f44c6d76aa6-0002             "discount": []
2025-04-07T22:06:41+00:00 INFO 67f44c6d76aa6-0002         },
2025-04-07T22:06:41+00:00 INFO 67f44c6d76aa6-0002         "klarna": {
2025-04-07T22:06:41+00:00 INFO 67f44c6d76aa6-0002             "base": {
2025-04-07T22:06:41+00:00 INFO 67f44c6d76aa6-0002                 "percentage_rate": 0.0599,
2025-04-07T22:06:41+00:00 INFO 67f44c6d76aa6-0002                 "fixed_rate": 30,
2025-04-07T22:06:41+00:00 INFO 67f44c6d76aa6-0002                 "currency": "usd"
2025-04-07T22:06:41+00:00 INFO 67f44c6d76aa6-0002             },
2025-04-07T22:06:41+00:00 INFO 67f44c6d76aa6-0002             "additional": {
2025-04-07T22:06:41+00:00 INFO 67f44c6d76aa6-0002                 "percentage_rate": 0,
2025-04-07T22:06:41+00:00 INFO 67f44c6d76aa6-0002                 "fixed_rate": 0,
2025-04-07T22:06:41+00:00 INFO 67f44c6d76aa6-0002                 "currency": "usd"
2025-04-07T22:06:41+00:00 INFO 67f44c6d76aa6-0002             },
2025-04-07T22:06:41+00:00 INFO 67f44c6d76aa6-0002             "fx": {
2025-04-07T22:06:41+00:00 INFO 67f44c6d76aa6-0002                 "percentage_rate": 0,
2025-04-07T22:06:41+00:00 INFO 67f44c6d76aa6-0002                 "fixed_rate": 0,
2025-04-07T22:06:41+00:00 INFO 67f44c6d76aa6-0002                 "currency": "usd"
2025-04-07T22:06:41+00:00 INFO 67f44c6d76aa6-0002             },
2025-04-07T22:06:41+00:00 INFO 67f44c6d76aa6-0002             "discount": []
2025-04-07T22:06:41+00:00 INFO 67f44c6d76aa6-0002         }
2025-04-07T22:06:41+00:00 INFO 67f44c6d76aa6-0002     },
2025-04-07T22:06:41+00:00 INFO 67f44c6d76aa6-0002     "capital": {
2025-04-07T22:06:41+00:00 INFO 67f44c6d76aa6-0002         "has_active_loan": false,
2025-04-07T22:06:41+00:00 INFO 67f44c6d76aa6-0002         "has_previous_loans": false,
2025-04-07T22:06:41+00:00 INFO 67f44c6d76aa6-0002         "loans": []
2025-04-07T22:06:41+00:00 INFO 67f44c6d76aa6-0002     },
2025-04-07T22:06:41+00:00 INFO 67f44c6d76aa6-0002     "fraud_services": {
2025-04-07T22:06:41+00:00 INFO 67f44c6d76aa6-0002         "stripe": [],
2025-04-07T22:06:41+00:00 INFO 67f44c6d76aa6-0002         "sift": {
2025-04-07T22:06:41+00:00 INFO 67f44c6d76aa6-0002             "beacon_key": "1d81b5c86a",
2025-04-07T22:06:41+00:00 INFO 67f44c6d76aa6-0002             "sandbox_beacon_key": "43e8654e6f"
2025-04-07T22:06:41+00:00 INFO 67f44c6d76aa6-0002         }
2025-04-07T22:06:41+00:00 INFO 67f44c6d76aa6-0002     },
2025-04-07T22:06:41+00:00 INFO 67f44c6d76aa6-0002     "store_currencies": {
2025-04-07T22:06:41+00:00 INFO 67f44c6d76aa6-0002         "default": "usd",
2025-04-07T22:06:41+00:00 INFO 67f44c6d76aa6-0002         "supported": [
2025-04-07T22:06:41+00:00 INFO 67f44c6d76aa6-0002             "usd"
2025-04-07T22:06:41+00:00 INFO 67f44c6d76aa6-0002         ]
2025-04-07T22:06:41+00:00 INFO 67f44c6d76aa6-0002     },
2025-04-07T22:06:41+00:00 INFO 67f44c6d76aa6-0002     "customer_currencies": {
2025-04-07T22:06:41+00:00 INFO 67f44c6d76aa6-0002         "supported": [
2025-04-07T22:06:41+00:00 INFO 67f44c6d76aa6-0002             "usd",
2025-04-07T22:06:41+00:00 INFO 67f44c6d76aa6-0002             "aed",
2025-04-07T22:06:41+00:00 INFO 67f44c6d76aa6-0002             "afn",
2025-04-07T22:06:41+00:00 INFO 67f44c6d76aa6-0002             "all",
2025-04-07T22:06:41+00:00 INFO 67f44c6d76aa6-0002             "amd",
2025-04-07T22:06:41+00:00 INFO 67f44c6d76aa6-0002             "ang",
2025-04-07T22:06:41+00:00 INFO 67f44c6d76aa6-0002             "aoa",
2025-04-07T22:06:41+00:00 INFO 67f44c6d76aa6-0002             "ars",
2025-04-07T22:06:41+00:00 INFO 67f44c6d76aa6-0002             "aud",
2025-04-07T22:06:41+00:00 INFO 67f44c6d76aa6-0002             "awg",
2025-04-07T22:06:41+00:00 INFO 67f44c6d76aa6-0002             "azn",
2025-04-07T22:06:41+00:00 INFO 67f44c6d76aa6-0002             "bam",
2025-04-07T22:06:41+00:00 INFO 67f44c6d76aa6-0002             "bbd",
2025-04-07T22:06:41+00:00 INFO 67f44c6d76aa6-0002             "bdt",
2025-04-07T22:06:41+00:00 INFO 67f44c6d76aa6-0002             "bgn",
2025-04-07T22:06:41+00:00 INFO 67f44c6d76aa6-0002             "bif",
2025-04-07T22:06:41+00:00 INFO 67f44c6d76aa6-0002             "bmd",
2025-04-07T22:06:41+00:00 INFO 67f44c6d76aa6-0002             "bnd",
2025-04-07T22:06:41+00:00 INFO 67f44c6d76aa6-0002             "bob",
2025-04-07T22:06:41+00:00 INFO 67f44c6d76aa6-0002             "brl",
2025-04-07T22:06:41+00:00 INFO 67f44c6d76aa6-0002             "bsd",
2025-04-07T22:06:41+00:00 INFO 67f44c6d76aa6-0002             "bwp",
2025-04-07T22:06:41+00:00 INFO 67f44c6d76aa6-0002             "byn",
2025-04-07T22:06:41+00:00 INFO 67f44c6d76aa6-0002             "bzd",
2025-04-07T22:06:41+00:00 INFO 67f44c6d76aa6-0002             "cad",
2025-04-07T22:06:41+00:00 INFO 67f44c6d76aa6-0002             "cdf",
2025-04-07T22:06:41+00:00 INFO 67f44c6d76aa6-0002             "chf",
2025-04-07T22:06:41+00:00 INFO 67f44c6d76aa6-0002             "clp",
2025-04-07T22:06:41+00:00 INFO 67f44c6d76aa6-0002             "cny",
2025-04-07T22:06:41+00:00 INFO 67f44c6d76aa6-0002             "cop",
2025-04-07T22:06:41+00:00 INFO 67f44c6d76aa6-0002             "crc",
2025-04-07T22:06:41+00:00 INFO 67f44c6d76aa6-0002             "cve",
2025-04-07T22:06:41+00:00 INFO 67f44c6d76aa6-0002             "czk",
2025-04-07T22:06:41+00:00 INFO 67f44c6d76aa6-0002             "djf",
2025-04-07T22:06:41+00:00 INFO 67f44c6d76aa6-0002             "dkk",
2025-04-07T22:06:41+00:00 INFO 67f44c6d76aa6-0002             "dop",
2025-04-07T22:06:41+00:00 INFO 67f44c6d76aa6-0002             "dzd",
2025-04-07T22:06:41+00:00 INFO 67f44c6d76aa6-0002             "egp",
2025-04-07T22:06:41+00:00 INFO 67f44c6d76aa6-0002             "etb",
2025-04-07T22:06:41+00:00 INFO 67f44c6d76aa6-0002             "eur",
2025-04-07T22:06:41+00:00 INFO 67f44c6d76aa6-0002             "fjd",
2025-04-07T22:06:41+00:00 INFO 67f44c6d76aa6-0002             "fkp",
2025-04-07T22:06:41+00:00 INFO 67f44c6d76aa6-0002             "gbp",
2025-04-07T22:06:41+00:00 INFO 67f44c6d76aa6-0002             "gel",
2025-04-07T22:06:41+00:00 INFO 67f44c6d76aa6-0002             "gip",
2025-04-07T22:06:41+00:00 INFO 67f44c6d76aa6-0002             "gmd",
2025-04-07T22:06:41+00:00 INFO 67f44c6d76aa6-0002             "gnf",
2025-04-07T22:06:41+00:00 INFO 67f44c6d76aa6-0002             "gtq",
2025-04-07T22:06:41+00:00 INFO 67f44c6d76aa6-0002             "gyd",
2025-04-07T22:06:41+00:00 INFO 67f44c6d76aa6-0002             "hkd",
2025-04-07T22:06:41+00:00 INFO 67f44c6d76aa6-0002             "hnl",
2025-04-07T22:06:41+00:00 INFO 67f44c6d76aa6-0002             "htg",
2025-04-07T22:06:41+00:00 INFO 67f44c6d76aa6-0002             "huf",
2025-04-07T22:06:41+00:00 INFO 67f44c6d76aa6-0002             "idr",
2025-04-07T22:06:41+00:00 INFO 67f44c6d76aa6-0002             "ils",
2025-04-07T22:06:41+00:00 INFO 67f44c6d76aa6-0002             "inr",
2025-04-07T22:06:41+00:00 INFO 67f44c6d76aa6-0002             "isk",
2025-04-07T22:06:41+00:00 INFO 67f44c6d76aa6-0002             "jmd",
2025-04-07T22:06:41+00:00 INFO 67f44c6d76aa6-0002             "jpy",
2025-04-07T22:06:41+00:00 INFO 67f44c6d76aa6-0002             "kes",
2025-04-07T22:06:41+00:00 INFO 67f44c6d76aa6-0002             "kgs",
2025-04-07T22:06:41+00:00 INFO 67f44c6d76aa6-0002             "khr",
2025-04-07T22:06:41+00:00 INFO 67f44c6d76aa6-0002             "kmf",
2025-04-07T22:06:41+00:00 INFO 67f44c6d76aa6-0002             "krw",
2025-04-07T22:06:41+00:00 INFO 67f44c6d76aa6-0002             "kyd",
2025-04-07T22:06:41+00:00 INFO 67f44c6d76aa6-0002             "kzt",
2025-04-07T22:06:41+00:00 INFO 67f44c6d76aa6-0002             "lak",
2025-04-07T22:06:41+00:00 INFO 67f44c6d76aa6-0002             "lbp",
2025-04-07T22:06:41+00:00 INFO 67f44c6d76aa6-0002             "lkr",
2025-04-07T22:06:41+00:00 INFO 67f44c6d76aa6-0002             "lrd",
2025-04-07T22:06:41+00:00 INFO 67f44c6d76aa6-0002             "lsl",
2025-04-07T22:06:41+00:00 INFO 67f44c6d76aa6-0002             "mad",
2025-04-07T22:06:41+00:00 INFO 67f44c6d76aa6-0002             "mdl",
2025-04-07T22:06:41+00:00 INFO 67f44c6d76aa6-0002             "mga",
2025-04-07T22:06:41+00:00 INFO 67f44c6d76aa6-0002             "mkd",
2025-04-07T22:06:41+00:00 INFO 67f44c6d76aa6-0002             "mmk",
2025-04-07T22:06:41+00:00 INFO 67f44c6d76aa6-0002             "mnt",
2025-04-07T22:06:41+00:00 INFO 67f44c6d76aa6-0002             "mop",
2025-04-07T22:06:41+00:00 INFO 67f44c6d76aa6-0002             "mur",
2025-04-07T22:06:41+00:00 INFO 67f44c6d76aa6-0002             "mvr",
2025-04-07T22:06:41+00:00 INFO 67f44c6d76aa6-0002             "mwk",
2025-04-07T22:06:41+00:00 INFO 67f44c6d76aa6-0002             "mxn",
2025-04-07T22:06:41+00:00 INFO 67f44c6d76aa6-0002             "myr",
2025-04-07T22:06:41+00:00 INFO 67f44c6d76aa6-0002             "mzn",
2025-04-07T22:06:41+00:00 INFO 67f44c6d76aa6-0002             "nad",
2025-04-07T22:06:41+00:00 INFO 67f44c6d76aa6-0002             "ngn",
2025-04-07T22:06:41+00:00 INFO 67f44c6d76aa6-0002             "nio",
2025-04-07T22:06:41+00:00 INFO 67f44c6d76aa6-0002             "nok",
2025-04-07T22:06:41+00:00 INFO 67f44c6d76aa6-0002             "npr",
2025-04-07T22:06:41+00:00 INFO 67f44c6d76aa6-0002             "nzd",
2025-04-07T22:06:41+00:00 INFO 67f44c6d76aa6-0002             "pab",
2025-04-07T22:06:41+00:00 INFO 67f44c6d76aa6-0002             "pen",
2025-04-07T22:06:41+00:00 INFO 67f44c6d76aa6-0002             "pgk",
2025-04-07T22:06:41+00:00 INFO 67f44c6d76aa6-0002             "php",
2025-04-07T22:06:41+00:00 INFO 67f44c6d76aa6-0002             "pkr",
2025-04-07T22:06:41+00:00 INFO 67f44c6d76aa6-0002             "pln",
2025-04-07T22:06:41+00:00 INFO 67f44c6d76aa6-0002             "pyg",
2025-04-07T22:06:41+00:00 INFO 67f44c6d76aa6-0002             "qar",
2025-04-07T22:06:41+00:00 INFO 67f44c6d76aa6-0002             "ron",
2025-04-07T22:06:41+00:00 INFO 67f44c6d76aa6-0002             "rsd",
2025-04-07T22:06:41+00:00 INFO 67f44c6d76aa6-0002             "rub",
2025-04-07T22:06:41+00:00 INFO 67f44c6d76aa6-0002             "rwf",
2025-04-07T22:06:41+00:00 INFO 67f44c6d76aa6-0002             "sar",
2025-04-07T22:06:41+00:00 INFO 67f44c6d76aa6-0002             "sbd",
2025-04-07T22:06:41+00:00 INFO 67f44c6d76aa6-0002             "scr",
2025-04-07T22:06:41+00:00 INFO 67f44c6d76aa6-0002             "sek",
2025-04-07T22:06:41+00:00 INFO 67f44c6d76aa6-0002             "sgd",
2025-04-07T22:06:41+00:00 INFO 67f44c6d76aa6-0002             "shp",
2025-04-07T22:06:41+00:00 INFO 67f44c6d76aa6-0002             "sle",
2025-04-07T22:06:41+00:00 INFO 67f44c6d76aa6-0002             "sos",
2025-04-07T22:06:41+00:00 INFO 67f44c6d76aa6-0002             "srd",
2025-04-07T22:06:41+00:00 INFO 67f44c6d76aa6-0002             "std",
2025-04-07T22:06:41+00:00 INFO 67f44c6d76aa6-0002             "szl",
2025-04-07T22:06:41+00:00 INFO 67f44c6d76aa6-0002             "thb",
2025-04-07T22:06:41+00:00 INFO 67f44c6d76aa6-0002             "tjs",
2025-04-07T22:06:41+00:00 INFO 67f44c6d76aa6-0002             "top",
2025-04-07T22:06:41+00:00 INFO 67f44c6d76aa6-0002             "try",
2025-04-07T22:06:41+00:00 INFO 67f44c6d76aa6-0002             "ttd",
2025-04-07T22:06:41+00:00 INFO 67f44c6d76aa6-0002             "twd",
2025-04-07T22:06:41+00:00 INFO 67f44c6d76aa6-0002             "tzs",
2025-04-07T22:06:41+00:00 INFO 67f44c6d76aa6-0002             "uah",
2025-04-07T22:06:41+00:00 INFO 67f44c6d76aa6-0002             "ugx",
2025-04-07T22:06:41+00:00 INFO 67f44c6d76aa6-0002             "uyu",
2025-04-07T22:06:41+00:00 INFO 67f44c6d76aa6-0002             "uzs",
2025-04-07T22:06:41+00:00 INFO 67f44c6d76aa6-0002             "vnd",
2025-04-07T22:06:41+00:00 INFO 67f44c6d76aa6-0002             "vuv",
2025-04-07T22:06:41+00:00 INFO 67f44c6d76aa6-0002             "wst",
2025-04-07T22:06:41+00:00 INFO 67f44c6d76aa6-0002             "xaf",
2025-04-07T22:06:41+00:00 INFO 67f44c6d76aa6-0002             "xcd",
2025-04-07T22:06:41+00:00 INFO 67f44c6d76aa6-0002             "xcg",
2025-04-07T22:06:41+00:00 INFO 67f44c6d76aa6-0002             "xof",
2025-04-07T22:06:41+00:00 INFO 67f44c6d76aa6-0002             "xpf",
2025-04-07T22:06:41+00:00 INFO 67f44c6d76aa6-0002             "yer",
2025-04-07T22:06:41+00:00 INFO 67f44c6d76aa6-0002             "zar",
2025-04-07T22:06:41+00:00 INFO 67f44c6d76aa6-0002             "zmw"
2025-04-07T22:06:41+00:00 INFO 67f44c6d76aa6-0002         ]
2025-04-07T22:06:41+00:00 INFO 67f44c6d76aa6-0002     },
2025-04-07T22:06:41+00:00 INFO 67f44c6d76aa6-0002     "country": "(redacted)",
2025-04-07T22:06:41+00:00 INFO 67f44c6d76aa6-0002     "instant_deposits_eligible": false,
2025-04-07T22:06:41+00:00 INFO 67f44c6d76aa6-0002     "card_present_eligible": true,
2025-04-07T22:06:41+00:00 INFO 67f44c6d76aa6-0002     "has_card_readers_available": false,
2025-04-07T22:06:41+00:00 INFO 67f44c6d76aa6-0002     "platform_checkout_eligible": true,
2025-04-07T22:06:41+00:00 INFO 67f44c6d76aa6-0002     "platform_direct_checkout_eligible": true,
2025-04-07T22:06:41+00:00 INFO 67f44c6d76aa6-0002     "platform_global_theme_support_enabled": true,
2025-04-07T22:06:41+00:00 INFO 67f44c6d76aa6-0002     "business_profile": {
2025-04-07T22:06:41+00:00 INFO 67f44c6d76aa6-0002         "name": "(redacted)",
2025-04-07T22:06:41+00:00 INFO 67f44c6d76aa6-0002         "url": "https:\/\/northernlights.grubmenu.io",
2025-04-07T22:06:41+00:00 INFO 67f44c6d76aa6-0002         "support_address": [],
2025-04-07T22:06:41+00:00 INFO 67f44c6d76aa6-0002         "support_email": "plenty.helpful@example.com",
2025-04-07T22:06:41+00:00 INFO 67f44c6d76aa6-0002         "support_phone": "+10000000000"
2025-04-07T22:06:41+00:00 INFO 67f44c6d76aa6-0002     },
2025-04-07T22:06:41+00:00 INFO 67f44c6d76aa6-0002     "branding": {
2025-04-07T22:06:41+00:00 INFO 67f44c6d76aa6-0002         "icon": "file_1Qv6ptFuiXB5oUVxW9EmwLOC",
2025-04-07T22:06:41+00:00 INFO 67f44c6d76aa6-0002         "logo": "file_1Qv6ptFuiXB5oUVx4x2imFNO",
2025-04-07T22:06:41+00:00 INFO 67f44c6d76aa6-0002         "primary_color": "#873eff",
2025-04-07T22:06:41+00:00 INFO 67f44c6d76aa6-0002         "secondary_color": "#2c045d"
2025-04-07T22:06:41+00:00 INFO 67f44c6d76aa6-0002     },
2025-04-07T22:06:41+00:00 INFO 67f44c6d76aa6-0002     "locale": "en_US",
2025-04-07T22:06:41+00:00 INFO 67f44c6d76aa6-0002     "has_more_failed_events": false,
2025-04-07T22:06:41+00:00 INFO 67f44c6d76aa6-0002     "has_submitted_vat_data": false,
2025-04-07T22:06:41+00:00 INFO 67f44c6d76aa6-0002     "is_documents_enabled": false,
2025-04-07T22:06:41+00:00 INFO 67f44c6d76aa6-0002     "card_testing_protection_eligible": false,
2025-04-07T22:06:41+00:00 INFO 67f44c6d76aa6-0002     "progressive_onboarding": {
2025-04-07T22:06:41+00:00 INFO 67f44c6d76aa6-0002         "is_enabled": false,
2025-04-07T22:06:41+00:00 INFO 67f44c6d76aa6-0002         "is_complete": false,
2025-04-07T22:06:41+00:00 INFO 67f44c6d76aa6-0002         "tpv": null,
2025-04-07T22:06:41+00:00 INFO 67f44c6d76aa6-0002         "first_transaction_date": null,
2025-04-07T22:06:41+00:00 INFO 67f44c6d76aa6-0002         "kyc_deadline_date": null
2025-04-07T22:06:41+00:00 INFO 67f44c6d76aa6-0002     },
2025-04-07T22:06:41+00:00 INFO 67f44c6d76aa6-0002     "fraud_mitigation_settings": {
2025-04-07T22:06:41+00:00 INFO 67f44c6d76aa6-0002         "avs_check_enabled": false,
2025-04-07T22:06:41+00:00 INFO 67f44c6d76aa6-0002         "cvc_check_enabled": true
2025-04-07T22:06:41+00:00 INFO 67f44c6d76aa6-0002     },
2025-04-07T22:06:41+00:00 INFO 67f44c6d76aa6-0002     "is_deferred_intent_creation_upe_enabled": true,
2025-04-07T22:06:41+00:00 INFO 67f44c6d76aa6-0002     "pre_check_save_my_info": true,
2025-04-07T22:06:41+00:00 INFO 67f44c6d76aa6-0002     "is_tokenized_ece_disabled": false,
2025-04-07T22:06:41+00:00 INFO 67f44c6d76aa6-0002     "eligibility_wporg_review_campaign_2025": false
2025-04-07T22:06:41+00:00 INFO 67f44c6d76aa6-0002 }
2025-04-07T22:06:41+00:00 INFO 67f44c6d76aa6-0003 REQUEST_67f44c71df816 (JSON): {
2025-04-07T22:06:41+00:00 INFO 67f44c6d76aa6-0003     "url": "https:\/\/public-api.wordpress.com\/wpcom\/v2\/sites\/%s\/wcpay\/currency\/rates?test_mode=1&currency_from=usd",
2025-04-07T22:06:41+00:00 INFO 67f44c6d76aa6-0003     "method": "GET",
2025-04-07T22:06:41+00:00 INFO 67f44c6d76aa6-0003     "headers": {
2025-04-07T22:06:41+00:00 INFO 67f44c6d76aa6-0003         "Content-Type": "application\/json; charset=utf-8",
2025-04-07T22:06:41+00:00 INFO 67f44c6d76aa6-0003         "User-Agent": "WooCommerce Payments\/9.1.0",
2025-04-07T22:06:41+00:00 INFO 67f44c6d76aa6-0003         "X-Request-Initiated": 1744063601.915476
2025-04-07T22:06:41+00:00 INFO 67f44c6d76aa6-0003     },
2025-04-07T22:06:41+00:00 INFO 67f44c6d76aa6-0003     "timeout": 70,
2025-04-07T22:06:41+00:00 INFO 67f44c6d76aa6-0003     "connect_timeout": 70
2025-04-07T22:06:41+00:00 INFO 67f44c6d76aa6-0003 }
2025-04-07T22:06:42+00:00 INFO 67f44c6d76aa6-0004 RESPONSE_67f44c71df816 (JSON): {
2025-04-07T22:06:42+00:00 INFO 67f44c6d76aa6-0004     "AED": 3.672985,
2025-04-07T22:06:42+00:00 INFO 67f44c6d76aa6-0004     "AFN": 71.633316,
2025-04-07T22:06:42+00:00 INFO 67f44c6d76aa6-0004     "ALL": 90.514471,
2025-04-07T22:06:42+00:00 INFO 67f44c6d76aa6-0004     "AMD": 390.651136,
2025-04-07T22:06:42+00:00 INFO 67f44c6d76aa6-0004     "ANG": 1.79,
2025-04-07T22:06:42+00:00 INFO 67f44c6d76aa6-0004     "AOA": 916,
2025-04-07T22:06:42+00:00 INFO 67f44c6d76aa6-0004     "ARS": 1075.2402,
2025-04-07T22:06:42+00:00 INFO 67f44c6d76aa6-0004     "AUD": 1.671485,
2025-04-07T22:06:42+00:00 INFO 67f44c6d76aa6-0004     "AWG": 1.8025,
2025-04-07T22:06:42+00:00 INFO 67f44c6d76aa6-0004     "AZN": 1.7,
2025-04-07T22:06:42+00:00 INFO 67f44c6d76aa6-0004     "BAM": 1.785401,
2025-04-07T22:06:42+00:00 INFO 67f44c6d76aa6-0004     "BBD": 2,
2025-04-07T22:06:42+00:00 INFO 67f44c6d76aa6-0004     "BDT": 121.550449,
2025-04-07T22:06:42+00:00 INFO 67f44c6d76aa6-0004     "BGN": 1.79281,
2025-04-07T22:06:42+00:00 INFO 67f44c6d76aa6-0004     "BHD": 0.376775,
2025-04-07T22:06:42+00:00 INFO 67f44c6d76aa6-0004     "BIF": 2973.590812,
2025-04-07T22:06:42+00:00 INFO 67f44c6d76aa6-0004     "BMD": 1,
2025-04-07T22:06:42+00:00 INFO 67f44c6d76aa6-0004     "BND": 1.347806,
2025-04-07T22:06:42+00:00 INFO 67f44c6d76aa6-0004     "BOB": 6.928063,
2025-04-07T22:06:42+00:00 INFO 67f44c6d76aa6-0004     "BRL": 5.913,
2025-04-07T22:06:42+00:00 INFO 67f44c6d76aa6-0004     "BSD": 1,
2025-04-07T22:06:42+00:00 INFO 67f44c6d76aa6-0004     "BTC": 1.3e-5,
2025-04-07T22:06:42+00:00 INFO 67f44c6d76aa6-0004     "BTN": 85.886703,
2025-04-07T22:06:42+00:00 INFO 67f44c6d76aa6-0004     "BWP": 14.071637,
2025-04-07T22:06:42+00:00 INFO 67f44c6d76aa6-0004     "BYN": 3.273951,
2025-04-07T22:06:42+00:00 INFO 67f44c6d76aa6-0004     "BZD": 2.009521,
2025-04-07T22:06:42+00:00 INFO 67f44c6d76aa6-0004     "CAD": 1.42465,
2025-04-07T22:06:42+00:00 INFO 67f44c6d76aa6-0004     "CDF": 2907.66305,
2025-04-07T22:06:42+00:00 INFO 67f44c6d76aa6-0004     "CHF": 0.860514,
2025-04-07T22:06:42+00:00 INFO 67f44c6d76aa6-0004     "CLF": 0.025814,
2025-04-07T22:06:42+00:00 INFO 67f44c6d76aa6-0004     "CLP": 990.65,
2025-04-07T22:06:42+00:00 INFO 67f44c6d76aa6-0004     "CNH": 7.34525,
2025-04-07T22:06:42+00:00 INFO 67f44c6d76aa6-0004     "CNY": 7.3112,
2025-04-07T22:06:42+00:00 INFO 67f44c6d76aa6-0004     "COP": 4297.406936,
2025-04-07T22:06:42+00:00 INFO 67f44c6d76aa6-0004     "CRC": 507.659159,
2025-04-07T22:06:42+00:00 INFO 67f44c6d76aa6-0004     "CUC": 1,
2025-04-07T22:06:42+00:00 INFO 67f44c6d76aa6-0004     "CUP": 25.75,
2025-04-07T22:06:42+00:00 INFO 67f44c6d76aa6-0004     "CVE": 100.658193,
2025-04-07T22:06:42+00:00 INFO 67f44c6d76aa6-0004     "CZK": 23.1091,
2025-04-07T22:06:42+00:00 INFO 67f44c6d76aa6-0004     "DJF": 178.152482,
2025-04-07T22:06:42+00:00 INFO 67f44c6d76aa6-0004     "DKK": 6.844445,
2025-04-07T22:06:42+00:00 INFO 67f44c6d76aa6-0004     "DOP": 62.916511,
2025-04-07T22:06:42+00:00 INFO 67f44c6d76aa6-0004     "DZD": 133.713816,
2025-04-07T22:06:42+00:00 INFO 67f44c6d76aa6-0004     "EGP": 51.3912,
2025-04-07T22:06:42+00:00 INFO 67f44c6d76aa6-0004     "ERN": 15,
2025-04-07T22:06:42+00:00 INFO 67f44c6d76aa6-0004     "ETB": 132.431435,
2025-04-07T22:06:42+00:00 INFO 67f44c6d76aa6-0004     "EUR": 0.916548,
2025-04-07T22:06:42+00:00 INFO 67f44c6d76aa6-0004     "FJD": 2.32785,
2025-04-07T22:06:42+00:00 INFO 67f44c6d76aa6-0004     "FKP": 0.786071,
2025-04-07T22:06:42+00:00 INFO 67f44c6d76aa6-0004     "GBP": 0.786071,
2025-04-07T22:06:42+00:00 INFO 67f44c6d76aa6-0004     "GEL": 2.751,
2025-04-07T22:06:42+00:00 INFO 67f44c6d76aa6-0004     "GGP": 0.786071,
2025-04-07T22:06:42+00:00 INFO 67f44c6d76aa6-0004     "GHS": 15.506664,
2025-04-07T22:06:42+00:00 INFO 67f44c6d76aa6-0004     "GIP": 0.786071,
2025-04-07T22:06:42+00:00 INFO 67f44c6d76aa6-0004     "GMD": 72.1572,
2025-04-07T22:06:42+00:00 INFO 67f44c6d76aa6-0004     "GNF": 8657.724844,
2025-04-07T22:06:42+00:00 INFO 67f44c6d76aa6-0004     "GTQ": 7.722082,
2025-04-07T22:06:42+00:00 INFO 67f44c6d76aa6-0004     "GYD": 209.932846,
2025-04-07T22:06:42+00:00 INFO 67f44c6d76aa6-0004     "HKD": 7.76845,
2025-04-07T22:06:42+00:00 INFO 67f44c6d76aa6-0004     "HNL": 25.596107,
2025-04-07T22:06:42+00:00 INFO 67f44c6d76aa6-0004     "HRK": 6.908054,
2025-04-07T22:06:42+00:00 INFO 67f44c6d76aa6-0004     "HTG": 130.908681,
2025-04-07T22:06:42+00:00 INFO 67f44c6d76aa6-0004     "HUF": 374.18,
2025-04-07T22:06:42+00:00 INFO 67f44c6d76aa6-0004     "IDR": 16866.227475,
2025-04-07T22:06:42+00:00 INFO 67f44c6d76aa6-0004     "ILS": 3.778847,
2025-04-07T22:06:42+00:00 INFO 67f44c6d76aa6-0004     "IMP": 0.786071,
2025-04-07T22:06:42+00:00 INFO 67f44c6d76aa6-0004     "INR": 85.99825,
2025-04-07T22:06:42+00:00 INFO 67f44c6d76aa6-0004     "IQD": 1310.535645,
2025-04-07T22:06:42+00:00 INFO 67f44c6d76aa6-0004     "IRR": 42250,
2025-04-07T22:06:42+00:00 INFO 67f44c6d76aa6-0004     "ISK": 132.88,
2025-04-07T22:06:42+00:00 INFO 67f44c6d76aa6-0004     "JEP": 0.786071,
2025-04-07T22:06:42+00:00 INFO 67f44c6d76aa6-0004     "JMD": 157.774408,
2025-04-07T22:06:42+00:00 INFO 67f44c6d76aa6-0004     "JOD": 0.7089,
2025-04-07T22:06:42+00:00 INFO 67f44c6d76aa6-0004     "JPY": 147.854959,
2025-04-07T22:06:42+00:00 INFO 67f44c6d76aa6-0004     "KES": 129.53,
2025-04-07T22:06:42+00:00 INFO 67f44c6d76aa6-0004     "KGS": 86.7116,
2025-04-07T22:06:42+00:00 INFO 67f44c6d76aa6-0004     "KHR": 4003.992307,
2025-04-07T22:06:42+00:00 INFO 67f44c6d76aa6-0004     "KMF": 450.949063,
2025-04-07T22:06:42+00:00 INFO 67f44c6d76aa6-0004     "KPW": 900,
2025-04-07T22:06:42+00:00 INFO 67f44c6d76aa6-0004     "KRW": 1470.937505,
2025-04-07T22:06:42+00:00 INFO 67f44c6d76aa6-0004     "KWD": 0.307922,
2025-04-07T22:06:42+00:00 INFO 67f44c6d76aa6-0004     "KYD": 0.833797,
2025-04-07T22:06:42+00:00 INFO 67f44c6d76aa6-0004     "KZT": 524.446532,
2025-04-07T22:06:42+00:00 INFO 67f44c6d76aa6-0004     "LAK": 21663.224947,
2025-04-07T22:06:42+00:00 INFO 67f44c6d76aa6-0004     "LBP": 89643.389105,
2025-04-07T22:06:42+00:00 INFO 67f44c6d76aa6-0004     "LKR": 297.976999,
2025-04-07T22:06:42+00:00 INFO 67f44c6d76aa6-0004     "LRD": 200.08901,
2025-04-07T22:06:42+00:00 INFO 67f44c6d76aa6-0004     "LSL": 19.379239,
2025-04-07T22:06:42+00:00 INFO 67f44c6d76aa6-0004     "LYD": 5.548506,
2025-04-07T22:06:42+00:00 INFO 67f44c6d76aa6-0004     "MAD": 9.537537,
2025-04-07T22:06:42+00:00 INFO 67f44c6d76aa6-0004     "MDL": 17.722728,
2025-04-07T22:06:42+00:00 INFO 67f44c6d76aa6-0004     "MGA": 4669.342854,
2025-04-07T22:06:42+00:00 INFO 67f44c6d76aa6-0004     "MKD": 56.144556,
2025-04-07T22:06:42+00:00 INFO 67f44c6d76aa6-0004     "MMK": 2098,
2025-04-07T22:06:42+00:00 INFO 67f44c6d76aa6-0004     "MNT": 3398,
2025-04-07T22:06:42+00:00 INFO 67f44c6d76aa6-0004     "MOP": 8.006117,
2025-04-07T22:06:42+00:00 INFO 67f44c6d76aa6-0004     "MUR": 45.049996,
2025-04-07T22:06:42+00:00 INFO 67f44c6d76aa6-0004     "MVR": 15.4343,
2025-04-07T22:06:42+00:00 INFO 67f44c6d76aa6-0004     "MWK": 1734.781394,
2025-04-07T22:06:42+00:00 INFO 67f44c6d76aa6-0004     "MXN": 20.7071,
2025-04-07T22:06:42+00:00 INFO 67f44c6d76aa6-0004     "MYR": 4.48,
2025-04-07T22:06:42+00:00 INFO 67f44c6d76aa6-0004     "MZN": 63.830001,
2025-04-07T22:06:42+00:00 INFO 67f44c6d76aa6-0004     "NAD": 19.379062,
2025-04-07T22:06:42+00:00 INFO 67f44c6d76aa6-0004     "NGN": 1548.34,
2025-04-07T22:06:42+00:00 INFO 67f44c6d76aa6-0004     "NIO": 36.816256,
2025-04-07T22:06:42+00:00 INFO 67f44c6d76aa6-0004     "NOK": 10.9828,
2025-04-07T22:06:42+00:00 INFO 67f44c6d76aa6-0004     "NPR": 137.416665,
2025-04-07T22:06:42+00:00 INFO 67f44c6d76aa6-0004     "NZD": 1.80514,
2025-04-07T22:06:42+00:00 INFO 67f44c6d76aa6-0004     "OMR": 0.384957,
2025-04-07T22:06:42+00:00 INFO 67f44c6d76aa6-0004     "PAB": 1,
2025-04-07T22:06:42+00:00 INFO 67f44c6d76aa6-0004     "PEN": 3.681899,
2025-04-07T22:06:42+00:00 INFO 67f44c6d76aa6-0004     "PGK": 4.069598,
2025-04-07T22:06:42+00:00 INFO 67f44c6d76aa6-0004     "PHP": 57.371997,
2025-04-07T22:06:42+00:00 INFO 67f44c6d76aa6-0004     "PKR": 280.497925,
2025-04-07T22:06:42+00:00 INFO 67f44c6d76aa6-0004     "PLN": 3.93815,
2025-04-07T22:06:42+00:00 INFO 67f44c6d76aa6-0004     "PYG": 8008.78362,
2025-04-07T22:06:42+00:00 INFO 67f44c6d76aa6-0004     "QAR": 3.646788,
2025-04-07T22:06:42+00:00 INFO 67f44c6d76aa6-0004     "RON": 4.561,
2025-04-07T22:06:42+00:00 INFO 67f44c6d76aa6-0004     "RSD": 107.424,
2025-04-07T22:06:42+00:00 INFO 67f44c6d76aa6-0004     "RUB": 86.150255,
2025-04-07T22:06:42+00:00 INFO 67f44c6d76aa6-0004     "RWF": 1410.690057,
2025-04-07T22:06:42+00:00 INFO 67f44c6d76aa6-0004     "SAR": 3.754953,
2025-04-07T22:06:42+00:00 INFO 67f44c6d76aa6-0004     "SBD": 8.31633,
2025-04-07T22:06:42+00:00 INFO 67f44c6d76aa6-0004     "SCR": 14.448156,
2025-04-07T22:06:42+00:00 INFO 67f44c6d76aa6-0004     "SDG": 600.5,
2025-04-07T22:06:42+00:00 INFO 67f44c6d76aa6-0004     "SEK": 10.0772,
2025-04-07T22:06:42+00:00 INFO 67f44c6d76aa6-0004     "SGD": 1.35225,
2025-04-07T22:06:42+00:00 INFO 67f44c6d76aa6-0004     "SHP": 0.786071,
2025-04-07T22:06:42+00:00 INFO 67f44c6d76aa6-0004     "SLL": 20969.5,
2025-04-07T22:06:42+00:00 INFO 67f44c6d76aa6-0004     "SOS": 571.751823,
2025-04-07T22:06:42+00:00 INFO 67f44c6d76aa6-0004     "SRD": 36.6465,
2025-04-07T22:06:42+00:00 INFO 67f44c6d76aa6-0004     "SSP": 130.26,
2025-04-07T22:06:42+00:00 INFO 67f44c6d76aa6-0004     "STD": 22281.8,
2025-04-07T22:06:42+00:00 INFO 67f44c6d76aa6-0004     "SVC": 8.75364,
2025-04-07T22:06:42+00:00 INFO 67f44c6d76aa6-0004     "SYP": 13002,
2025-04-07T22:06:42+00:00 INFO 67f44c6d76aa6-0004     "SZL": 19.373214,
2025-04-07T22:06:42+00:00 INFO 67f44c6d76aa6-0004     "THB": 34.63,
2025-04-07T22:06:42+00:00 INFO 67f44c6d76aa6-0004     "TJS": 10.870498,
2025-04-07T22:06:42+00:00 INFO 67f44c6d76aa6-0004     "TMT": 3.5,
2025-04-07T22:06:42+00:00 INFO 67f44c6d76aa6-0004     "TND": 3.068995,
2025-04-07T22:06:42+00:00 INFO 67f44c6d76aa6-0004     "TOP": 2.40776,
2025-04-07T22:06:42+00:00 INFO 67f44c6d76aa6-0004     "TRY": 37.990102,
2025-04-07T22:06:42+00:00 INFO 67f44c6d76aa6-0004     "TTD": 6.779955,
2025-04-07T22:06:42+00:00 INFO 67f44c6d76aa6-0004     "TWD": 32.9974,
2025-04-07T22:06:42+00:00 INFO 67f44c6d76aa6-0004     "TZS": 2691.259651,
2025-04-07T22:06:42+00:00 INFO 67f44c6d76aa6-0004     "UAH": 41.052646,
2025-04-07T22:06:42+00:00 INFO 67f44c6d76aa6-0004     "UGX": 3718.137449,
2025-04-07T22:06:42+00:00 INFO 67f44c6d76aa6-0004     "USD": 1,
2025-04-07T22:06:42+00:00 INFO 67f44c6d76aa6-0004     "UYU": 42.138318,
2025-04-07T22:06:42+00:00 INFO 67f44c6d76aa6-0004     "UZS": 12953.175344,
2025-04-07T22:06:42+00:00 INFO 67f44c6d76aa6-0004     "VND": 25806.458487,
2025-04-07T22:06:42+00:00 INFO 67f44c6d76aa6-0004     "VUV": 118.722,
2025-04-07T22:06:42+00:00 INFO 67f44c6d76aa6-0004     "WST": 2.8,
2025-04-07T22:06:42+00:00 INFO 67f44c6d76aa6-0004     "XAF": 601.216271,
2025-04-07T22:06:42+00:00 INFO 67f44c6d76aa6-0004     "XAG": 0.033236,
2025-04-07T22:06:42+00:00 INFO 67f44c6d76aa6-0004     "XAU": 0.000335,
2025-04-07T22:06:42+00:00 INFO 67f44c6d76aa6-0004     "XCD": 2.70255,
2025-04-07T22:06:42+00:00 INFO 67f44c6d76aa6-0004     "XDR": 0.752233,
2025-04-07T22:06:42+00:00 INFO 67f44c6d76aa6-0004     "XOF": 601.216271,
2025-04-07T22:06:42+00:00 INFO 67f44c6d76aa6-0004     "XPD": 0.00112,
2025-04-07T22:06:42+00:00 INFO 67f44c6d76aa6-0004     "XPF": 109.373305,
2025-04-07T22:06:42+00:00 INFO 67f44c6d76aa6-0004     "XPT": 0.001114,
2025-04-07T22:06:42+00:00 INFO 67f44c6d76aa6-0004     "YER": 245.720656,
2025-04-07T22:06:42+00:00 INFO 67f44c6d76aa6-0004     "ZAR": 19.62994,
2025-04-07T22:06:42+00:00 INFO 67f44c6d76aa6-0004     "ZMW": 27.987949,
2025-04-07T22:06:42+00:00 INFO 67f44c6d76aa6-0004     "ZWL": 322
2025-04-07T22:06:42+00:00 INFO 67f44c6d76aa6-0004 }
