2025-04-10T02:19:55+00:00 INFO 67f72aca7443d-0001 REQUEST_67f72acb0e6ef (JSON): {
2025-04-10T02:19:55+00:00 INFO 67f72aca7443d-0001     "url": "https:\/\/public-api.wordpress.com\/wpcom\/v2\/sites\/%s\/wcpay\/compatibility",
2025-04-10T02:19:55+00:00 INFO 67f72aca7443d-0001     "method": "POST",
2025-04-10T02:19:55+00:00 INFO 67f72aca7443d-0001     "headers": {
2025-04-10T02:19:55+00:00 INFO 67f72aca7443d-0001         "Content-Type": "application\/json; charset=utf-8",
2025-04-10T02:19:55+00:00 INFO 67f72aca7443d-0001         "User-Agent": "WooCommerce Payments\/9.1.0",
2025-04-10T02:19:55+00:00 INFO 67f72aca7443d-0001         "Idempotency-Key": "66dacf19-7a58-46d9-b3d2-07a75fd3523c",
2025-04-10T02:19:55+00:00 INFO 67f72aca7443d-0001         "X-Request-Initiated": 1744251595.059117
2025-04-10T02:19:55+00:00 INFO 67f72aca7443d-0001     },
2025-04-10T02:19:55+00:00 INFO 67f72aca7443d-0001     "timeout": 70,
2025-04-10T02:19:55+00:00 INFO 67f72aca7443d-0001     "connect_timeout": 70,
2025-04-10T02:19:55+00:00 INFO 67f72aca7443d-0001     "body": {
2025-04-10T02:19:55+00:00 INFO 67f72aca7443d-0001         "test_mode": true,
2025-04-10T02:19:55+00:00 INFO 67f72aca7443d-0001         "compatibility_data": {
2025-04-10T02:19:55+00:00 INFO 67f72aca7443d-0001             "woopayments_version": "9.1.0",
2025-04-10T02:19:55+00:00 INFO 67f72aca7443d-0001             "woocommerce_version": "9.7.1",
2025-04-10T02:19:55+00:00 INFO 67f72aca7443d-0001             "woocommerce_permalinks": {
2025-04-10T02:19:55+00:00 INFO 67f72aca7443d-0001                 "product_base": "product",
2025-04-10T02:19:55+00:00 INFO 67f72aca7443d-0001                 "category_base": "product-category",
2025-04-10T02:19:55+00:00 INFO 67f72aca7443d-0001                 "tag_base": "product-tag",
2025-04-10T02:19:55+00:00 INFO 67f72aca7443d-0001                 "attribute_base": "",
2025-04-10T02:19:55+00:00 INFO 67f72aca7443d-0001                 "use_verbose_page_rules": false
2025-04-10T02:19:55+00:00 INFO 67f72aca7443d-0001             },
2025-04-10T02:19:55+00:00 INFO 67f72aca7443d-0001             "woocommerce_shop": "https:\/\/northernlights.grubmenu.io\/shop\/",
2025-04-10T02:19:55+00:00 INFO 67f72aca7443d-0001             "woocommerce_cart": "https:\/\/northernlights.grubmenu.io\/cart\/",
2025-04-10T02:19:55+00:00 INFO 67f72aca7443d-0001             "woocommerce_checkout": "https:\/\/northernlights.grubmenu.io\/checkout\/",
2025-04-10T02:19:55+00:00 INFO 67f72aca7443d-0001             "blog_theme": "hello-theme-child-master",
2025-04-10T02:19:55+00:00 INFO 67f72aca7443d-0001             "active_plugins": {
2025-04-10T02:19:55+00:00 INFO 67f72aca7443d-0001                 "0": "advanced-custom-fields\/acf.php",
2025-04-10T02:19:55+00:00 INFO 67f72aca7443d-0001                 "1": "classic-editor\/classic-editor.php",
2025-04-10T02:19:55+00:00 INFO 67f72aca7443d-0001                 "2": "classic-widgets\/classic-widgets.php",
2025-04-10T02:19:55+00:00 INFO 67f72aca7443d-0001                 "3": "code-snippets\/code-snippets.php",
2025-04-10T02:19:55+00:00 INFO 67f72aca7443d-0001                 "4": "elementor-pro\/elementor-pro.php",
2025-04-10T02:19:55+00:00 INFO 67f72aca7443d-0001                 "5": "elementor\/elementor.php",
2025-04-10T02:19:55+00:00 INFO 67f72aca7443d-0001                 "6": "elementskit-lite\/elementskit-lite.php",
2025-04-10T02:19:55+00:00 INFO 67f72aca7443d-0001                 "8": "metform\/metform.php",
2025-04-10T02:19:55+00:00 INFO 67f72aca7443d-0001                 "9": "orderable-pro\/orderable-pro.php",
2025-04-10T02:19:55+00:00 INFO 67f72aca7443d-0001                 "10": "orderable\/orderable.php",
2025-04-10T02:19:55+00:00 INFO 67f72aca7443d-0001                 "11": "pods\/init.php",
2025-04-10T02:19:55+00:00 INFO 67f72aca7443d-0001                 "12": "woo-update-manager\/woo-update-manager.php",
2025-04-10T02:19:55+00:00 INFO 67f72aca7443d-0001                 "13": "woocommerce-payments\/woocommerce-payments.php",
2025-04-10T02:19:55+00:00 INFO 67f72aca7443d-0001                 "14": "woocommerce-square\/woocommerce-square.php",
2025-04-10T02:19:55+00:00 INFO 67f72aca7443d-0001                 "15": "woocommerce\/woocommerce.php",
2025-04-10T02:19:55+00:00 INFO 67f72aca7443d-0001                 "16": "wp-mail-logging\/wp-mail-logging.php",
2025-04-10T02:19:55+00:00 INFO 67f72aca7443d-0001                 "17": "wp-mail-smtp\/wp_mail_smtp.php",
2025-04-10T02:19:55+00:00 INFO 67f72aca7443d-0001                 "18": "zapier\/zapier.php"
2025-04-10T02:19:55+00:00 INFO 67f72aca7443d-0001             },
2025-04-10T02:19:55+00:00 INFO 67f72aca7443d-0001             "post_types_count": {
2025-04-10T02:19:55+00:00 INFO 67f72aca7443d-0001                 "post": 0,
2025-04-10T02:19:55+00:00 INFO 67f72aca7443d-0001                 "page": 5,
2025-04-10T02:19:55+00:00 INFO 67f72aca7443d-0001                 "attachment": 0,
2025-04-10T02:19:55+00:00 INFO 67f72aca7443d-0001                 "e-floating-buttons": 0,
2025-04-10T02:19:55+00:00 INFO 67f72aca7443d-0001                 "elementor_library": 8,
2025-04-10T02:19:55+00:00 INFO 67f72aca7443d-0001                 "elementskit_content": 0,
2025-04-10T02:19:55+00:00 INFO 67f72aca7443d-0001                 "elementskit_template": 0,
2025-04-10T02:19:55+00:00 INFO 67f72aca7443d-0001                 "elementskit_widget": 0,
2025-04-10T02:19:55+00:00 INFO 67f72aca7443d-0001                 "product": 15,
2025-04-10T02:19:55+00:00 INFO 67f72aca7443d-0001                 "metform-form": 0,
2025-04-10T02:19:55+00:00 INFO 67f72aca7443d-0001                 "drop-off_location": 1
2025-04-10T02:19:55+00:00 INFO 67f72aca7443d-0001             }
2025-04-10T02:19:55+00:00 INFO 67f72aca7443d-0001         }
2025-04-10T02:19:55+00:00 INFO 67f72aca7443d-0001     }
2025-04-10T02:19:55+00:00 INFO 67f72aca7443d-0001 }
2025-04-10T02:19:55+00:00 INFO 67f72aca7443d-0001 CONTEXT (JSON): {
2025-04-10T02:19:55+00:00 INFO 67f72aca7443d-0001     "WP_User": "Guest (non logged-in user)",
2025-04-10T02:19:55+00:00 INFO 67f72aca7443d-0001     "HTTP_REFERER": "--",
2025-04-10T02:19:55+00:00 INFO 67f72aca7443d-0001     "HTTP_USER_AGENT": "WordPress\/6.7.2; https:\/\/northernlights.grubmenu.io",
2025-04-10T02:19:55+00:00 INFO 67f72aca7443d-0001     "REQUEST_URI": "\/wp-cron.php?doing_wp_cron=1744251594.0991408824920654296875",
2025-04-10T02:19:55+00:00 INFO 67f72aca7443d-0001     "DOING_AJAX": "",
2025-04-10T02:19:55+00:00 INFO 67f72aca7443d-0001     "DOING_CRON": "1",
2025-04-10T02:19:55+00:00 INFO 67f72aca7443d-0001     "WP_CLI": ""
2025-04-10T02:19:55+00:00 INFO 67f72aca7443d-0001 }
2025-04-10T02:19:55+00:00 INFO 67f72aca7443d-0002 RESPONSE_67f72acb0e6ef (JSON): {
2025-04-10T02:19:55+00:00 INFO 67f72aca7443d-0002     "result": "success"
2025-04-10T02:19:55+00:00 INFO 67f72aca7443d-0002 }
2025-04-10T02:19:56+00:00 INFO 67f72aca7443d-0003 REQUEST_67f72acc32a56 (JSON): {
2025-04-10T02:19:56+00:00 INFO 67f72aca7443d-0003     "url": "https:\/\/public-api.wordpress.com\/wpcom\/v2\/wcpay\/woopay\/compatibility?test_mode=1",
2025-04-10T02:19:56+00:00 INFO 67f72aca7443d-0003     "method": "GET",
2025-04-10T02:19:56+00:00 INFO 67f72aca7443d-0003     "headers": {
2025-04-10T02:19:56+00:00 INFO 67f72aca7443d-0003         "Content-Type": "application\/json; charset=utf-8",
2025-04-10T02:19:56+00:00 INFO 67f72aca7443d-0003         "User-Agent": "WooCommerce Payments\/9.1.0",
2025-04-10T02:19:56+00:00 INFO 67f72aca7443d-0003         "X-Request-Initiated": 1744251596.207444
2025-04-10T02:19:56+00:00 INFO 67f72aca7443d-0003     },
2025-04-10T02:19:56+00:00 INFO 67f72aca7443d-0003     "timeout": 70,
2025-04-10T02:19:56+00:00 INFO 67f72aca7443d-0003     "connect_timeout": 70
2025-04-10T02:19:56+00:00 INFO 67f72aca7443d-0003 }
2025-04-10T02:19:56+00:00 INFO 67f72aca7443d-0004 RESPONSE_67f72acc32a56 (JSON): {
2025-04-10T02:19:56+00:00 INFO 67f72aca7443d-0004     "incompatible_extensions": [
2025-04-10T02:19:56+00:00 INFO 67f72aca7443d-0004         "class-wcdonation",
2025-04-10T02:19:56+00:00 INFO 67f72aca7443d-0004         "woocommerce-avatax",
2025-04-10T02:19:56+00:00 INFO 67f72aca7443d-0004         "woocommerce-table-rate-shipping",
2025-04-10T02:19:56+00:00 INFO 67f72aca7443d-0004         "woocommerce-memberships-for-teams",
2025-04-10T02:19:56+00:00 INFO 67f72aca7443d-0004         "woocommerce-checkout-add-ons",
2025-04-10T02:19:56+00:00 INFO 67f72aca7443d-0004         "woocommerce-checkout-field-editor",
2025-04-10T02:19:56+00:00 INFO 67f72aca7443d-0004         "woocommerce-eu-vat-number",
2025-04-10T02:19:56+00:00 INFO 67f72aca7443d-0004         "woocommerce-order-delivery",
2025-04-10T02:19:56+00:00 INFO 67f72aca7443d-0004         "woocommerce-pdf-product-vouchers",
2025-04-10T02:19:56+00:00 INFO 67f72aca7443d-0004         "woocommerce-shipping-local-pickup-plus",
2025-04-10T02:19:56+00:00 INFO 67f72aca7443d-0004         "woocommerce-shipping-multiple-addresses",
2025-04-10T02:19:56+00:00 INFO 67f72aca7443d-0004         "woocommerce-smart-coupons",
2025-04-10T02:19:56+00:00 INFO 67f72aca7443d-0004         "woocommerce-subscriptions-gifting",
2025-04-10T02:19:56+00:00 INFO 67f72aca7443d-0004         "advanced-product-fields-for-woocommerce"
2025-04-10T02:19:56+00:00 INFO 67f72aca7443d-0004     ],
2025-04-10T02:19:56+00:00 INFO 67f72aca7443d-0004     "adapted_extensions": [
2025-04-10T02:19:56+00:00 INFO 67f72aca7443d-0004         "woocommerce-points-and-rewards",
2025-04-10T02:19:56+00:00 INFO 67f72aca7443d-0004         "woocommerce-gift-cards"
2025-04-10T02:19:56+00:00 INFO 67f72aca7443d-0004     ],
2025-04-10T02:19:56+00:00 INFO 67f72aca7443d-0004     "available_countries": [
2025-04-10T02:19:56+00:00 INFO 67f72aca7443d-0004         "US"
2025-04-10T02:19:56+00:00 INFO 67f72aca7443d-0004     ]
2025-04-10T02:19:56+00:00 INFO 67f72aca7443d-0004 }
2025-04-10T05:20:56+00:00 INFO 67f755388dd3e-0001 REQUEST_67f75538b3b45 (JSON): {
2025-04-10T05:20:56+00:00 INFO 67f755388dd3e-0001     "url": "https:\/\/public-api.wordpress.com\/wpcom\/v2\/sites\/%s\/wcpay\/currency\/rates?test_mode=1&currency_from=usd",
2025-04-10T05:20:56+00:00 INFO 67f755388dd3e-0001     "method": "GET",
2025-04-10T05:20:56+00:00 INFO 67f755388dd3e-0001     "headers": {
2025-04-10T05:20:56+00:00 INFO 67f755388dd3e-0001         "Content-Type": "application\/json; charset=utf-8",
2025-04-10T05:20:56+00:00 INFO 67f755388dd3e-0001         "User-Agent": "WooCommerce Payments\/9.1.0",
2025-04-10T05:20:56+00:00 INFO 67f755388dd3e-0001         "X-Request-Initiated": 1744262456.736067
2025-04-10T05:20:56+00:00 INFO 67f755388dd3e-0001     },
2025-04-10T05:20:56+00:00 INFO 67f755388dd3e-0001     "timeout": 70,
2025-04-10T05:20:56+00:00 INFO 67f755388dd3e-0001     "connect_timeout": 70
2025-04-10T05:20:56+00:00 INFO 67f755388dd3e-0001 }
2025-04-10T05:20:56+00:00 INFO 67f755388dd3e-0001 CONTEXT (JSON): {
2025-04-10T05:20:56+00:00 INFO 67f755388dd3e-0001     "WP_User": "Guest (non logged-in user)",
2025-04-10T05:20:56+00:00 INFO 67f755388dd3e-0001     "HTTP_REFERER": "--",
2025-04-10T05:20:56+00:00 INFO 67f755388dd3e-0001     "HTTP_USER_AGENT": "Mozilla\/5.0 (Linux; Android 6.0.1; Nexus 5X Build\/MMB29P) AppleWebKit\/537.36 (KHTML, like Gecko) Chrome\/135.0.7049.52 Mobile Safari\/537.36 (compatible; Googlebot\/2.1; +http:\/\/www.google.com\/bot.html)",
2025-04-10T05:20:56+00:00 INFO 67f755388dd3e-0001     "REQUEST_URI": "\/product-category\/sides\/",
2025-04-10T05:20:56+00:00 INFO 67f755388dd3e-0001     "DOING_AJAX": "",
2025-04-10T05:20:56+00:00 INFO 67f755388dd3e-0001     "DOING_CRON": "",
2025-04-10T05:20:56+00:00 INFO 67f755388dd3e-0001     "WP_CLI": ""
2025-04-10T05:20:56+00:00 INFO 67f755388dd3e-0001 }
2025-04-10T05:20:56+00:00 INFO 67f755388dd3e-0002 RESPONSE_67f75538b3b45 (JSON): {
2025-04-10T05:20:56+00:00 INFO 67f755388dd3e-0002     "AED": 3.673025,
2025-04-10T05:20:56+00:00 INFO 67f755388dd3e-0002     "AFN": 72.198374,
2025-04-10T05:20:56+00:00 INFO 67f755388dd3e-0002     "ALL": 89.343932,
2025-04-10T05:20:56+00:00 INFO 67f755388dd3e-0002     "AMD": 390.700453,
2025-04-10T05:20:56+00:00 INFO 67f755388dd3e-0002     "ANG": 1.79,
2025-04-10T05:20:56+00:00 INFO 67f755388dd3e-0002     "AOA": 916,
2025-04-10T05:20:56+00:00 INFO 67f755388dd3e-0002     "ARS": 1080.741497,
2025-04-10T05:20:56+00:00 INFO 67f755388dd3e-0002     "AUD": 1.622152,
2025-04-10T05:20:56+00:00 INFO 67f755388dd3e-0002     "AWG": 1.8025,
2025-04-10T05:20:56+00:00 INFO 67f755388dd3e-0002     "AZN": 1.7,
2025-04-10T05:20:56+00:00 INFO 67f755388dd3e-0002     "BAM": 1.775474,
2025-04-10T05:20:56+00:00 INFO 67f755388dd3e-0002     "BBD": 2,
2025-04-10T05:20:56+00:00 INFO 67f755388dd3e-0002     "BDT": 121.402279,
2025-04-10T05:20:56+00:00 INFO 67f755388dd3e-0002     "BGN": 1.784955,
2025-04-10T05:20:56+00:00 INFO 67f755388dd3e-0002     "BHD": 0.377035,
2025-04-10T05:20:56+00:00 INFO 67f755388dd3e-0002     "BIF": 2925,
2025-04-10T05:20:56+00:00 INFO 67f755388dd3e-0002     "BMD": 1,
2025-04-10T05:20:56+00:00 INFO 67f755388dd3e-0002     "BND": 1.345771,
2025-04-10T05:20:56+00:00 INFO 67f755388dd3e-0002     "BOB": 6.904859,
2025-04-10T05:20:56+00:00 INFO 67f755388dd3e-0002     "BRL": 5.8202,
2025-04-10T05:20:56+00:00 INFO 67f755388dd3e-0002     "BSD": 1,
2025-04-10T05:20:56+00:00 INFO 67f755388dd3e-0002     "BTC": 1.2e-5,
2025-04-10T05:20:56+00:00 INFO 67f755388dd3e-0002     "BTN": 85.509388,
2025-04-10T05:20:56+00:00 INFO 67f755388dd3e-0002     "BWP": 14.071637,
2025-04-10T05:20:56+00:00 INFO 67f755388dd3e-0002     "BYN": 3.269895,
2025-04-10T05:20:56+00:00 INFO 67f755388dd3e-0002     "BZD": 2.007246,
2025-04-10T05:20:56+00:00 INFO 67f755388dd3e-0002     "CAD": 1.408519,
2025-04-10T05:20:56+00:00 INFO 67f755388dd3e-0002     "CDF": 2902.807551,
2025-04-10T05:20:56+00:00 INFO 67f755388dd3e-0002     "CHF": 0.851999,
2025-04-10T05:20:56+00:00 INFO 67f755388dd3e-0002     "CLF": 0.025863,
2025-04-10T05:20:56+00:00 INFO 67f755388dd3e-0002     "CLP": 991.43,
2025-04-10T05:20:56+00:00 INFO 67f755388dd3e-0002     "CNH": 7.358411,
2025-04-10T05:20:56+00:00 INFO 67f755388dd3e-0002     "CNY": 7.3458,
2025-04-10T05:20:56+00:00 INFO 67f755388dd3e-0002     "COP": 4446.195658,
2025-04-10T05:20:56+00:00 INFO 67f755388dd3e-0002     "CRC": 513.965544,
2025-04-10T05:20:56+00:00 INFO 67f755388dd3e-0002     "CUC": 1,
2025-04-10T05:20:56+00:00 INFO 67f755388dd3e-0002     "CUP": 25.75,
2025-04-10T05:20:56+00:00 INFO 67f755388dd3e-0002     "CVE": 99.863266,
2025-04-10T05:20:56+00:00 INFO 67f755388dd3e-0002     "CZK": 22.801969,
2025-04-10T05:20:56+00:00 INFO 67f755388dd3e-0002     "DJF": 177.93781,
2025-04-10T05:20:56+00:00 INFO 67f755388dd3e-0002     "DKK": 6.796176,
2025-04-10T05:20:56+00:00 INFO 67f755388dd3e-0002     "DOP": 62.190382,
2025-04-10T05:20:56+00:00 INFO 67f755388dd3e-0002     "DZD": 133.356006,
2025-04-10T05:20:56+00:00 INFO 67f755388dd3e-0002     "EGP": 51.510626,
2025-04-10T05:20:56+00:00 INFO 67f755388dd3e-0002     "ERN": 15,
2025-04-10T05:20:56+00:00 INFO 67f755388dd3e-0002     "ETB": 132.162671,
2025-04-10T05:20:56+00:00 INFO 67f755388dd3e-0002     "EUR": 0.91027,
2025-04-10T05:20:56+00:00 INFO 67f755388dd3e-0002     "FJD": 2.3327,
2025-04-10T05:20:56+00:00 INFO 67f755388dd3e-0002     "FKP": 0.778169,
2025-04-10T05:20:56+00:00 INFO 67f755388dd3e-0002     "GBP": 0.778169,
2025-04-10T05:20:56+00:00 INFO 67f755388dd3e-0002     "GEL": 2.751,
2025-04-10T05:20:56+00:00 INFO 67f755388dd3e-0002     "GGP": 0.778169,
2025-04-10T05:20:56+00:00 INFO 67f755388dd3e-0002     "GHS": 15.488838,
2025-04-10T05:20:56+00:00 INFO 67f755388dd3e-0002     "GIP": 0.778169,
2025-04-10T05:20:56+00:00 INFO 67f755388dd3e-0002     "GMD": 72.1572,
2025-04-10T05:20:56+00:00 INFO 67f755388dd3e-0002     "GNF": 8649.902962,
2025-04-10T05:20:56+00:00 INFO 67f755388dd3e-0002     "GTQ": 7.706902,
2025-04-10T05:20:56+00:00 INFO 67f755388dd3e-0002     "GYD": 209.056732,
2025-04-10T05:20:56+00:00 INFO 67f755388dd3e-0002     "HKD": 7.762127,
2025-04-10T05:20:56+00:00 INFO 67f755388dd3e-0002     "HNL": 25.596107,
2025-04-10T05:20:56+00:00 INFO 67f755388dd3e-0002     "HRK": 6.862947,
2025-04-10T05:20:56+00:00 INFO 67f755388dd3e-0002     "HTG": 130.748626,
2025-04-10T05:20:56+00:00 INFO 67f755388dd3e-0002     "HUF": 366.73448,
2025-04-10T05:20:56+00:00 INFO 67f755388dd3e-0002     "IDR": 16775.654623,
2025-04-10T05:20:56+00:00 INFO 67f755388dd3e-0002     "ILS": 3.818772,
2025-04-10T05:20:56+00:00 INFO 67f755388dd3e-0002     "IMP": 0.778169,
2025-04-10T05:20:56+00:00 INFO 67f755388dd3e-0002     "INR": 86.209391,
2025-04-10T05:20:56+00:00 INFO 67f755388dd3e-0002     "IQD": 1309.012298,
2025-04-10T05:20:56+00:00 INFO 67f755388dd3e-0002     "IRR": 42250,
2025-04-10T05:20:56+00:00 INFO 67f755388dd3e-0002     "ISK": 132.08,
2025-04-10T05:20:56+00:00 INFO 67f755388dd3e-0002     "JEP": 0.778169,
2025-04-10T05:20:56+00:00 INFO 67f755388dd3e-0002     "JMD": 157.992029,
2025-04-10T05:20:56+00:00 INFO 67f755388dd3e-0002     "JOD": 0.7089,
2025-04-10T05:20:56+00:00 INFO 67f755388dd3e-0002     "JPY": 146.613583,
2025-04-10T05:20:56+00:00 INFO 67f755388dd3e-0002     "KES": 129.35,
2025-04-10T05:20:56+00:00 INFO 67f755388dd3e-0002     "KGS": 87.0571,
2025-04-10T05:20:56+00:00 INFO 67f755388dd3e-0002     "KHR": 4001.088292,
2025-04-10T05:20:56+00:00 INFO 67f755388dd3e-0002     "KMF": 450.949063,
2025-04-10T05:20:56+00:00 INFO 67f755388dd3e-0002     "KPW": 900,
2025-04-10T05:20:56+00:00 INFO 67f755388dd3e-0002     "KRW": 1456.238339,
2025-04-10T05:20:56+00:00 INFO 67f755388dd3e-0002     "KWD": 0.307794,
2025-04-10T05:20:56+00:00 INFO 67f755388dd3e-0002     "KYD": 0.83276,
2025-04-10T05:20:56+00:00 INFO 67f755388dd3e-0002     "KZT": 518.698581,
2025-04-10T05:20:56+00:00 INFO 67f755388dd3e-0002     "LAK": 21645.336866,
2025-04-10T05:20:56+00:00 INFO 67f755388dd3e-0002     "LBP": 89549.329385,
2025-04-10T05:20:56+00:00 INFO 67f755388dd3e-0002     "LKR": 296.606442,
2025-04-10T05:20:56+00:00 INFO 67f755388dd3e-0002     "LRD": 199.851475,
2025-04-10T05:20:56+00:00 INFO 67f755388dd3e-0002     "LSL": 19.705399,
2025-04-10T05:20:56+00:00 INFO 67f755388dd3e-0002     "LYD": 5.539002,
2025-04-10T05:20:56+00:00 INFO 67f755388dd3e-0002     "MAD": 9.501521,
2025-04-10T05:20:56+00:00 INFO 67f755388dd3e-0002     "MDL": 17.73656,
2025-04-10T05:20:56+00:00 INFO 67f755388dd3e-0002     "MGA": 4643.397991,
2025-04-10T05:20:56+00:00 INFO 67f755388dd3e-0002     "MKD": 55.706439,
2025-04-10T05:20:56+00:00 INFO 67f755388dd3e-0002     "MMK": 2098,
2025-04-10T05:20:56+00:00 INFO 67f755388dd3e-0002     "MNT": 3398,
2025-04-10T05:20:56+00:00 INFO 67f755388dd3e-0002     "MOP": 7.962687,
2025-04-10T05:20:56+00:00 INFO 67f755388dd3e-0002     "MUR": 44.900003,
2025-04-10T05:20:56+00:00 INFO 67f755388dd3e-0002     "MVR": 15.4343,
2025-04-10T05:20:56+00:00 INFO 67f755388dd3e-0002     "MWK": 1726.416415,
2025-04-10T05:20:56+00:00 INFO 67f755388dd3e-0002     "MXN": 20.307285,
2025-04-10T05:20:56+00:00 INFO 67f755388dd3e-0002     "MYR": 4.4805,
2025-04-10T05:20:56+00:00 INFO 67f755388dd3e-0002     "MZN": 63.830001,
2025-04-10T05:20:56+00:00 INFO 67f755388dd3e-0002     "NAD": 19.706202,
2025-04-10T05:20:56+00:00 INFO 67f755388dd3e-0002     "NGN": 1570.13,
2025-04-10T05:20:56+00:00 INFO 67f755388dd3e-0002     "NIO": 36.770033,
2025-04-10T05:20:56+00:00 INFO 67f755388dd3e-0002     "NOK": 10.799747,
2025-04-10T05:20:56+00:00 INFO 67f755388dd3e-0002     "NPR": 136.818106,
2025-04-10T05:20:56+00:00 INFO 67f755388dd3e-0002     "NZD": 1.762384,
2025-04-10T05:20:56+00:00 INFO 67f755388dd3e-0002     "OMR": 0.384989,
2025-04-10T05:20:56+00:00 INFO 67f755388dd3e-0002     "PAB": 1,
2025-04-10T05:20:56+00:00 INFO 67f755388dd3e-0002     "PEN": 3.742212,
2025-04-10T05:20:56+00:00 INFO 67f755388dd3e-0002     "PGK": 4.127119,
2025-04-10T05:20:56+00:00 INFO 67f755388dd3e-0002     "PHP": 57.190001,
2025-04-10T05:20:56+00:00 INFO 67f755388dd3e-0002     "PKR": 280.7,
2025-04-10T05:20:56+00:00 INFO 67f755388dd3e-0002     "PLN": 3.859689,
2025-04-10T05:20:56+00:00 INFO 67f755388dd3e-0002     "PYG": 7996.048978,
2025-04-10T05:20:56+00:00 INFO 67f755388dd3e-0002     "QAR": 3.643041,
2025-04-10T05:20:56+00:00 INFO 67f755388dd3e-0002     "RON": 4.5311,
2025-04-10T05:20:56+00:00 INFO 67f755388dd3e-0002     "RSD": 106.994,
2025-04-10T05:20:56+00:00 INFO 67f755388dd3e-0002     "RUB": 85.868353,
2025-04-10T05:20:56+00:00 INFO 67f755388dd3e-0002     "RWF": 1415.066184,
2025-04-10T05:20:56+00:00 INFO 67f755388dd3e-0002     "SAR": 3.755368,
2025-04-10T05:20:56+00:00 INFO 67f755388dd3e-0002     "SBD": 8.31633,
2025-04-10T05:20:56+00:00 INFO 67f755388dd3e-0002     "SCR": 14.352413,
2025-04-10T05:20:56+00:00 INFO 67f755388dd3e-0002     "SDG": 600.5,
2025-04-10T05:20:56+00:00 INFO 67f755388dd3e-0002     "SEK": 9.966531,
2025-04-10T05:20:56+00:00 INFO 67f755388dd3e-0002     "SGD": 1.340448,
2025-04-10T05:20:56+00:00 INFO 67f755388dd3e-0002     "SHP": 0.778169,
2025-04-10T05:20:56+00:00 INFO 67f755388dd3e-0002     "SLL": 20969.5,
2025-04-10T05:20:56+00:00 INFO 67f755388dd3e-0002     "SOS": 570.873003,
2025-04-10T05:20:56+00:00 INFO 67f755388dd3e-0002     "SRD": 36.6465,
2025-04-10T05:20:56+00:00 INFO 67f755388dd3e-0002     "SSP": 130.26,
2025-04-10T05:20:56+00:00 INFO 67f755388dd3e-0002     "STD": 22281.8,
2025-04-10T05:20:56+00:00 INFO 67f755388dd3e-0002     "SVC": 8.743298,
2025-04-10T05:20:56+00:00 INFO 67f755388dd3e-0002     "SYP": 13002,
2025-04-10T05:20:56+00:00 INFO 67f755388dd3e-0002     "SZL": 19.721601,
2025-04-10T05:20:56+00:00 INFO 67f755388dd3e-0002     "THB": 34.142667,
2025-04-10T05:20:56+00:00 INFO 67f755388dd3e-0002     "TJS": 10.856858,
2025-04-10T05:20:56+00:00 INFO 67f755388dd3e-0002     "TMT": 3.51,
2025-04-10T05:20:56+00:00 INFO 67f755388dd3e-0002     "TND": 3.0785,
2025-04-10T05:20:56+00:00 INFO 67f755388dd3e-0002     "TOP": 2.40776,
2025-04-10T05:20:56+00:00 INFO 67f755388dd3e-0002     "TRY": 37.9904,
2025-04-10T05:20:56+00:00 INFO 67f755388dd3e-0002     "TTD": 6.777097,
2025-04-10T05:20:56+00:00 INFO 67f755388dd3e-0002     "TWD": 32.828743,
2025-04-10T05:20:56+00:00 INFO 67f755388dd3e-0002     "TZS": 2668.745,
2025-04-10T05:20:56+00:00 INFO 67f755388dd3e-0002     "UAH": 41.262408,
2025-04-10T05:20:56+00:00 INFO 67f755388dd3e-0002     "UGX": 3690.538606,
2025-04-10T05:20:56+00:00 INFO 67f755388dd3e-0002     "USD": 1,
2025-04-10T05:20:56+00:00 INFO 67f755388dd3e-0002     "UYU": 42.837994,
2025-04-10T05:20:56+00:00 INFO 67f755388dd3e-0002     "UZS": 12950.973731,
2025-04-10T05:20:56+00:00 INFO 67f755388dd3e-0002     "VND": 25809,
2025-04-10T05:20:56+00:00 INFO 67f755388dd3e-0002     "VUV": 118.722,
2025-04-10T05:20:56+00:00 INFO 67f755388dd3e-0002     "WST": 2.8,
2025-04-10T05:20:56+00:00 INFO 67f755388dd3e-0002     "XAF": 597.098185,
2025-04-10T05:20:56+00:00 INFO 67f755388dd3e-0002     "XAG": 0.032122,
2025-04-10T05:20:56+00:00 INFO 67f755388dd3e-0002     "XAU": 0.00032,
2025-04-10T05:20:56+00:00 INFO 67f755388dd3e-0002     "XCD": 2.70255,
2025-04-10T05:20:56+00:00 INFO 67f755388dd3e-0002     "XDR": 0.752233,
2025-04-10T05:20:56+00:00 INFO 67f755388dd3e-0002     "XOF": 597.098185,
2025-04-10T05:20:56+00:00 INFO 67f755388dd3e-0002     "XPD": 0.001094,
2025-04-10T05:20:56+00:00 INFO 67f755388dd3e-0002     "XPF": 108.624143,
2025-04-10T05:20:56+00:00 INFO 67f755388dd3e-0002     "XPT": 0.001087,
2025-04-10T05:20:56+00:00 INFO 67f755388dd3e-0002     "YER": 245.720656,
2025-04-10T05:20:56+00:00 INFO 67f755388dd3e-0002     "ZAR": 19.284058,
2025-04-10T05:20:56+00:00 INFO 67f755388dd3e-0002     "ZMW": 28.069555,
2025-04-10T05:20:56+00:00 INFO 67f755388dd3e-0002     "ZWL": 322
2025-04-10T05:20:56+00:00 INFO 67f755388dd3e-0002 }
2025-04-10T13:32:57+00:00 INFO 67f7c888ed5fd-0001 REQUEST_67f7c889267b0 (JSON): {
2025-04-10T13:32:57+00:00 INFO 67f7c888ed5fd-0001     "url": "https:\/\/public-api.wordpress.com\/wpcom\/v2\/sites\/%s\/wcpay\/currency\/rates?test_mode=1&currency_from=usd",
2025-04-10T13:32:57+00:00 INFO 67f7c888ed5fd-0001     "method": "GET",
2025-04-10T13:32:57+00:00 INFO 67f7c888ed5fd-0001     "headers": {
2025-04-10T13:32:57+00:00 INFO 67f7c888ed5fd-0001         "Content-Type": "application\/json; charset=utf-8",
2025-04-10T13:32:57+00:00 INFO 67f7c888ed5fd-0001         "User-Agent": "WooCommerce Payments\/9.1.0",
2025-04-10T13:32:57+00:00 INFO 67f7c888ed5fd-0001         "X-Request-Initiated": 1744291977.157614
2025-04-10T13:32:57+00:00 INFO 67f7c888ed5fd-0001     },
2025-04-10T13:32:57+00:00 INFO 67f7c888ed5fd-0001     "timeout": 70,
2025-04-10T13:32:57+00:00 INFO 67f7c888ed5fd-0001     "connect_timeout": 70
2025-04-10T13:32:57+00:00 INFO 67f7c888ed5fd-0001 }
2025-04-10T13:32:57+00:00 INFO 67f7c888ed5fd-0001 CONTEXT (JSON): {
2025-04-10T13:32:57+00:00 INFO 67f7c888ed5fd-0001     "WP_User": "Guest (non logged-in user)",
2025-04-10T13:32:57+00:00 INFO 67f7c888ed5fd-0001     "HTTP_REFERER": "--",
2025-04-10T13:32:57+00:00 INFO 67f7c888ed5fd-0001     "HTTP_USER_AGENT": "Mozilla\/5.0 (compatible; AhrefsBot\/7.0; +http:\/\/ahrefs.com\/robot\/)",
2025-04-10T13:32:57+00:00 INFO 67f7c888ed5fd-0001     "REQUEST_URI": "\/robots.txt",
2025-04-10T13:32:57+00:00 INFO 67f7c888ed5fd-0001     "DOING_AJAX": "",
2025-04-10T13:32:57+00:00 INFO 67f7c888ed5fd-0001     "DOING_CRON": "",
2025-04-10T13:32:57+00:00 INFO 67f7c888ed5fd-0001     "WP_CLI": ""
2025-04-10T13:32:57+00:00 INFO 67f7c888ed5fd-0001 }
2025-04-10T13:32:57+00:00 INFO 67f7c888ed5fd-0002 RESPONSE_67f7c889267b0 (JSON): {
2025-04-10T13:32:57+00:00 INFO 67f7c888ed5fd-0002     "AED": 3.673015,
2025-04-10T13:32:57+00:00 INFO 67f7c888ed5fd-0002     "AFN": 72.451889,
2025-04-10T13:32:57+00:00 INFO 67f7c888ed5fd-0002     "ALL": 89.301849,
2025-04-10T13:32:57+00:00 INFO 67f7c888ed5fd-0002     "AMD": 390.703257,
2025-04-10T13:32:57+00:00 INFO 67f7c888ed5fd-0002     "ANG": 1.79,
2025-04-10T13:32:57+00:00 INFO 67f7c888ed5fd-0002     "AOA": 916,
2025-04-10T13:32:57+00:00 INFO 67f7c888ed5fd-0002     "ARS": 1076.462527,
2025-04-10T13:32:57+00:00 INFO 67f7c888ed5fd-0002     "AUD": 1.616778,
2025-04-10T13:32:57+00:00 INFO 67f7c888ed5fd-0002     "AWG": 1.8025,
2025-04-10T13:32:57+00:00 INFO 67f7c888ed5fd-0002     "AZN": 1.7,
2025-04-10T13:32:57+00:00 INFO 67f7c888ed5fd-0002     "BAM": 1.775474,
2025-04-10T13:32:57+00:00 INFO 67f7c888ed5fd-0002     "BBD": 2,
2025-04-10T13:32:57+00:00 INFO 67f7c888ed5fd-0002     "BDT": 121.555267,
2025-04-10T13:32:57+00:00 INFO 67f7c888ed5fd-0002     "BGN": 1.767024,
2025-04-10T13:32:57+00:00 INFO 67f7c888ed5fd-0002     "BHD": 0.376929,
2025-04-10T13:32:57+00:00 INFO 67f7c888ed5fd-0002     "BIF": 2973.943196,
2025-04-10T13:32:57+00:00 INFO 67f7c888ed5fd-0002     "BMD": 1,
2025-04-10T13:32:57+00:00 INFO 67f7c888ed5fd-0002     "BND": 1.345771,
2025-04-10T13:32:57+00:00 INFO 67f7c888ed5fd-0002     "BOB": 6.912867,
2025-04-10T13:32:57+00:00 INFO 67f7c888ed5fd-0002     "BRL": 5.8225,
2025-04-10T13:32:57+00:00 INFO 67f7c888ed5fd-0002     "BSD": 1,
2025-04-10T13:32:57+00:00 INFO 67f7c888ed5fd-0002     "BTC": 1.2e-5,
2025-04-10T13:32:57+00:00 INFO 67f7c888ed5fd-0002     "BTN": 86.15531,
2025-04-10T13:32:57+00:00 INFO 67f7c888ed5fd-0002     "BWP": 14.110286,
2025-04-10T13:32:57+00:00 INFO 67f7c888ed5fd-0002     "BYN": 3.274009,
2025-04-10T13:32:57+00:00 INFO 67f7c888ed5fd-0002     "BZD": 2.009589,
2025-04-10T13:32:57+00:00 INFO 67f7c888ed5fd-0002     "CAD": 1.408439,
2025-04-10T13:32:57+00:00 INFO 67f7c888ed5fd-0002     "CDF": 2906.222452,
2025-04-10T13:32:57+00:00 INFO 67f7c888ed5fd-0002     "CHF": 0.839844,
2025-04-10T13:32:57+00:00 INFO 67f7c888ed5fd-0002     "CLF": 0.025863,
2025-04-10T13:32:57+00:00 INFO 67f7c888ed5fd-0002     "CLP": 981.87,
2025-04-10T13:32:57+00:00 INFO 67f7c888ed5fd-0002     "CNH": 7.326962,
2025-04-10T13:32:57+00:00 INFO 67f7c888ed5fd-0002     "CNY": 7.3299,
2025-04-10T13:32:57+00:00 INFO 67f7c888ed5fd-0002     "COP": 4321.338168,
2025-04-10T13:32:57+00:00 INFO 67f7c888ed5fd-0002     "CRC": 514.411147,
2025-04-10T13:32:57+00:00 INFO 67f7c888ed5fd-0002     "CUC": 1,
2025-04-10T13:32:57+00:00 INFO 67f7c888ed5fd-0002     "CUP": 25.75,
2025-04-10T13:32:57+00:00 INFO 67f7c888ed5fd-0002     "CVE": 99.564788,
2025-04-10T13:32:57+00:00 INFO 67f7c888ed5fd-0002     "CZK": 22.678899,
2025-04-10T13:32:57+00:00 INFO 67f7c888ed5fd-0002     "DJF": 177.973269,
2025-04-10T13:32:57+00:00 INFO 67f7c888ed5fd-0002     "DKK": 6.743837,
2025-04-10T13:32:57+00:00 INFO 67f7c888ed5fd-0002     "DOP": 61.951458,
2025-04-10T13:32:57+00:00 INFO 67f7c888ed5fd-0002     "DZD": 133.170105,
2025-04-10T13:32:57+00:00 INFO 67f7c888ed5fd-0002     "EGP": 51.335,
2025-04-10T13:32:57+00:00 INFO 67f7c888ed5fd-0002     "ERN": 15,
2025-04-10T13:32:57+00:00 INFO 67f7c888ed5fd-0002     "ETB": 131.931875,
2025-04-10T13:32:57+00:00 INFO 67f7c888ed5fd-0002     "EUR": 0.90336,
2025-04-10T13:32:57+00:00 INFO 67f7c888ed5fd-0002     "FJD": 2.306075,
2025-04-10T13:32:57+00:00 INFO 67f7c888ed5fd-0002     "FKP": 0.773314,
2025-04-10T13:32:57+00:00 INFO 67f7c888ed5fd-0002     "GBP": 0.773314,
2025-04-10T13:32:57+00:00 INFO 67f7c888ed5fd-0002     "GEL": 2.751,
2025-04-10T13:32:57+00:00 INFO 67f7c888ed5fd-0002     "GGP": 0.773314,
2025-04-10T13:32:57+00:00 INFO 67f7c888ed5fd-0002     "GHS": 15.506095,
2025-04-10T13:32:57+00:00 INFO 67f7c888ed5fd-0002     "GIP": 0.773314,
2025-04-10T13:32:57+00:00 INFO 67f7c888ed5fd-0002     "GMD": 72.1572,
2025-04-10T13:32:57+00:00 INFO 67f7c888ed5fd-0002     "GNF": 8660.23358,
2025-04-10T13:32:57+00:00 INFO 67f7c888ed5fd-0002     "GTQ": 7.718493,
2025-04-10T13:32:57+00:00 INFO 67f7c888ed5fd-0002     "GYD": 209.303962,
2025-04-10T13:32:57+00:00 INFO 67f7c888ed5fd-0002     "HKD": 7.760892,
2025-04-10T13:32:57+00:00 INFO 67f7c888ed5fd-0002     "HNL": 25.919439,
2025-04-10T13:32:57+00:00 INFO 67f7c888ed5fd-0002     "HRK": 6.805149,
2025-04-10T13:32:57+00:00 INFO 67f7c888ed5fd-0002     "HTG": 130.656976,
2025-04-10T13:32:57+00:00 INFO 67f7c888ed5fd-0002     "HUF": 367.486083,
2025-04-10T13:32:57+00:00 INFO 67f7c888ed5fd-0002     "IDR": 16837.777893,
2025-04-10T13:32:57+00:00 INFO 67f7c888ed5fd-0002     "ILS": 3.768017,
2025-04-10T13:32:57+00:00 INFO 67f7c888ed5fd-0002     "IMP": 0.773314,
2025-04-10T13:32:57+00:00 INFO 67f7c888ed5fd-0002     "INR": 86.136813,
2025-04-10T13:32:57+00:00 INFO 67f7c888ed5fd-0002     "IQD": 1310.541803,
2025-04-10T13:32:57+00:00 INFO 67f7c888ed5fd-0002     "IRR": 42250,
2025-04-10T13:32:57+00:00 INFO 67f7c888ed5fd-0002     "ISK": 130.66,
2025-04-10T13:32:57+00:00 INFO 67f7c888ed5fd-0002     "JEP": 0.773314,
2025-04-10T13:32:57+00:00 INFO 67f7c888ed5fd-0002     "JMD": 158.279704,
2025-04-10T13:32:57+00:00 INFO 67f7c888ed5fd-0002     "JOD": 0.7089,
2025-04-10T13:32:57+00:00 INFO 67f7c888ed5fd-0002     "JPY": 145.53525,
2025-04-10T13:32:57+00:00 INFO 67f7c888ed5fd-0002     "KES": 129.65,
2025-04-10T13:32:57+00:00 INFO 67f7c888ed5fd-0002     "KGS": 87.45,
2025-04-10T13:32:57+00:00 INFO 67f7c888ed5fd-0002     "KHR": 4006.358797,
2025-04-10T13:32:57+00:00 INFO 67f7c888ed5fd-0002     "KMF": 450.949063,
2025-04-10T13:32:57+00:00 INFO 67f7c888ed5fd-0002     "KPW": 900,
2025-04-10T13:32:57+00:00 INFO 67f7c888ed5fd-0002     "KRW": 1455.961402,
2025-04-10T13:32:57+00:00 INFO 67f7c888ed5fd-0002     "KWD": 0.307497,
2025-04-10T13:32:57+00:00 INFO 67f7c888ed5fd-0002     "KYD": 0.833694,
2025-04-10T13:32:57+00:00 INFO 67f7c888ed5fd-0002     "KZT": 516.184893,
2025-04-10T13:32:57+00:00 INFO 67f7c888ed5fd-0002     "LAK": 21671.623589,
2025-04-10T13:32:57+00:00 INFO 67f7c888ed5fd-0002     "LBP": 89642.053855,
2025-04-10T13:32:57+00:00 INFO 67f7c888ed5fd-0002     "LKR": 297.161049,
2025-04-10T13:32:57+00:00 INFO 67f7c888ed5fd-0002     "LRD": 200.083075,
2025-04-10T13:32:57+00:00 INFO 67f7c888ed5fd-0002     "LSL": 19.436824,
2025-04-10T13:32:57+00:00 INFO 67f7c888ed5fd-0002     "LYD": 5.559644,
2025-04-10T13:32:57+00:00 INFO 67f7c888ed5fd-0002     "MAD": 9.47117,
2025-04-10T13:32:57+00:00 INFO 67f7c888ed5fd-0002     "MDL": 17.772781,
2025-04-10T13:32:57+00:00 INFO 67f7c888ed5fd-0002     "MGA": 4643.397991,
2025-04-10T13:32:57+00:00 INFO 67f7c888ed5fd-0002     "MKD": 55.714759,
2025-04-10T13:32:57+00:00 INFO 67f7c888ed5fd-0002     "MMK": 2098,
2025-04-10T13:32:57+00:00 INFO 67f7c888ed5fd-0002     "MNT": 3398,
2025-04-10T13:32:57+00:00 INFO 67f7c888ed5fd-0002     "MOP": 7.997093,
2025-04-10T13:32:57+00:00 INFO 67f7c888ed5fd-0002     "MUR": 45.100001,
2025-04-10T13:32:57+00:00 INFO 67f7c888ed5fd-0002     "MVR": 15.4343,
2025-04-10T13:32:57+00:00 INFO 67f7c888ed5fd-0002     "MWK": 1734.790873,
2025-04-10T13:32:57+00:00 INFO 67f7c888ed5fd-0002     "MXN": 20.402215,
2025-04-10T13:32:57+00:00 INFO 67f7c888ed5fd-0002     "MYR": 4.468,
2025-04-10T13:32:57+00:00 INFO 67f7c888ed5fd-0002     "MZN": 63.830001,
2025-04-10T13:32:57+00:00 INFO 67f7c888ed5fd-0002     "NAD": 19.436649,
2025-04-10T13:32:57+00:00 INFO 67f7c888ed5fd-0002     "NGN": 1588.32,
2025-04-10T13:32:57+00:00 INFO 67f7c888ed5fd-0002     "NIO": 36.813304,
2025-04-10T13:32:57+00:00 INFO 67f7c888ed5fd-0002     "NOK": 10.815409,
2025-04-10T13:32:57+00:00 INFO 67f7c888ed5fd-0002     "NPR": 137.850792,
2025-04-10T13:32:57+00:00 INFO 67f7c888ed5fd-0002     "NZD": 1.753254,
2025-04-10T13:32:57+00:00 INFO 67f7c888ed5fd-0002     "OMR": 0.384972,
2025-04-10T13:32:57+00:00 INFO 67f7c888ed5fd-0002     "PAB": 1,
2025-04-10T13:32:57+00:00 INFO 67f7c888ed5fd-0002     "PEN": 3.718081,
2025-04-10T13:32:57+00:00 INFO 67f7c888ed5fd-0002     "PGK": 4.073211,
2025-04-10T13:32:57+00:00 INFO 67f7c888ed5fd-0002     "PHP": 57.333001,
2025-04-10T13:32:57+00:00 INFO 67f7c888ed5fd-0002     "PKR": 280.622186,
2025-04-10T13:32:57+00:00 INFO 67f7c888ed5fd-0002     "PLN": 3.844895,
2025-04-10T13:32:57+00:00 INFO 67f7c888ed5fd-0002     "PYG": 8012.89334,
2025-04-10T13:32:57+00:00 INFO 67f7c888ed5fd-0002     "QAR": 3.646871,
2025-04-10T13:32:57+00:00 INFO 67f7c888ed5fd-0002     "RON": 4.496125,
2025-04-10T13:32:57+00:00 INFO 67f7c888ed5fd-0002     "RSD": 105.805,
2025-04-10T13:32:57+00:00 INFO 67f7c888ed5fd-0002     "RUB": 84.795008,
2025-04-10T13:32:57+00:00 INFO 67f7c888ed5fd-0002     "RWF": 1441.743426,
2025-04-10T13:32:57+00:00 INFO 67f7c888ed5fd-0002     "SAR": 3.753802,
2025-04-10T13:32:57+00:00 INFO 67f7c888ed5fd-0002     "SBD": 8.31633,
2025-04-10T13:32:57+00:00 INFO 67f7c888ed5fd-0002     "SCR": 14.468431,
2025-04-10T13:32:57+00:00 INFO 67f7c888ed5fd-0002     "SDG": 600.5,
2025-04-10T13:32:57+00:00 INFO 67f7c888ed5fd-0002     "SEK": 9.941336,
2025-04-10T13:32:57+00:00 INFO 67f7c888ed5fd-0002     "SGD": 1.336995,
2025-04-10T13:32:57+00:00 INFO 67f7c888ed5fd-0002     "SHP": 0.773314,
2025-04-10T13:32:57+00:00 INFO 67f7c888ed5fd-0002     "SLL": 20969.5,
2025-04-10T13:32:57+00:00 INFO 67f7c888ed5fd-0002     "SOS": 571.748212,
2025-04-10T13:32:57+00:00 INFO 67f7c888ed5fd-0002     "SRD": 36.6465,
2025-04-10T13:32:57+00:00 INFO 67f7c888ed5fd-0002     "SSP": 130.26,
2025-04-10T13:32:57+00:00 INFO 67f7c888ed5fd-0002     "STD": 22281.8,
2025-04-10T13:32:57+00:00 INFO 67f7c888ed5fd-0002     "SVC": 8.754108,
2025-04-10T13:32:57+00:00 INFO 67f7c888ed5fd-0002     "SYP": 13002,
2025-04-10T13:32:57+00:00 INFO 67f7c888ed5fd-0002     "SZL": 19.426085,
2025-04-10T13:32:57+00:00 INFO 67f7c888ed5fd-0002     "THB": 34.09025,
2025-04-10T13:32:57+00:00 INFO 67f7c888ed5fd-0002     "TJS": 10.869673,
2025-04-10T13:32:57+00:00 INFO 67f7c888ed5fd-0002     "TMT": 3.51,
2025-04-10T13:32:57+00:00 INFO 67f7c888ed5fd-0002     "TND": 3.049175,
2025-04-10T13:32:57+00:00 INFO 67f7c888ed5fd-0002     "TOP": 2.40776,
2025-04-10T13:32:57+00:00 INFO 67f7c888ed5fd-0002     "TRY": 37.918647,
2025-04-10T13:32:57+00:00 INFO 67f7c888ed5fd-0002     "TTD": 6.792899,
2025-04-10T13:32:57+00:00 INFO 67f7c888ed5fd-0002     "TWD": 32.8245,
2025-04-10T13:32:57+00:00 INFO 67f7c888ed5fd-0002     "TZS": 2671.204164,
2025-04-10T13:32:57+00:00 INFO 67f7c888ed5fd-0002     "UAH": 41.452848,
2025-04-10T13:32:57+00:00 INFO 67f7c888ed5fd-0002     "UGX": 3686.780174,
2025-04-10T13:32:57+00:00 INFO 67f7c888ed5fd-0002     "USD": 1,
2025-04-10T13:32:57+00:00 INFO 67f7c888ed5fd-0002     "UYU": 42.971431,
2025-04-10T13:32:57+00:00 INFO 67f7c888ed5fd-0002     "UZS": 12978.839828,
2025-04-10T13:32:57+00:00 INFO 67f7c888ed5fd-0002     "VND": 25766.582383,
2025-04-10T13:32:57+00:00 INFO 67f7c888ed5fd-0002     "VUV": 118.722,
2025-04-10T13:32:57+00:00 INFO 67f7c888ed5fd-0002     "WST": 2.8,
2025-04-10T13:32:57+00:00 INFO 67f7c888ed5fd-0002     "XAF": 592.565231,
2025-04-10T13:32:57+00:00 INFO 67f7c888ed5fd-0002     "XAG": 0.032346,
2025-04-10T13:32:57+00:00 INFO 67f7c888ed5fd-0002     "XAU": 0.00032,
2025-04-10T13:32:57+00:00 INFO 67f7c888ed5fd-0002     "XCD": 2.70255,
2025-04-10T13:32:57+00:00 INFO 67f7c888ed5fd-0002     "XDR": 0.752233,
2025-04-10T13:32:57+00:00 INFO 67f7c888ed5fd-0002     "XOF": 592.565231,
2025-04-10T13:32:57+00:00 INFO 67f7c888ed5fd-0002     "XPD": 0.001106,
2025-04-10T13:32:57+00:00 INFO 67f7c888ed5fd-0002     "XPF": 107.799507,
2025-04-10T13:32:57+00:00 INFO 67f7c888ed5fd-0002     "XPT": 0.001092,
2025-04-10T13:32:57+00:00 INFO 67f7c888ed5fd-0002     "YER": 245.720656,
2025-04-10T13:32:57+00:00 INFO 67f7c888ed5fd-0002     "ZAR": 19.42609,
2025-04-10T13:32:57+00:00 INFO 67f7c888ed5fd-0002     "ZMW": 28.207027,
2025-04-10T13:32:57+00:00 INFO 67f7c888ed5fd-0002     "ZWL": 322
2025-04-10T13:32:57+00:00 INFO 67f7c888ed5fd-0002 }
2025-04-10T20:09:28+00:00 INFO 67f8257867014-0001 REQUEST_67f825788fcd9 (JSON): {
2025-04-10T20:09:28+00:00 INFO 67f8257867014-0001     "url": "https:\/\/public-api.wordpress.com\/wpcom\/v2\/sites\/%s\/wcpay\/currency\/rates?test_mode=1&currency_from=usd",
2025-04-10T20:09:28+00:00 INFO 67f8257867014-0001     "method": "GET",
2025-04-10T20:09:28+00:00 INFO 67f8257867014-0001     "headers": {
2025-04-10T20:09:28+00:00 INFO 67f8257867014-0001         "Content-Type": "application\/json; charset=utf-8",
2025-04-10T20:09:28+00:00 INFO 67f8257867014-0001         "User-Agent": "WooCommerce Payments\/9.1.0",
2025-04-10T20:09:28+00:00 INFO 67f8257867014-0001         "X-Request-Initiated": 1744315768.589015
2025-04-10T20:09:28+00:00 INFO 67f8257867014-0001     },
2025-04-10T20:09:28+00:00 INFO 67f8257867014-0001     "timeout": 70,
2025-04-10T20:09:28+00:00 INFO 67f8257867014-0001     "connect_timeout": 70
2025-04-10T20:09:28+00:00 INFO 67f8257867014-0001 }
2025-04-10T20:09:28+00:00 INFO 67f8257867014-0001 CONTEXT (JSON): {
2025-04-10T20:09:28+00:00 INFO 67f8257867014-0001     "WP_User": "Guest (non logged-in user)",
2025-04-10T20:09:28+00:00 INFO 67f8257867014-0001     "HTTP_REFERER": "--",
2025-04-10T20:09:28+00:00 INFO 67f8257867014-0001     "HTTP_USER_AGENT": "Mozilla\/5.0 (compatible; AhrefsBot\/7.0; +http:\/\/ahrefs.com\/robot\/)",
2025-04-10T20:09:28+00:00 INFO 67f8257867014-0001     "REQUEST_URI": "\/shop\/?add-to-cart=186",
2025-04-10T20:09:28+00:00 INFO 67f8257867014-0001     "DOING_AJAX": "",
2025-04-10T20:09:28+00:00 INFO 67f8257867014-0001     "DOING_CRON": "",
2025-04-10T20:09:28+00:00 INFO 67f8257867014-0001     "WP_CLI": ""
2025-04-10T20:09:28+00:00 INFO 67f8257867014-0001 }
2025-04-10T20:09:28+00:00 INFO 67f8257867014-0002 RESPONSE_67f825788fcd9 (JSON): {
2025-04-10T20:09:28+00:00 INFO 67f8257867014-0002     "AED": 3.673,
2025-04-10T20:09:28+00:00 INFO 67f8257867014-0002     "AFN": 72.451889,
2025-04-10T20:09:28+00:00 INFO 67f8257867014-0002     "ALL": 89.301849,
2025-04-10T20:09:28+00:00 INFO 67f8257867014-0002     "AMD": 390.703257,
2025-04-10T20:09:28+00:00 INFO 67f8257867014-0002     "ANG": 1.79,
2025-04-10T20:09:28+00:00 INFO 67f8257867014-0002     "AOA": 916,
2025-04-10T20:09:28+00:00 INFO 67f8257867014-0002     "ARS": 1076.519305,
2025-04-10T20:09:28+00:00 INFO 67f8257867014-0002     "AUD": 1.607716,
2025-04-10T20:09:28+00:00 INFO 67f8257867014-0002     "AWG": 1.8025,
2025-04-10T20:09:28+00:00 INFO 67f8257867014-0002     "AZN": 1.7,
2025-04-10T20:09:28+00:00 INFO 67f8257867014-0002     "BAM": 1.775474,
2025-04-10T20:09:28+00:00 INFO 67f8257867014-0002     "BBD": 2,
2025-04-10T20:09:28+00:00 INFO 67f8257867014-0002     "BDT": 121.555267,
2025-04-10T20:09:28+00:00 INFO 67f8257867014-0002     "BGN": 1.748964,
2025-04-10T20:09:28+00:00 INFO 67f8257867014-0002     "BHD": 0.376949,
2025-04-10T20:09:28+00:00 INFO 67f8257867014-0002     "BIF": 2973.943196,
2025-04-10T20:09:28+00:00 INFO 67f8257867014-0002     "BMD": 1,
2025-04-10T20:09:28+00:00 INFO 67f8257867014-0002     "BND": 1.345771,
2025-04-10T20:09:28+00:00 INFO 67f8257867014-0002     "BOB": 6.912867,
2025-04-10T20:09:28+00:00 INFO 67f8257867014-0002     "BRL": 5.903301,
2025-04-10T20:09:28+00:00 INFO 67f8257867014-0002     "BSD": 1,
2025-04-10T20:09:28+00:00 INFO 67f8257867014-0002     "BTC": 1.3e-5,
2025-04-10T20:09:28+00:00 INFO 67f8257867014-0002     "BTN": 86.15531,
2025-04-10T20:09:28+00:00 INFO 67f8257867014-0002     "BWP": 14.110286,
2025-04-10T20:09:28+00:00 INFO 67f8257867014-0002     "BYN": 3.274009,
2025-04-10T20:09:28+00:00 INFO 67f8257867014-0002     "BZD": 2.009589,
2025-04-10T20:09:28+00:00 INFO 67f8257867014-0002     "CAD": 1.395865,
2025-04-10T20:09:28+00:00 INFO 67f8257867014-0002     "CDF": 2906.222452,
2025-04-10T20:09:28+00:00 INFO 67f8257867014-0002     "CHF": 0.825716,
2025-04-10T20:09:28+00:00 INFO 67f8257867014-0002     "CLF": 0.025812,
2025-04-10T20:09:28+00:00 INFO 67f8257867014-0002     "CLP": 989.97,
2025-04-10T20:09:28+00:00 INFO 67f8257867014-0002     "CNH": 7.3119,
2025-04-10T20:09:28+00:00 INFO 67f8257867014-0002     "CNY": 7.3145,
2025-04-10T20:09:28+00:00 INFO 67f8257867014-0002     "COP": 4367.5,
2025-04-10T20:09:28+00:00 INFO 67f8257867014-0002     "CRC": 514.411147,
2025-04-10T20:09:28+00:00 INFO 67f8257867014-0002     "CUC": 1,
2025-04-10T20:09:28+00:00 INFO 67f8257867014-0002     "CUP": 25.75,
2025-04-10T20:09:28+00:00 INFO 67f8257867014-0002     "CVE": 99.564788,
2025-04-10T20:09:28+00:00 INFO 67f8257867014-0002     "CZK": 22.383964,
2025-04-10T20:09:28+00:00 INFO 67f8257867014-0002     "DJF": 177.973269,
2025-04-10T20:09:28+00:00 INFO 67f8257867014-0002     "DKK": 6.661378,
2025-04-10T20:09:28+00:00 INFO 67f8257867014-0002     "DOP": 61.951458,
2025-04-10T20:09:28+00:00 INFO 67f8257867014-0002     "DZD": 132.764,
2025-04-10T20:09:28+00:00 INFO 67f8257867014-0002     "EGP": 51.329613,
2025-04-10T20:09:28+00:00 INFO 67f8257867014-0002     "ERN": 15,
2025-04-10T20:09:28+00:00 INFO 67f8257867014-0002     "ETB": 131.931875,
2025-04-10T20:09:28+00:00 INFO 67f8257867014-0002     "EUR": 0.89218,
2025-04-10T20:09:28+00:00 INFO 67f8257867014-0002     "FJD": 2.30475,
2025-04-10T20:09:28+00:00 INFO 67f8257867014-0002     "FKP": 0.770763,
2025-04-10T20:09:28+00:00 INFO 67f8257867014-0002     "GBP": 0.770763,
2025-04-10T20:09:28+00:00 INFO 67f8257867014-0002     "GEL": 2.751,
2025-04-10T20:09:28+00:00 INFO 67f8257867014-0002     "GGP": 0.770763,
2025-04-10T20:09:28+00:00 INFO 67f8257867014-0002     "GHS": 15.506095,
2025-04-10T20:09:28+00:00 INFO 67f8257867014-0002     "GIP": 0.770763,
2025-04-10T20:09:28+00:00 INFO 67f8257867014-0002     "GMD": 72.1572,
2025-04-10T20:09:28+00:00 INFO 67f8257867014-0002     "GNF": 8660.23358,
2025-04-10T20:09:28+00:00 INFO 67f8257867014-0002     "GTQ": 7.718493,
2025-04-10T20:09:28+00:00 INFO 67f8257867014-0002     "GYD": 209.303962,
2025-04-10T20:09:28+00:00 INFO 67f8257867014-0002     "HKD": 7.757555,
2025-04-10T20:09:28+00:00 INFO 67f8257867014-0002     "HNL": 25.919439,
2025-04-10T20:09:28+00:00 INFO 67f8257867014-0002     "HRK": 6.723538,
2025-04-10T20:09:28+00:00 INFO 67f8257867014-0002     "HTG": 130.656976,
2025-04-10T20:09:28+00:00 INFO 67f8257867014-0002     "HUF": 363.339899,
2025-04-10T20:09:28+00:00 INFO 67f8257867014-0002     "IDR": 16823.023341,
2025-04-10T20:09:28+00:00 INFO 67f8257867014-0002     "ILS": 3.753604,
2025-04-10T20:09:28+00:00 INFO 67f8257867014-0002     "IMP": 0.770763,
2025-04-10T20:09:28+00:00 INFO 67f8257867014-0002     "INR": 86.225284,
2025-04-10T20:09:28+00:00 INFO 67f8257867014-0002     "IQD": 1310.541803,
2025-04-10T20:09:28+00:00 INFO 67f8257867014-0002     "IRR": 42250,
2025-04-10T20:09:28+00:00 INFO 67f8257867014-0002     "ISK": 129.43,
2025-04-10T20:09:28+00:00 INFO 67f8257867014-0002     "JEP": 0.770763,
2025-04-10T20:09:28+00:00 INFO 67f8257867014-0002     "JMD": 158.279704,
2025-04-10T20:09:28+00:00 INFO 67f8257867014-0002     "JOD": 0.7089,
2025-04-10T20:09:28+00:00 INFO 67f8257867014-0002     "JPY": 144.723912,
2025-04-10T20:09:28+00:00 INFO 67f8257867014-0002     "KES": 129.5,
2025-04-10T20:09:28+00:00 INFO 67f8257867014-0002     "KGS": 87.45,
2025-04-10T20:09:28+00:00 INFO 67f8257867014-0002     "KHR": 4006.358797,
2025-04-10T20:09:28+00:00 INFO 67f8257867014-0002     "KMF": 450.949063,
2025-04-10T20:09:28+00:00 INFO 67f8257867014-0002     "KPW": 900,
2025-04-10T20:09:28+00:00 INFO 67f8257867014-0002     "KRW": 1451.96283,
2025-04-10T20:09:28+00:00 INFO 67f8257867014-0002     "KWD": 0.307221,
2025-04-10T20:09:28+00:00 INFO 67f8257867014-0002     "KYD": 0.833694,
2025-04-10T20:09:28+00:00 INFO 67f8257867014-0002     "KZT": 516.184893,
2025-04-10T20:09:28+00:00 INFO 67f8257867014-0002     "LAK": 21671.623589,
2025-04-10T20:09:28+00:00 INFO 67f8257867014-0002     "LBP": 89642.053855,
2025-04-10T20:09:28+00:00 INFO 67f8257867014-0002     "LKR": 297.161049,
2025-04-10T20:09:28+00:00 INFO 67f8257867014-0002     "LRD": 200.083075,
2025-04-10T20:09:28+00:00 INFO 67f8257867014-0002     "LSL": 19.436824,
2025-04-10T20:09:28+00:00 INFO 67f8257867014-0002     "LYD": 5.559644,
2025-04-10T20:09:28+00:00 INFO 67f8257867014-0002     "MAD": 9.47117,
2025-04-10T20:09:28+00:00 INFO 67f8257867014-0002     "MDL": 17.772781,
2025-04-10T20:09:28+00:00 INFO 67f8257867014-0002     "MGA": 4643.397991,
2025-04-10T20:09:28+00:00 INFO 67f8257867014-0002     "MKD": 55.576627,
2025-04-10T20:09:28+00:00 INFO 67f8257867014-0002     "MMK": 2098,
2025-04-10T20:09:28+00:00 INFO 67f8257867014-0002     "MNT": 3398,
2025-04-10T20:09:28+00:00 INFO 67f8257867014-0002     "MOP": 7.997093,
2025-04-10T20:09:28+00:00 INFO 67f8257867014-0002     "MUR": 45.100001,
2025-04-10T20:09:28+00:00 INFO 67f8257867014-0002     "MVR": 15.4343,
2025-04-10T20:09:28+00:00 INFO 67f8257867014-0002     "MWK": 1734.790873,
2025-04-10T20:09:28+00:00 INFO 67f8257867014-0002     "MXN": 20.41196,
2025-04-10T20:09:28+00:00 INFO 67f8257867014-0002     "MYR": 4.468,
2025-04-10T20:09:28+00:00 INFO 67f8257867014-0002     "MZN": 63.830001,
2025-04-10T20:09:28+00:00 INFO 67f8257867014-0002     "NAD": 19.436649,
2025-04-10T20:09:28+00:00 INFO 67f8257867014-0002     "NGN": 1597.76,
2025-04-10T20:09:28+00:00 INFO 67f8257867014-0002     "NIO": 36.813304,
2025-04-10T20:09:28+00:00 INFO 67f8257867014-0002     "NOK": 10.774218,
2025-04-10T20:09:28+00:00 INFO 67f8257867014-0002     "NPR": 137.850792,
2025-04-10T20:09:28+00:00 INFO 67f8257867014-0002     "NZD": 1.740281,
2025-04-10T20:09:28+00:00 INFO 67f8257867014-0002     "OMR": 0.384982,
2025-04-10T20:09:28+00:00 INFO 67f8257867014-0002     "PAB": 1,
2025-04-10T20:09:28+00:00 INFO 67f8257867014-0002     "PEN": 3.718081,
2025-04-10T20:09:28+00:00 INFO 67f8257867014-0002     "PGK": 4.073211,
2025-04-10T20:09:28+00:00 INFO 67f8257867014-0002     "PHP": 57.332006,
2025-04-10T20:09:28+00:00 INFO 67f8257867014-0002     "PKR": 280.622186,
2025-04-10T20:09:28+00:00 INFO 67f8257867014-0002     "PLN": 3.801229,
2025-04-10T20:09:28+00:00 INFO 67f8257867014-0002     "PYG": 8012.89334,
2025-04-10T20:09:28+00:00 INFO 67f8257867014-0002     "QAR": 3.646871,
2025-04-10T20:09:28+00:00 INFO 67f8257867014-0002     "RON": 4.4457,
2025-04-10T20:09:28+00:00 INFO 67f8257867014-0002     "RSD": 104.759,
2025-04-10T20:09:28+00:00 INFO 67f8257867014-0002     "RUB": 83.497095,
2025-04-10T20:09:28+00:00 INFO 67f8257867014-0002     "RWF": 1441.743426,
2025-04-10T20:09:28+00:00 INFO 67f8257867014-0002     "SAR": 3.75402,
2025-04-10T20:09:28+00:00 INFO 67f8257867014-0002     "SBD": 8.31633,
2025-04-10T20:09:28+00:00 INFO 67f8257867014-0002     "SCR": 14.329647,
2025-04-10T20:09:28+00:00 INFO 67f8257867014-0002     "SDG": 600.5,
2025-04-10T20:09:28+00:00 INFO 67f8257867014-0002     "SEK": 9.84747,
2025-04-10T20:09:28+00:00 INFO 67f8257867014-0002     "SGD": 1.330033,
2025-04-10T20:09:28+00:00 INFO 67f8257867014-0002     "SHP": 0.770763,
2025-04-10T20:09:28+00:00 INFO 67f8257867014-0002     "SLL": 20969.5,
2025-04-10T20:09:28+00:00 INFO 67f8257867014-0002     "SOS": 571.748212,
2025-04-10T20:09:28+00:00 INFO 67f8257867014-0002     "SRD": 36.6465,
2025-04-10T20:09:28+00:00 INFO 67f8257867014-0002     "SSP": 130.26,
2025-04-10T20:09:28+00:00 INFO 67f8257867014-0002     "STD": 22281.8,
2025-04-10T20:09:28+00:00 INFO 67f8257867014-0002     "SVC": 8.754108,
2025-04-10T20:09:28+00:00 INFO 67f8257867014-0002     "SYP": 13002,
2025-04-10T20:09:28+00:00 INFO 67f8257867014-0002     "SZL": 19.426085,
2025-04-10T20:09:28+00:00 INFO 67f8257867014-0002     "THB": 33.8595,
2025-04-10T20:09:28+00:00 INFO 67f8257867014-0002     "TJS": 10.869673,
2025-04-10T20:09:28+00:00 INFO 67f8257867014-0002     "TMT": 3.51,
2025-04-10T20:09:28+00:00 INFO 67f8257867014-0002     "TND": 3.049175,
2025-04-10T20:09:28+00:00 INFO 67f8257867014-0002     "TOP": 2.40776,
2025-04-10T20:09:28+00:00 INFO 67f8257867014-0002     "TRY": 37.918602,
2025-04-10T20:09:28+00:00 INFO 67f8257867014-0002     "TTD": 6.792899,
2025-04-10T20:09:28+00:00 INFO 67f8257867014-0002     "TWD": 32.800929,
2025-04-10T20:09:28+00:00 INFO 67f8257867014-0002     "TZS": 2671.204164,
2025-04-10T20:09:28+00:00 INFO 67f8257867014-0002     "UAH": 41.452848,
2025-04-10T20:09:28+00:00 INFO 67f8257867014-0002     "UGX": 3686.780174,
2025-04-10T20:09:28+00:00 INFO 67f8257867014-0002     "USD": 1,
2025-04-10T20:09:28+00:00 INFO 67f8257867014-0002     "UYU": 42.971431,
2025-04-10T20:09:28+00:00 INFO 67f8257867014-0002     "UZS": 12978.839828,
2025-04-10T20:09:28+00:00 INFO 67f8257867014-0002     "VND": 25766.582383,
2025-04-10T20:09:28+00:00 INFO 67f8257867014-0002     "VUV": 118.722,
2025-04-10T20:09:28+00:00 INFO 67f8257867014-0002     "WST": 2.8,
2025-04-10T20:09:28+00:00 INFO 67f8257867014-0002     "XAF": 585.231746,
2025-04-10T20:09:28+00:00 INFO 67f8257867014-0002     "XAG": 0.032326,
2025-04-10T20:09:28+00:00 INFO 67f8257867014-0002     "XAU": 0.000316,
2025-04-10T20:09:28+00:00 INFO 67f8257867014-0002     "XCD": 2.70255,
2025-04-10T20:09:28+00:00 INFO 67f8257867014-0002     "XDR": 0.752233,
2025-04-10T20:09:28+00:00 INFO 67f8257867014-0002     "XOF": 585.231746,
2025-04-10T20:09:28+00:00 INFO 67f8257867014-0002     "XPD": 0.001114,
2025-04-10T20:09:28+00:00 INFO 67f8257867014-0002     "XPF": 106.465399,
2025-04-10T20:09:28+00:00 INFO 67f8257867014-0002     "XPT": 0.001093,
2025-04-10T20:09:28+00:00 INFO 67f8257867014-0002     "YER": 245.720656,
2025-04-10T20:09:28+00:00 INFO 67f8257867014-0002     "ZAR": 19.429856,
2025-04-10T20:09:28+00:00 INFO 67f8257867014-0002     "ZMW": 28.207027,
2025-04-10T20:09:28+00:00 INFO 67f8257867014-0002     "ZWL": 322
2025-04-10T20:09:28+00:00 INFO 67f8257867014-0002 }
