2025-04-01T01:40:33+00:00 INFO 67eb4410dccd3-0001 REQUEST_67eb44111dc2b (JSON): {
2025-04-01T01:40:33+00:00 INFO 67eb4410dccd3-0001     "url": "https:\/\/public-api.wordpress.com\/wpcom\/v2\/sites\/%s\/wcpay\/currency\/rates?test_mode=1&currency_from=usd",
2025-04-01T01:40:33+00:00 INFO 67eb4410dccd3-0001     "method": "GET",
2025-04-01T01:40:33+00:00 INFO 67eb4410dccd3-0001     "headers": {
2025-04-01T01:40:33+00:00 INFO 67eb4410dccd3-0001         "Content-Type": "application\/json; charset=utf-8",
2025-04-01T01:40:33+00:00 INFO 67eb4410dccd3-0001         "User-Agent": "WooCommerce Payments\/9.1.0",
2025-04-01T01:40:33+00:00 INFO 67eb4410dccd3-0001         "X-Request-Initiated": 1743471633.121896
2025-04-01T01:40:33+00:00 INFO 67eb4410dccd3-0001     },
2025-04-01T01:40:33+00:00 INFO 67eb4410dccd3-0001     "timeout": 70,
2025-04-01T01:40:33+00:00 INFO 67eb4410dccd3-0001     "connect_timeout": 70
2025-04-01T01:40:33+00:00 INFO 67eb4410dccd3-0001 }
2025-04-01T01:40:33+00:00 INFO 67eb4410dccd3-0001 CONTEXT (JSON): {
2025-04-01T01:40:33+00:00 INFO 67eb4410dccd3-0001     "WP_User": "Guest (non logged-in user)",
2025-04-01T01:40:33+00:00 INFO 67eb4410dccd3-0001     "HTTP_REFERER": "--",
2025-04-01T01:40:33+00:00 INFO 67eb4410dccd3-0001     "HTTP_USER_AGENT": "Mozilla\/5.0 (Linux; Android 6.0.1; Nexus 5X Build\/MMB29P) AppleWebKit\/537.36 (KHTML, like Gecko) Chrome\/134.0.6998.165 Mobile Safari\/537.36 (compatible; Googlebot\/2.1; +http:\/\/www.google.com\/bot.html)",
2025-04-01T01:40:33+00:00 INFO 67eb4410dccd3-0001     "REQUEST_URI": "\/product\/garlic-sauce\/",
2025-04-01T01:40:33+00:00 INFO 67eb4410dccd3-0001     "DOING_AJAX": "",
2025-04-01T01:40:33+00:00 INFO 67eb4410dccd3-0001     "DOING_CRON": "",
2025-04-01T01:40:33+00:00 INFO 67eb4410dccd3-0001     "WP_CLI": ""
2025-04-01T01:40:33+00:00 INFO 67eb4410dccd3-0001 }
2025-04-01T01:40:33+00:00 INFO 67eb4410dccd3-0002 RESPONSE_67eb44111dc2b (JSON): {
2025-04-01T01:40:33+00:00 INFO 67eb4410dccd3-0002     "AED": 3.673005,
2025-04-01T01:40:33+00:00 INFO 67eb4410dccd3-0002     "AFN": 70.958171,
2025-04-01T01:40:33+00:00 INFO 67eb4410dccd3-0002     "ALL": 91.78256,
2025-04-01T01:40:33+00:00 INFO 67eb4410dccd3-0002     "AMD": 390.977046,
2025-04-01T01:40:33+00:00 INFO 67eb4410dccd3-0002     "ANG": 1.790208,
2025-04-01T01:40:33+00:00 INFO 67eb4410dccd3-0002     "AOA": 912,
2025-04-01T01:40:33+00:00 INFO 67eb4410dccd3-0002     "ARS": 1073.134504,
2025-04-01T01:40:33+00:00 INFO 67eb4410dccd3-0002     "AUD": 1.602615,
2025-04-01T01:40:33+00:00 INFO 67eb4410dccd3-0002     "AWG": 1.8,
2025-04-01T01:40:33+00:00 INFO 67eb4410dccd3-0002     "AZN": 1.7,
2025-04-01T01:40:33+00:00 INFO 67eb4410dccd3-0002     "BAM": 1.807771,
2025-04-01T01:40:33+00:00 INFO 67eb4410dccd3-0002     "BBD": 2,
2025-04-01T01:40:33+00:00 INFO 67eb4410dccd3-0002     "BDT": 121.526408,
2025-04-01T01:40:33+00:00 INFO 67eb4410dccd3-0002     "BGN": 1.8082,
2025-04-01T01:40:33+00:00 INFO 67eb4410dccd3-0002     "BHD": 0.37696,
2025-04-01T01:40:33+00:00 INFO 67eb4410dccd3-0002     "BIF": 2971.896374,
2025-04-01T01:40:33+00:00 INFO 67eb4410dccd3-0002     "BMD": 1,
2025-04-01T01:40:33+00:00 INFO 67eb4410dccd3-0002     "BND": 1.342447,
2025-04-01T01:40:33+00:00 INFO 67eb4410dccd3-0002     "BOB": 6.93499,
2025-04-01T01:40:33+00:00 INFO 67eb4410dccd3-0002     "BRL": 5.6998,
2025-04-01T01:40:33+00:00 INFO 67eb4410dccd3-0002     "BSD": 1,
2025-04-01T01:40:33+00:00 INFO 67eb4410dccd3-0002     "BTC": 1.2e-5,
2025-04-01T01:40:33+00:00 INFO 67eb4410dccd3-0002     "BTN": 85.469606,
2025-04-01T01:40:33+00:00 INFO 67eb4410dccd3-0002     "BWP": 13.717471,
2025-04-01T01:40:33+00:00 INFO 67eb4410dccd3-0002     "BYN": 3.272468,
2025-04-01T01:40:33+00:00 INFO 67eb4410dccd3-0002     "BZD": 2.008587,
2025-04-01T01:40:33+00:00 INFO 67eb4410dccd3-0002     "CAD": 1.439287,
2025-04-01T01:40:33+00:00 INFO 67eb4410dccd3-0002     "CDF": 2847.20241,
2025-04-01T01:40:33+00:00 INFO 67eb4410dccd3-0002     "CHF": 0.883803,
2025-04-01T01:40:33+00:00 INFO 67eb4410dccd3-0002     "CLF": 0.024552,
2025-04-01T01:40:33+00:00 INFO 67eb4410dccd3-0002     "CLP": 941.18,
2025-04-01T01:40:33+00:00 INFO 67eb4410dccd3-0002     "CNH": 7.265598,
2025-04-01T01:40:33+00:00 INFO 67eb4410dccd3-0002     "CNY": 7.2535,
2025-04-01T01:40:33+00:00 INFO 67eb4410dccd3-0002     "COP": 4199.542503,
2025-04-01T01:40:33+00:00 INFO 67eb4410dccd3-0002     "CRC": 500.414129,
2025-04-01T01:40:33+00:00 INFO 67eb4410dccd3-0002     "CUC": 1,
2025-04-01T01:40:33+00:00 INFO 67eb4410dccd3-0002     "CUP": 25.75,
2025-04-01T01:40:33+00:00 INFO 67eb4410dccd3-0002     "CVE": 101.917463,
2025-04-01T01:40:33+00:00 INFO 67eb4410dccd3-0002     "CZK": 23.061058,
2025-04-01T01:40:33+00:00 INFO 67eb4410dccd3-0002     "DJF": 177.714356,
2025-04-01T01:40:33+00:00 INFO 67eb4410dccd3-0002     "DKK": 6.896284,
2025-04-01T01:40:33+00:00 INFO 67eb4410dccd3-0002     "DOP": 62.991325,
2025-04-01T01:40:33+00:00 INFO 67eb4410dccd3-0002     "DZD": 134.002983,
2025-04-01T01:40:33+00:00 INFO 67eb4410dccd3-0002     "EGP": 50.572216,
2025-04-01T01:40:33+00:00 INFO 67eb4410dccd3-0002     "ERN": 15,
2025-04-01T01:40:33+00:00 INFO 67eb4410dccd3-0002     "ETB": 131.372978,
2025-04-01T01:40:33+00:00 INFO 67eb4410dccd3-0002     "EUR": 0.924374,
2025-04-01T01:40:33+00:00 INFO 67eb4410dccd3-0002     "FJD": 2.32725,
2025-04-01T01:40:33+00:00 INFO 67eb4410dccd3-0002     "FKP": 0.773992,
2025-04-01T01:40:33+00:00 INFO 67eb4410dccd3-0002     "GBP": 0.773992,
2025-04-01T01:40:33+00:00 INFO 67eb4410dccd3-0002     "GEL": 2.775,
2025-04-01T01:40:33+00:00 INFO 67eb4410dccd3-0002     "GGP": 0.773992,
2025-04-01T01:40:33+00:00 INFO 67eb4410dccd3-0002     "GHS": 15.500437,
2025-04-01T01:40:33+00:00 INFO 67eb4410dccd3-0002     "GIP": 0.773992,
2025-04-01T01:40:33+00:00 INFO 67eb4410dccd3-0002     "GMD": 71.999996,
2025-04-01T01:40:33+00:00 INFO 67eb4410dccd3-0002     "GNF": 8652.198034,
2025-04-01T01:40:33+00:00 INFO 67eb4410dccd3-0002     "GTQ": 7.714171,
2025-04-01T01:40:33+00:00 INFO 67eb4410dccd3-0002     "GYD": 209.205014,
2025-04-01T01:40:33+00:00 INFO 67eb4410dccd3-0002     "HKD": 7.77995,
2025-04-01T01:40:33+00:00 INFO 67eb4410dccd3-0002     "HNL": 25.580352,
2025-04-01T01:40:33+00:00 INFO 67eb4410dccd3-0002     "HRK": 6.965056,
2025-04-01T01:40:33+00:00 INFO 67eb4410dccd3-0002     "HTG": 131.047844,
2025-04-01T01:40:33+00:00 INFO 67eb4410dccd3-0002     "HUF": 372.223187,
2025-04-01T01:40:33+00:00 INFO 67eb4410dccd3-0002     "IDR": 16656.675576,
2025-04-01T01:40:33+00:00 INFO 67eb4410dccd3-0002     "ILS": 3.729425,
2025-04-01T01:40:33+00:00 INFO 67eb4410dccd3-0002     "IMP": 0.773992,
2025-04-01T01:40:33+00:00 INFO 67eb4410dccd3-0002     "INR": 85.429165,
2025-04-01T01:40:33+00:00 INFO 67eb4410dccd3-0002     "IQD": 1309.5,
2025-04-01T01:40:33+00:00 INFO 67eb4410dccd3-0002     "IRR": 42100,
2025-04-01T01:40:33+00:00 INFO 67eb4410dccd3-0002     "ISK": 132.1,
2025-04-01T01:40:33+00:00 INFO 67eb4410dccd3-0002     "JEP": 0.773992,
2025-04-01T01:40:33+00:00 INFO 67eb4410dccd3-0002     "JMD": 157.305844,
2025-04-01T01:40:33+00:00 INFO 67eb4410dccd3-0002     "JOD": 0.709,
2025-04-01T01:40:33+00:00 INFO 67eb4410dccd3-0002     "JPY": 149.8735,
2025-04-01T01:40:33+00:00 INFO 67eb4410dccd3-0002     "KES": 129.299799,
2025-04-01T01:40:33+00:00 INFO 67eb4410dccd3-0002     "KGS": 86.5051,
2025-04-01T01:40:33+00:00 INFO 67eb4410dccd3-0002     "KHR": 3999.42186,
2025-04-01T01:40:33+00:00 INFO 67eb4410dccd3-0002     "KMF": 456.500326,
2025-04-01T01:40:33+00:00 INFO 67eb4410dccd3-0002     "KPW": 900,
2025-04-01T01:40:33+00:00 INFO 67eb4410dccd3-0002     "KRW": 1473.060239,
2025-04-01T01:40:33+00:00 INFO 67eb4410dccd3-0002     "KWD": 0.308337,
2025-04-01T01:40:33+00:00 INFO 67eb4410dccd3-0002     "KYD": 0.833345,
2025-04-01T01:40:33+00:00 INFO 67eb4410dccd3-0002     "KZT": 503.851987,
2025-04-01T01:40:33+00:00 INFO 67eb4410dccd3-0002     "LAK": 21662.120429,
2025-04-01T01:40:33+00:00 INFO 67eb4410dccd3-0002     "LBP": 89582.864135,
2025-04-01T01:40:33+00:00 INFO 67eb4410dccd3-0002     "LKR": 296.181213,
2025-04-01T01:40:33+00:00 INFO 67eb4410dccd3-0002     "LRD": 198.599735,
2025-04-01T01:40:33+00:00 INFO 67eb4410dccd3-0002     "LSL": 18.341999,
2025-04-01T01:40:33+00:00 INFO 67eb4410dccd3-0002     "LYD": 4.835914,
2025-04-01T01:40:33+00:00 INFO 67eb4410dccd3-0002     "MAD": 9.619606,
2025-04-01T01:40:33+00:00 INFO 67eb4410dccd3-0002     "MDL": 17.944275,
2025-04-01T01:40:33+00:00 INFO 67eb4410dccd3-0002     "MGA": 4650.120173,
2025-04-01T01:40:33+00:00 INFO 67eb4410dccd3-0002     "MKD": 56.837916,
2025-04-01T01:40:33+00:00 INFO 67eb4410dccd3-0002     "MMK": 2098,
2025-04-01T01:40:33+00:00 INFO 67eb4410dccd3-0002     "MNT": 3398,
2025-04-01T01:40:33+00:00 INFO 67eb4410dccd3-0002     "MOP": 8.011609,
2025-04-01T01:40:33+00:00 INFO 67eb4410dccd3-0002     "MUR": 45.630002,
2025-04-01T01:40:33+00:00 INFO 67eb4410dccd3-0002     "MVR": 15.4,
2025-04-01T01:40:33+00:00 INFO 67eb4410dccd3-0002     "MWK": 1736,
2025-04-01T01:40:33+00:00 INFO 67eb4410dccd3-0002     "MXN": 20.479099,
2025-04-01T01:40:33+00:00 INFO 67eb4410dccd3-0002     "MYR": 4.4335,
2025-04-01T01:40:33+00:00 INFO 67eb4410dccd3-0002     "MZN": 63.899993,
2025-04-01T01:40:33+00:00 INFO 67eb4410dccd3-0002     "NAD": 18.342168,
2025-04-01T01:40:33+00:00 INFO 67eb4410dccd3-0002     "NGN": 1533.72,
2025-04-01T01:40:33+00:00 INFO 67eb4410dccd3-0002     "NIO": 36.796547,
2025-04-01T01:40:33+00:00 INFO 67eb4410dccd3-0002     "NOK": 10.511818,
2025-04-01T01:40:33+00:00 INFO 67eb4410dccd3-0002     "NPR": 136.75139,
2025-04-01T01:40:33+00:00 INFO 67eb4410dccd3-0002     "NZD": 1.763995,
2025-04-01T01:40:33+00:00 INFO 67eb4410dccd3-0002     "OMR": 0.384971,
2025-04-01T01:40:33+00:00 INFO 67eb4410dccd3-0002     "PAB": 1,
2025-04-01T01:40:33+00:00 INFO 67eb4410dccd3-0002     "PEN": 3.658824,
2025-04-01T01:40:33+00:00 INFO 67eb4410dccd3-0002     "PGK": 4.061355,
2025-04-01T01:40:33+00:00 INFO 67eb4410dccd3-0002     "PHP": 57.267001,
2025-04-01T01:40:33+00:00 INFO 67eb4410dccd3-0002     "PKR": 280.260751,
2025-04-01T01:40:33+00:00 INFO 67eb4410dccd3-0002     "PLN": 3.868535,
2025-04-01T01:40:33+00:00 INFO 67eb4410dccd3-0002     "PYG": 7981.339949,
2025-04-01T01:40:33+00:00 INFO 67eb4410dccd3-0002     "QAR": 3.646808,
2025-04-01T01:40:33+00:00 INFO 67eb4410dccd3-0002     "RON": 4.6013,
2025-04-01T01:40:33+00:00 INFO 67eb4410dccd3-0002     "RSD": 108.349,
2025-04-01T01:40:33+00:00 INFO 67eb4410dccd3-0002     "RUB": 83.004638,
2025-04-01T01:40:33+00:00 INFO 67eb4410dccd3-0002     "RWF": 1409.363524,
2025-04-01T01:40:33+00:00 INFO 67eb4410dccd3-0002     "SAR": 3.751248,
2025-04-01T01:40:33+00:00 INFO 67eb4410dccd3-0002     "SBD": 8.340864,
2025-04-01T01:40:33+00:00 INFO 67eb4410dccd3-0002     "SCR": 14.37051,
2025-04-01T01:40:33+00:00 INFO 67eb4410dccd3-0002     "SDG": 600.5,
2025-04-01T01:40:33+00:00 INFO 67eb4410dccd3-0002     "SEK": 10.042594,
2025-04-01T01:40:33+00:00 INFO 67eb4410dccd3-0002     "SGD": 1.343198,
2025-04-01T01:40:33+00:00 INFO 67eb4410dccd3-0002     "SHP": 0.773992,
2025-04-01T01:40:33+00:00 INFO 67eb4410dccd3-0002     "SLL": 20969.5,
2025-04-01T01:40:33+00:00 INFO 67eb4410dccd3-0002     "SOS": 571.492029,
2025-04-01T01:40:33+00:00 INFO 67eb4410dccd3-0002     "SRD": 36.5495,
2025-04-01T01:40:33+00:00 INFO 67eb4410dccd3-0002     "SSP": 130.26,
2025-04-01T01:40:33+00:00 INFO 67eb4410dccd3-0002     "STD": 22281.8,
2025-04-01T01:40:33+00:00 INFO 67eb4410dccd3-0002     "SVC": 8.749382,
2025-04-01T01:40:33+00:00 INFO 67eb4410dccd3-0002     "SYP": 13002,
2025-04-01T01:40:33+00:00 INFO 67eb4410dccd3-0002     "SZL": 18.046188,
2025-04-01T01:40:33+00:00 INFO 67eb4410dccd3-0002     "THB": 33.99,
2025-04-01T01:40:33+00:00 INFO 67eb4410dccd3-0002     "TJS": 10.869539,
2025-04-01T01:40:33+00:00 INFO 67eb4410dccd3-0002     "TMT": 3.5,
2025-04-01T01:40:33+00:00 INFO 67eb4410dccd3-0002     "TND": 3.11204,
2025-04-01T01:40:33+00:00 INFO 67eb4410dccd3-0002     "TOP": 2.40776,
2025-04-01T01:40:33+00:00 INFO 67eb4410dccd3-0002     "TRY": 37.949298,
2025-04-01T01:40:33+00:00 INFO 67eb4410dccd3-0002     "TTD": 6.785254,
2025-04-01T01:40:33+00:00 INFO 67eb4410dccd3-0002     "TWD": 33.254101,
2025-04-01T01:40:33+00:00 INFO 67eb4410dccd3-0002     "TZS": 2650.065533,
2025-04-01T01:40:33+00:00 INFO 67eb4410dccd3-0002     "UAH": 41.37868,
2025-04-01T01:40:33+00:00 INFO 67eb4410dccd3-0002     "UGX": 3660.344312,
2025-04-01T01:40:33+00:00 INFO 67eb4410dccd3-0002     "USD": 1,
2025-04-01T01:40:33+00:00 INFO 67eb4410dccd3-0002     "UYU": 42.166367,
2025-04-01T01:40:33+00:00 INFO 67eb4410dccd3-0002     "UZS": 12936.564808,
2025-04-01T01:40:33+00:00 INFO 67eb4410dccd3-0002     "VND": 25575.454262,
2025-04-01T01:40:33+00:00 INFO 67eb4410dccd3-0002     "VUV": 118.722,
2025-04-01T01:40:33+00:00 INFO 67eb4410dccd3-0002     "WST": 2.8,
2025-04-01T01:40:33+00:00 INFO 67eb4410dccd3-0002     "XAF": 606.349422,
2025-04-01T01:40:33+00:00 INFO 67eb4410dccd3-0002     "XAG": 0.029319,
2025-04-01T01:40:33+00:00 INFO 67eb4410dccd3-0002     "XAU": 0.00032,
2025-04-01T01:40:33+00:00 INFO 67eb4410dccd3-0002     "XCD": 2.70255,
2025-04-01T01:40:33+00:00 INFO 67eb4410dccd3-0002     "XDR": 0.752233,
2025-04-01T01:40:33+00:00 INFO 67eb4410dccd3-0002     "XOF": 606.349422,
2025-04-01T01:40:33+00:00 INFO 67eb4410dccd3-0002     "XPD": 0.001006,
2025-04-01T01:40:33+00:00 INFO 67eb4410dccd3-0002     "XPF": 110.307128,
2025-04-01T01:40:33+00:00 INFO 67eb4410dccd3-0002     "XPT": 0.000992,
2025-04-01T01:40:33+00:00 INFO 67eb4410dccd3-0002     "YER": 245.999996,
2025-04-01T01:40:33+00:00 INFO 67eb4410dccd3-0002     "ZAR": 18.31013,
2025-04-01T01:40:33+00:00 INFO 67eb4410dccd3-0002     "ZMW": 28.173452,
2025-04-01T01:40:33+00:00 INFO 67eb4410dccd3-0002     "ZWL": 322
2025-04-01T01:40:33+00:00 INFO 67eb4410dccd3-0002 }
2025-04-01T01:40:35+00:00 INFO 67eb4411cc574-0001 REQUEST_67eb44138083c (JSON): {
2025-04-01T01:40:35+00:00 INFO 67eb4411cc574-0001     "url": "https:\/\/public-api.wordpress.com\/wpcom\/v2\/sites\/%s\/wcpay\/compatibility",
2025-04-01T01:40:35+00:00 INFO 67eb4411cc574-0001     "method": "POST",
2025-04-01T01:40:35+00:00 INFO 67eb4411cc574-0001     "headers": {
2025-04-01T01:40:35+00:00 INFO 67eb4411cc574-0001         "Content-Type": "application\/json; charset=utf-8",
2025-04-01T01:40:35+00:00 INFO 67eb4411cc574-0001         "User-Agent": "WooCommerce Payments\/9.1.0",
2025-04-01T01:40:35+00:00 INFO 67eb4411cc574-0001         "Idempotency-Key": "80cf5b27-24d3-438f-b316-c120f0d97fc6",
2025-04-01T01:40:35+00:00 INFO 67eb4411cc574-0001         "X-Request-Initiated": 1743471635.526392
2025-04-01T01:40:35+00:00 INFO 67eb4411cc574-0001     },
2025-04-01T01:40:35+00:00 INFO 67eb4411cc574-0001     "timeout": 70,
2025-04-01T01:40:35+00:00 INFO 67eb4411cc574-0001     "connect_timeout": 70,
2025-04-01T01:40:35+00:00 INFO 67eb4411cc574-0001     "body": {
2025-04-01T01:40:35+00:00 INFO 67eb4411cc574-0001         "test_mode": true,
2025-04-01T01:40:35+00:00 INFO 67eb4411cc574-0001         "compatibility_data": {
2025-04-01T01:40:35+00:00 INFO 67eb4411cc574-0001             "woopayments_version": "9.1.0",
2025-04-01T01:40:35+00:00 INFO 67eb4411cc574-0001             "woocommerce_version": "9.7.1",
2025-04-01T01:40:35+00:00 INFO 67eb4411cc574-0001             "woocommerce_permalinks": {
2025-04-01T01:40:35+00:00 INFO 67eb4411cc574-0001                 "product_base": "\/product",
2025-04-01T01:40:35+00:00 INFO 67eb4411cc574-0001                 "category_base": "product-category",
2025-04-01T01:40:35+00:00 INFO 67eb4411cc574-0001                 "tag_base": "product-tag",
2025-04-01T01:40:35+00:00 INFO 67eb4411cc574-0001                 "attribute_base": "",
2025-04-01T01:40:35+00:00 INFO 67eb4411cc574-0001                 "use_verbose_page_rules": false
2025-04-01T01:40:35+00:00 INFO 67eb4411cc574-0001             },
2025-04-01T01:40:35+00:00 INFO 67eb4411cc574-0001             "woocommerce_shop": "https:\/\/northernlights.grubmenu.io\/shop\/",
2025-04-01T01:40:35+00:00 INFO 67eb4411cc574-0001             "woocommerce_cart": "https:\/\/northernlights.grubmenu.io\/cart\/",
2025-04-01T01:40:35+00:00 INFO 67eb4411cc574-0001             "woocommerce_checkout": "https:\/\/northernlights.grubmenu.io\/checkout\/",
2025-04-01T01:40:35+00:00 INFO 67eb4411cc574-0001             "blog_theme": "hello-theme-child-master",
2025-04-01T01:40:35+00:00 INFO 67eb4411cc574-0001             "active_plugins": {
2025-04-01T01:40:35+00:00 INFO 67eb4411cc574-0001                 "0": "advanced-custom-fields\/acf.php",
2025-04-01T01:40:35+00:00 INFO 67eb4411cc574-0001                 "1": "classic-editor\/classic-editor.php",
2025-04-01T01:40:35+00:00 INFO 67eb4411cc574-0001                 "2": "classic-widgets\/classic-widgets.php",
2025-04-01T01:40:35+00:00 INFO 67eb4411cc574-0001                 "3": "code-snippets\/code-snippets.php",
2025-04-01T01:40:35+00:00 INFO 67eb4411cc574-0001                 "4": "elementor-pro\/elementor-pro.php",
2025-04-01T01:40:35+00:00 INFO 67eb4411cc574-0001                 "5": "elementor\/elementor.php",
2025-04-01T01:40:35+00:00 INFO 67eb4411cc574-0001                 "6": "elementskit-lite\/elementskit-lite.php",
2025-04-01T01:40:35+00:00 INFO 67eb4411cc574-0001                 "8": "metform\/metform.php",
2025-04-01T01:40:35+00:00 INFO 67eb4411cc574-0001                 "9": "orderable-pro\/orderable-pro.php",
2025-04-01T01:40:35+00:00 INFO 67eb4411cc574-0001                 "10": "orderable\/orderable.php",
2025-04-01T01:40:35+00:00 INFO 67eb4411cc574-0001                 "11": "pods\/init.php",
2025-04-01T01:40:35+00:00 INFO 67eb4411cc574-0001                 "12": "woo-update-manager\/woo-update-manager.php",
2025-04-01T01:40:35+00:00 INFO 67eb4411cc574-0001                 "13": "woocommerce-payments\/woocommerce-payments.php",
2025-04-01T01:40:35+00:00 INFO 67eb4411cc574-0001                 "14": "woocommerce-square\/woocommerce-square.php",
2025-04-01T01:40:35+00:00 INFO 67eb4411cc574-0001                 "15": "woocommerce\/woocommerce.php",
2025-04-01T01:40:35+00:00 INFO 67eb4411cc574-0001                 "16": "wp-mail-logging\/wp-mail-logging.php",
2025-04-01T01:40:35+00:00 INFO 67eb4411cc574-0001                 "17": "wp-mail-smtp\/wp_mail_smtp.php",
2025-04-01T01:40:35+00:00 INFO 67eb4411cc574-0001                 "18": "zapier\/zapier.php"
2025-04-01T01:40:35+00:00 INFO 67eb4411cc574-0001             },
2025-04-01T01:40:35+00:00 INFO 67eb4411cc574-0001             "post_types_count": {
2025-04-01T01:40:35+00:00 INFO 67eb4411cc574-0001                 "post": 0,
2025-04-01T01:40:35+00:00 INFO 67eb4411cc574-0001                 "page": 5,
2025-04-01T01:40:35+00:00 INFO 67eb4411cc574-0001                 "attachment": 0,
2025-04-01T01:40:35+00:00 INFO 67eb4411cc574-0001                 "e-floating-buttons": 0,
2025-04-01T01:40:35+00:00 INFO 67eb4411cc574-0001                 "elementor_library": 8,
2025-04-01T01:40:35+00:00 INFO 67eb4411cc574-0001                 "elementskit_content": 0,
2025-04-01T01:40:35+00:00 INFO 67eb4411cc574-0001                 "elementskit_template": 0,
2025-04-01T01:40:35+00:00 INFO 67eb4411cc574-0001                 "elementskit_widget": 0,
2025-04-01T01:40:35+00:00 INFO 67eb4411cc574-0001                 "product": 15,
2025-04-01T01:40:35+00:00 INFO 67eb4411cc574-0001                 "metform-form": 0,
2025-04-01T01:40:35+00:00 INFO 67eb4411cc574-0001                 "drop-off_location": 1
2025-04-01T01:40:35+00:00 INFO 67eb4411cc574-0001             }
2025-04-01T01:40:35+00:00 INFO 67eb4411cc574-0001         }
2025-04-01T01:40:35+00:00 INFO 67eb4411cc574-0001     }
2025-04-01T01:40:35+00:00 INFO 67eb4411cc574-0001 }
2025-04-01T01:40:35+00:00 INFO 67eb4411cc574-0001 CONTEXT (JSON): {
2025-04-01T01:40:35+00:00 INFO 67eb4411cc574-0001     "WP_User": "Guest (non logged-in user)",
2025-04-01T01:40:35+00:00 INFO 67eb4411cc574-0001     "HTTP_REFERER": "--",
2025-04-01T01:40:35+00:00 INFO 67eb4411cc574-0001     "HTTP_USER_AGENT": "WordPress\/6.7.2; https:\/\/northernlights.grubmenu.io",
2025-04-01T01:40:35+00:00 INFO 67eb4411cc574-0001     "REQUEST_URI": "\/wp-cron.php?doing_wp_cron=1743471633.5177900791168212890625",
2025-04-01T01:40:35+00:00 INFO 67eb4411cc574-0001     "DOING_AJAX": "",
2025-04-01T01:40:35+00:00 INFO 67eb4411cc574-0001     "DOING_CRON": "1",
2025-04-01T01:40:35+00:00 INFO 67eb4411cc574-0001     "WP_CLI": ""
2025-04-01T01:40:35+00:00 INFO 67eb4411cc574-0001 }
2025-04-01T01:40:35+00:00 INFO 67eb4411cc574-0002 RESPONSE_67eb44138083c (JSON): {
2025-04-01T01:40:35+00:00 INFO 67eb4411cc574-0002     "result": "success"
2025-04-01T01:40:35+00:00 INFO 67eb4411cc574-0002 }
2025-04-01T01:40:36+00:00 INFO 67eb4411cc574-0003 REQUEST_67eb441460d22 (JSON): {
2025-04-01T01:40:36+00:00 INFO 67eb4411cc574-0003     "url": "https:\/\/public-api.wordpress.com\/wpcom\/v2\/wcpay\/woopay\/compatibility?test_mode=1",
2025-04-01T01:40:36+00:00 INFO 67eb4411cc574-0003     "method": "GET",
2025-04-01T01:40:36+00:00 INFO 67eb4411cc574-0003     "headers": {
2025-04-01T01:40:36+00:00 INFO 67eb4411cc574-0003         "Content-Type": "application\/json; charset=utf-8",
2025-04-01T01:40:36+00:00 INFO 67eb4411cc574-0003         "User-Agent": "WooCommerce Payments\/9.1.0",
2025-04-01T01:40:36+00:00 INFO 67eb4411cc574-0003         "X-Request-Initiated": 1743471636.396576
2025-04-01T01:40:36+00:00 INFO 67eb4411cc574-0003     },
2025-04-01T01:40:36+00:00 INFO 67eb4411cc574-0003     "timeout": 70,
2025-04-01T01:40:36+00:00 INFO 67eb4411cc574-0003     "connect_timeout": 70
2025-04-01T01:40:36+00:00 INFO 67eb4411cc574-0003 }
2025-04-01T01:40:36+00:00 INFO 67eb4411cc574-0004 RESPONSE_67eb441460d22 (JSON): {
2025-04-01T01:40:36+00:00 INFO 67eb4411cc574-0004     "incompatible_extensions": [
2025-04-01T01:40:36+00:00 INFO 67eb4411cc574-0004         "class-wcdonation",
2025-04-01T01:40:36+00:00 INFO 67eb4411cc574-0004         "woocommerce-avatax",
2025-04-01T01:40:36+00:00 INFO 67eb4411cc574-0004         "woocommerce-table-rate-shipping",
2025-04-01T01:40:36+00:00 INFO 67eb4411cc574-0004         "woocommerce-memberships-for-teams",
2025-04-01T01:40:36+00:00 INFO 67eb4411cc574-0004         "woocommerce-checkout-add-ons",
2025-04-01T01:40:36+00:00 INFO 67eb4411cc574-0004         "woocommerce-checkout-field-editor",
2025-04-01T01:40:36+00:00 INFO 67eb4411cc574-0004         "woocommerce-eu-vat-number",
2025-04-01T01:40:36+00:00 INFO 67eb4411cc574-0004         "woocommerce-order-delivery",
2025-04-01T01:40:36+00:00 INFO 67eb4411cc574-0004         "woocommerce-pdf-product-vouchers",
2025-04-01T01:40:36+00:00 INFO 67eb4411cc574-0004         "woocommerce-shipping-local-pickup-plus",
2025-04-01T01:40:36+00:00 INFO 67eb4411cc574-0004         "woocommerce-shipping-multiple-addresses",
2025-04-01T01:40:36+00:00 INFO 67eb4411cc574-0004         "woocommerce-smart-coupons",
2025-04-01T01:40:36+00:00 INFO 67eb4411cc574-0004         "woocommerce-subscriptions-gifting",
2025-04-01T01:40:36+00:00 INFO 67eb4411cc574-0004         "advanced-product-fields-for-woocommerce"
2025-04-01T01:40:36+00:00 INFO 67eb4411cc574-0004     ],
2025-04-01T01:40:36+00:00 INFO 67eb4411cc574-0004     "adapted_extensions": [
2025-04-01T01:40:36+00:00 INFO 67eb4411cc574-0004         "woocommerce-points-and-rewards",
2025-04-01T01:40:36+00:00 INFO 67eb4411cc574-0004         "woocommerce-gift-cards"
2025-04-01T01:40:36+00:00 INFO 67eb4411cc574-0004     ],
2025-04-01T01:40:36+00:00 INFO 67eb4411cc574-0004     "available_countries": [
2025-04-01T01:40:36+00:00 INFO 67eb4411cc574-0004         "US"
2025-04-01T01:40:36+00:00 INFO 67eb4411cc574-0004     ]
2025-04-01T01:40:36+00:00 INFO 67eb4411cc574-0004 }
2025-04-01T09:38:10+00:00 INFO 67ebb4028d462-0001 REQUEST_67ebb402c1ae3 (JSON): {
2025-04-01T09:38:10+00:00 INFO 67ebb4028d462-0001     "url": "https:\/\/public-api.wordpress.com\/wpcom\/v2\/sites\/%s\/wcpay\/currency\/rates?test_mode=1&currency_from=usd",
2025-04-01T09:38:10+00:00 INFO 67ebb4028d462-0001     "method": "GET",
2025-04-01T09:38:10+00:00 INFO 67ebb4028d462-0001     "headers": {
2025-04-01T09:38:10+00:00 INFO 67ebb4028d462-0001         "Content-Type": "application\/json; charset=utf-8",
2025-04-01T09:38:10+00:00 INFO 67ebb4028d462-0001         "User-Agent": "WooCommerce Payments\/9.1.0",
2025-04-01T09:38:10+00:00 INFO 67ebb4028d462-0001         "X-Request-Initiated": 1743500290.793313
2025-04-01T09:38:10+00:00 INFO 67ebb4028d462-0001     },
2025-04-01T09:38:10+00:00 INFO 67ebb4028d462-0001     "timeout": 70,
2025-04-01T09:38:10+00:00 INFO 67ebb4028d462-0001     "connect_timeout": 70
2025-04-01T09:38:10+00:00 INFO 67ebb4028d462-0001 }
2025-04-01T09:38:10+00:00 INFO 67ebb4028d462-0001 CONTEXT (JSON): {
2025-04-01T09:38:10+00:00 INFO 67ebb4028d462-0001     "WP_User": "Guest (non logged-in user)",
2025-04-01T09:38:10+00:00 INFO 67ebb4028d462-0001     "HTTP_REFERER": "--",
2025-04-01T09:38:10+00:00 INFO 67ebb4028d462-0001     "HTTP_USER_AGENT": "Mozilla\/5.0 (Linux; Android 6.0.1; Nexus 5X Build\/MMB29P) AppleWebKit\/537.36 (KHTML, like Gecko) Chrome\/134.0.6998.165 Mobile Safari\/537.36 (compatible; Googlebot\/2.1; +http:\/\/www.google.com\/bot.html)",
2025-04-01T09:38:10+00:00 INFO 67ebb4028d462-0001     "REQUEST_URI": "\/product\/pepperoni-pizza\/",
2025-04-01T09:38:10+00:00 INFO 67ebb4028d462-0001     "DOING_AJAX": "",
2025-04-01T09:38:10+00:00 INFO 67ebb4028d462-0001     "DOING_CRON": "",
2025-04-01T09:38:10+00:00 INFO 67ebb4028d462-0001     "WP_CLI": ""
2025-04-01T09:38:10+00:00 INFO 67ebb4028d462-0001 }
2025-04-01T09:38:11+00:00 INFO 67ebb4028d462-0002 RESPONSE_67ebb402c1ae3 (JSON): {
2025-04-01T09:38:11+00:00 INFO 67ebb4028d462-0002     "AED": 3.67299,
2025-04-01T09:38:11+00:00 INFO 67ebb4028d462-0002     "AFN": 70.958171,
2025-04-01T09:38:11+00:00 INFO 67ebb4028d462-0002     "ALL": 91.78256,
2025-04-01T09:38:11+00:00 INFO 67ebb4028d462-0002     "AMD": 390.977046,
2025-04-01T09:38:11+00:00 INFO 67ebb4028d462-0002     "ANG": 1.790208,
2025-04-01T09:38:11+00:00 INFO 67ebb4028d462-0002     "AOA": 912,
2025-04-01T09:38:11+00:00 INFO 67ebb4028d462-0002     "ARS": 1073.02087,
2025-04-01T09:38:11+00:00 INFO 67ebb4028d462-0002     "AUD": 1.598194,
2025-04-01T09:38:11+00:00 INFO 67ebb4028d462-0002     "AWG": 1.8,
2025-04-01T09:38:11+00:00 INFO 67ebb4028d462-0002     "AZN": 1.7,
2025-04-01T09:38:11+00:00 INFO 67ebb4028d462-0002     "BAM": 1.807771,
2025-04-01T09:38:11+00:00 INFO 67ebb4028d462-0002     "BBD": 2,
2025-04-01T09:38:11+00:00 INFO 67ebb4028d462-0002     "BDT": 121.526408,
2025-04-01T09:38:11+00:00 INFO 67ebb4028d462-0002     "BGN": 1.81034,
2025-04-01T09:38:11+00:00 INFO 67ebb4028d462-0002     "BHD": 0.376948,
2025-04-01T09:38:11+00:00 INFO 67ebb4028d462-0002     "BIF": 2971.896374,
2025-04-01T09:38:11+00:00 INFO 67ebb4028d462-0002     "BMD": 1,
2025-04-01T09:38:11+00:00 INFO 67ebb4028d462-0002     "BND": 1.342447,
2025-04-01T09:38:11+00:00 INFO 67ebb4028d462-0002     "BOB": 6.93499,
2025-04-01T09:38:11+00:00 INFO 67ebb4028d462-0002     "BRL": 5.717,
2025-04-01T09:38:11+00:00 INFO 67ebb4028d462-0002     "BSD": 1,
2025-04-01T09:38:11+00:00 INFO 67ebb4028d462-0002     "BTC": 1.2e-5,
2025-04-01T09:38:11+00:00 INFO 67ebb4028d462-0002     "BTN": 85.469606,
2025-04-01T09:38:11+00:00 INFO 67ebb4028d462-0002     "BWP": 13.717471,
2025-04-01T09:38:11+00:00 INFO 67ebb4028d462-0002     "BYN": 3.272468,
2025-04-01T09:38:11+00:00 INFO 67ebb4028d462-0002     "BZD": 2.008587,
2025-04-01T09:38:11+00:00 INFO 67ebb4028d462-0002     "CAD": 1.438197,
2025-04-01T09:38:11+00:00 INFO 67ebb4028d462-0002     "CDF": 2847.20241,
2025-04-01T09:38:11+00:00 INFO 67ebb4028d462-0002     "CHF": 0.88255,
2025-04-01T09:38:11+00:00 INFO 67ebb4028d462-0002     "CLF": 0.024552,
2025-04-01T09:38:11+00:00 INFO 67ebb4028d462-0002     "CLP": 941.18,
2025-04-01T09:38:11+00:00 INFO 67ebb4028d462-0002     "CNH": 7.27909,
2025-04-01T09:38:11+00:00 INFO 67ebb4028d462-0002     "CNY": 7.2695,
2025-04-01T09:38:11+00:00 INFO 67ebb4028d462-0002     "COP": 4199.542503,
2025-04-01T09:38:11+00:00 INFO 67ebb4028d462-0002     "CRC": 500.414129,
2025-04-01T09:38:11+00:00 INFO 67ebb4028d462-0002     "CUC": 1,
2025-04-01T09:38:11+00:00 INFO 67ebb4028d462-0002     "CUP": 25.75,
2025-04-01T09:38:11+00:00 INFO 67ebb4028d462-0002     "CVE": 101.917463,
2025-04-01T09:38:11+00:00 INFO 67ebb4028d462-0002     "CZK": 23.066999,
2025-04-01T09:38:11+00:00 INFO 67ebb4028d462-0002     "DJF": 177.714356,
2025-04-01T09:38:11+00:00 INFO 67ebb4028d462-0002     "DKK": 6.897436,
2025-04-01T09:38:11+00:00 INFO 67ebb4028d462-0002     "DOP": 62.991325,
2025-04-01T09:38:11+00:00 INFO 67ebb4028d462-0002     "DZD": 134.006749,
2025-04-01T09:38:11+00:00 INFO 67ebb4028d462-0002     "EGP": 50.5676,
2025-04-01T09:38:11+00:00 INFO 67ebb4028d462-0002     "ERN": 15,
2025-04-01T09:38:11+00:00 INFO 67ebb4028d462-0002     "ETB": 131.372978,
2025-04-01T09:38:11+00:00 INFO 67ebb4028d462-0002     "EUR": 0.924414,
2025-04-01T09:38:11+00:00 INFO 67ebb4028d462-0002     "FJD": 2.32725,
2025-04-01T09:38:11+00:00 INFO 67ebb4028d462-0002     "FKP": 0.773638,
2025-04-01T09:38:11+00:00 INFO 67ebb4028d462-0002     "GBP": 0.773638,
2025-04-01T09:38:11+00:00 INFO 67ebb4028d462-0002     "GEL": 2.775,
2025-04-01T09:38:11+00:00 INFO 67ebb4028d462-0002     "GGP": 0.773638,
2025-04-01T09:38:11+00:00 INFO 67ebb4028d462-0002     "GHS": 15.500437,
2025-04-01T09:38:11+00:00 INFO 67ebb4028d462-0002     "GIP": 0.773638,
2025-04-01T09:38:11+00:00 INFO 67ebb4028d462-0002     "GMD": 71.999996,
2025-04-01T09:38:11+00:00 INFO 67ebb4028d462-0002     "GNF": 8652.198034,
2025-04-01T09:38:11+00:00 INFO 67ebb4028d462-0002     "GTQ": 7.714171,
2025-04-01T09:38:11+00:00 INFO 67ebb4028d462-0002     "GYD": 209.205014,
2025-04-01T09:38:11+00:00 INFO 67ebb4028d462-0002     "HKD": 7.781072,
2025-04-01T09:38:11+00:00 INFO 67ebb4028d462-0002     "HNL": 25.580352,
2025-04-01T09:38:11+00:00 INFO 67ebb4028d462-0002     "HRK": 6.966916,
2025-04-01T09:38:11+00:00 INFO 67ebb4028d462-0002     "HTG": 131.047844,
2025-04-01T09:38:11+00:00 INFO 67ebb4028d462-0002     "HUF": 372.425002,
2025-04-01T09:38:11+00:00 INFO 67ebb4028d462-0002     "IDR": 16701.833542,
2025-04-01T09:38:11+00:00 INFO 67ebb4028d462-0002     "ILS": 3.700065,
2025-04-01T09:38:11+00:00 INFO 67ebb4028d462-0002     "IMP": 0.773638,
2025-04-01T09:38:11+00:00 INFO 67ebb4028d462-0002     "INR": 85.580754,
2025-04-01T09:38:11+00:00 INFO 67ebb4028d462-0002     "IQD": 1309.5,
2025-04-01T09:38:11+00:00 INFO 67ebb4028d462-0002     "IRR": 42100,
2025-04-01T09:38:11+00:00 INFO 67ebb4028d462-0002     "ISK": 132.11,
2025-04-01T09:38:11+00:00 INFO 67ebb4028d462-0002     "JEP": 0.773638,
2025-04-01T09:38:11+00:00 INFO 67ebb4028d462-0002     "JMD": 157.305844,
2025-04-01T09:38:11+00:00 INFO 67ebb4028d462-0002     "JOD": 0.709,
2025-04-01T09:38:11+00:00 INFO 67ebb4028d462-0002     "JPY": 149.6694,
2025-04-01T09:38:11+00:00 INFO 67ebb4028d462-0002     "KES": 129.2,
2025-04-01T09:38:11+00:00 INFO 67ebb4028d462-0002     "KGS": 86.5051,
2025-04-01T09:38:11+00:00 INFO 67ebb4028d462-0002     "KHR": 3999.42186,
2025-04-01T09:38:11+00:00 INFO 67ebb4028d462-0002     "KMF": 456.500326,
2025-04-01T09:38:11+00:00 INFO 67ebb4028d462-0002     "KPW": 900,
2025-04-01T09:38:11+00:00 INFO 67ebb4028d462-0002     "KRW": 1471.602707,
2025-04-01T09:38:11+00:00 INFO 67ebb4028d462-0002     "KWD": 0.308263,
2025-04-01T09:38:11+00:00 INFO 67ebb4028d462-0002     "KYD": 0.833345,
2025-04-01T09:38:11+00:00 INFO 67ebb4028d462-0002     "KZT": 503.851987,
2025-04-01T09:38:11+00:00 INFO 67ebb4028d462-0002     "LAK": 21662.120429,
2025-04-01T09:38:11+00:00 INFO 67ebb4028d462-0002     "LBP": 89582.864135,
2025-04-01T09:38:11+00:00 INFO 67ebb4028d462-0002     "LKR": 296.181213,
2025-04-01T09:38:11+00:00 INFO 67ebb4028d462-0002     "LRD": 198.599735,
2025-04-01T09:38:11+00:00 INFO 67ebb4028d462-0002     "LSL": 18.341999,
2025-04-01T09:38:11+00:00 INFO 67ebb4028d462-0002     "LYD": 4.835914,
2025-04-01T09:38:11+00:00 INFO 67ebb4028d462-0002     "MAD": 9.619606,
2025-04-01T09:38:11+00:00 INFO 67ebb4028d462-0002     "MDL": 17.92927,
2025-04-01T09:38:11+00:00 INFO 67ebb4028d462-0002     "MGA": 4650.120173,
2025-04-01T09:38:11+00:00 INFO 67ebb4028d462-0002     "MKD": 56.960239,
2025-04-01T09:38:11+00:00 INFO 67ebb4028d462-0002     "MMK": 2098,
2025-04-01T09:38:11+00:00 INFO 67ebb4028d462-0002     "MNT": 3398,
2025-04-01T09:38:11+00:00 INFO 67ebb4028d462-0002     "MOP": 8.011609,
2025-04-01T09:38:11+00:00 INFO 67ebb4028d462-0002     "MUR": 45.630002,
2025-04-01T09:38:11+00:00 INFO 67ebb4028d462-0002     "MVR": 15.4,
2025-04-01T09:38:11+00:00 INFO 67ebb4028d462-0002     "MWK": 1736,
2025-04-01T09:38:11+00:00 INFO 67ebb4028d462-0002     "MXN": 20.506131,
2025-04-01T09:38:11+00:00 INFO 67ebb4028d462-0002     "MYR": 4.4335,
2025-04-01T09:38:11+00:00 INFO 67ebb4028d462-0002     "MZN": 63.899993,
2025-04-01T09:38:11+00:00 INFO 67ebb4028d462-0002     "NAD": 18.342168,
2025-04-01T09:38:11+00:00 INFO 67ebb4028d462-0002     "NGN": 1533.57,
2025-04-01T09:38:11+00:00 INFO 67ebb4028d462-0002     "NIO": 36.796547,
2025-04-01T09:38:11+00:00 INFO 67ebb4028d462-0002     "NOK": 10.4804,
2025-04-01T09:38:11+00:00 INFO 67ebb4028d462-0002     "NPR": 136.75139,
2025-04-01T09:38:11+00:00 INFO 67ebb4028d462-0002     "NZD": 1.760889,
2025-04-01T09:38:11+00:00 INFO 67ebb4028d462-0002     "OMR": 0.384987,
2025-04-01T09:38:11+00:00 INFO 67ebb4028d462-0002     "PAB": 1,
2025-04-01T09:38:11+00:00 INFO 67ebb4028d462-0002     "PEN": 3.658824,
2025-04-01T09:38:11+00:00 INFO 67ebb4028d462-0002     "PGK": 4.061355,
2025-04-01T09:38:11+00:00 INFO 67ebb4028d462-0002     "PHP": 57.244499,
2025-04-01T09:38:11+00:00 INFO 67ebb4028d462-0002     "PKR": 280.260751,
2025-04-01T09:38:11+00:00 INFO 67ebb4028d462-0002     "PLN": 3.864865,
2025-04-01T09:38:11+00:00 INFO 67ebb4028d462-0002     "PYG": 7981.339949,
2025-04-01T09:38:11+00:00 INFO 67ebb4028d462-0002     "QAR": 3.646808,
2025-04-01T09:38:11+00:00 INFO 67ebb4028d462-0002     "RON": 4.6027,
2025-04-01T09:38:11+00:00 INFO 67ebb4028d462-0002     "RSD": 108.335,
2025-04-01T09:38:11+00:00 INFO 67ebb4028d462-0002     "RUB": 84.577315,
2025-04-01T09:38:11+00:00 INFO 67ebb4028d462-0002     "RWF": 1409.363524,
2025-04-01T09:38:11+00:00 INFO 67ebb4028d462-0002     "SAR": 3.751243,
2025-04-01T09:38:11+00:00 INFO 67ebb4028d462-0002     "SBD": 8.340864,
2025-04-01T09:38:11+00:00 INFO 67ebb4028d462-0002     "SCR": 14.500175,
2025-04-01T09:38:11+00:00 INFO 67ebb4028d462-0002     "SDG": 600.5,
2025-04-01T09:38:11+00:00 INFO 67ebb4028d462-0002     "SEK": 9.997352,
2025-04-01T09:38:11+00:00 INFO 67ebb4028d462-0002     "SGD": 1.342239,
2025-04-01T09:38:11+00:00 INFO 67ebb4028d462-0002     "SHP": 0.773638,
2025-04-01T09:38:11+00:00 INFO 67ebb4028d462-0002     "SLL": 20969.5,
2025-04-01T09:38:11+00:00 INFO 67ebb4028d462-0002     "SOS": 571.492029,
2025-04-01T09:38:11+00:00 INFO 67ebb4028d462-0002     "SRD": 36.5495,
2025-04-01T09:38:11+00:00 INFO 67ebb4028d462-0002     "SSP": 130.26,
2025-04-01T09:38:11+00:00 INFO 67ebb4028d462-0002     "STD": 22281.8,
2025-04-01T09:38:11+00:00 INFO 67ebb4028d462-0002     "SVC": 8.749382,
2025-04-01T09:38:11+00:00 INFO 67ebb4028d462-0002     "SYP": 13002,
2025-04-01T09:38:11+00:00 INFO 67ebb4028d462-0002     "SZL": 18.046188,
2025-04-01T09:38:11+00:00 INFO 67ebb4028d462-0002     "THB": 34.112167,
2025-04-01T09:38:11+00:00 INFO 67ebb4028d462-0002     "TJS": 10.869539,
2025-04-01T09:38:11+00:00 INFO 67ebb4028d462-0002     "TMT": 3.5,
2025-04-01T09:38:11+00:00 INFO 67ebb4028d462-0002     "TND": 3.11204,
2025-04-01T09:38:11+00:00 INFO 67ebb4028d462-0002     "TOP": 2.40776,
2025-04-01T09:38:11+00:00 INFO 67ebb4028d462-0002     "TRY": 37.954297,
2025-04-01T09:38:11+00:00 INFO 67ebb4028d462-0002     "TTD": 6.785254,
2025-04-01T09:38:11+00:00 INFO 67ebb4028d462-0002     "TWD": 33.213998,
2025-04-01T09:38:11+00:00 INFO 67ebb4028d462-0002     "TZS": 2650.065533,
2025-04-01T09:38:11+00:00 INFO 67ebb4028d462-0002     "UAH": 41.37868,
2025-04-01T09:38:11+00:00 INFO 67ebb4028d462-0002     "UGX": 3660.344312,
2025-04-01T09:38:11+00:00 INFO 67ebb4028d462-0002     "USD": 1,
2025-04-01T09:38:11+00:00 INFO 67ebb4028d462-0002     "UYU": 42.166367,
2025-04-01T09:38:11+00:00 INFO 67ebb4028d462-0002     "UZS": 12936.564808,
2025-04-01T09:38:11+00:00 INFO 67ebb4028d462-0002     "VND": 25654.188385,
2025-04-01T09:38:11+00:00 INFO 67ebb4028d462-0002     "VUV": 118.722,
2025-04-01T09:38:11+00:00 INFO 67ebb4028d462-0002     "WST": 2.8,
2025-04-01T09:38:11+00:00 INFO 67ebb4028d462-0002     "XAF": 606.376059,
2025-04-01T09:38:11+00:00 INFO 67ebb4028d462-0002     "XAG": 0.029396,
2025-04-01T09:38:11+00:00 INFO 67ebb4028d462-0002     "XAU": 0.000319,
2025-04-01T09:38:11+00:00 INFO 67ebb4028d462-0002     "XCD": 2.70255,
2025-04-01T09:38:11+00:00 INFO 67ebb4028d462-0002     "XDR": 0.752233,
2025-04-01T09:38:11+00:00 INFO 67ebb4028d462-0002     "XOF": 606.376059,
2025-04-01T09:38:11+00:00 INFO 67ebb4028d462-0002     "XPD": 0.001006,
2025-04-01T09:38:11+00:00 INFO 67ebb4028d462-0002     "XPF": 110.311974,
2025-04-01T09:38:11+00:00 INFO 67ebb4028d462-0002     "XPT": 0.000999,
2025-04-01T09:38:11+00:00 INFO 67ebb4028d462-0002     "YER": 245.999996,
2025-04-01T09:38:11+00:00 INFO 67ebb4028d462-0002     "ZAR": 18.389099,
2025-04-01T09:38:11+00:00 INFO 67ebb4028d462-0002     "ZMW": 28.173452,
2025-04-01T09:38:11+00:00 INFO 67ebb4028d462-0002     "ZWL": 322
2025-04-01T09:38:11+00:00 INFO 67ebb4028d462-0002 }
2025-04-01T17:06:32+00:00 INFO 67ec1d1846c16-0001 REQUEST_67ec1d1891834 (JSON): {
2025-04-01T17:06:32+00:00 INFO 67ec1d1846c16-0001     "url": "https:\/\/public-api.wordpress.com\/wpcom\/v2\/sites\/%s\/wcpay\/currency\/rates?test_mode=1&currency_from=usd",
2025-04-01T17:06:32+00:00 INFO 67ec1d1846c16-0001     "method": "GET",
2025-04-01T17:06:32+00:00 INFO 67ec1d1846c16-0001     "headers": {
2025-04-01T17:06:32+00:00 INFO 67ec1d1846c16-0001         "Content-Type": "application\/json; charset=utf-8",
2025-04-01T17:06:32+00:00 INFO 67ec1d1846c16-0001         "User-Agent": "WooCommerce Payments\/9.1.0",
2025-04-01T17:06:32+00:00 INFO 67ec1d1846c16-0001         "X-Request-Initiated": 1743527192.596017
2025-04-01T17:06:32+00:00 INFO 67ec1d1846c16-0001     },
2025-04-01T17:06:32+00:00 INFO 67ec1d1846c16-0001     "timeout": 70,
2025-04-01T17:06:32+00:00 INFO 67ec1d1846c16-0001     "connect_timeout": 70
2025-04-01T17:06:32+00:00 INFO 67ec1d1846c16-0001 }
2025-04-01T17:06:32+00:00 INFO 67ec1d1846c16-0001 CONTEXT (JSON): {
2025-04-01T17:06:32+00:00 INFO 67ec1d1846c16-0001     "WP_User": "Guest (non logged-in user)",
2025-04-01T17:06:32+00:00 INFO 67ec1d1846c16-0001     "HTTP_REFERER": "--",
2025-04-01T17:06:32+00:00 INFO 67ec1d1846c16-0001     "HTTP_USER_AGENT": "Mozilla\/5.0 (compatible; AhrefsBot\/7.0; +http:\/\/ahrefs.com\/robot\/)",
2025-04-01T17:06:32+00:00 INFO 67ec1d1846c16-0001     "REQUEST_URI": "\/product-category\/sauces\/feed\/",
2025-04-01T17:06:32+00:00 INFO 67ec1d1846c16-0001     "DOING_AJAX": "",
2025-04-01T17:06:32+00:00 INFO 67ec1d1846c16-0001     "DOING_CRON": "",
2025-04-01T17:06:32+00:00 INFO 67ec1d1846c16-0001     "WP_CLI": ""
2025-04-01T17:06:32+00:00 INFO 67ec1d1846c16-0001 }
2025-04-01T17:06:32+00:00 INFO 67ec1d1846c16-0002 RESPONSE_67ec1d1891834 (JSON): {
2025-04-01T17:06:32+00:00 INFO 67ec1d1846c16-0002     "AED": 3.67298,
2025-04-01T17:06:32+00:00 INFO 67ec1d1846c16-0002     "AFN": 71.823614,
2025-04-01T17:06:32+00:00 INFO 67ec1d1846c16-0002     "ALL": 92.008758,
2025-04-01T17:06:32+00:00 INFO 67ec1d1846c16-0002     "AMD": 390.736096,
2025-04-01T17:06:32+00:00 INFO 67ec1d1846c16-0002     "ANG": 1.790208,
2025-04-01T17:06:32+00:00 INFO 67ec1d1846c16-0002     "AOA": 912,
2025-04-01T17:06:32+00:00 INFO 67ec1d1846c16-0002     "ARS": 1072.9852,
2025-04-01T17:06:32+00:00 INFO 67ec1d1846c16-0002     "AUD": 1.593785,
2025-04-01T17:06:32+00:00 INFO 67ec1d1846c16-0002     "AWG": 1.8,
2025-04-01T17:06:32+00:00 INFO 67ec1d1846c16-0002     "AZN": 1.7,
2025-04-01T17:06:32+00:00 INFO 67ec1d1846c16-0002     "BAM": 1.812084,
2025-04-01T17:06:32+00:00 INFO 67ec1d1846c16-0002     "BBD": 2,
2025-04-01T17:06:32+00:00 INFO 67ec1d1846c16-0002     "BDT": 121.586942,
2025-04-01T17:06:32+00:00 INFO 67ec1d1846c16-0002     "BGN": 1.8122,
2025-04-01T17:06:32+00:00 INFO 67ec1d1846c16-0002     "BHD": 0.376891,
2025-04-01T17:06:32+00:00 INFO 67ec1d1846c16-0002     "BIF": 2973.470039,
2025-04-01T17:06:32+00:00 INFO 67ec1d1846c16-0002     "BMD": 1,
2025-04-01T17:06:32+00:00 INFO 67ec1d1846c16-0002     "BND": 1.343828,
2025-04-01T17:06:32+00:00 INFO 67ec1d1846c16-0002     "BOB": 6.913964,
2025-04-01T17:06:32+00:00 INFO 67ec1d1846c16-0002     "BRL": 5.6982,
2025-04-01T17:06:32+00:00 INFO 67ec1d1846c16-0002     "BSD": 1,
2025-04-01T17:06:32+00:00 INFO 67ec1d1846c16-0002     "BTC": 1.2e-5,
2025-04-01T17:06:32+00:00 INFO 67ec1d1846c16-0002     "BTN": 85.719977,
2025-04-01T17:06:32+00:00 INFO 67ec1d1846c16-0002     "BWP": 13.734601,
2025-04-01T17:06:32+00:00 INFO 67ec1d1846c16-0002     "BYN": 3.274144,
2025-04-01T17:06:32+00:00 INFO 67ec1d1846c16-0002     "BZD": 2.009645,
2025-04-01T17:06:32+00:00 INFO 67ec1d1846c16-0002     "CAD": 1.43304,
2025-04-01T17:06:32+00:00 INFO 67ec1d1846c16-0002     "CDF": 2907.922074,
2025-04-01T17:06:32+00:00 INFO 67ec1d1846c16-0002     "CHF": 0.882525,
2025-04-01T17:06:32+00:00 INFO 67ec1d1846c16-0002     "CLF": 0.024518,
2025-04-01T17:06:32+00:00 INFO 67ec1d1846c16-0002     "CLP": 938.72,
2025-04-01T17:06:32+00:00 INFO 67ec1d1846c16-0002     "CNH": 7.280785,
2025-04-01T17:06:32+00:00 INFO 67ec1d1846c16-0002     "CNY": 7.2701,
2025-04-01T17:06:32+00:00 INFO 67ec1d1846c16-0002     "COP": 4172.73,
2025-04-01T17:06:32+00:00 INFO 67ec1d1846c16-0002     "CRC": 500.419636,
2025-04-01T17:06:32+00:00 INFO 67ec1d1846c16-0002     "CUC": 1,
2025-04-01T17:06:32+00:00 INFO 67ec1d1846c16-0002     "CUP": 25.75,
2025-04-01T17:06:32+00:00 INFO 67ec1d1846c16-0002     "CVE": 102.162483,
2025-04-01T17:06:32+00:00 INFO 67ec1d1846c16-0002     "CZK": 23.080947,
2025-04-01T17:06:32+00:00 INFO 67ec1d1846c16-0002     "DJF": 178.170861,
2025-04-01T17:06:32+00:00 INFO 67ec1d1846c16-0002     "DKK": 6.902863,
2025-04-01T17:06:32+00:00 INFO 67ec1d1846c16-0002     "DOP": 63.309849,
2025-04-01T17:06:32+00:00 INFO 67ec1d1846c16-0002     "DZD": 134.084979,
2025-04-01T17:06:32+00:00 INFO 67ec1d1846c16-0002     "EGP": 50.571187,
2025-04-01T17:06:32+00:00 INFO 67ec1d1846c16-0002     "ERN": 15,
2025-04-01T17:06:32+00:00 INFO 67ec1d1846c16-0002     "ETB": 131.372978,
2025-04-01T17:06:32+00:00 INFO 67ec1d1846c16-0002     "EUR": 0.925094,
2025-04-01T17:06:32+00:00 INFO 67ec1d1846c16-0002     "FJD": 2.32725,
2025-04-01T17:06:32+00:00 INFO 67ec1d1846c16-0002     "FKP": 0.773813,
2025-04-01T17:06:32+00:00 INFO 67ec1d1846c16-0002     "GBP": 0.773813,
2025-04-01T17:06:32+00:00 INFO 67ec1d1846c16-0002     "GEL": 2.775,
2025-04-01T17:06:32+00:00 INFO 67ec1d1846c16-0002     "GGP": 0.773813,
2025-04-01T17:06:32+00:00 INFO 67ec1d1846c16-0002     "GHS": 15.507776,
2025-04-01T17:06:32+00:00 INFO 67ec1d1846c16-0002     "GIP": 0.773813,
2025-04-01T17:06:32+00:00 INFO 67ec1d1846c16-0002     "GMD": 71.999996,
2025-04-01T17:06:32+00:00 INFO 67ec1d1846c16-0002     "GNF": 8657.345977,
2025-04-01T17:06:32+00:00 INFO 67ec1d1846c16-0002     "GTQ": 7.720781,
2025-04-01T17:06:32+00:00 INFO 67ec1d1846c16-0002     "GYD": 209.933409,
2025-04-01T17:06:32+00:00 INFO 67ec1d1846c16-0002     "HKD": 7.78131,
2025-04-01T17:06:32+00:00 INFO 67ec1d1846c16-0002     "HNL": 25.598191,
2025-04-01T17:06:32+00:00 INFO 67ec1d1846c16-0002     "HRK": 6.971504,
2025-04-01T17:06:32+00:00 INFO 67ec1d1846c16-0002     "HTG": 131.168635,
2025-04-01T17:06:32+00:00 INFO 67ec1d1846c16-0002     "HUF": 372.356413,
2025-04-01T17:06:32+00:00 INFO 67ec1d1846c16-0002     "IDR": 16713.20907,
2025-04-01T17:06:32+00:00 INFO 67ec1d1846c16-0002     "ILS": 3.699835,
2025-04-01T17:06:32+00:00 INFO 67ec1d1846c16-0002     "IMP": 0.773813,
2025-04-01T17:06:32+00:00 INFO 67ec1d1846c16-0002     "INR": 85.597942,
2025-04-01T17:06:32+00:00 INFO 67ec1d1846c16-0002     "IQD": 1310.671872,
2025-04-01T17:06:32+00:00 INFO 67ec1d1846c16-0002     "IRR": 42100,
2025-04-01T17:06:32+00:00 INFO 67ec1d1846c16-0002     "ISK": 132.94,
2025-04-01T17:06:32+00:00 INFO 67ec1d1846c16-0002     "JEP": 0.773813,
2025-04-01T17:06:32+00:00 INFO 67ec1d1846c16-0002     "JMD": 157.436118,
2025-04-01T17:06:32+00:00 INFO 67ec1d1846c16-0002     "JOD": 0.709,
2025-04-01T17:06:32+00:00 INFO 67ec1d1846c16-0002     "JPY": 149.305417,
2025-04-01T17:06:32+00:00 INFO 67ec1d1846c16-0002     "KES": 129.26,
2025-04-01T17:06:32+00:00 INFO 67ec1d1846c16-0002     "KGS": 86.6632,
2025-04-01T17:06:32+00:00 INFO 67ec1d1846c16-0002     "KHR": 4001.848927,
2025-04-01T17:06:32+00:00 INFO 67ec1d1846c16-0002     "KMF": 456.500326,
2025-04-01T17:06:32+00:00 INFO 67ec1d1846c16-0002     "KPW": 900,
2025-04-01T17:06:32+00:00 INFO 67ec1d1846c16-0002     "KRW": 1471.701434,
2025-04-01T17:06:32+00:00 INFO 67ec1d1846c16-0002     "KWD": 0.308299,
2025-04-01T17:06:32+00:00 INFO 67ec1d1846c16-0002     "KYD": 0.833824,
2025-04-01T17:06:32+00:00 INFO 67ec1d1846c16-0002     "KZT": 503.666765,
2025-04-01T17:06:32+00:00 INFO 67ec1d1846c16-0002     "LAK": 21670.771443,
2025-04-01T17:06:32+00:00 INFO 67ec1d1846c16-0002     "LBP": 89644.948605,
2025-04-01T17:06:32+00:00 INFO 67ec1d1846c16-0002     "LKR": 296.218493,
2025-04-01T17:06:32+00:00 INFO 67ec1d1846c16-0002     "LRD": 200.112115,
2025-04-01T17:06:32+00:00 INFO 67ec1d1846c16-0002     "LSL": 18.387202,
2025-04-01T17:06:32+00:00 INFO 67ec1d1846c16-0002     "LYD": 4.838344,
2025-04-01T17:06:32+00:00 INFO 67ec1d1846c16-0002     "MAD": 9.644866,
2025-04-01T17:06:32+00:00 INFO 67ec1d1846c16-0002     "MDL": 17.820636,
2025-04-01T17:06:32+00:00 INFO 67ec1d1846c16-0002     "MGA": 4650.120173,
2025-04-01T17:06:32+00:00 INFO 67ec1d1846c16-0002     "MKD": 57.051075,
2025-04-01T17:06:32+00:00 INFO 67ec1d1846c16-0002     "MMK": 2098,
2025-04-01T17:06:32+00:00 INFO 67ec1d1846c16-0002     "MNT": 3398,
2025-04-01T17:06:32+00:00 INFO 67ec1d1846c16-0002     "MOP": 8.019402,
2025-04-01T17:06:32+00:00 INFO 67ec1d1846c16-0002     "MUR": 45.630003,
2025-04-01T17:06:32+00:00 INFO 67ec1d1846c16-0002     "MVR": 15.4,
2025-04-01T17:06:32+00:00 INFO 67ec1d1846c16-0002     "MWK": 1734.915358,
2025-04-01T17:06:32+00:00 INFO 67ec1d1846c16-0002     "MXN": 20.396663,
2025-04-01T17:06:32+00:00 INFO 67ec1d1846c16-0002     "MYR": 4.4335,
2025-04-01T17:06:32+00:00 INFO 67ec1d1846c16-0002     "MZN": 63.899993,
2025-04-01T17:06:32+00:00 INFO 67ec1d1846c16-0002     "NAD": 18.387373,
2025-04-01T17:06:32+00:00 INFO 67ec1d1846c16-0002     "NGN": 1536,
2025-04-01T17:06:32+00:00 INFO 67ec1d1846c16-0002     "NIO": 36.81982,
2025-04-01T17:06:32+00:00 INFO 67ec1d1846c16-0002     "NOK": 10.448149,
2025-04-01T17:06:32+00:00 INFO 67ec1d1846c16-0002     "NPR": 137.133716,
2025-04-01T17:06:32+00:00 INFO 67ec1d1846c16-0002     "NZD": 1.754114,
2025-04-01T17:06:32+00:00 INFO 67ec1d1846c16-0002     "OMR": 0.384977,
2025-04-01T17:06:32+00:00 INFO 67ec1d1846c16-0002     "PAB": 1,
2025-04-01T17:06:32+00:00 INFO 67ec1d1846c16-0002     "PEN": 3.676701,
2025-04-01T17:06:32+00:00 INFO 67ec1d1846c16-0002     "PGK": 4.061355,
2025-04-01T17:06:32+00:00 INFO 67ec1d1846c16-0002     "PHP": 57.254499,
2025-04-01T17:06:32+00:00 INFO 67ec1d1846c16-0002     "PKR": 280.309955,
2025-04-01T17:06:32+00:00 INFO 67ec1d1846c16-0002     "PLN": 3.869565,
2025-04-01T17:06:32+00:00 INFO 67ec1d1846c16-0002     "PYG": 7988.419867,
2025-04-01T17:06:32+00:00 INFO 67ec1d1846c16-0002     "QAR": 3.648628,
2025-04-01T17:06:32+00:00 INFO 67ec1d1846c16-0002     "RON": 4.6058,
2025-04-01T17:06:32+00:00 INFO 67ec1d1846c16-0002     "RSD": 108.67,
2025-04-01T17:06:32+00:00 INFO 67ec1d1846c16-0002     "RUB": 84.906301,
2025-04-01T17:06:32+00:00 INFO 67ec1d1846c16-0002     "RWF": 1426.739054,
2025-04-01T17:06:32+00:00 INFO 67ec1d1846c16-0002     "SAR": 3.751351,
2025-04-01T17:06:32+00:00 INFO 67ec1d1846c16-0002     "SBD": 8.340864,
2025-04-01T17:06:32+00:00 INFO 67ec1d1846c16-0002     "SCR": 14.35121,
2025-04-01T17:06:32+00:00 INFO 67ec1d1846c16-0002     "SDG": 600.5,
2025-04-01T17:06:32+00:00 INFO 67ec1d1846c16-0002     "SEK": 9.984515,
2025-04-01T17:06:32+00:00 INFO 67ec1d1846c16-0002     "SGD": 1.342936,
2025-04-01T17:06:32+00:00 INFO 67ec1d1846c16-0002     "SHP": 0.773813,
2025-04-01T17:06:32+00:00 INFO 67ec1d1846c16-0002     "SLL": 20969.5,
2025-04-01T17:06:32+00:00 INFO 67ec1d1846c16-0002     "SOS": 571.788128,
2025-04-01T17:06:32+00:00 INFO 67ec1d1846c16-0002     "SRD": 36.5495,
2025-04-01T17:06:32+00:00 INFO 67ec1d1846c16-0002     "SSP": 130.26,
2025-04-01T17:06:32+00:00 INFO 67ec1d1846c16-0002     "STD": 22281.8,
2025-04-01T17:06:32+00:00 INFO 67ec1d1846c16-0002     "SVC": 8.753741,
2025-04-01T17:06:32+00:00 INFO 67ec1d1846c16-0002     "SYP": 13002,
2025-04-01T17:06:32+00:00 INFO 67ec1d1846c16-0002     "SZL": 18.373606,
2025-04-01T17:06:32+00:00 INFO 67ec1d1846c16-0002     "THB": 34.159,
2025-04-01T17:06:32+00:00 INFO 67ec1d1846c16-0002     "TJS": 10.900356,
2025-04-01T17:06:32+00:00 INFO 67ec1d1846c16-0002     "TMT": 3.5,
2025-04-01T17:06:32+00:00 INFO 67ec1d1846c16-0002     "TND": 3.109487,
2025-04-01T17:06:32+00:00 INFO 67ec1d1846c16-0002     "TOP": 2.40776,
2025-04-01T17:06:32+00:00 INFO 67ec1d1846c16-0002     "TRY": 37.917806,
2025-04-01T17:06:32+00:00 INFO 67ec1d1846c16-0002     "TTD": 6.788628,
2025-04-01T17:06:32+00:00 INFO 67ec1d1846c16-0002     "TWD": 33.2395,
2025-04-01T17:06:32+00:00 INFO 67ec1d1846c16-0002     "TZS": 2641.391002,
2025-04-01T17:06:32+00:00 INFO 67ec1d1846c16-0002     "UAH": 41.406564,
2025-04-01T17:06:32+00:00 INFO 67ec1d1846c16-0002     "UGX": 3656.085419,
2025-04-01T17:06:32+00:00 INFO 67ec1d1846c16-0002     "USD": 1,
2025-04-01T17:06:32+00:00 INFO 67ec1d1846c16-0002     "UYU": 42.18436,
2025-04-01T17:06:32+00:00 INFO 67ec1d1846c16-0002     "UZS": 12943.420594,
2025-04-01T17:06:32+00:00 INFO 67ec1d1846c16-0002     "VND": 25634.459442,
2025-04-01T17:06:32+00:00 INFO 67ec1d1846c16-0002     "VUV": 118.722,
2025-04-01T17:06:32+00:00 INFO 67ec1d1846c16-0002     "WST": 2.8,
2025-04-01T17:06:32+00:00 INFO 67ec1d1846c16-0002     "XAF": 606.821633,
2025-04-01T17:06:32+00:00 INFO 67ec1d1846c16-0002     "XAG": 0.029464,
2025-04-01T17:06:32+00:00 INFO 67ec1d1846c16-0002     "XAU": 0.000319,
2025-04-01T17:06:32+00:00 INFO 67ec1d1846c16-0002     "XCD": 2.70255,
2025-04-01T17:06:32+00:00 INFO 67ec1d1846c16-0002     "XDR": 0.752233,
2025-04-01T17:06:32+00:00 INFO 67ec1d1846c16-0002     "XOF": 606.821633,
2025-04-01T17:06:32+00:00 INFO 67ec1d1846c16-0002     "XPD": 0.001009,
2025-04-01T17:06:32+00:00 INFO 67ec1d1846c16-0002     "XPF": 110.393033,
2025-04-01T17:06:32+00:00 INFO 67ec1d1846c16-0002     "XPT": 0.001008,
2025-04-01T17:06:32+00:00 INFO 67ec1d1846c16-0002     "YER": 245.999996,
2025-04-01T17:06:32+00:00 INFO 67ec1d1846c16-0002     "ZAR": 18.38722,
2025-04-01T17:06:32+00:00 INFO 67ec1d1846c16-0002     "ZMW": 28.088706,
2025-04-01T17:06:32+00:00 INFO 67ec1d1846c16-0002     "ZWL": 322
2025-04-01T17:06:32+00:00 INFO 67ec1d1846c16-0002 }
