2025-04-02T01:36:48+00:00 INFO 67ec94b092639-0001 REQUEST_67ec94b093f17 (JSON): {
2025-04-02T01:36:48+00:00 INFO 67ec94b092639-0001     "url": "https:\/\/public-api.wordpress.com\/wpcom\/v2\/sites\/%s\/wcpay\/accounts?test_mode=true",
2025-04-02T01:36:48+00:00 INFO 67ec94b092639-0001     "method": "GET",
2025-04-02T01:36:48+00:00 INFO 67ec94b092639-0001     "headers": {
2025-04-02T01:36:48+00:00 INFO 67ec94b092639-0001         "Content-Type": "application\/json; charset=utf-8",
2025-04-02T01:36:48+00:00 INFO 67ec94b092639-0001         "User-Agent": "WooCommerce Payments\/9.1.0",
2025-04-02T01:36:48+00:00 INFO 67ec94b092639-0001         "X-Request-Initiated": 1743557808.605973
2025-04-02T01:36:48+00:00 INFO 67ec94b092639-0001     },
2025-04-02T01:36:48+00:00 INFO 67ec94b092639-0001     "timeout": 70,
2025-04-02T01:36:48+00:00 INFO 67ec94b092639-0001     "connect_timeout": 70
2025-04-02T01:36:48+00:00 INFO 67ec94b092639-0001 }
2025-04-02T01:36:48+00:00 INFO 67ec94b092639-0001 CONTEXT (JSON): {
2025-04-02T01:36:48+00:00 INFO 67ec94b092639-0001     "WP_User": "Guest (non logged-in user)",
2025-04-02T01:36:48+00:00 INFO 67ec94b092639-0001     "HTTP_REFERER": "--",
2025-04-02T01:36:48+00:00 INFO 67ec94b092639-0001     "HTTP_USER_AGENT": "Mozilla\/5.0 (Linux; Android 6.0.1; Nexus 5X Build\/MMB29P) AppleWebKit\/537.36 (KHTML, like Gecko) Chrome\/134.0.6998.165 Mobile Safari\/537.36 (compatible; Googlebot\/2.1; +http:\/\/www.google.com\/bot.html)",
2025-04-02T01:36:48+00:00 INFO 67ec94b092639-0001     "REQUEST_URI": "\/",
2025-04-02T01:36:48+00:00 INFO 67ec94b092639-0001     "DOING_AJAX": "",
2025-04-02T01:36:48+00:00 INFO 67ec94b092639-0001     "DOING_CRON": "",
2025-04-02T01:36:48+00:00 INFO 67ec94b092639-0001     "WP_CLI": ""
2025-04-02T01:36:48+00:00 INFO 67ec94b092639-0001 }
2025-04-02T01:36:52+00:00 INFO 67ec94b092639-0002 RESPONSE_67ec94b093f17 (JSON): {
2025-04-02T01:36:52+00:00 INFO 67ec94b092639-0002     "account_id": "acct_1Qv6psC4wRMCdaNt",
2025-04-02T01:36:52+00:00 INFO 67ec94b092639-0002     "email": "(redacted)",
2025-04-02T01:36:52+00:00 INFO 67ec94b092639-0002     "live_publishable_key": "pk_live_51ETDmyFuiXB5oUVxaIafkGPnwuNcBxr1pXVhvLJ4BrWuiqfG6SldjatOGLQhuqXnDmgqwRA7tDoSFlbY4wFji7KR0079TvtxNs",
2025-04-02T01:36:52+00:00 INFO 67ec94b092639-0002     "test_publishable_key": "pk_test_51ETDmyFuiXB5oUVxwSobQMW5Tno1GclIq7ePZWzLeW4q8oa7Zb8hI5VfwI5sNT5nXuKYinLukNvGCXmsQXAoDGHG00MqHqlYHR",
2025-04-02T01:36:52+00:00 INFO 67ec94b092639-0002     "is_live": false,
2025-04-02T01:36:52+00:00 INFO 67ec94b092639-0002     "is_test_drive": true,
2025-04-02T01:36:52+00:00 INFO 67ec94b092639-0002     "created": "2025-02-22 00:45:01",
2025-04-02T01:36:52+00:00 INFO 67ec94b092639-0002     "has_pending_requirements": false,
2025-04-02T01:36:52+00:00 INFO 67ec94b092639-0002     "has_future_requirements": false,
2025-04-02T01:36:52+00:00 INFO 67ec94b092639-0002     "has_overdue_requirements": false,
2025-04-02T01:36:52+00:00 INFO 67ec94b092639-0002     "details_submitted": true,
2025-04-02T01:36:52+00:00 INFO 67ec94b092639-0002     "current_deadline": null,
2025-04-02T01:36:52+00:00 INFO 67ec94b092639-0002     "status": "complete",
2025-04-02T01:36:52+00:00 INFO 67ec94b092639-0002     "capabilities": {
2025-04-02T01:36:52+00:00 INFO 67ec94b092639-0002         "affirm_payments": "active",
2025-04-02T01:36:52+00:00 INFO 67ec94b092639-0002         "afterpay_clearpay_payments": "active",
2025-04-02T01:36:52+00:00 INFO 67ec94b092639-0002         "bancontact_payments": "active",
2025-04-02T01:36:52+00:00 INFO 67ec94b092639-0002         "card_payments": "active",
2025-04-02T01:36:52+00:00 INFO 67ec94b092639-0002         "eps_payments": "active",
2025-04-02T01:36:52+00:00 INFO 67ec94b092639-0002         "ideal_payments": "active",
2025-04-02T01:36:52+00:00 INFO 67ec94b092639-0002         "klarna_payments": "active",
2025-04-02T01:36:52+00:00 INFO 67ec94b092639-0002         "link_payments": "active",
2025-04-02T01:36:52+00:00 INFO 67ec94b092639-0002         "multibanco_payments": "active",
2025-04-02T01:36:52+00:00 INFO 67ec94b092639-0002         "p24_payments": "active",
2025-04-02T01:36:52+00:00 INFO 67ec94b092639-0002         "tax_reporting_us_1099_k": "active",
2025-04-02T01:36:52+00:00 INFO 67ec94b092639-0002         "transfers": "active",
2025-04-02T01:36:52+00:00 INFO 67ec94b092639-0002         "acss_debit_payments": "unrequested",
2025-04-02T01:36:52+00:00 INFO 67ec94b092639-0002         "amazon_pay_payments": "unrequested",
2025-04-02T01:36:52+00:00 INFO 67ec94b092639-0002         "bank_transfer_payments": "unrequested",
2025-04-02T01:36:52+00:00 INFO 67ec94b092639-0002         "cartes_bancaires_payments": "unrequested",
2025-04-02T01:36:52+00:00 INFO 67ec94b092639-0002         "cashapp_payments": "unrequested",
2025-04-02T01:36:52+00:00 INFO 67ec94b092639-0002         "giropay_payments": "unrequested",
2025-04-02T01:36:52+00:00 INFO 67ec94b092639-0002         "kakao_pay_payments": "unrequested",
2025-04-02T01:36:52+00:00 INFO 67ec94b092639-0002         "klarna": "unrequested",
2025-04-02T01:36:52+00:00 INFO 67ec94b092639-0002         "kr_card_payments": "unrequested",
2025-04-02T01:36:52+00:00 INFO 67ec94b092639-0002         "naver_pay_payments": "unrequested",
2025-04-02T01:36:52+00:00 INFO 67ec94b092639-0002         "payco_payments": "unrequested",
2025-04-02T01:36:52+00:00 INFO 67ec94b092639-0002         "samsung_pay_payments": "unrequested",
2025-04-02T01:36:52+00:00 INFO 67ec94b092639-0002         "sepa_bank_transfer_payments": "unrequested",
2025-04-02T01:36:52+00:00 INFO 67ec94b092639-0002         "sepa_debit_payments": "unrequested",
2025-04-02T01:36:52+00:00 INFO 67ec94b092639-0002         "sofort_payments": "unrequested",
2025-04-02T01:36:52+00:00 INFO 67ec94b092639-0002         "tax_reporting_us_1099_misc": "unrequested",
2025-04-02T01:36:52+00:00 INFO 67ec94b092639-0002         "us_bank_account_ach_payments": "unrequested",
2025-04-02T01:36:52+00:00 INFO 67ec94b092639-0002         "us_bank_transfer_payments": "unrequested"
2025-04-02T01:36:52+00:00 INFO 67ec94b092639-0002     },
2025-04-02T01:36:52+00:00 INFO 67ec94b092639-0002     "capability_requirements": {
2025-04-02T01:36:52+00:00 INFO 67ec94b092639-0002         "acss_debit_payments": [],
2025-04-02T01:36:52+00:00 INFO 67ec94b092639-0002         "affirm_payments": [],
2025-04-02T01:36:52+00:00 INFO 67ec94b092639-0002         "afterpay_clearpay_payments": [],
2025-04-02T01:36:52+00:00 INFO 67ec94b092639-0002         "amazon_pay_payments": [],
2025-04-02T01:36:52+00:00 INFO 67ec94b092639-0002         "bancontact_payments": [],
2025-04-02T01:36:52+00:00 INFO 67ec94b092639-0002         "bank_transfer_payments": [],
2025-04-02T01:36:52+00:00 INFO 67ec94b092639-0002         "card_payments": [],
2025-04-02T01:36:52+00:00 INFO 67ec94b092639-0002         "cartes_bancaires_payments": [],
2025-04-02T01:36:52+00:00 INFO 67ec94b092639-0002         "cashapp_payments": [],
2025-04-02T01:36:52+00:00 INFO 67ec94b092639-0002         "eps_payments": [],
2025-04-02T01:36:52+00:00 INFO 67ec94b092639-0002         "giropay_payments": [],
2025-04-02T01:36:52+00:00 INFO 67ec94b092639-0002         "ideal_payments": [],
2025-04-02T01:36:52+00:00 INFO 67ec94b092639-0002         "kakao_pay_payments": [],
2025-04-02T01:36:52+00:00 INFO 67ec94b092639-0002         "klarna": [],
2025-04-02T01:36:52+00:00 INFO 67ec94b092639-0002         "klarna_payments": [],
2025-04-02T01:36:52+00:00 INFO 67ec94b092639-0002         "kr_card_payments": [],
2025-04-02T01:36:52+00:00 INFO 67ec94b092639-0002         "link_payments": [],
2025-04-02T01:36:52+00:00 INFO 67ec94b092639-0002         "multibanco_payments": [],
2025-04-02T01:36:52+00:00 INFO 67ec94b092639-0002         "naver_pay_payments": [],
2025-04-02T01:36:52+00:00 INFO 67ec94b092639-0002         "p24_payments": [],
2025-04-02T01:36:52+00:00 INFO 67ec94b092639-0002         "payco_payments": [],
2025-04-02T01:36:52+00:00 INFO 67ec94b092639-0002         "samsung_pay_payments": [],
2025-04-02T01:36:52+00:00 INFO 67ec94b092639-0002         "sepa_bank_transfer_payments": [],
2025-04-02T01:36:52+00:00 INFO 67ec94b092639-0002         "sepa_debit_payments": [],
2025-04-02T01:36:52+00:00 INFO 67ec94b092639-0002         "sofort_payments": [],
2025-04-02T01:36:52+00:00 INFO 67ec94b092639-0002         "tax_reporting_us_1099_k": [],
2025-04-02T01:36:52+00:00 INFO 67ec94b092639-0002         "tax_reporting_us_1099_misc": [],
2025-04-02T01:36:52+00:00 INFO 67ec94b092639-0002         "transfers": [],
2025-04-02T01:36:52+00:00 INFO 67ec94b092639-0002         "us_bank_account_ach_payments": [],
2025-04-02T01:36:52+00:00 INFO 67ec94b092639-0002         "us_bank_transfer_payments": []
2025-04-02T01:36:52+00:00 INFO 67ec94b092639-0002     },
2025-04-02T01:36:52+00:00 INFO 67ec94b092639-0002     "payments_enabled": true,
2025-04-02T01:36:52+00:00 INFO 67ec94b092639-0002     "deposits": {
2025-04-02T01:36:52+00:00 INFO 67ec94b092639-0002         "status": "enabled",
2025-04-02T01:36:52+00:00 INFO 67ec94b092639-0002         "restrictions": "deposits_unrestricted",
2025-04-02T01:36:52+00:00 INFO 67ec94b092639-0002         "interval": "daily",
2025-04-02T01:36:52+00:00 INFO 67ec94b092639-0002         "weekly_anchor": "",
2025-04-02T01:36:52+00:00 INFO 67ec94b092639-0002         "monthly_anchor": null,
2025-04-02T01:36:52+00:00 INFO 67ec94b092639-0002         "delay_days": 2,
2025-04-02T01:36:52+00:00 INFO 67ec94b092639-0002         "completed_waiting_period": false,
2025-04-02T01:36:52+00:00 INFO 67ec94b092639-0002         "minimum_manual_deposit_amounts": {
2025-04-02T01:36:52+00:00 INFO 67ec94b092639-0002             "aud": 500,
2025-04-02T01:36:52+00:00 INFO 67ec94b092639-0002             "bgn": 100,
2025-04-02T01:36:52+00:00 INFO 67ec94b092639-0002             "cad": 500,
2025-04-02T01:36:52+00:00 INFO 67ec94b092639-0002             "chf": 500,
2025-04-02T01:36:52+00:00 INFO 67ec94b092639-0002             "czk": 3000,
2025-04-02T01:36:52+00:00 INFO 67ec94b092639-0002             "dkk": 5000,
2025-04-02T01:36:52+00:00 INFO 67ec94b092639-0002             "eur": 500,
2025-04-02T01:36:52+00:00 INFO 67ec94b092639-0002             "gbp": 500,
2025-04-02T01:36:52+00:00 INFO 67ec94b092639-0002             "hkd": 5000,
2025-04-02T01:36:52+00:00 INFO 67ec94b092639-0002             "huf": 36000,
2025-04-02T01:36:52+00:00 INFO 67ec94b092639-0002             "nok": 5000,
2025-04-02T01:36:52+00:00 INFO 67ec94b092639-0002             "nzd": 500,
2025-04-02T01:36:52+00:00 INFO 67ec94b092639-0002             "jpy": 50,
2025-04-02T01:36:52+00:00 INFO 67ec94b092639-0002             "sek": 5000,
2025-04-02T01:36:52+00:00 INFO 67ec94b092639-0002             "sgd": 500,
2025-04-02T01:36:52+00:00 INFO 67ec94b092639-0002             "usd": 500,
2025-04-02T01:36:52+00:00 INFO 67ec94b092639-0002             "ron": 500,
2025-04-02T01:36:52+00:00 INFO 67ec94b092639-0002             "pln": 500,
2025-04-02T01:36:52+00:00 INFO 67ec94b092639-0002             "aed": 200
2025-04-02T01:36:52+00:00 INFO 67ec94b092639-0002         },
2025-04-02T01:36:52+00:00 INFO 67ec94b092639-0002         "minimum_scheduled_deposit_amounts": {
2025-04-02T01:36:52+00:00 INFO 67ec94b092639-0002             "aed": 200,
2025-04-02T01:36:52+00:00 INFO 67ec94b092639-0002             "aud": 0,
2025-04-02T01:36:52+00:00 INFO 67ec94b092639-0002             "bgn": 100,
2025-04-02T01:36:52+00:00 INFO 67ec94b092639-0002             "cad": 0,
2025-04-02T01:36:52+00:00 INFO 67ec94b092639-0002             "chf": 500,
2025-04-02T01:36:52+00:00 INFO 67ec94b092639-0002             "czk": 3000,
2025-04-02T01:36:52+00:00 INFO 67ec94b092639-0002             "dkk": 2000,
2025-04-02T01:36:52+00:00 INFO 67ec94b092639-0002             "eur": 100,
2025-04-02T01:36:52+00:00 INFO 67ec94b092639-0002             "gbp": 100,
2025-04-02T01:36:52+00:00 INFO 67ec94b092639-0002             "hkd": 0,
2025-04-02T01:36:52+00:00 INFO 67ec94b092639-0002             "huf": 36000,
2025-04-02T01:36:52+00:00 INFO 67ec94b092639-0002             "jpy": 1,
2025-04-02T01:36:52+00:00 INFO 67ec94b092639-0002             "nok": 2000,
2025-04-02T01:36:52+00:00 INFO 67ec94b092639-0002             "nzd": 0,
2025-04-02T01:36:52+00:00 INFO 67ec94b092639-0002             "pln": 500,
2025-04-02T01:36:52+00:00 INFO 67ec94b092639-0002             "ron": 500,
2025-04-02T01:36:52+00:00 INFO 67ec94b092639-0002             "sek": 2000,
2025-04-02T01:36:52+00:00 INFO 67ec94b092639-0002             "sgd": 100,
2025-04-02T01:36:52+00:00 INFO 67ec94b092639-0002             "usd": 0
2025-04-02T01:36:52+00:00 INFO 67ec94b092639-0002         }
2025-04-02T01:36:52+00:00 INFO 67ec94b092639-0002     },
2025-04-02T01:36:52+00:00 INFO 67ec94b092639-0002     "lifetime_total_payment_volume": 0,
2025-04-02T01:36:52+00:00 INFO 67ec94b092639-0002     "requirements": {
2025-04-02T01:36:52+00:00 INFO 67ec94b092639-0002         "errors": []
2025-04-02T01:36:52+00:00 INFO 67ec94b092639-0002     },
2025-04-02T01:36:52+00:00 INFO 67ec94b092639-0002     "statement_descriptor": "NORTHERNLI",
2025-04-02T01:36:52+00:00 INFO 67ec94b092639-0002     "statement_descriptor_kanji": "",
2025-04-02T01:36:52+00:00 INFO 67ec94b092639-0002     "statement_descriptor_kana": "",
2025-04-02T01:36:52+00:00 INFO 67ec94b092639-0002     "latest_tos_agreement": {
2025-04-02T01:36:52+00:00 INFO 67ec94b092639-0002         "date": "2025-02-22 00:45:01",
2025-04-02T01:36:52+00:00 INFO 67ec94b092639-0002         "source": "signup",
2025-04-02T01:36:52+00:00 INFO 67ec94b092639-0002         "is_current_version": true
2025-04-02T01:36:52+00:00 INFO 67ec94b092639-0002     },
2025-04-02T01:36:52+00:00 INFO 67ec94b092639-0002     "fees": {
2025-04-02T01:36:52+00:00 INFO 67ec94b092639-0002         "base": {
2025-04-02T01:36:52+00:00 INFO 67ec94b092639-0002             "percentage_rate": 0.029,
2025-04-02T01:36:52+00:00 INFO 67ec94b092639-0002             "fixed_rate": 30,
2025-04-02T01:36:52+00:00 INFO 67ec94b092639-0002             "currency": "usd"
2025-04-02T01:36:52+00:00 INFO 67ec94b092639-0002         },
2025-04-02T01:36:52+00:00 INFO 67ec94b092639-0002         "discount": [],
2025-04-02T01:36:52+00:00 INFO 67ec94b092639-0002         "card": {
2025-04-02T01:36:52+00:00 INFO 67ec94b092639-0002             "base": {
2025-04-02T01:36:52+00:00 INFO 67ec94b092639-0002                 "percentage_rate": 0.029,
2025-04-02T01:36:52+00:00 INFO 67ec94b092639-0002                 "fixed_rate": 30,
2025-04-02T01:36:52+00:00 INFO 67ec94b092639-0002                 "currency": "usd"
2025-04-02T01:36:52+00:00 INFO 67ec94b092639-0002             },
2025-04-02T01:36:52+00:00 INFO 67ec94b092639-0002             "additional": {
2025-04-02T01:36:52+00:00 INFO 67ec94b092639-0002                 "percentage_rate": 0.015,
2025-04-02T01:36:52+00:00 INFO 67ec94b092639-0002                 "fixed_rate": 0,
2025-04-02T01:36:52+00:00 INFO 67ec94b092639-0002                 "currency": "usd"
2025-04-02T01:36:52+00:00 INFO 67ec94b092639-0002             },
2025-04-02T01:36:52+00:00 INFO 67ec94b092639-0002             "fx": {
2025-04-02T01:36:52+00:00 INFO 67ec94b092639-0002                 "percentage_rate": 0.01,
2025-04-02T01:36:52+00:00 INFO 67ec94b092639-0002                 "fixed_rate": 0,
2025-04-02T01:36:52+00:00 INFO 67ec94b092639-0002                 "currency": "usd"
2025-04-02T01:36:52+00:00 INFO 67ec94b092639-0002             },
2025-04-02T01:36:52+00:00 INFO 67ec94b092639-0002             "discount": []
2025-04-02T01:36:52+00:00 INFO 67ec94b092639-0002         },
2025-04-02T01:36:52+00:00 INFO 67ec94b092639-0002         "card_present": {
2025-04-02T01:36:52+00:00 INFO 67ec94b092639-0002             "base": {
2025-04-02T01:36:52+00:00 INFO 67ec94b092639-0002                 "percentage_rate": 0.027,
2025-04-02T01:36:52+00:00 INFO 67ec94b092639-0002                 "fixed_rate": 10,
2025-04-02T01:36:52+00:00 INFO 67ec94b092639-0002                 "currency": "usd"
2025-04-02T01:36:52+00:00 INFO 67ec94b092639-0002             },
2025-04-02T01:36:52+00:00 INFO 67ec94b092639-0002             "additional": {
2025-04-02T01:36:52+00:00 INFO 67ec94b092639-0002                 "percentage_rate": 0.01,
2025-04-02T01:36:52+00:00 INFO 67ec94b092639-0002                 "fixed_rate": 0,
2025-04-02T01:36:52+00:00 INFO 67ec94b092639-0002                 "currency": "usd"
2025-04-02T01:36:52+00:00 INFO 67ec94b092639-0002             },
2025-04-02T01:36:52+00:00 INFO 67ec94b092639-0002             "fx": {
2025-04-02T01:36:52+00:00 INFO 67ec94b092639-0002                 "percentage_rate": 0.01,
2025-04-02T01:36:52+00:00 INFO 67ec94b092639-0002                 "fixed_rate": 0,
2025-04-02T01:36:52+00:00 INFO 67ec94b092639-0002                 "currency": "usd"
2025-04-02T01:36:52+00:00 INFO 67ec94b092639-0002             },
2025-04-02T01:36:52+00:00 INFO 67ec94b092639-0002             "discount": []
2025-04-02T01:36:52+00:00 INFO 67ec94b092639-0002         },
2025-04-02T01:36:52+00:00 INFO 67ec94b092639-0002         "link": {
2025-04-02T01:36:52+00:00 INFO 67ec94b092639-0002             "base": {
2025-04-02T01:36:52+00:00 INFO 67ec94b092639-0002                 "percentage_rate": 0.029,
2025-04-02T01:36:52+00:00 INFO 67ec94b092639-0002                 "fixed_rate": 30,
2025-04-02T01:36:52+00:00 INFO 67ec94b092639-0002                 "currency": "usd"
2025-04-02T01:36:52+00:00 INFO 67ec94b092639-0002             },
2025-04-02T01:36:52+00:00 INFO 67ec94b092639-0002             "additional": {
2025-04-02T01:36:52+00:00 INFO 67ec94b092639-0002                 "percentage_rate": 0,
2025-04-02T01:36:52+00:00 INFO 67ec94b092639-0002                 "fixed_rate": 0,
2025-04-02T01:36:52+00:00 INFO 67ec94b092639-0002                 "currency": "usd"
2025-04-02T01:36:52+00:00 INFO 67ec94b092639-0002             },
2025-04-02T01:36:52+00:00 INFO 67ec94b092639-0002             "fx": {
2025-04-02T01:36:52+00:00 INFO 67ec94b092639-0002                 "percentage_rate": 0.01,
2025-04-02T01:36:52+00:00 INFO 67ec94b092639-0002                 "fixed_rate": 0,
2025-04-02T01:36:52+00:00 INFO 67ec94b092639-0002                 "currency": "usd"
2025-04-02T01:36:52+00:00 INFO 67ec94b092639-0002             },
2025-04-02T01:36:52+00:00 INFO 67ec94b092639-0002             "discount": []
2025-04-02T01:36:52+00:00 INFO 67ec94b092639-0002         },
2025-04-02T01:36:52+00:00 INFO 67ec94b092639-0002         "bancontact": {
2025-04-02T01:36:52+00:00 INFO 67ec94b092639-0002             "base": {
2025-04-02T01:36:52+00:00 INFO 67ec94b092639-0002                 "percentage_rate": 0.014,
2025-04-02T01:36:52+00:00 INFO 67ec94b092639-0002                 "fixed_rate": 30,
2025-04-02T01:36:52+00:00 INFO 67ec94b092639-0002                 "currency": "usd"
2025-04-02T01:36:52+00:00 INFO 67ec94b092639-0002             },
2025-04-02T01:36:52+00:00 INFO 67ec94b092639-0002             "additional": {
2025-04-02T01:36:52+00:00 INFO 67ec94b092639-0002                 "percentage_rate": 0.015,
2025-04-02T01:36:52+00:00 INFO 67ec94b092639-0002                 "fixed_rate": 0,
2025-04-02T01:36:52+00:00 INFO 67ec94b092639-0002                 "currency": "usd"
2025-04-02T01:36:52+00:00 INFO 67ec94b092639-0002             },
2025-04-02T01:36:52+00:00 INFO 67ec94b092639-0002             "fx": {
2025-04-02T01:36:52+00:00 INFO 67ec94b092639-0002                 "percentage_rate": 0.01,
2025-04-02T01:36:52+00:00 INFO 67ec94b092639-0002                 "fixed_rate": 0,
2025-04-02T01:36:52+00:00 INFO 67ec94b092639-0002                 "currency": "usd"
2025-04-02T01:36:52+00:00 INFO 67ec94b092639-0002             },
2025-04-02T01:36:52+00:00 INFO 67ec94b092639-0002             "discount": []
2025-04-02T01:36:52+00:00 INFO 67ec94b092639-0002         },
2025-04-02T01:36:52+00:00 INFO 67ec94b092639-0002         "eps": {
2025-04-02T01:36:52+00:00 INFO 67ec94b092639-0002             "base": {
2025-04-02T01:36:52+00:00 INFO 67ec94b092639-0002                 "percentage_rate": 0.018,
2025-04-02T01:36:52+00:00 INFO 67ec94b092639-0002                 "fixed_rate": 30,
2025-04-02T01:36:52+00:00 INFO 67ec94b092639-0002                 "currency": "usd"
2025-04-02T01:36:52+00:00 INFO 67ec94b092639-0002             },
2025-04-02T01:36:52+00:00 INFO 67ec94b092639-0002             "additional": {
2025-04-02T01:36:52+00:00 INFO 67ec94b092639-0002                 "percentage_rate": 0.015,
2025-04-02T01:36:52+00:00 INFO 67ec94b092639-0002                 "fixed_rate": 0,
2025-04-02T01:36:52+00:00 INFO 67ec94b092639-0002                 "currency": "usd"
2025-04-02T01:36:52+00:00 INFO 67ec94b092639-0002             },
2025-04-02T01:36:52+00:00 INFO 67ec94b092639-0002             "fx": {
2025-04-02T01:36:52+00:00 INFO 67ec94b092639-0002                 "percentage_rate": 0.01,
2025-04-02T01:36:52+00:00 INFO 67ec94b092639-0002                 "fixed_rate": 0,
2025-04-02T01:36:52+00:00 INFO 67ec94b092639-0002                 "currency": "usd"
2025-04-02T01:36:52+00:00 INFO 67ec94b092639-0002             },
2025-04-02T01:36:52+00:00 INFO 67ec94b092639-0002             "discount": []
2025-04-02T01:36:52+00:00 INFO 67ec94b092639-0002         },
2025-04-02T01:36:52+00:00 INFO 67ec94b092639-0002         "ideal": {
2025-04-02T01:36:52+00:00 INFO 67ec94b092639-0002             "base": {
2025-04-02T01:36:52+00:00 INFO 67ec94b092639-0002                 "percentage_rate": 0,
2025-04-02T01:36:52+00:00 INFO 67ec94b092639-0002                 "fixed_rate": 80,
2025-04-02T01:36:52+00:00 INFO 67ec94b092639-0002                 "currency": "usd"
2025-04-02T01:36:52+00:00 INFO 67ec94b092639-0002             },
2025-04-02T01:36:52+00:00 INFO 67ec94b092639-0002             "additional": {
2025-04-02T01:36:52+00:00 INFO 67ec94b092639-0002                 "percentage_rate": 0.015,
2025-04-02T01:36:52+00:00 INFO 67ec94b092639-0002                 "fixed_rate": 0,
2025-04-02T01:36:52+00:00 INFO 67ec94b092639-0002                 "currency": "usd"
2025-04-02T01:36:52+00:00 INFO 67ec94b092639-0002             },
2025-04-02T01:36:52+00:00 INFO 67ec94b092639-0002             "fx": {
2025-04-02T01:36:52+00:00 INFO 67ec94b092639-0002                 "percentage_rate": 0.01,
2025-04-02T01:36:52+00:00 INFO 67ec94b092639-0002                 "fixed_rate": 0,
2025-04-02T01:36:52+00:00 INFO 67ec94b092639-0002                 "currency": "usd"
2025-04-02T01:36:52+00:00 INFO 67ec94b092639-0002             },
2025-04-02T01:36:52+00:00 INFO 67ec94b092639-0002             "discount": []
2025-04-02T01:36:52+00:00 INFO 67ec94b092639-0002         },
2025-04-02T01:36:52+00:00 INFO 67ec94b092639-0002         "p24": {
2025-04-02T01:36:52+00:00 INFO 67ec94b092639-0002             "base": {
2025-04-02T01:36:52+00:00 INFO 67ec94b092639-0002                 "percentage_rate": 0.022,
2025-04-02T01:36:52+00:00 INFO 67ec94b092639-0002                 "fixed_rate": 30,
2025-04-02T01:36:52+00:00 INFO 67ec94b092639-0002                 "currency": "usd"
2025-04-02T01:36:52+00:00 INFO 67ec94b092639-0002             },
2025-04-02T01:36:52+00:00 INFO 67ec94b092639-0002             "additional": {
2025-04-02T01:36:52+00:00 INFO 67ec94b092639-0002                 "percentage_rate": 0.015,
2025-04-02T01:36:52+00:00 INFO 67ec94b092639-0002                 "fixed_rate": 0,
2025-04-02T01:36:52+00:00 INFO 67ec94b092639-0002                 "currency": "usd"
2025-04-02T01:36:52+00:00 INFO 67ec94b092639-0002             },
2025-04-02T01:36:52+00:00 INFO 67ec94b092639-0002             "fx": {
2025-04-02T01:36:52+00:00 INFO 67ec94b092639-0002                 "percentage_rate": 0.01,
2025-04-02T01:36:52+00:00 INFO 67ec94b092639-0002                 "fixed_rate": 0,
2025-04-02T01:36:52+00:00 INFO 67ec94b092639-0002                 "currency": "usd"
2025-04-02T01:36:52+00:00 INFO 67ec94b092639-0002             },
2025-04-02T01:36:52+00:00 INFO 67ec94b092639-0002             "discount": []
2025-04-02T01:36:52+00:00 INFO 67ec94b092639-0002         },
2025-04-02T01:36:52+00:00 INFO 67ec94b092639-0002         "affirm": {
2025-04-02T01:36:52+00:00 INFO 67ec94b092639-0002             "base": {
2025-04-02T01:36:52+00:00 INFO 67ec94b092639-0002                 "percentage_rate": 0.06,
2025-04-02T01:36:52+00:00 INFO 67ec94b092639-0002                 "fixed_rate": 30,
2025-04-02T01:36:52+00:00 INFO 67ec94b092639-0002                 "currency": "usd"
2025-04-02T01:36:52+00:00 INFO 67ec94b092639-0002             },
2025-04-02T01:36:52+00:00 INFO 67ec94b092639-0002             "additional": {
2025-04-02T01:36:52+00:00 INFO 67ec94b092639-0002                 "percentage_rate": 0,
2025-04-02T01:36:52+00:00 INFO 67ec94b092639-0002                 "fixed_rate": 0,
2025-04-02T01:36:52+00:00 INFO 67ec94b092639-0002                 "currency": "usd"
2025-04-02T01:36:52+00:00 INFO 67ec94b092639-0002             },
2025-04-02T01:36:52+00:00 INFO 67ec94b092639-0002             "fx": {
2025-04-02T01:36:52+00:00 INFO 67ec94b092639-0002                 "percentage_rate": 0,
2025-04-02T01:36:52+00:00 INFO 67ec94b092639-0002                 "fixed_rate": 0,
2025-04-02T01:36:52+00:00 INFO 67ec94b092639-0002                 "currency": "usd"
2025-04-02T01:36:52+00:00 INFO 67ec94b092639-0002             },
2025-04-02T01:36:52+00:00 INFO 67ec94b092639-0002             "discount": []
2025-04-02T01:36:52+00:00 INFO 67ec94b092639-0002         },
2025-04-02T01:36:52+00:00 INFO 67ec94b092639-0002         "afterpay_clearpay": {
2025-04-02T01:36:52+00:00 INFO 67ec94b092639-0002             "base": {
2025-04-02T01:36:52+00:00 INFO 67ec94b092639-0002                 "percentage_rate": 0.06,
2025-04-02T01:36:52+00:00 INFO 67ec94b092639-0002                 "fixed_rate": 30,
2025-04-02T01:36:52+00:00 INFO 67ec94b092639-0002                 "currency": "usd"
2025-04-02T01:36:52+00:00 INFO 67ec94b092639-0002             },
2025-04-02T01:36:52+00:00 INFO 67ec94b092639-0002             "additional": {
2025-04-02T01:36:52+00:00 INFO 67ec94b092639-0002                 "percentage_rate": 0,
2025-04-02T01:36:52+00:00 INFO 67ec94b092639-0002                 "fixed_rate": 0,
2025-04-02T01:36:52+00:00 INFO 67ec94b092639-0002                 "currency": "usd"
2025-04-02T01:36:52+00:00 INFO 67ec94b092639-0002             },
2025-04-02T01:36:52+00:00 INFO 67ec94b092639-0002             "fx": {
2025-04-02T01:36:52+00:00 INFO 67ec94b092639-0002                 "percentage_rate": 0,
2025-04-02T01:36:52+00:00 INFO 67ec94b092639-0002                 "fixed_rate": 0,
2025-04-02T01:36:52+00:00 INFO 67ec94b092639-0002                 "currency": "usd"
2025-04-02T01:36:52+00:00 INFO 67ec94b092639-0002             },
2025-04-02T01:36:52+00:00 INFO 67ec94b092639-0002             "discount": []
2025-04-02T01:36:52+00:00 INFO 67ec94b092639-0002         },
2025-04-02T01:36:52+00:00 INFO 67ec94b092639-0002         "klarna": {
2025-04-02T01:36:52+00:00 INFO 67ec94b092639-0002             "base": {
2025-04-02T01:36:52+00:00 INFO 67ec94b092639-0002                 "percentage_rate": 0.0599,
2025-04-02T01:36:52+00:00 INFO 67ec94b092639-0002                 "fixed_rate": 30,
2025-04-02T01:36:52+00:00 INFO 67ec94b092639-0002                 "currency": "usd"
2025-04-02T01:36:52+00:00 INFO 67ec94b092639-0002             },
2025-04-02T01:36:52+00:00 INFO 67ec94b092639-0002             "additional": {
2025-04-02T01:36:52+00:00 INFO 67ec94b092639-0002                 "percentage_rate": 0,
2025-04-02T01:36:52+00:00 INFO 67ec94b092639-0002                 "fixed_rate": 0,
2025-04-02T01:36:52+00:00 INFO 67ec94b092639-0002                 "currency": "usd"
2025-04-02T01:36:52+00:00 INFO 67ec94b092639-0002             },
2025-04-02T01:36:52+00:00 INFO 67ec94b092639-0002             "fx": {
2025-04-02T01:36:52+00:00 INFO 67ec94b092639-0002                 "percentage_rate": 0,
2025-04-02T01:36:52+00:00 INFO 67ec94b092639-0002                 "fixed_rate": 0,
2025-04-02T01:36:52+00:00 INFO 67ec94b092639-0002                 "currency": "usd"
2025-04-02T01:36:52+00:00 INFO 67ec94b092639-0002             },
2025-04-02T01:36:52+00:00 INFO 67ec94b092639-0002             "discount": []
2025-04-02T01:36:52+00:00 INFO 67ec94b092639-0002         }
2025-04-02T01:36:52+00:00 INFO 67ec94b092639-0002     },
2025-04-02T01:36:52+00:00 INFO 67ec94b092639-0002     "capital": {
2025-04-02T01:36:52+00:00 INFO 67ec94b092639-0002         "has_active_loan": false,
2025-04-02T01:36:52+00:00 INFO 67ec94b092639-0002         "has_previous_loans": false,
2025-04-02T01:36:52+00:00 INFO 67ec94b092639-0002         "loans": []
2025-04-02T01:36:52+00:00 INFO 67ec94b092639-0002     },
2025-04-02T01:36:52+00:00 INFO 67ec94b092639-0002     "fraud_services": {
2025-04-02T01:36:52+00:00 INFO 67ec94b092639-0002         "stripe": [],
2025-04-02T01:36:52+00:00 INFO 67ec94b092639-0002         "sift": {
2025-04-02T01:36:52+00:00 INFO 67ec94b092639-0002             "beacon_key": "affbdadb36",
2025-04-02T01:36:52+00:00 INFO 67ec94b092639-0002             "sandbox_beacon_key": "6ad0ad748b"
2025-04-02T01:36:52+00:00 INFO 67ec94b092639-0002         }
2025-04-02T01:36:52+00:00 INFO 67ec94b092639-0002     },
2025-04-02T01:36:52+00:00 INFO 67ec94b092639-0002     "store_currencies": {
2025-04-02T01:36:52+00:00 INFO 67ec94b092639-0002         "default": "usd",
2025-04-02T01:36:52+00:00 INFO 67ec94b092639-0002         "supported": [
2025-04-02T01:36:52+00:00 INFO 67ec94b092639-0002             "usd"
2025-04-02T01:36:52+00:00 INFO 67ec94b092639-0002         ]
2025-04-02T01:36:52+00:00 INFO 67ec94b092639-0002     },
2025-04-02T01:36:52+00:00 INFO 67ec94b092639-0002     "customer_currencies": {
2025-04-02T01:36:52+00:00 INFO 67ec94b092639-0002         "supported": [
2025-04-02T01:36:52+00:00 INFO 67ec94b092639-0002             "usd",
2025-04-02T01:36:52+00:00 INFO 67ec94b092639-0002             "aed",
2025-04-02T01:36:52+00:00 INFO 67ec94b092639-0002             "afn",
2025-04-02T01:36:52+00:00 INFO 67ec94b092639-0002             "all",
2025-04-02T01:36:52+00:00 INFO 67ec94b092639-0002             "amd",
2025-04-02T01:36:52+00:00 INFO 67ec94b092639-0002             "ang",
2025-04-02T01:36:52+00:00 INFO 67ec94b092639-0002             "aoa",
2025-04-02T01:36:52+00:00 INFO 67ec94b092639-0002             "ars",
2025-04-02T01:36:52+00:00 INFO 67ec94b092639-0002             "aud",
2025-04-02T01:36:52+00:00 INFO 67ec94b092639-0002             "awg",
2025-04-02T01:36:52+00:00 INFO 67ec94b092639-0002             "azn",
2025-04-02T01:36:52+00:00 INFO 67ec94b092639-0002             "bam",
2025-04-02T01:36:52+00:00 INFO 67ec94b092639-0002             "bbd",
2025-04-02T01:36:52+00:00 INFO 67ec94b092639-0002             "bdt",
2025-04-02T01:36:52+00:00 INFO 67ec94b092639-0002             "bgn",
2025-04-02T01:36:52+00:00 INFO 67ec94b092639-0002             "bif",
2025-04-02T01:36:52+00:00 INFO 67ec94b092639-0002             "bmd",
2025-04-02T01:36:52+00:00 INFO 67ec94b092639-0002             "bnd",
2025-04-02T01:36:52+00:00 INFO 67ec94b092639-0002             "bob",
2025-04-02T01:36:52+00:00 INFO 67ec94b092639-0002             "brl",
2025-04-02T01:36:52+00:00 INFO 67ec94b092639-0002             "bsd",
2025-04-02T01:36:52+00:00 INFO 67ec94b092639-0002             "bwp",
2025-04-02T01:36:52+00:00 INFO 67ec94b092639-0002             "byn",
2025-04-02T01:36:52+00:00 INFO 67ec94b092639-0002             "bzd",
2025-04-02T01:36:52+00:00 INFO 67ec94b092639-0002             "cad",
2025-04-02T01:36:52+00:00 INFO 67ec94b092639-0002             "cdf",
2025-04-02T01:36:52+00:00 INFO 67ec94b092639-0002             "chf",
2025-04-02T01:36:52+00:00 INFO 67ec94b092639-0002             "clp",
2025-04-02T01:36:52+00:00 INFO 67ec94b092639-0002             "cny",
2025-04-02T01:36:52+00:00 INFO 67ec94b092639-0002             "cop",
2025-04-02T01:36:52+00:00 INFO 67ec94b092639-0002             "crc",
2025-04-02T01:36:52+00:00 INFO 67ec94b092639-0002             "cve",
2025-04-02T01:36:52+00:00 INFO 67ec94b092639-0002             "czk",
2025-04-02T01:36:52+00:00 INFO 67ec94b092639-0002             "djf",
2025-04-02T01:36:52+00:00 INFO 67ec94b092639-0002             "dkk",
2025-04-02T01:36:52+00:00 INFO 67ec94b092639-0002             "dop",
2025-04-02T01:36:52+00:00 INFO 67ec94b092639-0002             "dzd",
2025-04-02T01:36:52+00:00 INFO 67ec94b092639-0002             "egp",
2025-04-02T01:36:52+00:00 INFO 67ec94b092639-0002             "etb",
2025-04-02T01:36:52+00:00 INFO 67ec94b092639-0002             "eur",
2025-04-02T01:36:52+00:00 INFO 67ec94b092639-0002             "fjd",
2025-04-02T01:36:52+00:00 INFO 67ec94b092639-0002             "fkp",
2025-04-02T01:36:52+00:00 INFO 67ec94b092639-0002             "gbp",
2025-04-02T01:36:52+00:00 INFO 67ec94b092639-0002             "gel",
2025-04-02T01:36:52+00:00 INFO 67ec94b092639-0002             "gip",
2025-04-02T01:36:52+00:00 INFO 67ec94b092639-0002             "gmd",
2025-04-02T01:36:52+00:00 INFO 67ec94b092639-0002             "gnf",
2025-04-02T01:36:52+00:00 INFO 67ec94b092639-0002             "gtq",
2025-04-02T01:36:52+00:00 INFO 67ec94b092639-0002             "gyd",
2025-04-02T01:36:52+00:00 INFO 67ec94b092639-0002             "hkd",
2025-04-02T01:36:52+00:00 INFO 67ec94b092639-0002             "hnl",
2025-04-02T01:36:52+00:00 INFO 67ec94b092639-0002             "htg",
2025-04-02T01:36:52+00:00 INFO 67ec94b092639-0002             "huf",
2025-04-02T01:36:52+00:00 INFO 67ec94b092639-0002             "idr",
2025-04-02T01:36:52+00:00 INFO 67ec94b092639-0002             "ils",
2025-04-02T01:36:52+00:00 INFO 67ec94b092639-0002             "inr",
2025-04-02T01:36:52+00:00 INFO 67ec94b092639-0002             "isk",
2025-04-02T01:36:52+00:00 INFO 67ec94b092639-0002             "jmd",
2025-04-02T01:36:52+00:00 INFO 67ec94b092639-0002             "jpy",
2025-04-02T01:36:52+00:00 INFO 67ec94b092639-0002             "kes",
2025-04-02T01:36:52+00:00 INFO 67ec94b092639-0002             "kgs",
2025-04-02T01:36:52+00:00 INFO 67ec94b092639-0002             "khr",
2025-04-02T01:36:52+00:00 INFO 67ec94b092639-0002             "kmf",
2025-04-02T01:36:52+00:00 INFO 67ec94b092639-0002             "krw",
2025-04-02T01:36:52+00:00 INFO 67ec94b092639-0002             "kyd",
2025-04-02T01:36:52+00:00 INFO 67ec94b092639-0002             "kzt",
2025-04-02T01:36:52+00:00 INFO 67ec94b092639-0002             "lak",
2025-04-02T01:36:52+00:00 INFO 67ec94b092639-0002             "lbp",
2025-04-02T01:36:52+00:00 INFO 67ec94b092639-0002             "lkr",
2025-04-02T01:36:52+00:00 INFO 67ec94b092639-0002             "lrd",
2025-04-02T01:36:52+00:00 INFO 67ec94b092639-0002             "lsl",
2025-04-02T01:36:52+00:00 INFO 67ec94b092639-0002             "mad",
2025-04-02T01:36:52+00:00 INFO 67ec94b092639-0002             "mdl",
2025-04-02T01:36:52+00:00 INFO 67ec94b092639-0002             "mga",
2025-04-02T01:36:52+00:00 INFO 67ec94b092639-0002             "mkd",
2025-04-02T01:36:52+00:00 INFO 67ec94b092639-0002             "mmk",
2025-04-02T01:36:52+00:00 INFO 67ec94b092639-0002             "mnt",
2025-04-02T01:36:52+00:00 INFO 67ec94b092639-0002             "mop",
2025-04-02T01:36:52+00:00 INFO 67ec94b092639-0002             "mur",
2025-04-02T01:36:52+00:00 INFO 67ec94b092639-0002             "mvr",
2025-04-02T01:36:52+00:00 INFO 67ec94b092639-0002             "mwk",
2025-04-02T01:36:52+00:00 INFO 67ec94b092639-0002             "mxn",
2025-04-02T01:36:52+00:00 INFO 67ec94b092639-0002             "myr",
2025-04-02T01:36:52+00:00 INFO 67ec94b092639-0002             "mzn",
2025-04-02T01:36:52+00:00 INFO 67ec94b092639-0002             "nad",
2025-04-02T01:36:52+00:00 INFO 67ec94b092639-0002             "ngn",
2025-04-02T01:36:52+00:00 INFO 67ec94b092639-0002             "nio",
2025-04-02T01:36:52+00:00 INFO 67ec94b092639-0002             "nok",
2025-04-02T01:36:52+00:00 INFO 67ec94b092639-0002             "npr",
2025-04-02T01:36:52+00:00 INFO 67ec94b092639-0002             "nzd",
2025-04-02T01:36:52+00:00 INFO 67ec94b092639-0002             "pab",
2025-04-02T01:36:52+00:00 INFO 67ec94b092639-0002             "pen",
2025-04-02T01:36:52+00:00 INFO 67ec94b092639-0002             "pgk",
2025-04-02T01:36:52+00:00 INFO 67ec94b092639-0002             "php",
2025-04-02T01:36:52+00:00 INFO 67ec94b092639-0002             "pkr",
2025-04-02T01:36:52+00:00 INFO 67ec94b092639-0002             "pln",
2025-04-02T01:36:52+00:00 INFO 67ec94b092639-0002             "pyg",
2025-04-02T01:36:52+00:00 INFO 67ec94b092639-0002             "qar",
2025-04-02T01:36:52+00:00 INFO 67ec94b092639-0002             "ron",
2025-04-02T01:36:52+00:00 INFO 67ec94b092639-0002             "rsd",
2025-04-02T01:36:52+00:00 INFO 67ec94b092639-0002             "rub",
2025-04-02T01:36:52+00:00 INFO 67ec94b092639-0002             "rwf",
2025-04-02T01:36:52+00:00 INFO 67ec94b092639-0002             "sar",
2025-04-02T01:36:52+00:00 INFO 67ec94b092639-0002             "sbd",
2025-04-02T01:36:52+00:00 INFO 67ec94b092639-0002             "scr",
2025-04-02T01:36:52+00:00 INFO 67ec94b092639-0002             "sek",
2025-04-02T01:36:52+00:00 INFO 67ec94b092639-0002             "sgd",
2025-04-02T01:36:52+00:00 INFO 67ec94b092639-0002             "shp",
2025-04-02T01:36:52+00:00 INFO 67ec94b092639-0002             "sle",
2025-04-02T01:36:52+00:00 INFO 67ec94b092639-0002             "sos",
2025-04-02T01:36:52+00:00 INFO 67ec94b092639-0002             "srd",
2025-04-02T01:36:52+00:00 INFO 67ec94b092639-0002             "std",
2025-04-02T01:36:52+00:00 INFO 67ec94b092639-0002             "szl",
2025-04-02T01:36:52+00:00 INFO 67ec94b092639-0002             "thb",
2025-04-02T01:36:52+00:00 INFO 67ec94b092639-0002             "tjs",
2025-04-02T01:36:52+00:00 INFO 67ec94b092639-0002             "top",
2025-04-02T01:36:52+00:00 INFO 67ec94b092639-0002             "try",
2025-04-02T01:36:52+00:00 INFO 67ec94b092639-0002             "ttd",
2025-04-02T01:36:52+00:00 INFO 67ec94b092639-0002             "twd",
2025-04-02T01:36:52+00:00 INFO 67ec94b092639-0002             "tzs",
2025-04-02T01:36:52+00:00 INFO 67ec94b092639-0002             "uah",
2025-04-02T01:36:52+00:00 INFO 67ec94b092639-0002             "ugx",
2025-04-02T01:36:52+00:00 INFO 67ec94b092639-0002             "uyu",
2025-04-02T01:36:52+00:00 INFO 67ec94b092639-0002             "uzs",
2025-04-02T01:36:52+00:00 INFO 67ec94b092639-0002             "vnd",
2025-04-02T01:36:52+00:00 INFO 67ec94b092639-0002             "vuv",
2025-04-02T01:36:52+00:00 INFO 67ec94b092639-0002             "wst",
2025-04-02T01:36:52+00:00 INFO 67ec94b092639-0002             "xaf",
2025-04-02T01:36:52+00:00 INFO 67ec94b092639-0002             "xcd",
2025-04-02T01:36:52+00:00 INFO 67ec94b092639-0002             "xcg",
2025-04-02T01:36:52+00:00 INFO 67ec94b092639-0002             "xof",
2025-04-02T01:36:52+00:00 INFO 67ec94b092639-0002             "xpf",
2025-04-02T01:36:52+00:00 INFO 67ec94b092639-0002             "yer",
2025-04-02T01:36:52+00:00 INFO 67ec94b092639-0002             "zar",
2025-04-02T01:36:52+00:00 INFO 67ec94b092639-0002             "zmw"
2025-04-02T01:36:52+00:00 INFO 67ec94b092639-0002         ]
2025-04-02T01:36:52+00:00 INFO 67ec94b092639-0002     },
2025-04-02T01:36:52+00:00 INFO 67ec94b092639-0002     "country": "(redacted)",
2025-04-02T01:36:52+00:00 INFO 67ec94b092639-0002     "instant_deposits_eligible": false,
2025-04-02T01:36:52+00:00 INFO 67ec94b092639-0002     "card_present_eligible": true,
2025-04-02T01:36:52+00:00 INFO 67ec94b092639-0002     "has_card_readers_available": false,
2025-04-02T01:36:52+00:00 INFO 67ec94b092639-0002     "platform_checkout_eligible": true,
2025-04-02T01:36:52+00:00 INFO 67ec94b092639-0002     "platform_direct_checkout_eligible": true,
2025-04-02T01:36:52+00:00 INFO 67ec94b092639-0002     "platform_global_theme_support_enabled": true,
2025-04-02T01:36:52+00:00 INFO 67ec94b092639-0002     "business_profile": {
2025-04-02T01:36:52+00:00 INFO 67ec94b092639-0002         "name": "(redacted)",
2025-04-02T01:36:52+00:00 INFO 67ec94b092639-0002         "url": "https:\/\/northernlights.grubmenu.io",
2025-04-02T01:36:52+00:00 INFO 67ec94b092639-0002         "support_address": [],
2025-04-02T01:36:52+00:00 INFO 67ec94b092639-0002         "support_email": "plenty.helpful@example.com",
2025-04-02T01:36:52+00:00 INFO 67ec94b092639-0002         "support_phone": "+10000000000"
2025-04-02T01:36:52+00:00 INFO 67ec94b092639-0002     },
2025-04-02T01:36:52+00:00 INFO 67ec94b092639-0002     "branding": {
2025-04-02T01:36:52+00:00 INFO 67ec94b092639-0002         "icon": "file_1Qv6ptFuiXB5oUVxW9EmwLOC",
2025-04-02T01:36:52+00:00 INFO 67ec94b092639-0002         "logo": "file_1Qv6ptFuiXB5oUVx4x2imFNO",
2025-04-02T01:36:52+00:00 INFO 67ec94b092639-0002         "primary_color": "#873eff",
2025-04-02T01:36:52+00:00 INFO 67ec94b092639-0002         "secondary_color": "#2c045d"
2025-04-02T01:36:52+00:00 INFO 67ec94b092639-0002     },
2025-04-02T01:36:52+00:00 INFO 67ec94b092639-0002     "locale": "en_US",
2025-04-02T01:36:52+00:00 INFO 67ec94b092639-0002     "has_more_failed_events": false,
2025-04-02T01:36:52+00:00 INFO 67ec94b092639-0002     "has_submitted_vat_data": false,
2025-04-02T01:36:52+00:00 INFO 67ec94b092639-0002     "is_documents_enabled": false,
2025-04-02T01:36:52+00:00 INFO 67ec94b092639-0002     "card_testing_protection_eligible": false,
2025-04-02T01:36:52+00:00 INFO 67ec94b092639-0002     "progressive_onboarding": {
2025-04-02T01:36:52+00:00 INFO 67ec94b092639-0002         "is_enabled": false,
2025-04-02T01:36:52+00:00 INFO 67ec94b092639-0002         "is_complete": false,
2025-04-02T01:36:52+00:00 INFO 67ec94b092639-0002         "tpv": null,
2025-04-02T01:36:52+00:00 INFO 67ec94b092639-0002         "first_transaction_date": null,
2025-04-02T01:36:52+00:00 INFO 67ec94b092639-0002         "kyc_deadline_date": null
2025-04-02T01:36:52+00:00 INFO 67ec94b092639-0002     },
2025-04-02T01:36:52+00:00 INFO 67ec94b092639-0002     "fraud_mitigation_settings": {
2025-04-02T01:36:52+00:00 INFO 67ec94b092639-0002         "avs_check_enabled": false,
2025-04-02T01:36:52+00:00 INFO 67ec94b092639-0002         "cvc_check_enabled": true
2025-04-02T01:36:52+00:00 INFO 67ec94b092639-0002     },
2025-04-02T01:36:52+00:00 INFO 67ec94b092639-0002     "is_deferred_intent_creation_upe_enabled": true,
2025-04-02T01:36:52+00:00 INFO 67ec94b092639-0002     "pre_check_save_my_info": true,
2025-04-02T01:36:52+00:00 INFO 67ec94b092639-0002     "is_tokenized_ece_disabled": false,
2025-04-02T01:36:52+00:00 INFO 67ec94b092639-0002     "eligibility_wporg_review_campaign_2025": false
2025-04-02T01:36:52+00:00 INFO 67ec94b092639-0002 }
2025-04-02T01:36:52+00:00 INFO 67ec94b092639-0003 REQUEST_67ec94b45cebc (JSON): {
2025-04-02T01:36:52+00:00 INFO 67ec94b092639-0003     "url": "https:\/\/public-api.wordpress.com\/wpcom\/v2\/sites\/%s\/wcpay\/currency\/rates?test_mode=1&currency_from=usd",
2025-04-02T01:36:52+00:00 INFO 67ec94b092639-0003     "method": "GET",
2025-04-02T01:36:52+00:00 INFO 67ec94b092639-0003     "headers": {
2025-04-02T01:36:52+00:00 INFO 67ec94b092639-0003         "Content-Type": "application\/json; charset=utf-8",
2025-04-02T01:36:52+00:00 INFO 67ec94b092639-0003         "User-Agent": "WooCommerce Payments\/9.1.0",
2025-04-02T01:36:52+00:00 INFO 67ec94b092639-0003         "X-Request-Initiated": 1743557812.380602
2025-04-02T01:36:52+00:00 INFO 67ec94b092639-0003     },
2025-04-02T01:36:52+00:00 INFO 67ec94b092639-0003     "timeout": 70,
2025-04-02T01:36:52+00:00 INFO 67ec94b092639-0003     "connect_timeout": 70
2025-04-02T01:36:52+00:00 INFO 67ec94b092639-0003 }
2025-04-02T01:36:52+00:00 INFO 67ec94b092639-0004 RESPONSE_67ec94b45cebc (JSON): {
2025-04-02T01:36:52+00:00 INFO 67ec94b092639-0004     "AED": 3.67298,
2025-04-02T01:36:52+00:00 INFO 67ec94b092639-0004     "AFN": 71.823614,
2025-04-02T01:36:52+00:00 INFO 67ec94b092639-0004     "ALL": 92.008758,
2025-04-02T01:36:52+00:00 INFO 67ec94b092639-0004     "AMD": 390.736096,
2025-04-02T01:36:52+00:00 INFO 67ec94b092639-0004     "ANG": 1.790208,
2025-04-02T01:36:52+00:00 INFO 67ec94b092639-0004     "AOA": 912,
2025-04-02T01:36:52+00:00 INFO 67ec94b092639-0004     "ARS": 1072.85,
2025-04-02T01:36:52+00:00 INFO 67ec94b092639-0004     "AUD": 1.589994,
2025-04-02T01:36:52+00:00 INFO 67ec94b092639-0004     "AWG": 1.8,
2025-04-02T01:36:52+00:00 INFO 67ec94b092639-0004     "AZN": 1.7,
2025-04-02T01:36:52+00:00 INFO 67ec94b092639-0004     "BAM": 1.812084,
2025-04-02T01:36:52+00:00 INFO 67ec94b092639-0004     "BBD": 2,
2025-04-02T01:36:52+00:00 INFO 67ec94b092639-0004     "BDT": 121.586942,
2025-04-02T01:36:52+00:00 INFO 67ec94b092639-0004     "BGN": 1.81045,
2025-04-02T01:36:52+00:00 INFO 67ec94b092639-0004     "BHD": 0.376891,
2025-04-02T01:36:52+00:00 INFO 67ec94b092639-0004     "BIF": 2973.470039,
2025-04-02T01:36:52+00:00 INFO 67ec94b092639-0004     "BMD": 1,
2025-04-02T01:36:52+00:00 INFO 67ec94b092639-0004     "BND": 1.343828,
2025-04-02T01:36:52+00:00 INFO 67ec94b092639-0004     "BOB": 6.913964,
2025-04-02T01:36:52+00:00 INFO 67ec94b092639-0004     "BRL": 5.6808,
2025-04-02T01:36:52+00:00 INFO 67ec94b092639-0004     "BSD": 1,
2025-04-02T01:36:52+00:00 INFO 67ec94b092639-0004     "BTC": 1.2e-5,
2025-04-02T01:36:52+00:00 INFO 67ec94b092639-0004     "BTN": 85.719977,
2025-04-02T01:36:52+00:00 INFO 67ec94b092639-0004     "BWP": 13.734601,
2025-04-02T01:36:52+00:00 INFO 67ec94b092639-0004     "BYN": 3.274144,
2025-04-02T01:36:52+00:00 INFO 67ec94b092639-0004     "BZD": 2.009645,
2025-04-02T01:36:52+00:00 INFO 67ec94b092639-0004     "CAD": 1.429523,
2025-04-02T01:36:52+00:00 INFO 67ec94b092639-0004     "CDF": 2907.922074,
2025-04-02T01:36:52+00:00 INFO 67ec94b092639-0004     "CHF": 0.88374,
2025-04-02T01:36:52+00:00 INFO 67ec94b092639-0004     "CLF": 0.024518,
2025-04-02T01:36:52+00:00 INFO 67ec94b092639-0004     "CLP": 946.84,
2025-04-02T01:36:52+00:00 INFO 67ec94b092639-0004     "CNH": 7.27994,
2025-04-02T01:36:52+00:00 INFO 67ec94b092639-0004     "CNY": 7.2701,
2025-04-02T01:36:52+00:00 INFO 67ec94b092639-0004     "COP": 4183.039288,
2025-04-02T01:36:52+00:00 INFO 67ec94b092639-0004     "CRC": 500.419636,
2025-04-02T01:36:52+00:00 INFO 67ec94b092639-0004     "CUC": 1,
2025-04-02T01:36:52+00:00 INFO 67ec94b092639-0004     "CUP": 25.75,
2025-04-02T01:36:52+00:00 INFO 67ec94b092639-0004     "CVE": 102.162483,
2025-04-02T01:36:52+00:00 INFO 67ec94b092639-0004     "CZK": 23.1019,
2025-04-02T01:36:52+00:00 INFO 67ec94b092639-0004     "DJF": 178.170861,
2025-04-02T01:36:52+00:00 INFO 67ec94b092639-0004     "DKK": 6.912002,
2025-04-02T01:36:52+00:00 INFO 67ec94b092639-0004     "DOP": 63.309849,
2025-04-02T01:36:52+00:00 INFO 67ec94b092639-0004     "DZD": 134.084979,
2025-04-02T01:36:52+00:00 INFO 67ec94b092639-0004     "EGP": 50.571019,
2025-04-02T01:36:52+00:00 INFO 67ec94b092639-0004     "ERN": 15,
2025-04-02T01:36:52+00:00 INFO 67ec94b092639-0004     "ETB": 131.372978,
2025-04-02T01:36:52+00:00 INFO 67ec94b092639-0004     "EUR": 0.926348,
2025-04-02T01:36:52+00:00 INFO 67ec94b092639-0004     "FJD": 2.32945,
2025-04-02T01:36:52+00:00 INFO 67ec94b092639-0004     "FKP": 0.773876,
2025-04-02T01:36:52+00:00 INFO 67ec94b092639-0004     "GBP": 0.773876,
2025-04-02T01:36:52+00:00 INFO 67ec94b092639-0004     "GEL": 2.775,
2025-04-02T01:36:52+00:00 INFO 67ec94b092639-0004     "GGP": 0.773876,
2025-04-02T01:36:52+00:00 INFO 67ec94b092639-0004     "GHS": 15.507776,
2025-04-02T01:36:52+00:00 INFO 67ec94b092639-0004     "GIP": 0.773876,
2025-04-02T01:36:52+00:00 INFO 67ec94b092639-0004     "GMD": 71.999996,
2025-04-02T01:36:52+00:00 INFO 67ec94b092639-0004     "GNF": 8657.345977,
2025-04-02T01:36:52+00:00 INFO 67ec94b092639-0004     "GTQ": 7.720781,
2025-04-02T01:36:52+00:00 INFO 67ec94b092639-0004     "GYD": 209.933409,
2025-04-02T01:36:52+00:00 INFO 67ec94b092639-0004     "HKD": 7.78155,
2025-04-02T01:36:52+00:00 INFO 67ec94b092639-0004     "HNL": 25.598191,
2025-04-02T01:36:52+00:00 INFO 67ec94b092639-0004     "HRK": 6.979124,
2025-04-02T01:36:52+00:00 INFO 67ec94b092639-0004     "HTG": 131.168635,
2025-04-02T01:36:52+00:00 INFO 67ec94b092639-0004     "HUF": 372.380044,
2025-04-02T01:36:52+00:00 INFO 67ec94b092639-0004     "IDR": 16735.301155,
2025-04-02T01:36:52+00:00 INFO 67ec94b092639-0004     "ILS": 3.699835,
2025-04-02T01:36:52+00:00 INFO 67ec94b092639-0004     "IMP": 0.773876,
2025-04-02T01:36:52+00:00 INFO 67ec94b092639-0004     "INR": 85.586441,
2025-04-02T01:36:52+00:00 INFO 67ec94b092639-0004     "IQD": 1310.671872,
2025-04-02T01:36:52+00:00 INFO 67ec94b092639-0004     "IRR": 42100,
2025-04-02T01:36:52+00:00 INFO 67ec94b092639-0004     "ISK": 133.12,
2025-04-02T01:36:52+00:00 INFO 67ec94b092639-0004     "JEP": 0.773876,
2025-04-02T01:36:52+00:00 INFO 67ec94b092639-0004     "JMD": 157.436118,
2025-04-02T01:36:52+00:00 INFO 67ec94b092639-0004     "JOD": 0.709,
2025-04-02T01:36:52+00:00 INFO 67ec94b092639-0004     "JPY": 149.73425,
2025-04-02T01:36:52+00:00 INFO 67ec94b092639-0004     "KES": 129.26,
2025-04-02T01:36:52+00:00 INFO 67ec94b092639-0004     "KGS": 86.6632,
2025-04-02T01:36:52+00:00 INFO 67ec94b092639-0004     "KHR": 4001.848927,
2025-04-02T01:36:52+00:00 INFO 67ec94b092639-0004     "KMF": 456.500326,
2025-04-02T01:36:52+00:00 INFO 67ec94b092639-0004     "KPW": 900,
2025-04-02T01:36:52+00:00 INFO 67ec94b092639-0004     "KRW": 1470.968741,
2025-04-02T01:36:52+00:00 INFO 67ec94b092639-0004     "KWD": 0.308299,
2025-04-02T01:36:52+00:00 INFO 67ec94b092639-0004     "KYD": 0.833824,
2025-04-02T01:36:52+00:00 INFO 67ec94b092639-0004     "KZT": 503.666765,
2025-04-02T01:36:52+00:00 INFO 67ec94b092639-0004     "LAK": 21670.771443,
2025-04-02T01:36:52+00:00 INFO 67ec94b092639-0004     "LBP": 89644.948605,
2025-04-02T01:36:52+00:00 INFO 67ec94b092639-0004     "LKR": 296.218493,
2025-04-02T01:36:52+00:00 INFO 67ec94b092639-0004     "LRD": 200.112115,
2025-04-02T01:36:52+00:00 INFO 67ec94b092639-0004     "LSL": 18.387202,
2025-04-02T01:36:52+00:00 INFO 67ec94b092639-0004     "LYD": 4.838344,
2025-04-02T01:36:52+00:00 INFO 67ec94b092639-0004     "MAD": 9.644866,
2025-04-02T01:36:52+00:00 INFO 67ec94b092639-0004     "MDL": 17.88118,
2025-04-02T01:36:52+00:00 INFO 67ec94b092639-0004     "MGA": 4650.120173,
2025-04-02T01:36:52+00:00 INFO 67ec94b092639-0004     "MKD": 57.051075,
2025-04-02T01:36:52+00:00 INFO 67ec94b092639-0004     "MMK": 2098,
2025-04-02T01:36:52+00:00 INFO 67ec94b092639-0004     "MNT": 3398,
2025-04-02T01:36:52+00:00 INFO 67ec94b092639-0004     "MOP": 8.019402,
2025-04-02T01:36:52+00:00 INFO 67ec94b092639-0004     "MUR": 45.630003,
2025-04-02T01:36:52+00:00 INFO 67ec94b092639-0004     "MVR": 15.4,
2025-04-02T01:36:52+00:00 INFO 67ec94b092639-0004     "MWK": 1734.915358,
2025-04-02T01:36:52+00:00 INFO 67ec94b092639-0004     "MXN": 20.331656,
2025-04-02T01:36:52+00:00 INFO 67ec94b092639-0004     "MYR": 4.4335,
2025-04-02T01:36:52+00:00 INFO 67ec94b092639-0004     "MZN": 63.899993,
2025-04-02T01:36:52+00:00 INFO 67ec94b092639-0004     "NAD": 18.387373,
2025-04-02T01:36:52+00:00 INFO 67ec94b092639-0004     "NGN": 1536,
2025-04-02T01:36:52+00:00 INFO 67ec94b092639-0004     "NIO": 36.81982,
2025-04-02T01:36:52+00:00 INFO 67ec94b092639-0004     "NOK": 10.465291,
2025-04-02T01:36:52+00:00 INFO 67ec94b092639-0004     "NPR": 137.133716,
2025-04-02T01:36:52+00:00 INFO 67ec94b092639-0004     "NZD": 1.750971,
2025-04-02T01:36:52+00:00 INFO 67ec94b092639-0004     "OMR": 0.384977,
2025-04-02T01:36:52+00:00 INFO 67ec94b092639-0004     "PAB": 1,
2025-04-02T01:36:52+00:00 INFO 67ec94b092639-0004     "PEN": 3.676701,
2025-04-02T01:36:52+00:00 INFO 67ec94b092639-0004     "PGK": 4.05125,
2025-04-02T01:36:52+00:00 INFO 67ec94b092639-0004     "PHP": 57.265002,
2025-04-02T01:36:52+00:00 INFO 67ec94b092639-0004     "PKR": 280.309955,
2025-04-02T01:36:52+00:00 INFO 67ec94b092639-0004     "PLN": 3.875982,
2025-04-02T01:36:52+00:00 INFO 67ec94b092639-0004     "PYG": 7988.419867,
2025-04-02T01:36:52+00:00 INFO 67ec94b092639-0004     "QAR": 3.648628,
2025-04-02T01:36:52+00:00 INFO 67ec94b092639-0004     "RON": 4.6107,
2025-04-02T01:36:52+00:00 INFO 67ec94b092639-0004     "RSD": 108.589,
2025-04-02T01:36:52+00:00 INFO 67ec94b092639-0004     "RUB": 84.484841,
2025-04-02T01:36:52+00:00 INFO 67ec94b092639-0004     "RWF": 1426.739054,
2025-04-02T01:36:52+00:00 INFO 67ec94b092639-0004     "SAR": 3.751406,
2025-04-02T01:36:52+00:00 INFO 67ec94b092639-0004     "SBD": 8.340864,
2025-04-02T01:36:52+00:00 INFO 67ec94b092639-0004     "SCR": 14.491128,
2025-04-02T01:36:52+00:00 INFO 67ec94b092639-0004     "SDG": 600.5,
2025-04-02T01:36:52+00:00 INFO 67ec94b092639-0004     "SEK": 10.011831,
2025-04-02T01:36:52+00:00 INFO 67ec94b092639-0004     "SGD": 1.343965,
2025-04-02T01:36:52+00:00 INFO 67ec94b092639-0004     "SHP": 0.773876,
2025-04-02T01:36:52+00:00 INFO 67ec94b092639-0004     "SLL": 20969.5,
2025-04-02T01:36:52+00:00 INFO 67ec94b092639-0004     "SOS": 571.788128,
2025-04-02T01:36:52+00:00 INFO 67ec94b092639-0004     "SRD": 36.5495,
2025-04-02T01:36:52+00:00 INFO 67ec94b092639-0004     "SSP": 130.26,
2025-04-02T01:36:52+00:00 INFO 67ec94b092639-0004     "STD": 22281.8,
2025-04-02T01:36:52+00:00 INFO 67ec94b092639-0004     "SVC": 8.753741,
2025-04-02T01:36:52+00:00 INFO 67ec94b092639-0004     "SYP": 13002,
2025-04-02T01:36:52+00:00 INFO 67ec94b092639-0004     "SZL": 18.373606,
2025-04-02T01:36:52+00:00 INFO 67ec94b092639-0004     "THB": 34.18,
2025-04-02T01:36:52+00:00 INFO 67ec94b092639-0004     "TJS": 10.900356,
2025-04-02T01:36:52+00:00 INFO 67ec94b092639-0004     "TMT": 3.5,
2025-04-02T01:36:52+00:00 INFO 67ec94b092639-0004     "TND": 3.109487,
2025-04-02T01:36:52+00:00 INFO 67ec94b092639-0004     "TOP": 2.40776,
2025-04-02T01:36:52+00:00 INFO 67ec94b092639-0004     "TRY": 37.9649,
2025-04-02T01:36:52+00:00 INFO 67ec94b092639-0004     "TTD": 6.788628,
2025-04-02T01:36:52+00:00 INFO 67ec94b092639-0004     "TWD": 33.217098,
2025-04-02T01:36:52+00:00 INFO 67ec94b092639-0004     "TZS": 2641.391002,
2025-04-02T01:36:52+00:00 INFO 67ec94b092639-0004     "UAH": 41.406564,
2025-04-02T01:36:52+00:00 INFO 67ec94b092639-0004     "UGX": 3656.085419,
2025-04-02T01:36:52+00:00 INFO 67ec94b092639-0004     "USD": 1,
2025-04-02T01:36:52+00:00 INFO 67ec94b092639-0004     "UYU": 42.18436,
2025-04-02T01:36:52+00:00 INFO 67ec94b092639-0004     "UZS": 12937.5,
2025-04-02T01:36:52+00:00 INFO 67ec94b092639-0004     "VND": 25634.459442,
2025-04-02T01:36:52+00:00 INFO 67ec94b092639-0004     "VUV": 118.722,
2025-04-02T01:36:52+00:00 INFO 67ec94b092639-0004     "WST": 2.8,
2025-04-02T01:36:52+00:00 INFO 67ec94b092639-0004     "XAF": 607.644293,
2025-04-02T01:36:52+00:00 INFO 67ec94b092639-0004     "XAG": 0.029702,
2025-04-02T01:36:52+00:00 INFO 67ec94b092639-0004     "XAU": 0.000321,
2025-04-02T01:36:52+00:00 INFO 67ec94b092639-0004     "XCD": 2.70255,
2025-04-02T01:36:52+00:00 INFO 67ec94b092639-0004     "XDR": 0.752233,
2025-04-02T01:36:52+00:00 INFO 67ec94b092639-0004     "XOF": 607.644293,
2025-04-02T01:36:52+00:00 INFO 67ec94b092639-0004     "XPD": 0.001007,
2025-04-02T01:36:52+00:00 INFO 67ec94b092639-0004     "XPF": 110.542691,
2025-04-02T01:36:52+00:00 INFO 67ec94b092639-0004     "XPT": 0.001014,
2025-04-02T01:36:52+00:00 INFO 67ec94b092639-0004     "YER": 245.999996,
2025-04-02T01:36:52+00:00 INFO 67ec94b092639-0004     "ZAR": 18.485239,
2025-04-02T01:36:52+00:00 INFO 67ec94b092639-0004     "ZMW": 28.088706,
2025-04-02T01:36:52+00:00 INFO 67ec94b092639-0004     "ZWL": 322
2025-04-02T01:36:52+00:00 INFO 67ec94b092639-0004 }
2025-04-02T01:36:55+00:00 INFO 67ec94b50b92e-0001 REQUEST_67ec94b7a89bd (JSON): {
2025-04-02T01:36:55+00:00 INFO 67ec94b50b92e-0001     "url": "https:\/\/public-api.wordpress.com\/wpcom\/v2\/wcpay\/woopay\/compatibility?test_mode=1",
2025-04-02T01:36:55+00:00 INFO 67ec94b50b92e-0001     "method": "GET",
2025-04-02T01:36:55+00:00 INFO 67ec94b50b92e-0001     "headers": {
2025-04-02T01:36:55+00:00 INFO 67ec94b50b92e-0001         "Content-Type": "application\/json; charset=utf-8",
2025-04-02T01:36:55+00:00 INFO 67ec94b50b92e-0001         "User-Agent": "WooCommerce Payments\/9.1.0",
2025-04-02T01:36:55+00:00 INFO 67ec94b50b92e-0001         "X-Request-Initiated": 1743557815.690618
2025-04-02T01:36:55+00:00 INFO 67ec94b50b92e-0001     },
2025-04-02T01:36:55+00:00 INFO 67ec94b50b92e-0001     "timeout": 70,
2025-04-02T01:36:55+00:00 INFO 67ec94b50b92e-0001     "connect_timeout": 70
2025-04-02T01:36:55+00:00 INFO 67ec94b50b92e-0001 }
2025-04-02T01:36:55+00:00 INFO 67ec94b50b92e-0001 CONTEXT (JSON): {
2025-04-02T01:36:55+00:00 INFO 67ec94b50b92e-0001     "WP_User": "Guest (non logged-in user)",
2025-04-02T01:36:55+00:00 INFO 67ec94b50b92e-0001     "HTTP_REFERER": "--",
2025-04-02T01:36:55+00:00 INFO 67ec94b50b92e-0001     "HTTP_USER_AGENT": "WordPress\/6.7.2; https:\/\/northernlights.grubmenu.io",
2025-04-02T01:36:55+00:00 INFO 67ec94b50b92e-0001     "REQUEST_URI": "\/wp-cron.php?doing_wp_cron=1743557812.7468268871307373046875",
2025-04-02T01:36:55+00:00 INFO 67ec94b50b92e-0001     "DOING_AJAX": "",
2025-04-02T01:36:55+00:00 INFO 67ec94b50b92e-0001     "DOING_CRON": "1",
2025-04-02T01:36:55+00:00 INFO 67ec94b50b92e-0001     "WP_CLI": ""
2025-04-02T01:36:55+00:00 INFO 67ec94b50b92e-0001 }
2025-04-02T01:36:55+00:00 INFO 67ec94b50b92e-0002 RESPONSE_67ec94b7a89bd (JSON): {
2025-04-02T01:36:55+00:00 INFO 67ec94b50b92e-0002     "incompatible_extensions": [
2025-04-02T01:36:55+00:00 INFO 67ec94b50b92e-0002         "class-wcdonation",
2025-04-02T01:36:55+00:00 INFO 67ec94b50b92e-0002         "woocommerce-avatax",
2025-04-02T01:36:55+00:00 INFO 67ec94b50b92e-0002         "woocommerce-table-rate-shipping",
2025-04-02T01:36:55+00:00 INFO 67ec94b50b92e-0002         "woocommerce-memberships-for-teams",
2025-04-02T01:36:55+00:00 INFO 67ec94b50b92e-0002         "woocommerce-checkout-add-ons",
2025-04-02T01:36:55+00:00 INFO 67ec94b50b92e-0002         "woocommerce-checkout-field-editor",
2025-04-02T01:36:55+00:00 INFO 67ec94b50b92e-0002         "woocommerce-eu-vat-number",
2025-04-02T01:36:55+00:00 INFO 67ec94b50b92e-0002         "woocommerce-order-delivery",
2025-04-02T01:36:55+00:00 INFO 67ec94b50b92e-0002         "woocommerce-pdf-product-vouchers",
2025-04-02T01:36:55+00:00 INFO 67ec94b50b92e-0002         "woocommerce-shipping-local-pickup-plus",
2025-04-02T01:36:55+00:00 INFO 67ec94b50b92e-0002         "woocommerce-shipping-multiple-addresses",
2025-04-02T01:36:55+00:00 INFO 67ec94b50b92e-0002         "woocommerce-smart-coupons",
2025-04-02T01:36:55+00:00 INFO 67ec94b50b92e-0002         "woocommerce-subscriptions-gifting",
2025-04-02T01:36:55+00:00 INFO 67ec94b50b92e-0002         "advanced-product-fields-for-woocommerce"
2025-04-02T01:36:55+00:00 INFO 67ec94b50b92e-0002     ],
2025-04-02T01:36:55+00:00 INFO 67ec94b50b92e-0002     "adapted_extensions": [
2025-04-02T01:36:55+00:00 INFO 67ec94b50b92e-0002         "woocommerce-points-and-rewards",
2025-04-02T01:36:55+00:00 INFO 67ec94b50b92e-0002         "woocommerce-gift-cards"
2025-04-02T01:36:55+00:00 INFO 67ec94b50b92e-0002     ],
2025-04-02T01:36:55+00:00 INFO 67ec94b50b92e-0002     "available_countries": [
2025-04-02T01:36:55+00:00 INFO 67ec94b50b92e-0002         "US"
2025-04-02T01:36:55+00:00 INFO 67ec94b50b92e-0002     ]
2025-04-02T01:36:55+00:00 INFO 67ec94b50b92e-0002 }
2025-04-02T08:04:56+00:00 INFO 67ecefa8709ac-0001 REQUEST_67ecefa89c075 (JSON): {
2025-04-02T08:04:56+00:00 INFO 67ecefa8709ac-0001     "url": "https:\/\/public-api.wordpress.com\/wpcom\/v2\/sites\/%s\/wcpay\/currency\/rates?test_mode=1&currency_from=usd",
2025-04-02T08:04:56+00:00 INFO 67ecefa8709ac-0001     "method": "GET",
2025-04-02T08:04:56+00:00 INFO 67ecefa8709ac-0001     "headers": {
2025-04-02T08:04:56+00:00 INFO 67ecefa8709ac-0001         "Content-Type": "application\/json; charset=utf-8",
2025-04-02T08:04:56+00:00 INFO 67ecefa8709ac-0001         "User-Agent": "WooCommerce Payments\/9.1.0",
2025-04-02T08:04:56+00:00 INFO 67ecefa8709ac-0001         "X-Request-Initiated": 1743581096.639092
2025-04-02T08:04:56+00:00 INFO 67ecefa8709ac-0001     },
2025-04-02T08:04:56+00:00 INFO 67ecefa8709ac-0001     "timeout": 70,
2025-04-02T08:04:56+00:00 INFO 67ecefa8709ac-0001     "connect_timeout": 70
2025-04-02T08:04:56+00:00 INFO 67ecefa8709ac-0001 }
2025-04-02T08:04:56+00:00 INFO 67ecefa8709ac-0001 CONTEXT (JSON): {
2025-04-02T08:04:56+00:00 INFO 67ecefa8709ac-0001     "WP_User": "Guest (non logged-in user)",
2025-04-02T08:04:56+00:00 INFO 67ecefa8709ac-0001     "HTTP_REFERER": "--",
2025-04-02T08:04:56+00:00 INFO 67ecefa8709ac-0001     "HTTP_USER_AGENT": "Mozilla\/5.0 (compatible; AhrefsBot\/7.0; +http:\/\/ahrefs.com\/robot\/)",
2025-04-02T08:04:56+00:00 INFO 67ecefa8709ac-0001     "REQUEST_URI": "\/product-category\/sides\/?add-to-cart=186",
2025-04-02T08:04:56+00:00 INFO 67ecefa8709ac-0001     "DOING_AJAX": "",
2025-04-02T08:04:56+00:00 INFO 67ecefa8709ac-0001     "DOING_CRON": "",
2025-04-02T08:04:56+00:00 INFO 67ecefa8709ac-0001     "WP_CLI": ""
2025-04-02T08:04:56+00:00 INFO 67ecefa8709ac-0001 }
2025-04-02T08:04:56+00:00 INFO 67ecefa8709ac-0002 RESPONSE_67ecefa89c075 (JSON): {
2025-04-02T08:04:56+00:00 INFO 67ecefa8709ac-0002     "AED": 3.67297,
2025-04-02T08:04:56+00:00 INFO 67ecefa8709ac-0002     "AFN": 71.823614,
2025-04-02T08:04:56+00:00 INFO 67ecefa8709ac-0002     "ALL": 92.008758,
2025-04-02T08:04:56+00:00 INFO 67ecefa8709ac-0002     "AMD": 390.736096,
2025-04-02T08:04:56+00:00 INFO 67ecefa8709ac-0002     "ANG": 1.790208,
2025-04-02T08:04:56+00:00 INFO 67ecefa8709ac-0002     "AOA": 912,
2025-04-02T08:04:56+00:00 INFO 67ecefa8709ac-0002     "ARS": 1072.845,
2025-04-02T08:04:56+00:00 INFO 67ecefa8709ac-0002     "AUD": 1.588865,
2025-04-02T08:04:56+00:00 INFO 67ecefa8709ac-0002     "AWG": 1.8,
2025-04-02T08:04:56+00:00 INFO 67ecefa8709ac-0002     "AZN": 1.7,
2025-04-02T08:04:56+00:00 INFO 67ecefa8709ac-0002     "BAM": 1.812084,
2025-04-02T08:04:56+00:00 INFO 67ecefa8709ac-0002     "BBD": 2,
2025-04-02T08:04:56+00:00 INFO 67ecefa8709ac-0002     "BDT": 121.586942,
2025-04-02T08:04:56+00:00 INFO 67ecefa8709ac-0002     "BGN": 1.81183,
2025-04-02T08:04:56+00:00 INFO 67ecefa8709ac-0002     "BHD": 0.376934,
2025-04-02T08:04:56+00:00 INFO 67ecefa8709ac-0002     "BIF": 2973.470039,
2025-04-02T08:04:56+00:00 INFO 67ecefa8709ac-0002     "BMD": 1,
2025-04-02T08:04:56+00:00 INFO 67ecefa8709ac-0002     "BND": 1.343828,
2025-04-02T08:04:56+00:00 INFO 67ecefa8709ac-0002     "BOB": 6.913964,
2025-04-02T08:04:56+00:00 INFO 67ecefa8709ac-0002     "BRL": 5.6819,
2025-04-02T08:04:56+00:00 INFO 67ecefa8709ac-0002     "BSD": 1,
2025-04-02T08:04:56+00:00 INFO 67ecefa8709ac-0002     "BTC": 1.2e-5,
2025-04-02T08:04:56+00:00 INFO 67ecefa8709ac-0002     "BTN": 85.719977,
2025-04-02T08:04:56+00:00 INFO 67ecefa8709ac-0002     "BWP": 13.734601,
2025-04-02T08:04:56+00:00 INFO 67ecefa8709ac-0002     "BYN": 3.274144,
2025-04-02T08:04:56+00:00 INFO 67ecefa8709ac-0002     "BZD": 2.009645,
2025-04-02T08:04:56+00:00 INFO 67ecefa8709ac-0002     "CAD": 1.43134,
2025-04-02T08:04:56+00:00 INFO 67ecefa8709ac-0002     "CDF": 2907.922074,
2025-04-02T08:04:56+00:00 INFO 67ecefa8709ac-0002     "CHF": 0.883823,
2025-04-02T08:04:56+00:00 INFO 67ecefa8709ac-0002     "CLF": 0.024518,
2025-04-02T08:04:56+00:00 INFO 67ecefa8709ac-0002     "CLP": 946.84,
2025-04-02T08:04:56+00:00 INFO 67ecefa8709ac-0002     "CNH": 7.280085,
2025-04-02T08:04:56+00:00 INFO 67ecefa8709ac-0002     "CNY": 7.2711,
2025-04-02T08:04:56+00:00 INFO 67ecefa8709ac-0002     "COP": 4185.751602,
2025-04-02T08:04:56+00:00 INFO 67ecefa8709ac-0002     "CRC": 500.419636,
2025-04-02T08:04:56+00:00 INFO 67ecefa8709ac-0002     "CUC": 1,
2025-04-02T08:04:56+00:00 INFO 67ecefa8709ac-0002     "CUP": 25.75,
2025-04-02T08:04:56+00:00 INFO 67ecefa8709ac-0002     "CVE": 102.162483,
2025-04-02T08:04:56+00:00 INFO 67ecefa8709ac-0002     "CZK": 23.104945,
2025-04-02T08:04:56+00:00 INFO 67ecefa8709ac-0002     "DJF": 178.170861,
2025-04-02T08:04:56+00:00 INFO 67ecefa8709ac-0002     "DKK": 6.91564,
2025-04-02T08:04:56+00:00 INFO 67ecefa8709ac-0002     "DOP": 63.309849,
2025-04-02T08:04:56+00:00 INFO 67ecefa8709ac-0002     "DZD": 133.85262,
2025-04-02T08:04:56+00:00 INFO 67ecefa8709ac-0002     "EGP": 50.572081,
2025-04-02T08:04:56+00:00 INFO 67ecefa8709ac-0002     "ERN": 15,
2025-04-02T08:04:56+00:00 INFO 67ecefa8709ac-0002     "ETB": 131.372978,
2025-04-02T08:04:56+00:00 INFO 67ecefa8709ac-0002     "EUR": 0.926821,
2025-04-02T08:04:56+00:00 INFO 67ecefa8709ac-0002     "FJD": 2.32945,
2025-04-02T08:04:56+00:00 INFO 67ecefa8709ac-0002     "FKP": 0.774311,
2025-04-02T08:04:56+00:00 INFO 67ecefa8709ac-0002     "GBP": 0.774311,
2025-04-02T08:04:56+00:00 INFO 67ecefa8709ac-0002     "GEL": 2.775,
2025-04-02T08:04:56+00:00 INFO 67ecefa8709ac-0002     "GGP": 0.774311,
2025-04-02T08:04:56+00:00 INFO 67ecefa8709ac-0002     "GHS": 15.507776,
2025-04-02T08:04:56+00:00 INFO 67ecefa8709ac-0002     "GIP": 0.774311,
2025-04-02T08:04:56+00:00 INFO 67ecefa8709ac-0002     "GMD": 71.999996,
2025-04-02T08:04:56+00:00 INFO 67ecefa8709ac-0002     "GNF": 8657.345977,
2025-04-02T08:04:56+00:00 INFO 67ecefa8709ac-0002     "GTQ": 7.720781,
2025-04-02T08:04:56+00:00 INFO 67ecefa8709ac-0002     "GYD": 209.933409,
2025-04-02T08:04:56+00:00 INFO 67ecefa8709ac-0002     "HKD": 7.781028,
2025-04-02T08:04:56+00:00 INFO 67ecefa8709ac-0002     "HNL": 25.598191,
2025-04-02T08:04:56+00:00 INFO 67ecefa8709ac-0002     "HRK": 6.983215,
2025-04-02T08:04:56+00:00 INFO 67ecefa8709ac-0002     "HTG": 131.168635,
2025-04-02T08:04:56+00:00 INFO 67ecefa8709ac-0002     "HUF": 372.613056,
2025-04-02T08:04:56+00:00 INFO 67ecefa8709ac-0002     "IDR": 16732.102024,
2025-04-02T08:04:56+00:00 INFO 67ecefa8709ac-0002     "ILS": 3.696495,
2025-04-02T08:04:56+00:00 INFO 67ecefa8709ac-0002     "IMP": 0.774311,
2025-04-02T08:04:56+00:00 INFO 67ecefa8709ac-0002     "INR": 85.617841,
2025-04-02T08:04:56+00:00 INFO 67ecefa8709ac-0002     "IQD": 1310.671872,
2025-04-02T08:04:56+00:00 INFO 67ecefa8709ac-0002     "IRR": 42100,
2025-04-02T08:04:56+00:00 INFO 67ecefa8709ac-0002     "ISK": 133.19,
2025-04-02T08:04:56+00:00 INFO 67ecefa8709ac-0002     "JEP": 0.774311,
2025-04-02T08:04:56+00:00 INFO 67ecefa8709ac-0002     "JMD": 157.436118,
2025-04-02T08:04:56+00:00 INFO 67ecefa8709ac-0002     "JOD": 0.709,
2025-04-02T08:04:56+00:00 INFO 67ecefa8709ac-0002     "JPY": 149.887,
2025-04-02T08:04:56+00:00 INFO 67ecefa8709ac-0002     "KES": 129.2,
2025-04-02T08:04:56+00:00 INFO 67ecefa8709ac-0002     "KGS": 86.6632,
2025-04-02T08:04:56+00:00 INFO 67ecefa8709ac-0002     "KHR": 4001.848927,
2025-04-02T08:04:56+00:00 INFO 67ecefa8709ac-0002     "KMF": 456.500326,
2025-04-02T08:04:56+00:00 INFO 67ecefa8709ac-0002     "KPW": 900,
2025-04-02T08:04:56+00:00 INFO 67ecefa8709ac-0002     "KRW": 1466.39982,
2025-04-02T08:04:56+00:00 INFO 67ecefa8709ac-0002     "KWD": 0.308322,
2025-04-02T08:04:56+00:00 INFO 67ecefa8709ac-0002     "KYD": 0.833824,
2025-04-02T08:04:56+00:00 INFO 67ecefa8709ac-0002     "KZT": 503.666765,
2025-04-02T08:04:56+00:00 INFO 67ecefa8709ac-0002     "LAK": 21670.771443,
2025-04-02T08:04:56+00:00 INFO 67ecefa8709ac-0002     "LBP": 89644.948605,
2025-04-02T08:04:56+00:00 INFO 67ecefa8709ac-0002     "LKR": 296.218493,
2025-04-02T08:04:56+00:00 INFO 67ecefa8709ac-0002     "LRD": 200.112115,
2025-04-02T08:04:56+00:00 INFO 67ecefa8709ac-0002     "LSL": 18.387202,
2025-04-02T08:04:56+00:00 INFO 67ecefa8709ac-0002     "LYD": 4.838344,
2025-04-02T08:04:56+00:00 INFO 67ecefa8709ac-0002     "MAD": 9.644866,
2025-04-02T08:04:56+00:00 INFO 67ecefa8709ac-0002     "MDL": 17.950182,
2025-04-02T08:04:56+00:00 INFO 67ecefa8709ac-0002     "MGA": 4650.120173,
2025-04-02T08:04:56+00:00 INFO 67ecefa8709ac-0002     "MKD": 57.031245,
2025-04-02T08:04:56+00:00 INFO 67ecefa8709ac-0002     "MMK": 2098,
2025-04-02T08:04:56+00:00 INFO 67ecefa8709ac-0002     "MNT": 3398,
2025-04-02T08:04:56+00:00 INFO 67ecefa8709ac-0002     "MOP": 8.019402,
2025-04-02T08:04:56+00:00 INFO 67ecefa8709ac-0002     "MUR": 45.809997,
2025-04-02T08:04:56+00:00 INFO 67ecefa8709ac-0002     "MVR": 15.4,
2025-04-02T08:04:56+00:00 INFO 67ecefa8709ac-0002     "MWK": 1734.915358,
2025-04-02T08:04:56+00:00 INFO 67ecefa8709ac-0002     "MXN": 20.360449,
2025-04-02T08:04:56+00:00 INFO 67ecefa8709ac-0002     "MYR": 4.4525,
2025-04-02T08:04:56+00:00 INFO 67ecefa8709ac-0002     "MZN": 63.899993,
2025-04-02T08:04:56+00:00 INFO 67ecefa8709ac-0002     "NAD": 18.387373,
2025-04-02T08:04:56+00:00 INFO 67ecefa8709ac-0002     "NGN": 1536.88,
2025-04-02T08:04:56+00:00 INFO 67ecefa8709ac-0002     "NIO": 36.81982,
2025-04-02T08:04:56+00:00 INFO 67ecefa8709ac-0002     "NOK": 10.454855,
2025-04-02T08:04:56+00:00 INFO 67ecefa8709ac-0002     "NPR": 137.133716,
2025-04-02T08:04:56+00:00 INFO 67ecefa8709ac-0002     "NZD": 1.747717,
2025-04-02T08:04:56+00:00 INFO 67ecefa8709ac-0002     "OMR": 0.384978,
2025-04-02T08:04:56+00:00 INFO 67ecefa8709ac-0002     "PAB": 1,
2025-04-02T08:04:56+00:00 INFO 67ecefa8709ac-0002     "PEN": 3.676701,
2025-04-02T08:04:56+00:00 INFO 67ecefa8709ac-0002     "PGK": 4.05125,
2025-04-02T08:04:56+00:00 INFO 67ecefa8709ac-0002     "PHP": 57.231496,
2025-04-02T08:04:56+00:00 INFO 67ecefa8709ac-0002     "PKR": 280.309955,
2025-04-02T08:04:56+00:00 INFO 67ecefa8709ac-0002     "PLN": 3.879414,
2025-04-02T08:04:56+00:00 INFO 67ecefa8709ac-0002     "PYG": 7988.419867,
2025-04-02T08:04:56+00:00 INFO 67ecefa8709ac-0002     "QAR": 3.648628,
2025-04-02T08:04:56+00:00 INFO 67ecefa8709ac-0002     "RON": 4.6134,
2025-04-02T08:04:56+00:00 INFO 67ecefa8709ac-0002     "RSD": 108.633,
2025-04-02T08:04:56+00:00 INFO 67ecefa8709ac-0002     "RUB": 84.499618,
2025-04-02T08:04:56+00:00 INFO 67ecefa8709ac-0002     "RWF": 1426.739054,
2025-04-02T08:04:56+00:00 INFO 67ecefa8709ac-0002     "SAR": 3.75128,
2025-04-02T08:04:56+00:00 INFO 67ecefa8709ac-0002     "SBD": 8.340864,
2025-04-02T08:04:56+00:00 INFO 67ecefa8709ac-0002     "SCR": 14.491128,
2025-04-02T08:04:56+00:00 INFO 67ecefa8709ac-0002     "SDG": 600.5,
2025-04-02T08:04:56+00:00 INFO 67ecefa8709ac-0002     "SEK": 10.010642,
2025-04-02T08:04:56+00:00 INFO 67ecefa8709ac-0002     "SGD": 1.343755,
2025-04-02T08:04:56+00:00 INFO 67ecefa8709ac-0002     "SHP": 0.774311,
2025-04-02T08:04:56+00:00 INFO 67ecefa8709ac-0002     "SLL": 20969.5,
2025-04-02T08:04:56+00:00 INFO 67ecefa8709ac-0002     "SOS": 571.478651,
2025-04-02T08:04:56+00:00 INFO 67ecefa8709ac-0002     "SRD": 36.5495,
2025-04-02T08:04:56+00:00 INFO 67ecefa8709ac-0002     "SSP": 130.26,
2025-04-02T08:04:56+00:00 INFO 67ecefa8709ac-0002     "STD": 22281.8,
2025-04-02T08:04:56+00:00 INFO 67ecefa8709ac-0002     "SVC": 8.753741,
2025-04-02T08:04:56+00:00 INFO 67ecefa8709ac-0002     "SYP": 13002,
2025-04-02T08:04:56+00:00 INFO 67ecefa8709ac-0002     "SZL": 18.373606,
2025-04-02T08:04:56+00:00 INFO 67ecefa8709ac-0002     "THB": 34.169833,
2025-04-02T08:04:56+00:00 INFO 67ecefa8709ac-0002     "TJS": 10.900356,
2025-04-02T08:04:56+00:00 INFO 67ecefa8709ac-0002     "TMT": 3.5,
2025-04-02T08:04:56+00:00 INFO 67ecefa8709ac-0002     "TND": 3.109487,
2025-04-02T08:04:56+00:00 INFO 67ecefa8709ac-0002     "TOP": 2.40776,
2025-04-02T08:04:56+00:00 INFO 67ecefa8709ac-0002     "TRY": 37.986297,
2025-04-02T08:04:56+00:00 INFO 67ecefa8709ac-0002     "TTD": 6.788628,
2025-04-02T08:04:56+00:00 INFO 67ecefa8709ac-0002     "TWD": 33.206501,
2025-04-02T08:04:56+00:00 INFO 67ecefa8709ac-0002     "TZS": 2641.391002,
2025-04-02T08:04:56+00:00 INFO 67ecefa8709ac-0002     "UAH": 41.406564,
2025-04-02T08:04:56+00:00 INFO 67ecefa8709ac-0002     "UGX": 3656.085419,
2025-04-02T08:04:56+00:00 INFO 67ecefa8709ac-0002     "USD": 1,
2025-04-02T08:04:56+00:00 INFO 67ecefa8709ac-0002     "UYU": 42.18436,
2025-04-02T08:04:56+00:00 INFO 67ecefa8709ac-0002     "UZS": 12937.5,
2025-04-02T08:04:56+00:00 INFO 67ecefa8709ac-0002     "VND": 25644.334033,
2025-04-02T08:04:56+00:00 INFO 67ecefa8709ac-0002     "VUV": 118.722,
2025-04-02T08:04:56+00:00 INFO 67ecefa8709ac-0002     "WST": 2.8,
2025-04-02T08:04:56+00:00 INFO 67ecefa8709ac-0002     "XAF": 607.954605,
2025-04-02T08:04:56+00:00 INFO 67ecefa8709ac-0002     "XAG": 0.029536,
2025-04-02T08:04:56+00:00 INFO 67ecefa8709ac-0002     "XAU": 0.000321,
2025-04-02T08:04:56+00:00 INFO 67ecefa8709ac-0002     "XCD": 2.70255,
2025-04-02T08:04:56+00:00 INFO 67ecefa8709ac-0002     "XDR": 0.752233,
2025-04-02T08:04:56+00:00 INFO 67ecefa8709ac-0002     "XOF": 607.954605,
2025-04-02T08:04:56+00:00 INFO 67ecefa8709ac-0002     "XPD": 0.001002,
2025-04-02T08:04:56+00:00 INFO 67ecefa8709ac-0002     "XPF": 110.599143,
2025-04-02T08:04:56+00:00 INFO 67ecefa8709ac-0002     "XPT": 0.001011,
2025-04-02T08:04:56+00:00 INFO 67ecefa8709ac-0002     "YER": 245.999996,
2025-04-02T08:04:56+00:00 INFO 67ecefa8709ac-0002     "ZAR": 18.546222,
2025-04-02T08:04:56+00:00 INFO 67ecefa8709ac-0002     "ZMW": 28.088706,
2025-04-02T08:04:56+00:00 INFO 67ecefa8709ac-0002     "ZWL": 322
2025-04-02T08:04:56+00:00 INFO 67ecefa8709ac-0002 }
2025-04-02T08:04:58+00:00 INFO 67ecefa958913-0001 REQUEST_67ecefaad70c2 (JSON): {
2025-04-02T08:04:58+00:00 INFO 67ecefa958913-0001     "url": "https:\/\/public-api.wordpress.com\/wpcom\/v2\/sites\/%s\/wcpay\/compatibility",
2025-04-02T08:04:58+00:00 INFO 67ecefa958913-0001     "method": "POST",
2025-04-02T08:04:58+00:00 INFO 67ecefa958913-0001     "headers": {
2025-04-02T08:04:58+00:00 INFO 67ecefa958913-0001         "Content-Type": "application\/json; charset=utf-8",
2025-04-02T08:04:58+00:00 INFO 67ecefa958913-0001         "User-Agent": "WooCommerce Payments\/9.1.0",
2025-04-02T08:04:58+00:00 INFO 67ecefa958913-0001         "Idempotency-Key": "0dfa392f-0837-49a4-a6b1-9a48616f2d95",
2025-04-02T08:04:58+00:00 INFO 67ecefa958913-0001         "X-Request-Initiated": 1743581098.880831
2025-04-02T08:04:58+00:00 INFO 67ecefa958913-0001     },
2025-04-02T08:04:58+00:00 INFO 67ecefa958913-0001     "timeout": 70,
2025-04-02T08:04:58+00:00 INFO 67ecefa958913-0001     "connect_timeout": 70,
2025-04-02T08:04:58+00:00 INFO 67ecefa958913-0001     "body": {
2025-04-02T08:04:58+00:00 INFO 67ecefa958913-0001         "test_mode": true,
2025-04-02T08:04:58+00:00 INFO 67ecefa958913-0001         "compatibility_data": {
2025-04-02T08:04:58+00:00 INFO 67ecefa958913-0001             "woopayments_version": "9.1.0",
2025-04-02T08:04:58+00:00 INFO 67ecefa958913-0001             "woocommerce_version": "9.7.1",
2025-04-02T08:04:58+00:00 INFO 67ecefa958913-0001             "woocommerce_permalinks": {
2025-04-02T08:04:58+00:00 INFO 67ecefa958913-0001                 "product_base": "\/product",
2025-04-02T08:04:58+00:00 INFO 67ecefa958913-0001                 "category_base": "product-category",
2025-04-02T08:04:58+00:00 INFO 67ecefa958913-0001                 "tag_base": "product-tag",
2025-04-02T08:04:58+00:00 INFO 67ecefa958913-0001                 "attribute_base": "",
2025-04-02T08:04:58+00:00 INFO 67ecefa958913-0001                 "use_verbose_page_rules": false
2025-04-02T08:04:58+00:00 INFO 67ecefa958913-0001             },
2025-04-02T08:04:58+00:00 INFO 67ecefa958913-0001             "woocommerce_shop": "https:\/\/northernlights.grubmenu.io\/shop\/",
2025-04-02T08:04:58+00:00 INFO 67ecefa958913-0001             "woocommerce_cart": "https:\/\/northernlights.grubmenu.io\/cart\/",
2025-04-02T08:04:58+00:00 INFO 67ecefa958913-0001             "woocommerce_checkout": "https:\/\/northernlights.grubmenu.io\/checkout\/",
2025-04-02T08:04:58+00:00 INFO 67ecefa958913-0001             "blog_theme": "hello-theme-child-master",
2025-04-02T08:04:58+00:00 INFO 67ecefa958913-0001             "active_plugins": {
2025-04-02T08:04:58+00:00 INFO 67ecefa958913-0001                 "0": "advanced-custom-fields\/acf.php",
2025-04-02T08:04:58+00:00 INFO 67ecefa958913-0001                 "1": "classic-editor\/classic-editor.php",
2025-04-02T08:04:58+00:00 INFO 67ecefa958913-0001                 "2": "classic-widgets\/classic-widgets.php",
2025-04-02T08:04:58+00:00 INFO 67ecefa958913-0001                 "3": "code-snippets\/code-snippets.php",
2025-04-02T08:04:58+00:00 INFO 67ecefa958913-0001                 "4": "elementor-pro\/elementor-pro.php",
2025-04-02T08:04:58+00:00 INFO 67ecefa958913-0001                 "5": "elementor\/elementor.php",
2025-04-02T08:04:58+00:00 INFO 67ecefa958913-0001                 "6": "elementskit-lite\/elementskit-lite.php",
2025-04-02T08:04:58+00:00 INFO 67ecefa958913-0001                 "8": "metform\/metform.php",
2025-04-02T08:04:58+00:00 INFO 67ecefa958913-0001                 "9": "orderable-pro\/orderable-pro.php",
2025-04-02T08:04:58+00:00 INFO 67ecefa958913-0001                 "10": "orderable\/orderable.php",
2025-04-02T08:04:58+00:00 INFO 67ecefa958913-0001                 "11": "pods\/init.php",
2025-04-02T08:04:58+00:00 INFO 67ecefa958913-0001                 "12": "woo-update-manager\/woo-update-manager.php",
2025-04-02T08:04:58+00:00 INFO 67ecefa958913-0001                 "13": "woocommerce-payments\/woocommerce-payments.php",
2025-04-02T08:04:58+00:00 INFO 67ecefa958913-0001                 "14": "woocommerce-square\/woocommerce-square.php",
2025-04-02T08:04:58+00:00 INFO 67ecefa958913-0001                 "15": "woocommerce\/woocommerce.php",
2025-04-02T08:04:58+00:00 INFO 67ecefa958913-0001                 "16": "wp-mail-logging\/wp-mail-logging.php",
2025-04-02T08:04:58+00:00 INFO 67ecefa958913-0001                 "17": "wp-mail-smtp\/wp_mail_smtp.php",
2025-04-02T08:04:58+00:00 INFO 67ecefa958913-0001                 "18": "zapier\/zapier.php"
2025-04-02T08:04:58+00:00 INFO 67ecefa958913-0001             },
2025-04-02T08:04:58+00:00 INFO 67ecefa958913-0001             "post_types_count": {
2025-04-02T08:04:58+00:00 INFO 67ecefa958913-0001                 "post": 0,
2025-04-02T08:04:58+00:00 INFO 67ecefa958913-0001                 "page": 5,
2025-04-02T08:04:58+00:00 INFO 67ecefa958913-0001                 "attachment": 0,
2025-04-02T08:04:58+00:00 INFO 67ecefa958913-0001                 "e-floating-buttons": 0,
2025-04-02T08:04:58+00:00 INFO 67ecefa958913-0001                 "elementor_library": 8,
2025-04-02T08:04:58+00:00 INFO 67ecefa958913-0001                 "elementskit_content": 0,
2025-04-02T08:04:58+00:00 INFO 67ecefa958913-0001                 "elementskit_template": 0,
2025-04-02T08:04:58+00:00 INFO 67ecefa958913-0001                 "elementskit_widget": 0,
2025-04-02T08:04:58+00:00 INFO 67ecefa958913-0001                 "product": 15,
2025-04-02T08:04:58+00:00 INFO 67ecefa958913-0001                 "metform-form": 0,
2025-04-02T08:04:58+00:00 INFO 67ecefa958913-0001                 "drop-off_location": 1
2025-04-02T08:04:58+00:00 INFO 67ecefa958913-0001             }
2025-04-02T08:04:58+00:00 INFO 67ecefa958913-0001         }
2025-04-02T08:04:58+00:00 INFO 67ecefa958913-0001     }
2025-04-02T08:04:58+00:00 INFO 67ecefa958913-0001 }
2025-04-02T08:04:58+00:00 INFO 67ecefa958913-0001 CONTEXT (JSON): {
2025-04-02T08:04:58+00:00 INFO 67ecefa958913-0001     "WP_User": "Guest (non logged-in user)",
2025-04-02T08:04:58+00:00 INFO 67ecefa958913-0001     "HTTP_REFERER": "--",
2025-04-02T08:04:58+00:00 INFO 67ecefa958913-0001     "HTTP_USER_AGENT": "WordPress\/6.7.2; https:\/\/northernlights.grubmenu.io",
2025-04-02T08:04:58+00:00 INFO 67ecefa958913-0001     "REQUEST_URI": "\/wp-cron.php?doing_wp_cron=1743581097.0563499927520751953125",
2025-04-02T08:04:58+00:00 INFO 67ecefa958913-0001     "DOING_AJAX": "",
2025-04-02T08:04:58+00:00 INFO 67ecefa958913-0001     "DOING_CRON": "1",
2025-04-02T08:04:58+00:00 INFO 67ecefa958913-0001     "WP_CLI": ""
2025-04-02T08:04:58+00:00 INFO 67ecefa958913-0001 }
2025-04-02T08:04:59+00:00 INFO 67ecefa958913-0002 RESPONSE_67ecefaad70c2 (JSON): {
2025-04-02T08:04:59+00:00 INFO 67ecefa958913-0002     "result": "success"
2025-04-02T08:04:59+00:00 INFO 67ecefa958913-0002 }
2025-04-02T20:52:26+00:00 INFO 67eda38a081bb-0001 REQUEST_67eda38a31a37 (JSON): {
2025-04-02T20:52:26+00:00 INFO 67eda38a081bb-0001     "url": "https:\/\/public-api.wordpress.com\/wpcom\/v2\/sites\/%s\/wcpay\/currency\/rates?test_mode=1&currency_from=usd",
2025-04-02T20:52:26+00:00 INFO 67eda38a081bb-0001     "method": "GET",
2025-04-02T20:52:26+00:00 INFO 67eda38a081bb-0001     "headers": {
2025-04-02T20:52:26+00:00 INFO 67eda38a081bb-0001         "Content-Type": "application\/json; charset=utf-8",
2025-04-02T20:52:26+00:00 INFO 67eda38a081bb-0001         "User-Agent": "WooCommerce Payments\/9.1.0",
2025-04-02T20:52:26+00:00 INFO 67eda38a081bb-0001         "X-Request-Initiated": 1743627146.203317
2025-04-02T20:52:26+00:00 INFO 67eda38a081bb-0001     },
2025-04-02T20:52:26+00:00 INFO 67eda38a081bb-0001     "timeout": 70,
2025-04-02T20:52:26+00:00 INFO 67eda38a081bb-0001     "connect_timeout": 70
2025-04-02T20:52:26+00:00 INFO 67eda38a081bb-0001 }
2025-04-02T20:52:26+00:00 INFO 67eda38a081bb-0001 CONTEXT (JSON): {
2025-04-02T20:52:26+00:00 INFO 67eda38a081bb-0001     "WP_User": "Guest (non logged-in user)",
2025-04-02T20:52:26+00:00 INFO 67eda38a081bb-0001     "HTTP_REFERER": "--",
2025-04-02T20:52:26+00:00 INFO 67eda38a081bb-0001     "HTTP_USER_AGENT": "Mozilla\/5.0 (compatible; AhrefsBot\/7.0; +http:\/\/ahrefs.com\/robot\/)",
2025-04-02T20:52:26+00:00 INFO 67eda38a081bb-0001     "REQUEST_URI": "\/robots.txt",
2025-04-02T20:52:26+00:00 INFO 67eda38a081bb-0001     "DOING_AJAX": "",
2025-04-02T20:52:26+00:00 INFO 67eda38a081bb-0001     "DOING_CRON": "",
2025-04-02T20:52:26+00:00 INFO 67eda38a081bb-0001     "WP_CLI": ""
2025-04-02T20:52:26+00:00 INFO 67eda38a081bb-0001 }
2025-04-02T20:52:26+00:00 INFO 67eda38a081bb-0002 RESPONSE_67eda38a31a37 (JSON): {
2025-04-02T20:52:26+00:00 INFO 67eda38a081bb-0002     "AED": 3.672985,
2025-04-02T20:52:26+00:00 INFO 67eda38a081bb-0002     "AFN": 71.576413,
2025-04-02T20:52:26+00:00 INFO 67eda38a081bb-0002     "ALL": 91.8,
2025-04-02T20:52:26+00:00 INFO 67eda38a081bb-0002     "AMD": 390.896989,
2025-04-02T20:52:26+00:00 INFO 67eda38a081bb-0002     "ANG": 1.790208,
2025-04-02T20:52:26+00:00 INFO 67eda38a081bb-0002     "AOA": 912,
2025-04-02T20:52:26+00:00 INFO 67eda38a081bb-0002     "ARS": 1072.856,
2025-04-02T20:52:26+00:00 INFO 67eda38a081bb-0002     "AUD": 1.588625,
2025-04-02T20:52:26+00:00 INFO 67eda38a081bb-0002     "AWG": 1.8,
2025-04-02T20:52:26+00:00 INFO 67eda38a081bb-0002     "AZN": 1.7,
2025-04-02T20:52:26+00:00 INFO 67eda38a081bb-0002     "BAM": 1.811219,
2025-04-02T20:52:26+00:00 INFO 67eda38a081bb-0002     "BBD": 2,
2025-04-02T20:52:26+00:00 INFO 67eda38a081bb-0002     "BDT": 121.482636,
2025-04-02T20:52:26+00:00 INFO 67eda38a081bb-0002     "BGN": 1.811304,
2025-04-02T20:52:26+00:00 INFO 67eda38a081bb-0002     "BHD": 0.376976,
2025-04-02T20:52:26+00:00 INFO 67eda38a081bb-0002     "BIF": 2971.232924,
2025-04-02T20:52:26+00:00 INFO 67eda38a081bb-0002     "BMD": 1,
2025-04-02T20:52:26+00:00 INFO 67eda38a081bb-0002     "BND": 1.343366,
2025-04-02T20:52:26+00:00 INFO 67eda38a081bb-0002     "BOB": 6.907601,
2025-04-02T20:52:26+00:00 INFO 67eda38a081bb-0002     "BRL": 5.695,
2025-04-02T20:52:26+00:00 INFO 67eda38a081bb-0002     "BSD": 1,
2025-04-02T20:52:26+00:00 INFO 67eda38a081bb-0002     "BTC": 1.2e-5,
2025-04-02T20:52:26+00:00 INFO 67eda38a081bb-0002     "BTN": 85.449022,
2025-04-02T20:52:26+00:00 INFO 67eda38a081bb-0002     "BWP": 13.836501,
2025-04-02T20:52:26+00:00 INFO 67eda38a081bb-0002     "BYN": 3.271549,
2025-04-02T20:52:26+00:00 INFO 67eda38a081bb-0002     "BZD": 2.008011,
2025-04-02T20:52:26+00:00 INFO 67eda38a081bb-0002     "CAD": 1.432116,
2025-04-02T20:52:26+00:00 INFO 67eda38a081bb-0002     "CDF": 2905.556167,
2025-04-02T20:52:26+00:00 INFO 67eda38a081bb-0002     "CHF": 0.882886,
2025-04-02T20:52:26+00:00 INFO 67eda38a081bb-0002     "CLF": 0.024768,
2025-04-02T20:52:26+00:00 INFO 67eda38a081bb-0002     "CLP": 955.83,
2025-04-02T20:52:26+00:00 INFO 67eda38a081bb-0002     "CNH": 7.28008,
2025-04-02T20:52:26+00:00 INFO 67eda38a081bb-0002     "CNY": 7.2676,
2025-04-02T20:52:26+00:00 INFO 67eda38a081bb-0002     "COP": 4154.24,
2025-04-02T20:52:26+00:00 INFO 67eda38a081bb-0002     "CRC": 502.211373,
2025-04-02T20:52:26+00:00 INFO 67eda38a081bb-0002     "CUC": 1,
2025-04-02T20:52:26+00:00 INFO 67eda38a081bb-0002     "CUP": 25.75,
2025-04-02T20:52:26+00:00 INFO 67eda38a081bb-0002     "CVE": 102.162483,
2025-04-02T20:52:26+00:00 INFO 67eda38a081bb-0002     "CZK": 22.98401,
2025-04-02T20:52:26+00:00 INFO 67eda38a081bb-0002     "DJF": 178.019576,
2025-04-02T20:52:26+00:00 INFO 67eda38a081bb-0002     "DKK": 6.87582,
2025-04-02T20:52:26+00:00 INFO 67eda38a081bb-0002     "DOP": 63.130602,
2025-04-02T20:52:26+00:00 INFO 67eda38a081bb-0002     "DZD": 134.011038,
2025-04-02T20:52:26+00:00 INFO 67eda38a081bb-0002     "EGP": 50.5732,
2025-04-02T20:52:26+00:00 INFO 67eda38a081bb-0002     "ERN": 15,
2025-04-02T20:52:26+00:00 INFO 67eda38a081bb-0002     "ETB": 132.33771,
2025-04-02T20:52:26+00:00 INFO 67eda38a081bb-0002     "EUR": 0.92145,
2025-04-02T20:52:26+00:00 INFO 67eda38a081bb-0002     "FJD": 2.32945,
2025-04-02T20:52:26+00:00 INFO 67eda38a081bb-0002     "FKP": 0.770905,
2025-04-02T20:52:26+00:00 INFO 67eda38a081bb-0002     "GBP": 0.770905,
2025-04-02T20:52:26+00:00 INFO 67eda38a081bb-0002     "GEL": 2.775,
2025-04-02T20:52:26+00:00 INFO 67eda38a081bb-0002     "GGP": 0.770905,
2025-04-02T20:52:26+00:00 INFO 67eda38a081bb-0002     "GHS": 15.495103,
2025-04-02T20:52:26+00:00 INFO 67eda38a081bb-0002     "GIP": 0.770905,
2025-04-02T20:52:26+00:00 INFO 67eda38a081bb-0002     "GMD": 71.999996,
2025-04-02T20:52:26+00:00 INFO 67eda38a081bb-0002     "GNF": 8650.338497,
2025-04-02T20:52:26+00:00 INFO 67eda38a081bb-0002     "GTQ": 7.712361,
2025-04-02T20:52:26+00:00 INFO 67eda38a081bb-0002     "GYD": 209.774769,
2025-04-02T20:52:26+00:00 INFO 67eda38a081bb-0002     "HKD": 7.78283,
2025-04-02T20:52:26+00:00 INFO 67eda38a081bb-0002     "HNL": 25.755,
2025-04-02T20:52:26+00:00 INFO 67eda38a081bb-0002     "HRK": 6.94197,
2025-04-02T20:52:26+00:00 INFO 67eda38a081bb-0002     "HTG": 131.011985,
2025-04-02T20:52:26+00:00 INFO 67eda38a081bb-0002     "HUF": 368.818577,
2025-04-02T20:52:26+00:00 INFO 67eda38a081bb-0002     "IDR": 16720.506435,
2025-04-02T20:52:26+00:00 INFO 67eda38a081bb-0002     "ILS": 3.699832,
2025-04-02T20:52:26+00:00 INFO 67eda38a081bb-0002     "IMP": 0.770905,
2025-04-02T20:52:26+00:00 INFO 67eda38a081bb-0002     "INR": 85.443249,
2025-04-02T20:52:26+00:00 INFO 67eda38a081bb-0002     "IQD": 1309.565455,
2025-04-02T20:52:26+00:00 INFO 67eda38a081bb-0002     "IRR": 42100,
2025-04-02T20:52:26+00:00 INFO 67eda38a081bb-0002     "ISK": 132.58,
2025-04-02T20:52:26+00:00 INFO 67eda38a081bb-0002     "JEP": 0.770905,
2025-04-02T20:52:26+00:00 INFO 67eda38a081bb-0002     "JMD": 157.858877,
2025-04-02T20:52:26+00:00 INFO 67eda38a081bb-0002     "JOD": 0.709,
2025-04-02T20:52:26+00:00 INFO 67eda38a081bb-0002     "JPY": 150.1305,
2025-04-02T20:52:26+00:00 INFO 67eda38a081bb-0002     "KES": 129.23,
2025-04-02T20:52:26+00:00 INFO 67eda38a081bb-0002     "KGS": 86.7705,
2025-04-02T20:52:26+00:00 INFO 67eda38a081bb-0002     "KHR": 3998.831955,
2025-04-02T20:52:26+00:00 INFO 67eda38a081bb-0002     "KMF": 456.500326,
2025-04-02T20:52:26+00:00 INFO 67eda38a081bb-0002     "KPW": 900,
2025-04-02T20:52:26+00:00 INFO 67eda38a081bb-0002     "KRW": 1463.68729,
2025-04-02T20:52:26+00:00 INFO 67eda38a081bb-0002     "KWD": 0.308278,
2025-04-02T20:52:26+00:00 INFO 67eda38a081bb-0002     "KYD": 0.833098,
2025-04-02T20:52:26+00:00 INFO 67eda38a081bb-0002     "KZT": 503.10934,
2025-04-02T20:52:26+00:00 INFO 67eda38a081bb-0002     "LAK": 21654.95,
2025-04-02T20:52:26+00:00 INFO 67eda38a081bb-0002     "LBP": 89568.309885,
2025-04-02T20:52:26+00:00 INFO 67eda38a081bb-0002     "LKR": 295.853586,
2025-04-02T20:52:26+00:00 INFO 67eda38a081bb-0002     "LRD": 199.939805,
2025-04-02T20:52:26+00:00 INFO 67eda38a081bb-0002     "LSL": 18.387202,
2025-04-02T20:52:26+00:00 INFO 67eda38a081bb-0002     "LYD": 4.834116,
2025-04-02T20:52:26+00:00 INFO 67eda38a081bb-0002     "MAD": 9.617948,
2025-04-02T20:52:26+00:00 INFO 67eda38a081bb-0002     "MDL": 17.928831,
2025-04-02T20:52:26+00:00 INFO 67eda38a081bb-0002     "MGA": 4673.90265,
2025-04-02T20:52:26+00:00 INFO 67eda38a081bb-0002     "MKD": 57.001103,
2025-04-02T20:52:26+00:00 INFO 67eda38a081bb-0002     "MMK": 2098,
2025-04-02T20:52:26+00:00 INFO 67eda38a081bb-0002     "MNT": 3398,
2025-04-02T20:52:26+00:00 INFO 67eda38a081bb-0002     "MOP": 8.014354,
2025-04-02T20:52:26+00:00 INFO 67eda38a081bb-0002     "MUR": 45.809997,
2025-04-02T20:52:26+00:00 INFO 67eda38a081bb-0002     "MVR": 15.4,
2025-04-02T20:52:26+00:00 INFO 67eda38a081bb-0002     "MWK": 1733.244585,
2025-04-02T20:52:26+00:00 INFO 67eda38a081bb-0002     "MXN": 20.446976,
2025-04-02T20:52:26+00:00 INFO 67eda38a081bb-0002     "MYR": 4.454,
2025-04-02T20:52:26+00:00 INFO 67eda38a081bb-0002     "MZN": 63.899993,
2025-04-02T20:52:26+00:00 INFO 67eda38a081bb-0002     "NAD": 18.387373,
2025-04-02T20:52:26+00:00 INFO 67eda38a081bb-0002     "NGN": 1536.16,
2025-04-02T20:52:26+00:00 INFO 67eda38a081bb-0002     "NIO": 36.783738,
2025-04-02T20:52:26+00:00 INFO 67eda38a081bb-0002     "NOK": 10.40757,
2025-04-02T20:52:26+00:00 INFO 67eda38a081bb-0002     "NPR": 136.718419,
2025-04-02T20:52:26+00:00 INFO 67eda38a081bb-0002     "NZD": 1.743846,
2025-04-02T20:52:26+00:00 INFO 67eda38a081bb-0002     "OMR": 0.384986,
2025-04-02T20:52:26+00:00 INFO 67eda38a081bb-0002     "PAB": 1,
2025-04-02T20:52:26+00:00 INFO 67eda38a081bb-0002     "PEN": 3.671706,
2025-04-02T20:52:26+00:00 INFO 67eda38a081bb-0002     "PGK": 4.123816,
2025-04-02T20:52:26+00:00 INFO 67eda38a081bb-0002     "PHP": 57.042001,
2025-04-02T20:52:26+00:00 INFO 67eda38a081bb-0002     "PKR": 280.009279,
2025-04-02T20:52:26+00:00 INFO 67eda38a081bb-0002     "PLN": 3.843178,
2025-04-02T20:52:26+00:00 INFO 67eda38a081bb-0002     "PYG": 8003.119873,
2025-04-02T20:52:26+00:00 INFO 67eda38a081bb-0002     "QAR": 3.644665,
2025-04-02T20:52:26+00:00 INFO 67eda38a081bb-0002     "RON": 4.586,
2025-04-02T20:52:26+00:00 INFO 67eda38a081bb-0002     "RSD": 107.95,
2025-04-02T20:52:26+00:00 INFO 67eda38a081bb-0002     "RUB": 84.259994,
2025-04-02T20:52:26+00:00 INFO 67eda38a081bb-0002     "RWF": 1418.381291,
2025-04-02T20:52:26+00:00 INFO 67eda38a081bb-0002     "SAR": 3.751364,
2025-04-02T20:52:26+00:00 INFO 67eda38a081bb-0002     "SBD": 8.340864,
2025-04-02T20:52:26+00:00 INFO 67eda38a081bb-0002     "SCR": 14.367851,
2025-04-02T20:52:26+00:00 INFO 67eda38a081bb-0002     "SDG": 600.5,
2025-04-02T20:52:26+00:00 INFO 67eda38a081bb-0002     "SEK": 9.910532,
2025-04-02T20:52:26+00:00 INFO 67eda38a081bb-0002     "SGD": 1.34304,
2025-04-02T20:52:26+00:00 INFO 67eda38a081bb-0002     "SHP": 0.770905,
2025-04-02T20:52:26+00:00 INFO 67eda38a081bb-0002     "SLL": 20969.5,
2025-04-02T20:52:26+00:00 INFO 67eda38a081bb-0002     "SOS": 571.296334,
2025-04-02T20:52:26+00:00 INFO 67eda38a081bb-0002     "SRD": 36.5495,
2025-04-02T20:52:26+00:00 INFO 67eda38a081bb-0002     "SSP": 130.26,
2025-04-02T20:52:26+00:00 INFO 67eda38a081bb-0002     "STD": 22281.8,
2025-04-02T20:52:26+00:00 INFO 67eda38a081bb-0002     "SVC": 8.746788,
2025-04-02T20:52:26+00:00 INFO 67eda38a081bb-0002     "SYP": 13002,
2025-04-02T20:52:26+00:00 INFO 67eda38a081bb-0002     "SZL": 18.373606,
2025-04-02T20:52:26+00:00 INFO 67eda38a081bb-0002     "THB": 34.1,
2025-04-02T20:52:26+00:00 INFO 67eda38a081bb-0002     "TJS": 10.911398,
2025-04-02T20:52:26+00:00 INFO 67eda38a081bb-0002     "TMT": 3.51,
2025-04-02T20:52:26+00:00 INFO 67eda38a081bb-0002     "TND": 3.099021,
2025-04-02T20:52:26+00:00 INFO 67eda38a081bb-0002     "TOP": 2.40776,
2025-04-02T20:52:26+00:00 INFO 67eda38a081bb-0002     "TRY": 37.926001,
2025-04-02T20:52:26+00:00 INFO 67eda38a081bb-0002     "TTD": 6.78258,
2025-04-02T20:52:26+00:00 INFO 67eda38a081bb-0002     "TWD": 33.142,
2025-04-02T20:52:26+00:00 INFO 67eda38a081bb-0002     "TZS": 2654.137052,
2025-04-02T20:52:26+00:00 INFO 67eda38a081bb-0002     "UAH": 41.341606,
2025-04-02T20:52:26+00:00 INFO 67eda38a081bb-0002     "UGX": 3645.940725,
2025-04-02T20:52:26+00:00 INFO 67eda38a081bb-0002     "USD": 1,
2025-04-02T20:52:26+00:00 INFO 67eda38a081bb-0002     "UYU": 42.127196,
2025-04-02T20:52:26+00:00 INFO 67eda38a081bb-0002     "UZS": 12920.712743,
2025-04-02T20:52:26+00:00 INFO 67eda38a081bb-0002     "VND": 25631.201598,
2025-04-02T20:52:26+00:00 INFO 67eda38a081bb-0002     "VUV": 118.722,
2025-04-02T20:52:26+00:00 INFO 67eda38a081bb-0002     "WST": 2.8,
2025-04-02T20:52:26+00:00 INFO 67eda38a081bb-0002     "XAF": 604.431578,
2025-04-02T20:52:26+00:00 INFO 67eda38a081bb-0002     "XAG": 0.029616,
2025-04-02T20:52:26+00:00 INFO 67eda38a081bb-0002     "XAU": 0.00032,
2025-04-02T20:52:26+00:00 INFO 67eda38a081bb-0002     "XCD": 2.70255,
2025-04-02T20:52:26+00:00 INFO 67eda38a081bb-0002     "XDR": 0.752233,
2025-04-02T20:52:26+00:00 INFO 67eda38a081bb-0002     "XOF": 604.431578,
2025-04-02T20:52:26+00:00 INFO 67eda38a081bb-0002     "XPD": 0.001022,
2025-04-02T20:52:26+00:00 INFO 67eda38a081bb-0002     "XPF": 109.958234,
2025-04-02T20:52:26+00:00 INFO 67eda38a081bb-0002     "XPT": 0.001025,
2025-04-02T20:52:26+00:00 INFO 67eda38a081bb-0002     "YER": 245.999996,
2025-04-02T20:52:26+00:00 INFO 67eda38a081bb-0002     "ZAR": 18.841319,
2025-04-02T20:52:26+00:00 INFO 67eda38a081bb-0002     "ZMW": 28.088706,
2025-04-02T20:52:26+00:00 INFO 67eda38a081bb-0002     "ZWL": 322
2025-04-02T20:52:26+00:00 INFO 67eda38a081bb-0002 }
