2025-03-25T01:09:53+00:00 INFO 67e2025f6e452-0001 REQUEST_67e202615eeaa (JSON): {
2025-03-25T01:09:53+00:00 INFO 67e2025f6e452-0001     "url": "https:\/\/public-api.wordpress.com\/wpcom\/v2\/wcpay\/woopay\/compatibility?test_mode=1",
2025-03-25T01:09:53+00:00 INFO 67e2025f6e452-0001     "method": "GET",
2025-03-25T01:09:53+00:00 INFO 67e2025f6e452-0001     "headers": {
2025-03-25T01:09:53+00:00 INFO 67e2025f6e452-0001         "Content-Type": "application\/json; charset=utf-8",
2025-03-25T01:09:53+00:00 INFO 67e2025f6e452-0001         "User-Agent": "WooCommerce Payments\/8.9.2",
2025-03-25T01:09:53+00:00 INFO 67e2025f6e452-0001         "X-Request-Initiated": 1742864993.388775
2025-03-25T01:09:53+00:00 INFO 67e2025f6e452-0001     },
2025-03-25T01:09:53+00:00 INFO 67e2025f6e452-0001     "timeout": 70,
2025-03-25T01:09:53+00:00 INFO 67e2025f6e452-0001     "connect_timeout": 70
2025-03-25T01:09:53+00:00 INFO 67e2025f6e452-0001 }
2025-03-25T01:09:53+00:00 INFO 67e2025f6e452-0001 CONTEXT (JSON): {
2025-03-25T01:09:53+00:00 INFO 67e2025f6e452-0001     "WP_User": "Guest (non logged-in user)",
2025-03-25T01:09:53+00:00 INFO 67e2025f6e452-0001     "HTTP_REFERER": "--",
2025-03-25T01:09:53+00:00 INFO 67e2025f6e452-0001     "HTTP_USER_AGENT": "WordPress\/6.7.2; https:\/\/northernlights.grubmenu.io",
2025-03-25T01:09:53+00:00 INFO 67e2025f6e452-0001     "REQUEST_URI": "\/wp-cron.php?doing_wp_cron=1742864991.1639840602874755859375",
2025-03-25T01:09:53+00:00 INFO 67e2025f6e452-0001     "DOING_AJAX": "",
2025-03-25T01:09:53+00:00 INFO 67e2025f6e452-0001     "DOING_CRON": "1",
2025-03-25T01:09:53+00:00 INFO 67e2025f6e452-0001     "WP_CLI": ""
2025-03-25T01:09:53+00:00 INFO 67e2025f6e452-0001 }
2025-03-25T01:09:53+00:00 INFO 67e2025f6e452-0002 RESPONSE_67e202615eeaa (JSON): {
2025-03-25T01:09:53+00:00 INFO 67e2025f6e452-0002     "incompatible_extensions": [
2025-03-25T01:09:53+00:00 INFO 67e2025f6e452-0002         "class-wcdonation",
2025-03-25T01:09:53+00:00 INFO 67e2025f6e452-0002         "woocommerce-avatax",
2025-03-25T01:09:53+00:00 INFO 67e2025f6e452-0002         "woocommerce-table-rate-shipping",
2025-03-25T01:09:53+00:00 INFO 67e2025f6e452-0002         "woocommerce-memberships-for-teams",
2025-03-25T01:09:53+00:00 INFO 67e2025f6e452-0002         "woocommerce-checkout-add-ons",
2025-03-25T01:09:53+00:00 INFO 67e2025f6e452-0002         "woocommerce-checkout-field-editor",
2025-03-25T01:09:53+00:00 INFO 67e2025f6e452-0002         "woocommerce-eu-vat-number",
2025-03-25T01:09:53+00:00 INFO 67e2025f6e452-0002         "woocommerce-order-delivery",
2025-03-25T01:09:53+00:00 INFO 67e2025f6e452-0002         "woocommerce-pdf-product-vouchers",
2025-03-25T01:09:53+00:00 INFO 67e2025f6e452-0002         "woocommerce-shipping-local-pickup-plus",
2025-03-25T01:09:53+00:00 INFO 67e2025f6e452-0002         "woocommerce-shipping-multiple-addresses",
2025-03-25T01:09:53+00:00 INFO 67e2025f6e452-0002         "woocommerce-smart-coupons",
2025-03-25T01:09:53+00:00 INFO 67e2025f6e452-0002         "woocommerce-subscriptions-gifting",
2025-03-25T01:09:53+00:00 INFO 67e2025f6e452-0002         "advanced-product-fields-for-woocommerce"
2025-03-25T01:09:53+00:00 INFO 67e2025f6e452-0002     ],
2025-03-25T01:09:53+00:00 INFO 67e2025f6e452-0002     "adapted_extensions": [
2025-03-25T01:09:53+00:00 INFO 67e2025f6e452-0002         "woocommerce-points-and-rewards",
2025-03-25T01:09:53+00:00 INFO 67e2025f6e452-0002         "woocommerce-gift-cards"
2025-03-25T01:09:53+00:00 INFO 67e2025f6e452-0002     ],
2025-03-25T01:09:53+00:00 INFO 67e2025f6e452-0002     "available_countries": [
2025-03-25T01:09:53+00:00 INFO 67e2025f6e452-0002         "US"
2025-03-25T01:09:53+00:00 INFO 67e2025f6e452-0002     ]
2025-03-25T01:09:53+00:00 INFO 67e2025f6e452-0002 }
2025-03-25T05:24:26+00:00 INFO 67e23e0aa3dd3-0001 REQUEST_67e23e0aca59e (JSON): {
2025-03-25T05:24:26+00:00 INFO 67e23e0aa3dd3-0001     "url": "https:\/\/public-api.wordpress.com\/wpcom\/v2\/sites\/%s\/wcpay\/currency\/rates?test_mode=1&currency_from=usd",
2025-03-25T05:24:26+00:00 INFO 67e23e0aa3dd3-0001     "method": "GET",
2025-03-25T05:24:26+00:00 INFO 67e23e0aa3dd3-0001     "headers": {
2025-03-25T05:24:26+00:00 INFO 67e23e0aa3dd3-0001         "Content-Type": "application\/json; charset=utf-8",
2025-03-25T05:24:26+00:00 INFO 67e23e0aa3dd3-0001         "User-Agent": "WooCommerce Payments\/8.9.2",
2025-03-25T05:24:26+00:00 INFO 67e23e0aa3dd3-0001         "X-Request-Initiated": 1742880266.828828
2025-03-25T05:24:26+00:00 INFO 67e23e0aa3dd3-0001     },
2025-03-25T05:24:26+00:00 INFO 67e23e0aa3dd3-0001     "timeout": 70,
2025-03-25T05:24:26+00:00 INFO 67e23e0aa3dd3-0001     "connect_timeout": 70
2025-03-25T05:24:26+00:00 INFO 67e23e0aa3dd3-0001 }
2025-03-25T05:24:26+00:00 INFO 67e23e0aa3dd3-0001 CONTEXT (JSON): {
2025-03-25T05:24:26+00:00 INFO 67e23e0aa3dd3-0001     "WP_User": "Guest (non logged-in user)",
2025-03-25T05:24:26+00:00 INFO 67e23e0aa3dd3-0001     "HTTP_REFERER": "--",
2025-03-25T05:24:26+00:00 INFO 67e23e0aa3dd3-0001     "HTTP_USER_AGENT": "Mozilla\/5.0 (compatible; AhrefsBot\/7.0; +http:\/\/ahrefs.com\/robot\/)",
2025-03-25T05:24:26+00:00 INFO 67e23e0aa3dd3-0001     "REQUEST_URI": "\/product-category\/desserts\/?add-to-cart=19",
2025-03-25T05:24:26+00:00 INFO 67e23e0aa3dd3-0001     "DOING_AJAX": "",
2025-03-25T05:24:26+00:00 INFO 67e23e0aa3dd3-0001     "DOING_CRON": "",
2025-03-25T05:24:26+00:00 INFO 67e23e0aa3dd3-0001     "WP_CLI": ""
2025-03-25T05:24:26+00:00 INFO 67e23e0aa3dd3-0001 }
2025-03-25T05:24:27+00:00 INFO 67e23e0aa3dd3-0002 RESPONSE_67e23e0aca59e (JSON): {
2025-03-25T05:24:27+00:00 INFO 67e23e0aa3dd3-0002     "AED": 3.673,
2025-03-25T05:24:27+00:00 INFO 67e23e0aa3dd3-0002     "AFN": 70.828493,
2025-03-25T05:24:27+00:00 INFO 67e23e0aa3dd3-0002     "ALL": 91.416131,
2025-03-25T05:24:27+00:00 INFO 67e23e0aa3dd3-0002     "AMD": 392.325629,
2025-03-25T05:24:27+00:00 INFO 67e23e0aa3dd3-0002     "ANG": 1.807309,
2025-03-25T05:24:27+00:00 INFO 67e23e0aa3dd3-0002     "AOA": 913,
2025-03-25T05:24:27+00:00 INFO 67e23e0aa3dd3-0002     "ARS": 1068.552001,
2025-03-25T05:24:27+00:00 INFO 67e23e0aa3dd3-0002     "AUD": 1.590786,
2025-03-25T05:24:27+00:00 INFO 67e23e0aa3dd3-0002     "AWG": 1.8,
2025-03-25T05:24:27+00:00 INFO 67e23e0aa3dd3-0002     "AZN": 1.7,
2025-03-25T05:24:27+00:00 INFO 67e23e0aa3dd3-0002     "BAM": 1.810549,
2025-03-25T05:24:27+00:00 INFO 67e23e0aa3dd3-0002     "BBD": 2,
2025-03-25T05:24:27+00:00 INFO 67e23e0aa3dd3-0002     "BDT": 121.84502,
2025-03-25T05:24:27+00:00 INFO 67e23e0aa3dd3-0002     "BGN": 1.81042,
2025-03-25T05:24:27+00:00 INFO 67e23e0aa3dd3-0002     "BHD": 0.376913,
2025-03-25T05:24:27+00:00 INFO 67e23e0aa3dd3-0002     "BIF": 2972.291075,
2025-03-25T05:24:27+00:00 INFO 67e23e0aa3dd3-0002     "BMD": 1,
2025-03-25T05:24:27+00:00 INFO 67e23e0aa3dd3-0002     "BND": 1.341214,
2025-03-25T05:24:27+00:00 INFO 67e23e0aa3dd3-0002     "BOB": 6.944849,
2025-03-25T05:24:27+00:00 INFO 67e23e0aa3dd3-0002     "BRL": 5.7608,
2025-03-25T05:24:27+00:00 INFO 67e23e0aa3dd3-0002     "BSD": 1,
2025-03-25T05:24:27+00:00 INFO 67e23e0aa3dd3-0002     "BTC": 1.2e-5,
2025-03-25T05:24:27+00:00 INFO 67e23e0aa3dd3-0002     "BTN": 85.801571,
2025-03-25T05:24:27+00:00 INFO 67e23e0aa3dd3-0002     "BWP": 13.653637,
2025-03-25T05:24:27+00:00 INFO 67e23e0aa3dd3-0002     "BYN": 3.281786,
2025-03-25T05:24:27+00:00 INFO 67e23e0aa3dd3-0002     "BZD": 2.014376,
2025-03-25T05:24:27+00:00 INFO 67e23e0aa3dd3-0002     "CAD": 1.432088,
2025-03-25T05:24:27+00:00 INFO 67e23e0aa3dd3-0002     "CDF": 2874.575393,
2025-03-25T05:24:27+00:00 INFO 67e23e0aa3dd3-0002     "CHF": 0.883379,
2025-03-25T05:24:27+00:00 INFO 67e23e0aa3dd3-0002     "CLF": 0.024195,
2025-03-25T05:24:27+00:00 INFO 67e23e0aa3dd3-0002     "CLP": 928.48,
2025-03-25T05:24:27+00:00 INFO 67e23e0aa3dd3-0002     "CNH": 7.269911,
2025-03-25T05:24:27+00:00 INFO 67e23e0aa3dd3-0002     "CNY": 7.2632,
2025-03-25T05:24:27+00:00 INFO 67e23e0aa3dd3-0002     "COP": 4157.394725,
2025-03-25T05:24:27+00:00 INFO 67e23e0aa3dd3-0002     "CRC": 501.552841,
2025-03-25T05:24:27+00:00 INFO 67e23e0aa3dd3-0002     "CUC": 1,
2025-03-25T05:24:27+00:00 INFO 67e23e0aa3dd3-0002     "CUP": 25.75,
2025-03-25T05:24:27+00:00 INFO 67e23e0aa3dd3-0002     "CVE": 102.075937,
2025-03-25T05:24:27+00:00 INFO 67e23e0aa3dd3-0002     "CZK": 23.089001,
2025-03-25T05:24:27+00:00 INFO 67e23e0aa3dd3-0002     "DJF": 178.572225,
2025-03-25T05:24:27+00:00 INFO 67e23e0aa3dd3-0002     "DKK": 6.90972,
2025-03-25T05:24:27+00:00 INFO 67e23e0aa3dd3-0002     "DOP": 63.272692,
2025-03-25T05:24:27+00:00 INFO 67e23e0aa3dd3-0002     "DZD": 133.570566,
2025-03-25T05:24:27+00:00 INFO 67e23e0aa3dd3-0002     "EGP": 50.5935,
2025-03-25T05:24:27+00:00 INFO 67e23e0aa3dd3-0002     "ERN": 15,
2025-03-25T05:24:27+00:00 INFO 67e23e0aa3dd3-0002     "ETB": 132.333048,
2025-03-25T05:24:27+00:00 INFO 67e23e0aa3dd3-0002     "EUR": 0.926217,
2025-03-25T05:24:27+00:00 INFO 67e23e0aa3dd3-0002     "FJD": 2.29945,
2025-03-25T05:24:27+00:00 INFO 67e23e0aa3dd3-0002     "FKP": 0.774382,
2025-03-25T05:24:27+00:00 INFO 67e23e0aa3dd3-0002     "GBP": 0.774382,
2025-03-25T05:24:27+00:00 INFO 67e23e0aa3dd3-0002     "GEL": 2.78,
2025-03-25T05:24:27+00:00 INFO 67e23e0aa3dd3-0002     "GGP": 0.774382,
2025-03-25T05:24:27+00:00 INFO 67e23e0aa3dd3-0002     "GHS": 15.543984,
2025-03-25T05:24:27+00:00 INFO 67e23e0aa3dd3-0002     "GIP": 0.774382,
2025-03-25T05:24:27+00:00 INFO 67e23e0aa3dd3-0002     "GMD": 70.500003,
2025-03-25T05:24:27+00:00 INFO 67e23e0aa3dd3-0002     "GNF": 8672.336922,
2025-03-25T05:24:27+00:00 INFO 67e23e0aa3dd3-0002     "GTQ": 7.728945,
2025-03-25T05:24:27+00:00 INFO 67e23e0aa3dd3-0002     "GYD": 209.798841,
2025-03-25T05:24:27+00:00 INFO 67e23e0aa3dd3-0002     "HKD": 7.774643,
2025-03-25T05:24:27+00:00 INFO 67e23e0aa3dd3-0002     "HNL": 25.654604,
2025-03-25T05:24:27+00:00 INFO 67e23e0aa3dd3-0002     "HRK": 6.978313,
2025-03-25T05:24:27+00:00 INFO 67e23e0aa3dd3-0002     "HTG": 131.409026,
2025-03-25T05:24:27+00:00 INFO 67e23e0aa3dd3-0002     "HUF": 369.7511,
2025-03-25T05:24:27+00:00 INFO 67e23e0aa3dd3-0002     "IDR": 16642.709996,
2025-03-25T05:24:27+00:00 INFO 67e23e0aa3dd3-0002     "ILS": 3.677544,
2025-03-25T05:24:27+00:00 INFO 67e23e0aa3dd3-0002     "IMP": 0.774382,
2025-03-25T05:24:27+00:00 INFO 67e23e0aa3dd3-0002     "INR": 85.599696,
2025-03-25T05:24:27+00:00 INFO 67e23e0aa3dd3-0002     "IQD": 1313.707314,
2025-03-25T05:24:27+00:00 INFO 67e23e0aa3dd3-0002     "IRR": 42100,
2025-03-25T05:24:27+00:00 INFO 67e23e0aa3dd3-0002     "ISK": 133.47,
2025-03-25T05:24:27+00:00 INFO 67e23e0aa3dd3-0002     "JEP": 0.774382,
2025-03-25T05:24:27+00:00 INFO 67e23e0aa3dd3-0002     "JMD": 157.448709,
2025-03-25T05:24:27+00:00 INFO 67e23e0aa3dd3-0002     "JOD": 0.7091,
2025-03-25T05:24:27+00:00 INFO 67e23e0aa3dd3-0002     "JPY": 150.772333,
2025-03-25T05:24:27+00:00 INFO 67e23e0aa3dd3-0002     "KES": 129.71,
2025-03-25T05:24:27+00:00 INFO 67e23e0aa3dd3-0002     "KGS": 86.6902,
2025-03-25T05:24:27+00:00 INFO 67e23e0aa3dd3-0002     "KHR": 4021.423622,
2025-03-25T05:24:27+00:00 INFO 67e23e0aa3dd3-0002     "KMF": 456.00001,
2025-03-25T05:24:27+00:00 INFO 67e23e0aa3dd3-0002     "KPW": 900,
2025-03-25T05:24:27+00:00 INFO 67e23e0aa3dd3-0002     "KRW": 1470.721523,
2025-03-25T05:24:27+00:00 INFO 67e23e0aa3dd3-0002     "KWD": 0.308304,
2025-03-25T05:24:27+00:00 INFO 67e23e0aa3dd3-0002     "KYD": 0.835652,
2025-03-25T05:24:27+00:00 INFO 67e23e0aa3dd3-0002     "KZT": 504.528629,
2025-03-25T05:24:27+00:00 INFO 67e23e0aa3dd3-0002     "LAK": 21718.204033,
2025-03-25T05:24:27+00:00 INFO 67e23e0aa3dd3-0002     "LBP": 89871.738319,
2025-03-25T05:24:27+00:00 INFO 67e23e0aa3dd3-0002     "LKR": 297.555608,
2025-03-25T05:24:27+00:00 INFO 67e23e0aa3dd3-0002     "LRD": 200.56007,
2025-03-25T05:24:27+00:00 INFO 67e23e0aa3dd3-0002     "LSL": 18.162622,
2025-03-25T05:24:27+00:00 INFO 67e23e0aa3dd3-0002     "LYD": 4.839688,
2025-03-25T05:24:27+00:00 INFO 67e23e0aa3dd3-0002     "MAD": 9.618182,
2025-03-25T05:24:27+00:00 INFO 67e23e0aa3dd3-0002     "MDL": 18.075697,
2025-03-25T05:24:27+00:00 INFO 67e23e0aa3dd3-0002     "MGA": 4691.637155,
2025-03-25T05:24:27+00:00 INFO 67e23e0aa3dd3-0002     "MKD": 56.955729,
2025-03-25T05:24:27+00:00 INFO 67e23e0aa3dd3-0002     "MMK": 2098,
2025-03-25T05:24:27+00:00 INFO 67e23e0aa3dd3-0002     "MNT": 3398,
2025-03-25T05:24:27+00:00 INFO 67e23e0aa3dd3-0002     "MOP": 8.02842,
2025-03-25T05:24:27+00:00 INFO 67e23e0aa3dd3-0002     "MUR": 45.600001,
2025-03-25T05:24:27+00:00 INFO 67e23e0aa3dd3-0002     "MVR": 15.41,
2025-03-25T05:24:27+00:00 INFO 67e23e0aa3dd3-0002     "MWK": 1738.896664,
2025-03-25T05:24:27+00:00 INFO 67e23e0aa3dd3-0002     "MXN": 20.045291,
2025-03-25T05:24:27+00:00 INFO 67e23e0aa3dd3-0002     "MYR": 4.441,
2025-03-25T05:24:27+00:00 INFO 67e23e0aa3dd3-0002     "MZN": 63.909994,
2025-03-25T05:24:27+00:00 INFO 67e23e0aa3dd3-0002     "NAD": 18.162622,
2025-03-25T05:24:27+00:00 INFO 67e23e0aa3dd3-0002     "NGN": 1534.312136,
2025-03-25T05:24:27+00:00 INFO 67e23e0aa3dd3-0002     "NIO": 36.900403,
2025-03-25T05:24:27+00:00 INFO 67e23e0aa3dd3-0002     "NOK": 10.52564,
2025-03-25T05:24:27+00:00 INFO 67e23e0aa3dd3-0002     "NPR": 137.279935,
2025-03-25T05:24:27+00:00 INFO 67e23e0aa3dd3-0002     "NZD": 1.747671,
2025-03-25T05:24:27+00:00 INFO 67e23e0aa3dd3-0002     "OMR": 0.384914,
2025-03-25T05:24:27+00:00 INFO 67e23e0aa3dd3-0002     "PAB": 1,
2025-03-25T05:24:27+00:00 INFO 67e23e0aa3dd3-0002     "PEN": 3.644981,
2025-03-25T05:24:27+00:00 INFO 67e23e0aa3dd3-0002     "PGK": 4.128846,
2025-03-25T05:24:27+00:00 INFO 67e23e0aa3dd3-0002     "PHP": 57.367993,
2025-03-25T05:24:27+00:00 INFO 67e23e0aa3dd3-0002     "PKR": 281.08824,
2025-03-25T05:24:27+00:00 INFO 67e23e0aa3dd3-0002     "PLN": 3.868828,
2025-03-25T05:24:27+00:00 INFO 67e23e0aa3dd3-0002     "PYG": 7991.842399,
2025-03-25T05:24:27+00:00 INFO 67e23e0aa3dd3-0002     "QAR": 3.655535,
2025-03-25T05:24:27+00:00 INFO 67e23e0aa3dd3-0002     "RON": 4.6085,
2025-03-25T05:24:27+00:00 INFO 67e23e0aa3dd3-0002     "RSD": 108.56,
2025-03-25T05:24:27+00:00 INFO 67e23e0aa3dd3-0002     "RUB": 83.872315,
2025-03-25T05:24:27+00:00 INFO 67e23e0aa3dd3-0002     "RWF": 1417.572717,
2025-03-25T05:24:27+00:00 INFO 67e23e0aa3dd3-0002     "SAR": 3.751157,
2025-03-25T05:24:27+00:00 INFO 67e23e0aa3dd3-0002     "SBD": 8.414898,
2025-03-25T05:24:27+00:00 INFO 67e23e0aa3dd3-0002     "SCR": 14.319765,
2025-03-25T05:24:27+00:00 INFO 67e23e0aa3dd3-0002     "SDG": 600.5,
2025-03-25T05:24:27+00:00 INFO 67e23e0aa3dd3-0002     "SEK": 10.099659,
2025-03-25T05:24:27+00:00 INFO 67e23e0aa3dd3-0002     "SGD": 1.33954,
2025-03-25T05:24:27+00:00 INFO 67e23e0aa3dd3-0002     "SHP": 0.774382,
2025-03-25T05:24:27+00:00 INFO 67e23e0aa3dd3-0002     "SLL": 20969.5,
2025-03-25T05:24:27+00:00 INFO 67e23e0aa3dd3-0002     "SOS": 573.121391,
2025-03-25T05:24:27+00:00 INFO 67e23e0aa3dd3-0002     "SRD": 36.566,
2025-03-25T05:24:27+00:00 INFO 67e23e0aa3dd3-0002     "SSP": 130.26,
2025-03-25T05:24:27+00:00 INFO 67e23e0aa3dd3-0002     "STD": 22281.8,
2025-03-25T05:24:27+00:00 INFO 67e23e0aa3dd3-0002     "SVC": 8.774943,
2025-03-25T05:24:27+00:00 INFO 67e23e0aa3dd3-0002     "SYP": 13002,
2025-03-25T05:24:27+00:00 INFO 67e23e0aa3dd3-0002     "SZL": 18.168437,
2025-03-25T05:24:27+00:00 INFO 67e23e0aa3dd3-0002     "THB": 34.028627,
2025-03-25T05:24:27+00:00 INFO 67e23e0aa3dd3-0002     "TJS": 10.930686,
2025-03-25T05:24:27+00:00 INFO 67e23e0aa3dd3-0002     "TMT": 3.51,
2025-03-25T05:24:27+00:00 INFO 67e23e0aa3dd3-0002     "TND": 3.107316,
2025-03-25T05:24:27+00:00 INFO 67e23e0aa3dd3-0002     "TOP": 2.40776,
2025-03-25T05:24:27+00:00 INFO 67e23e0aa3dd3-0002     "TRY": 37.9819,
2025-03-25T05:24:27+00:00 INFO 67e23e0aa3dd3-0002     "TTD": 6.820738,
2025-03-25T05:24:27+00:00 INFO 67e23e0aa3dd3-0002     "TWD": 33.052498,
2025-03-25T05:24:27+00:00 INFO 67e23e0aa3dd3-0002     "TZS": 2667.504915,
2025-03-25T05:24:27+00:00 INFO 67e23e0aa3dd3-0002     "UAH": 41.787686,
2025-03-25T05:24:27+00:00 INFO 67e23e0aa3dd3-0002     "UGX": 3675.139685,
2025-03-25T05:24:27+00:00 INFO 67e23e0aa3dd3-0002     "USD": 1,
2025-03-25T05:24:27+00:00 INFO 67e23e0aa3dd3-0002     "UYU": 42.253483,
2025-03-25T05:24:27+00:00 INFO 67e23e0aa3dd3-0002     "UZS": 12983.562938,
2025-03-25T05:24:27+00:00 INFO 67e23e0aa3dd3-0002     "VND": 25644.323914,
2025-03-25T05:24:27+00:00 INFO 67e23e0aa3dd3-0002     "VUV": 118.722,
2025-03-25T05:24:27+00:00 INFO 67e23e0aa3dd3-0002     "WST": 2.8,
2025-03-25T05:24:27+00:00 INFO 67e23e0aa3dd3-0002     "XAF": 607.558306,
2025-03-25T05:24:27+00:00 INFO 67e23e0aa3dd3-0002     "XAG": 0.030261,
2025-03-25T05:24:27+00:00 INFO 67e23e0aa3dd3-0002     "XAU": 0.000332,
2025-03-25T05:24:27+00:00 INFO 67e23e0aa3dd3-0002     "XCD": 2.70255,
2025-03-25T05:24:27+00:00 INFO 67e23e0aa3dd3-0002     "XDR": 0.755213,
2025-03-25T05:24:27+00:00 INFO 67e23e0aa3dd3-0002     "XOF": 607.558306,
2025-03-25T05:24:27+00:00 INFO 67e23e0aa3dd3-0002     "XPD": 0.001053,
2025-03-25T05:24:27+00:00 INFO 67e23e0aa3dd3-0002     "XPF": 110.527048,
2025-03-25T05:24:27+00:00 INFO 67e23e0aa3dd3-0002     "XPT": 0.001041,
2025-03-25T05:24:27+00:00 INFO 67e23e0aa3dd3-0002     "YER": 246.099941,
2025-03-25T05:24:27+00:00 INFO 67e23e0aa3dd3-0002     "ZAR": 18.27065,
2025-03-25T05:24:27+00:00 INFO 67e23e0aa3dd3-0002     "ZMW": 28.915931,
2025-03-25T05:24:27+00:00 INFO 67e23e0aa3dd3-0002     "ZWL": 322
2025-03-25T05:24:27+00:00 INFO 67e23e0aa3dd3-0002 }
2025-03-25T11:41:31+00:00 INFO 67e2966b09c96-0001 REQUEST_67e2966b35de9 (JSON): {
2025-03-25T11:41:31+00:00 INFO 67e2966b09c96-0001     "url": "https:\/\/public-api.wordpress.com\/wpcom\/v2\/sites\/%s\/wcpay\/currency\/rates?test_mode=1&currency_from=usd",
2025-03-25T11:41:31+00:00 INFO 67e2966b09c96-0001     "method": "GET",
2025-03-25T11:41:31+00:00 INFO 67e2966b09c96-0001     "headers": {
2025-03-25T11:41:31+00:00 INFO 67e2966b09c96-0001         "Content-Type": "application\/json; charset=utf-8",
2025-03-25T11:41:31+00:00 INFO 67e2966b09c96-0001         "User-Agent": "WooCommerce Payments\/8.9.2",
2025-03-25T11:41:31+00:00 INFO 67e2966b09c96-0001         "X-Request-Initiated": 1742902891.220647
2025-03-25T11:41:31+00:00 INFO 67e2966b09c96-0001     },
2025-03-25T11:41:31+00:00 INFO 67e2966b09c96-0001     "timeout": 70,
2025-03-25T11:41:31+00:00 INFO 67e2966b09c96-0001     "connect_timeout": 70
2025-03-25T11:41:31+00:00 INFO 67e2966b09c96-0001 }
2025-03-25T11:41:31+00:00 INFO 67e2966b09c96-0001 CONTEXT (JSON): {
2025-03-25T11:41:31+00:00 INFO 67e2966b09c96-0001     "WP_User": "Guest (non logged-in user)",
2025-03-25T11:41:31+00:00 INFO 67e2966b09c96-0001     "HTTP_REFERER": "--",
2025-03-25T11:41:31+00:00 INFO 67e2966b09c96-0001     "HTTP_USER_AGENT": "Mozilla\/5.0 (compatible; AhrefsBot\/7.0; +http:\/\/ahrefs.com\/robot\/)",
2025-03-25T11:41:31+00:00 INFO 67e2966b09c96-0001     "REQUEST_URI": "\/product-category\/desserts\/?add-to-cart=42",
2025-03-25T11:41:31+00:00 INFO 67e2966b09c96-0001     "DOING_AJAX": "",
2025-03-25T11:41:31+00:00 INFO 67e2966b09c96-0001     "DOING_CRON": "",
2025-03-25T11:41:31+00:00 INFO 67e2966b09c96-0001     "WP_CLI": ""
2025-03-25T11:41:31+00:00 INFO 67e2966b09c96-0001 }
2025-03-25T11:41:31+00:00 INFO 67e2966b09c96-0002 RESPONSE_67e2966b35de9 (JSON): {
2025-03-25T11:41:31+00:00 INFO 67e2966b09c96-0002     "AED": 3.673015,
2025-03-25T11:41:31+00:00 INFO 67e2966b09c96-0002     "AFN": 70.828493,
2025-03-25T11:41:31+00:00 INFO 67e2966b09c96-0002     "ALL": 91.416131,
2025-03-25T11:41:31+00:00 INFO 67e2966b09c96-0002     "AMD": 392.325629,
2025-03-25T11:41:31+00:00 INFO 67e2966b09c96-0002     "ANG": 1.807309,
2025-03-25T11:41:31+00:00 INFO 67e2966b09c96-0002     "AOA": 913,
2025-03-25T11:41:31+00:00 INFO 67e2966b09c96-0002     "ARS": 1068.56486,
2025-03-25T11:41:31+00:00 INFO 67e2966b09c96-0002     "AUD": 1.59113,
2025-03-25T11:41:31+00:00 INFO 67e2966b09c96-0002     "AWG": 1.8,
2025-03-25T11:41:31+00:00 INFO 67e2966b09c96-0002     "AZN": 1.7,
2025-03-25T11:41:31+00:00 INFO 67e2966b09c96-0002     "BAM": 1.810549,
2025-03-25T11:41:31+00:00 INFO 67e2966b09c96-0002     "BBD": 2,
2025-03-25T11:41:31+00:00 INFO 67e2966b09c96-0002     "BDT": 121.84502,
2025-03-25T11:41:31+00:00 INFO 67e2966b09c96-0002     "BGN": 1.812881,
2025-03-25T11:41:31+00:00 INFO 67e2966b09c96-0002     "BHD": 0.376895,
2025-03-25T11:41:31+00:00 INFO 67e2966b09c96-0002     "BIF": 2972.291075,
2025-03-25T11:41:31+00:00 INFO 67e2966b09c96-0002     "BMD": 1,
2025-03-25T11:41:31+00:00 INFO 67e2966b09c96-0002     "BND": 1.341214,
2025-03-25T11:41:31+00:00 INFO 67e2966b09c96-0002     "BOB": 6.944849,
2025-03-25T11:41:31+00:00 INFO 67e2966b09c96-0002     "BRL": 5.7739,
2025-03-25T11:41:31+00:00 INFO 67e2966b09c96-0002     "BSD": 1,
2025-03-25T11:41:31+00:00 INFO 67e2966b09c96-0002     "BTC": 1.2e-5,
2025-03-25T11:41:31+00:00 INFO 67e2966b09c96-0002     "BTN": 85.801571,
2025-03-25T11:41:31+00:00 INFO 67e2966b09c96-0002     "BWP": 13.653637,
2025-03-25T11:41:31+00:00 INFO 67e2966b09c96-0002     "BYN": 3.281786,
2025-03-25T11:41:31+00:00 INFO 67e2966b09c96-0002     "BZD": 2.014376,
2025-03-25T11:41:31+00:00 INFO 67e2966b09c96-0002     "CAD": 1.432321,
2025-03-25T11:41:31+00:00 INFO 67e2966b09c96-0002     "CDF": 2874.575393,
2025-03-25T11:41:31+00:00 INFO 67e2966b09c96-0002     "CHF": 0.883874,
2025-03-25T11:41:31+00:00 INFO 67e2966b09c96-0002     "CLF": 0.024195,
2025-03-25T11:41:31+00:00 INFO 67e2966b09c96-0002     "CLP": 928.48,
2025-03-25T11:41:31+00:00 INFO 67e2966b09c96-0002     "CNH": 7.269137,
2025-03-25T11:41:31+00:00 INFO 67e2966b09c96-0002     "CNY": 7.2632,
2025-03-25T11:41:31+00:00 INFO 67e2966b09c96-0002     "COP": 4160.250812,
2025-03-25T11:41:31+00:00 INFO 67e2966b09c96-0002     "CRC": 501.552841,
2025-03-25T11:41:31+00:00 INFO 67e2966b09c96-0002     "CUC": 1,
2025-03-25T11:41:31+00:00 INFO 67e2966b09c96-0002     "CUP": 25.75,
2025-03-25T11:41:31+00:00 INFO 67e2966b09c96-0002     "CVE": 102.075937,
2025-03-25T11:41:31+00:00 INFO 67e2966b09c96-0002     "CZK": 23.062161,
2025-03-25T11:41:31+00:00 INFO 67e2966b09c96-0002     "DJF": 178.572225,
2025-03-25T11:41:31+00:00 INFO 67e2966b09c96-0002     "DKK": 6.9123,
2025-03-25T11:41:31+00:00 INFO 67e2966b09c96-0002     "DOP": 63.272692,
2025-03-25T11:41:31+00:00 INFO 67e2966b09c96-0002     "DZD": 134.230068,
2025-03-25T11:41:31+00:00 INFO 67e2966b09c96-0002     "EGP": 50.599846,
2025-03-25T11:41:31+00:00 INFO 67e2966b09c96-0002     "ERN": 15,
2025-03-25T11:41:31+00:00 INFO 67e2966b09c96-0002     "ETB": 132.333048,
2025-03-25T11:41:31+00:00 INFO 67e2966b09c96-0002     "EUR": 0.92666,
2025-03-25T11:41:31+00:00 INFO 67e2966b09c96-0002     "FJD": 2.3,
2025-03-25T11:41:31+00:00 INFO 67e2966b09c96-0002     "FKP": 0.774323,
2025-03-25T11:41:31+00:00 INFO 67e2966b09c96-0002     "GBP": 0.774323,
2025-03-25T11:41:31+00:00 INFO 67e2966b09c96-0002     "GEL": 2.78,
2025-03-25T11:41:31+00:00 INFO 67e2966b09c96-0002     "GGP": 0.774323,
2025-03-25T11:41:31+00:00 INFO 67e2966b09c96-0002     "GHS": 15.543984,
2025-03-25T11:41:31+00:00 INFO 67e2966b09c96-0002     "GIP": 0.774323,
2025-03-25T11:41:31+00:00 INFO 67e2966b09c96-0002     "GMD": 70.500003,
2025-03-25T11:41:31+00:00 INFO 67e2966b09c96-0002     "GNF": 8672.336922,
2025-03-25T11:41:31+00:00 INFO 67e2966b09c96-0002     "GTQ": 7.728945,
2025-03-25T11:41:31+00:00 INFO 67e2966b09c96-0002     "GYD": 209.798841,
2025-03-25T11:41:31+00:00 INFO 67e2966b09c96-0002     "HKD": 7.77534,
2025-03-25T11:41:31+00:00 INFO 67e2966b09c96-0002     "HNL": 25.654604,
2025-03-25T11:41:31+00:00 INFO 67e2966b09c96-0002     "HRK": 6.983711,
2025-03-25T11:41:31+00:00 INFO 67e2966b09c96-0002     "HTG": 131.409026,
2025-03-25T11:41:31+00:00 INFO 67e2966b09c96-0002     "HUF": 369.847131,
2025-03-25T11:41:31+00:00 INFO 67e2966b09c96-0002     "IDR": 16607.329358,
2025-03-25T11:41:31+00:00 INFO 67e2966b09c96-0002     "ILS": 3.6713,
2025-03-25T11:41:31+00:00 INFO 67e2966b09c96-0002     "IMP": 0.774323,
2025-03-25T11:41:31+00:00 INFO 67e2966b09c96-0002     "INR": 85.747002,
2025-03-25T11:41:31+00:00 INFO 67e2966b09c96-0002     "IQD": 1313.707314,
2025-03-25T11:41:31+00:00 INFO 67e2966b09c96-0002     "IRR": 42100,
2025-03-25T11:41:31+00:00 INFO 67e2966b09c96-0002     "ISK": 133.55,
2025-03-25T11:41:31+00:00 INFO 67e2966b09c96-0002     "JEP": 0.774323,
2025-03-25T11:41:31+00:00 INFO 67e2966b09c96-0002     "JMD": 157.448709,
2025-03-25T11:41:31+00:00 INFO 67e2966b09c96-0002     "JOD": 0.7091,
2025-03-25T11:41:31+00:00 INFO 67e2966b09c96-0002     "JPY": 150.614167,
2025-03-25T11:41:31+00:00 INFO 67e2966b09c96-0002     "KES": 129.4,
2025-03-25T11:41:31+00:00 INFO 67e2966b09c96-0002     "KGS": 86.6902,
2025-03-25T11:41:31+00:00 INFO 67e2966b09c96-0002     "KHR": 4021.423622,
2025-03-25T11:41:31+00:00 INFO 67e2966b09c96-0002     "KMF": 456.00001,
2025-03-25T11:41:31+00:00 INFO 67e2966b09c96-0002     "KPW": 900,
2025-03-25T11:41:31+00:00 INFO 67e2966b09c96-0002     "KRW": 1469.217542,
2025-03-25T11:41:31+00:00 INFO 67e2966b09c96-0002     "KWD": 0.30833,
2025-03-25T11:41:31+00:00 INFO 67e2966b09c96-0002     "KYD": 0.835652,
2025-03-25T11:41:31+00:00 INFO 67e2966b09c96-0002     "KZT": 504.528629,
2025-03-25T11:41:31+00:00 INFO 67e2966b09c96-0002     "LAK": 21718.204033,
2025-03-25T11:41:31+00:00 INFO 67e2966b09c96-0002     "LBP": 89871.738319,
2025-03-25T11:41:31+00:00 INFO 67e2966b09c96-0002     "LKR": 297.555608,
2025-03-25T11:41:31+00:00 INFO 67e2966b09c96-0002     "LRD": 200.56007,
2025-03-25T11:41:31+00:00 INFO 67e2966b09c96-0002     "LSL": 18.162622,
2025-03-25T11:41:31+00:00 INFO 67e2966b09c96-0002     "LYD": 4.839688,
2025-03-25T11:41:31+00:00 INFO 67e2966b09c96-0002     "MAD": 9.618182,
2025-03-25T11:41:31+00:00 INFO 67e2966b09c96-0002     "MDL": 18.075697,
2025-03-25T11:41:31+00:00 INFO 67e2966b09c96-0002     "MGA": 4691.637155,
2025-03-25T11:41:31+00:00 INFO 67e2966b09c96-0002     "MKD": 57.030434,
2025-03-25T11:41:31+00:00 INFO 67e2966b09c96-0002     "MMK": 2098,
2025-03-25T11:41:31+00:00 INFO 67e2966b09c96-0002     "MNT": 3398,
2025-03-25T11:41:31+00:00 INFO 67e2966b09c96-0002     "MOP": 8.02842,
2025-03-25T11:41:31+00:00 INFO 67e2966b09c96-0002     "MUR": 45.710002,
2025-03-25T11:41:31+00:00 INFO 67e2966b09c96-0002     "MVR": 15.41,
2025-03-25T11:41:31+00:00 INFO 67e2966b09c96-0002     "MWK": 1738.896664,
2025-03-25T11:41:31+00:00 INFO 67e2966b09c96-0002     "MXN": 20.0297,
2025-03-25T11:41:31+00:00 INFO 67e2966b09c96-0002     "MYR": 4.438,
2025-03-25T11:41:31+00:00 INFO 67e2966b09c96-0002     "MZN": 63.909994,
2025-03-25T11:41:31+00:00 INFO 67e2966b09c96-0002     "NAD": 18.162622,
2025-03-25T11:41:31+00:00 INFO 67e2966b09c96-0002     "NGN": 1534.312136,
2025-03-25T11:41:31+00:00 INFO 67e2966b09c96-0002     "NIO": 36.900403,
2025-03-25T11:41:31+00:00 INFO 67e2966b09c96-0002     "NOK": 10.519815,
2025-03-25T11:41:31+00:00 INFO 67e2966b09c96-0002     "NPR": 137.279935,
2025-03-25T11:41:31+00:00 INFO 67e2966b09c96-0002     "NZD": 1.749414,
2025-03-25T11:41:31+00:00 INFO 67e2966b09c96-0002     "OMR": 0.38493,
2025-03-25T11:41:31+00:00 INFO 67e2966b09c96-0002     "PAB": 1,
2025-03-25T11:41:31+00:00 INFO 67e2966b09c96-0002     "PEN": 3.644981,
2025-03-25T11:41:31+00:00 INFO 67e2966b09c96-0002     "PGK": 4.128846,
2025-03-25T11:41:31+00:00 INFO 67e2966b09c96-0002     "PHP": 57.542998,
2025-03-25T11:41:31+00:00 INFO 67e2966b09c96-0002     "PKR": 281.08824,
2025-03-25T11:41:31+00:00 INFO 67e2966b09c96-0002     "PLN": 3.861997,
2025-03-25T11:41:31+00:00 INFO 67e2966b09c96-0002     "PYG": 7991.842399,
2025-03-25T11:41:31+00:00 INFO 67e2966b09c96-0002     "QAR": 3.655535,
2025-03-25T11:41:31+00:00 INFO 67e2966b09c96-0002     "RON": 4.6111,
2025-03-25T11:41:31+00:00 INFO 67e2966b09c96-0002     "RSD": 108.56,
2025-03-25T11:41:31+00:00 INFO 67e2966b09c96-0002     "RUB": 84.501568,
2025-03-25T11:41:31+00:00 INFO 67e2966b09c96-0002     "RWF": 1417.572717,
2025-03-25T11:41:31+00:00 INFO 67e2966b09c96-0002     "SAR": 3.75124,
2025-03-25T11:41:31+00:00 INFO 67e2966b09c96-0002     "SBD": 8.414898,
2025-03-25T11:41:31+00:00 INFO 67e2966b09c96-0002     "SCR": 14.31915,
2025-03-25T11:41:31+00:00 INFO 67e2966b09c96-0002     "SDG": 600.5,
2025-03-25T11:41:31+00:00 INFO 67e2966b09c96-0002     "SEK": 10.070474,
2025-03-25T11:41:31+00:00 INFO 67e2966b09c96-0002     "SGD": 1.338967,
2025-03-25T11:41:31+00:00 INFO 67e2966b09c96-0002     "SHP": 0.774323,
2025-03-25T11:41:31+00:00 INFO 67e2966b09c96-0002     "SLL": 20969.5,
2025-03-25T11:41:31+00:00 INFO 67e2966b09c96-0002     "SOS": 573.121391,
2025-03-25T11:41:31+00:00 INFO 67e2966b09c96-0002     "SRD": 36.566,
2025-03-25T11:41:31+00:00 INFO 67e2966b09c96-0002     "SSP": 130.26,
2025-03-25T11:41:31+00:00 INFO 67e2966b09c96-0002     "STD": 22281.8,
2025-03-25T11:41:31+00:00 INFO 67e2966b09c96-0002     "SVC": 8.774943,
2025-03-25T11:41:31+00:00 INFO 67e2966b09c96-0002     "SYP": 13002,
2025-03-25T11:41:31+00:00 INFO 67e2966b09c96-0002     "SZL": 18.168437,
2025-03-25T11:41:31+00:00 INFO 67e2966b09c96-0002     "THB": 33.9635,
2025-03-25T11:41:31+00:00 INFO 67e2966b09c96-0002     "TJS": 10.930686,
2025-03-25T11:41:31+00:00 INFO 67e2966b09c96-0002     "TMT": 3.51,
2025-03-25T11:41:31+00:00 INFO 67e2966b09c96-0002     "TND": 3.107316,
2025-03-25T11:41:31+00:00 INFO 67e2966b09c96-0002     "TOP": 2.40776,
2025-03-25T11:41:31+00:00 INFO 67e2966b09c96-0002     "TRY": 37.9973,
2025-03-25T11:41:31+00:00 INFO 67e2966b09c96-0002     "TTD": 6.820738,
2025-03-25T11:41:31+00:00 INFO 67e2966b09c96-0002     "TWD": 33.079,
2025-03-25T11:41:31+00:00 INFO 67e2966b09c96-0002     "TZS": 2652.5,
2025-03-25T11:41:31+00:00 INFO 67e2966b09c96-0002     "UAH": 41.787686,
2025-03-25T11:41:31+00:00 INFO 67e2966b09c96-0002     "UGX": 3675.139685,
2025-03-25T11:41:31+00:00 INFO 67e2966b09c96-0002     "USD": 1,
2025-03-25T11:41:31+00:00 INFO 67e2966b09c96-0002     "UYU": 42.253483,
2025-03-25T11:41:31+00:00 INFO 67e2966b09c96-0002     "UZS": 12983.562938,
2025-03-25T11:41:31+00:00 INFO 67e2966b09c96-0002     "VND": 25641.025641,
2025-03-25T11:41:31+00:00 INFO 67e2966b09c96-0002     "VUV": 118.722,
2025-03-25T11:41:31+00:00 INFO 67e2966b09c96-0002     "WST": 2.8,
2025-03-25T11:41:31+00:00 INFO 67e2966b09c96-0002     "XAF": 607.848806,
2025-03-25T11:41:31+00:00 INFO 67e2966b09c96-0002     "XAG": 0.030042,
2025-03-25T11:41:31+00:00 INFO 67e2966b09c96-0002     "XAU": 0.000331,
2025-03-25T11:41:31+00:00 INFO 67e2966b09c96-0002     "XCD": 2.70255,
2025-03-25T11:41:31+00:00 INFO 67e2966b09c96-0002     "XDR": 0.755213,
2025-03-25T11:41:31+00:00 INFO 67e2966b09c96-0002     "XOF": 607.848806,
2025-03-25T11:41:31+00:00 INFO 67e2966b09c96-0002     "XPD": 0.001047,
2025-03-25T11:41:31+00:00 INFO 67e2966b09c96-0002     "XPF": 110.579896,
2025-03-25T11:41:31+00:00 INFO 67e2966b09c96-0002     "XPT": 0.001033,
2025-03-25T11:41:31+00:00 INFO 67e2966b09c96-0002     "YER": 246.099941,
2025-03-25T11:41:31+00:00 INFO 67e2966b09c96-0002     "ZAR": 18.258273,
2025-03-25T11:41:31+00:00 INFO 67e2966b09c96-0002     "ZMW": 28.915931,
2025-03-25T11:41:31+00:00 INFO 67e2966b09c96-0002     "ZWL": 322
2025-03-25T11:41:31+00:00 INFO 67e2966b09c96-0002 }
2025-03-25T16:53:52+00:00 INFO 67e2dfa014302-0001 REQUEST_67e2dfa027467 (JSON): {
2025-03-25T16:53:52+00:00 INFO 67e2dfa014302-0001     "url": "https:\/\/public-api.wordpress.com\/wpcom\/v2\/sites\/%s\/wcpay\/accounts?test_mode=true",
2025-03-25T16:53:52+00:00 INFO 67e2dfa014302-0001     "method": "GET",
2025-03-25T16:53:52+00:00 INFO 67e2dfa014302-0001     "headers": {
2025-03-25T16:53:52+00:00 INFO 67e2dfa014302-0001         "Content-Type": "application\/json; charset=utf-8",
2025-03-25T16:53:52+00:00 INFO 67e2dfa014302-0001         "User-Agent": "WooCommerce Payments\/8.9.2",
2025-03-25T16:53:52+00:00 INFO 67e2dfa014302-0001         "X-Request-Initiated": 1742921632.160869
2025-03-25T16:53:52+00:00 INFO 67e2dfa014302-0001     },
2025-03-25T16:53:52+00:00 INFO 67e2dfa014302-0001     "timeout": 70,
2025-03-25T16:53:52+00:00 INFO 67e2dfa014302-0001     "connect_timeout": 70
2025-03-25T16:53:52+00:00 INFO 67e2dfa014302-0001 }
2025-03-25T16:53:52+00:00 INFO 67e2dfa014302-0001 CONTEXT (JSON): {
2025-03-25T16:53:52+00:00 INFO 67e2dfa014302-0001     "WP_User": "Guest (non logged-in user)",
2025-03-25T16:53:52+00:00 INFO 67e2dfa014302-0001     "HTTP_REFERER": "--",
2025-03-25T16:53:52+00:00 INFO 67e2dfa014302-0001     "HTTP_USER_AGENT": "Mozilla\/5.0 (compatible; AhrefsBot\/7.0; +http:\/\/ahrefs.com\/robot\/)",
2025-03-25T16:53:52+00:00 INFO 67e2dfa014302-0001     "REQUEST_URI": "\/cart\/?_wpnonce=3568514182",
2025-03-25T16:53:52+00:00 INFO 67e2dfa014302-0001     "DOING_AJAX": "",
2025-03-25T16:53:52+00:00 INFO 67e2dfa014302-0001     "DOING_CRON": "",
2025-03-25T16:53:52+00:00 INFO 67e2dfa014302-0001     "WP_CLI": ""
2025-03-25T16:53:52+00:00 INFO 67e2dfa014302-0001 }
2025-03-25T16:53:55+00:00 INFO 67e2dfa014302-0002 RESPONSE_67e2dfa027467 (JSON): {
2025-03-25T16:53:55+00:00 INFO 67e2dfa014302-0002     "account_id": "acct_1Qv6psC4wRMCdaNt",
2025-03-25T16:53:55+00:00 INFO 67e2dfa014302-0002     "email": "(redacted)",
2025-03-25T16:53:55+00:00 INFO 67e2dfa014302-0002     "live_publishable_key": "pk_live_51ETDmyFuiXB5oUVxaIafkGPnwuNcBxr1pXVhvLJ4BrWuiqfG6SldjatOGLQhuqXnDmgqwRA7tDoSFlbY4wFji7KR0079TvtxNs",
2025-03-25T16:53:55+00:00 INFO 67e2dfa014302-0002     "test_publishable_key": "pk_test_51ETDmyFuiXB5oUVxwSobQMW5Tno1GclIq7ePZWzLeW4q8oa7Zb8hI5VfwI5sNT5nXuKYinLukNvGCXmsQXAoDGHG00MqHqlYHR",
2025-03-25T16:53:55+00:00 INFO 67e2dfa014302-0002     "is_live": false,
2025-03-25T16:53:55+00:00 INFO 67e2dfa014302-0002     "is_test_drive": true,
2025-03-25T16:53:55+00:00 INFO 67e2dfa014302-0002     "created": "2025-02-22 00:45:01",
2025-03-25T16:53:55+00:00 INFO 67e2dfa014302-0002     "has_pending_requirements": false,
2025-03-25T16:53:55+00:00 INFO 67e2dfa014302-0002     "has_future_requirements": false,
2025-03-25T16:53:55+00:00 INFO 67e2dfa014302-0002     "has_overdue_requirements": false,
2025-03-25T16:53:55+00:00 INFO 67e2dfa014302-0002     "details_submitted": true,
2025-03-25T16:53:55+00:00 INFO 67e2dfa014302-0002     "current_deadline": null,
2025-03-25T16:53:55+00:00 INFO 67e2dfa014302-0002     "status": "complete",
2025-03-25T16:53:55+00:00 INFO 67e2dfa014302-0002     "capabilities": {
2025-03-25T16:53:55+00:00 INFO 67e2dfa014302-0002         "affirm_payments": "active",
2025-03-25T16:53:55+00:00 INFO 67e2dfa014302-0002         "afterpay_clearpay_payments": "active",
2025-03-25T16:53:55+00:00 INFO 67e2dfa014302-0002         "bancontact_payments": "active",
2025-03-25T16:53:55+00:00 INFO 67e2dfa014302-0002         "card_payments": "active",
2025-03-25T16:53:55+00:00 INFO 67e2dfa014302-0002         "eps_payments": "active",
2025-03-25T16:53:55+00:00 INFO 67e2dfa014302-0002         "ideal_payments": "active",
2025-03-25T16:53:55+00:00 INFO 67e2dfa014302-0002         "klarna_payments": "active",
2025-03-25T16:53:55+00:00 INFO 67e2dfa014302-0002         "link_payments": "active",
2025-03-25T16:53:55+00:00 INFO 67e2dfa014302-0002         "multibanco_payments": "active",
2025-03-25T16:53:55+00:00 INFO 67e2dfa014302-0002         "p24_payments": "active",
2025-03-25T16:53:55+00:00 INFO 67e2dfa014302-0002         "tax_reporting_us_1099_k": "active",
2025-03-25T16:53:55+00:00 INFO 67e2dfa014302-0002         "transfers": "active",
2025-03-25T16:53:55+00:00 INFO 67e2dfa014302-0002         "acss_debit_payments": "unrequested",
2025-03-25T16:53:55+00:00 INFO 67e2dfa014302-0002         "amazon_pay_payments": "unrequested",
2025-03-25T16:53:55+00:00 INFO 67e2dfa014302-0002         "bank_transfer_payments": "unrequested",
2025-03-25T16:53:55+00:00 INFO 67e2dfa014302-0002         "cartes_bancaires_payments": "unrequested",
2025-03-25T16:53:55+00:00 INFO 67e2dfa014302-0002         "cashapp_payments": "unrequested",
2025-03-25T16:53:55+00:00 INFO 67e2dfa014302-0002         "giropay_payments": "unrequested",
2025-03-25T16:53:55+00:00 INFO 67e2dfa014302-0002         "kakao_pay_payments": "unrequested",
2025-03-25T16:53:55+00:00 INFO 67e2dfa014302-0002         "klarna": "unrequested",
2025-03-25T16:53:55+00:00 INFO 67e2dfa014302-0002         "kr_card_payments": "unrequested",
2025-03-25T16:53:55+00:00 INFO 67e2dfa014302-0002         "naver_pay_payments": "unrequested",
2025-03-25T16:53:55+00:00 INFO 67e2dfa014302-0002         "payco_payments": "unrequested",
2025-03-25T16:53:55+00:00 INFO 67e2dfa014302-0002         "samsung_pay_payments": "unrequested",
2025-03-25T16:53:55+00:00 INFO 67e2dfa014302-0002         "sepa_bank_transfer_payments": "unrequested",
2025-03-25T16:53:55+00:00 INFO 67e2dfa014302-0002         "sepa_debit_payments": "unrequested",
2025-03-25T16:53:55+00:00 INFO 67e2dfa014302-0002         "sofort_payments": "unrequested",
2025-03-25T16:53:55+00:00 INFO 67e2dfa014302-0002         "tax_reporting_us_1099_misc": "unrequested",
2025-03-25T16:53:55+00:00 INFO 67e2dfa014302-0002         "us_bank_account_ach_payments": "unrequested",
2025-03-25T16:53:55+00:00 INFO 67e2dfa014302-0002         "us_bank_transfer_payments": "unrequested"
2025-03-25T16:53:55+00:00 INFO 67e2dfa014302-0002     },
2025-03-25T16:53:55+00:00 INFO 67e2dfa014302-0002     "capability_requirements": {
2025-03-25T16:53:55+00:00 INFO 67e2dfa014302-0002         "acss_debit_payments": [],
2025-03-25T16:53:55+00:00 INFO 67e2dfa014302-0002         "affirm_payments": [],
2025-03-25T16:53:55+00:00 INFO 67e2dfa014302-0002         "afterpay_clearpay_payments": [],
2025-03-25T16:53:55+00:00 INFO 67e2dfa014302-0002         "amazon_pay_payments": [],
2025-03-25T16:53:55+00:00 INFO 67e2dfa014302-0002         "bancontact_payments": [],
2025-03-25T16:53:55+00:00 INFO 67e2dfa014302-0002         "bank_transfer_payments": [],
2025-03-25T16:53:55+00:00 INFO 67e2dfa014302-0002         "card_payments": [],
2025-03-25T16:53:55+00:00 INFO 67e2dfa014302-0002         "cartes_bancaires_payments": [],
2025-03-25T16:53:55+00:00 INFO 67e2dfa014302-0002         "cashapp_payments": [],
2025-03-25T16:53:55+00:00 INFO 67e2dfa014302-0002         "eps_payments": [],
2025-03-25T16:53:55+00:00 INFO 67e2dfa014302-0002         "giropay_payments": [],
2025-03-25T16:53:55+00:00 INFO 67e2dfa014302-0002         "ideal_payments": [],
2025-03-25T16:53:55+00:00 INFO 67e2dfa014302-0002         "kakao_pay_payments": [],
2025-03-25T16:53:55+00:00 INFO 67e2dfa014302-0002         "klarna": [],
2025-03-25T16:53:55+00:00 INFO 67e2dfa014302-0002         "klarna_payments": [],
2025-03-25T16:53:55+00:00 INFO 67e2dfa014302-0002         "kr_card_payments": [],
2025-03-25T16:53:55+00:00 INFO 67e2dfa014302-0002         "link_payments": [],
2025-03-25T16:53:55+00:00 INFO 67e2dfa014302-0002         "multibanco_payments": [],
2025-03-25T16:53:55+00:00 INFO 67e2dfa014302-0002         "naver_pay_payments": [],
2025-03-25T16:53:55+00:00 INFO 67e2dfa014302-0002         "p24_payments": [],
2025-03-25T16:53:55+00:00 INFO 67e2dfa014302-0002         "payco_payments": [],
2025-03-25T16:53:55+00:00 INFO 67e2dfa014302-0002         "samsung_pay_payments": [],
2025-03-25T16:53:55+00:00 INFO 67e2dfa014302-0002         "sepa_bank_transfer_payments": [],
2025-03-25T16:53:55+00:00 INFO 67e2dfa014302-0002         "sepa_debit_payments": [],
2025-03-25T16:53:55+00:00 INFO 67e2dfa014302-0002         "sofort_payments": [],
2025-03-25T16:53:55+00:00 INFO 67e2dfa014302-0002         "tax_reporting_us_1099_k": [],
2025-03-25T16:53:55+00:00 INFO 67e2dfa014302-0002         "tax_reporting_us_1099_misc": [],
2025-03-25T16:53:55+00:00 INFO 67e2dfa014302-0002         "transfers": [],
2025-03-25T16:53:55+00:00 INFO 67e2dfa014302-0002         "us_bank_account_ach_payments": [],
2025-03-25T16:53:55+00:00 INFO 67e2dfa014302-0002         "us_bank_transfer_payments": []
2025-03-25T16:53:55+00:00 INFO 67e2dfa014302-0002     },
2025-03-25T16:53:55+00:00 INFO 67e2dfa014302-0002     "payments_enabled": true,
2025-03-25T16:53:55+00:00 INFO 67e2dfa014302-0002     "deposits": {
2025-03-25T16:53:55+00:00 INFO 67e2dfa014302-0002         "status": "enabled",
2025-03-25T16:53:55+00:00 INFO 67e2dfa014302-0002         "restrictions": "deposits_unrestricted",
2025-03-25T16:53:55+00:00 INFO 67e2dfa014302-0002         "interval": "daily",
2025-03-25T16:53:55+00:00 INFO 67e2dfa014302-0002         "weekly_anchor": "",
2025-03-25T16:53:55+00:00 INFO 67e2dfa014302-0002         "monthly_anchor": null,
2025-03-25T16:53:55+00:00 INFO 67e2dfa014302-0002         "delay_days": 2,
2025-03-25T16:53:55+00:00 INFO 67e2dfa014302-0002         "completed_waiting_period": false,
2025-03-25T16:53:55+00:00 INFO 67e2dfa014302-0002         "minimum_manual_deposit_amounts": {
2025-03-25T16:53:55+00:00 INFO 67e2dfa014302-0002             "aud": 500,
2025-03-25T16:53:55+00:00 INFO 67e2dfa014302-0002             "bgn": 100,
2025-03-25T16:53:55+00:00 INFO 67e2dfa014302-0002             "cad": 500,
2025-03-25T16:53:55+00:00 INFO 67e2dfa014302-0002             "chf": 500,
2025-03-25T16:53:55+00:00 INFO 67e2dfa014302-0002             "czk": 3000,
2025-03-25T16:53:55+00:00 INFO 67e2dfa014302-0002             "dkk": 5000,
2025-03-25T16:53:55+00:00 INFO 67e2dfa014302-0002             "eur": 500,
2025-03-25T16:53:55+00:00 INFO 67e2dfa014302-0002             "gbp": 500,
2025-03-25T16:53:55+00:00 INFO 67e2dfa014302-0002             "hkd": 5000,
2025-03-25T16:53:55+00:00 INFO 67e2dfa014302-0002             "huf": 36000,
2025-03-25T16:53:55+00:00 INFO 67e2dfa014302-0002             "nok": 5000,
2025-03-25T16:53:55+00:00 INFO 67e2dfa014302-0002             "nzd": 500,
2025-03-25T16:53:55+00:00 INFO 67e2dfa014302-0002             "jpy": 50,
2025-03-25T16:53:55+00:00 INFO 67e2dfa014302-0002             "sek": 5000,
2025-03-25T16:53:55+00:00 INFO 67e2dfa014302-0002             "sgd": 500,
2025-03-25T16:53:55+00:00 INFO 67e2dfa014302-0002             "usd": 500,
2025-03-25T16:53:55+00:00 INFO 67e2dfa014302-0002             "ron": 500,
2025-03-25T16:53:55+00:00 INFO 67e2dfa014302-0002             "pln": 500,
2025-03-25T16:53:55+00:00 INFO 67e2dfa014302-0002             "aed": 200
2025-03-25T16:53:55+00:00 INFO 67e2dfa014302-0002         },
2025-03-25T16:53:55+00:00 INFO 67e2dfa014302-0002         "minimum_scheduled_deposit_amounts": {
2025-03-25T16:53:55+00:00 INFO 67e2dfa014302-0002             "aed": 200,
2025-03-25T16:53:55+00:00 INFO 67e2dfa014302-0002             "aud": 0,
2025-03-25T16:53:55+00:00 INFO 67e2dfa014302-0002             "bgn": 100,
2025-03-25T16:53:55+00:00 INFO 67e2dfa014302-0002             "cad": 0,
2025-03-25T16:53:55+00:00 INFO 67e2dfa014302-0002             "chf": 500,
2025-03-25T16:53:55+00:00 INFO 67e2dfa014302-0002             "czk": 3000,
2025-03-25T16:53:55+00:00 INFO 67e2dfa014302-0002             "dkk": 2000,
2025-03-25T16:53:55+00:00 INFO 67e2dfa014302-0002             "eur": 100,
2025-03-25T16:53:55+00:00 INFO 67e2dfa014302-0002             "gbp": 100,
2025-03-25T16:53:55+00:00 INFO 67e2dfa014302-0002             "hkd": 0,
2025-03-25T16:53:55+00:00 INFO 67e2dfa014302-0002             "huf": 36000,
2025-03-25T16:53:55+00:00 INFO 67e2dfa014302-0002             "jpy": 1,
2025-03-25T16:53:55+00:00 INFO 67e2dfa014302-0002             "nok": 2000,
2025-03-25T16:53:55+00:00 INFO 67e2dfa014302-0002             "nzd": 0,
2025-03-25T16:53:55+00:00 INFO 67e2dfa014302-0002             "pln": 500,
2025-03-25T16:53:55+00:00 INFO 67e2dfa014302-0002             "ron": 500,
2025-03-25T16:53:55+00:00 INFO 67e2dfa014302-0002             "sek": 2000,
2025-03-25T16:53:55+00:00 INFO 67e2dfa014302-0002             "sgd": 100,
2025-03-25T16:53:55+00:00 INFO 67e2dfa014302-0002             "usd": 0
2025-03-25T16:53:55+00:00 INFO 67e2dfa014302-0002         }
2025-03-25T16:53:55+00:00 INFO 67e2dfa014302-0002     },
2025-03-25T16:53:55+00:00 INFO 67e2dfa014302-0002     "lifetime_total_payment_volume": 0,
2025-03-25T16:53:55+00:00 INFO 67e2dfa014302-0002     "requirements": {
2025-03-25T16:53:55+00:00 INFO 67e2dfa014302-0002         "errors": []
2025-03-25T16:53:55+00:00 INFO 67e2dfa014302-0002     },
2025-03-25T16:53:55+00:00 INFO 67e2dfa014302-0002     "statement_descriptor": "NORTHERNLI",
2025-03-25T16:53:55+00:00 INFO 67e2dfa014302-0002     "statement_descriptor_kanji": "",
2025-03-25T16:53:55+00:00 INFO 67e2dfa014302-0002     "statement_descriptor_kana": "",
2025-03-25T16:53:55+00:00 INFO 67e2dfa014302-0002     "latest_tos_agreement": {
2025-03-25T16:53:55+00:00 INFO 67e2dfa014302-0002         "date": "2025-02-22 00:45:01",
2025-03-25T16:53:55+00:00 INFO 67e2dfa014302-0002         "source": "signup",
2025-03-25T16:53:55+00:00 INFO 67e2dfa014302-0002         "is_current_version": true
2025-03-25T16:53:55+00:00 INFO 67e2dfa014302-0002     },
2025-03-25T16:53:55+00:00 INFO 67e2dfa014302-0002     "fees": {
2025-03-25T16:53:55+00:00 INFO 67e2dfa014302-0002         "base": {
2025-03-25T16:53:55+00:00 INFO 67e2dfa014302-0002             "percentage_rate": 0.029,
2025-03-25T16:53:55+00:00 INFO 67e2dfa014302-0002             "fixed_rate": 30,
2025-03-25T16:53:55+00:00 INFO 67e2dfa014302-0002             "currency": "usd"
2025-03-25T16:53:55+00:00 INFO 67e2dfa014302-0002         },
2025-03-25T16:53:55+00:00 INFO 67e2dfa014302-0002         "discount": [],
2025-03-25T16:53:55+00:00 INFO 67e2dfa014302-0002         "card": {
2025-03-25T16:53:55+00:00 INFO 67e2dfa014302-0002             "base": {
2025-03-25T16:53:55+00:00 INFO 67e2dfa014302-0002                 "percentage_rate": 0.029,
2025-03-25T16:53:55+00:00 INFO 67e2dfa014302-0002                 "fixed_rate": 30,
2025-03-25T16:53:55+00:00 INFO 67e2dfa014302-0002                 "currency": "usd"
2025-03-25T16:53:55+00:00 INFO 67e2dfa014302-0002             },
2025-03-25T16:53:55+00:00 INFO 67e2dfa014302-0002             "additional": {
2025-03-25T16:53:55+00:00 INFO 67e2dfa014302-0002                 "percentage_rate": 0.015,
2025-03-25T16:53:55+00:00 INFO 67e2dfa014302-0002                 "fixed_rate": 0,
2025-03-25T16:53:55+00:00 INFO 67e2dfa014302-0002                 "currency": "usd"
2025-03-25T16:53:55+00:00 INFO 67e2dfa014302-0002             },
2025-03-25T16:53:55+00:00 INFO 67e2dfa014302-0002             "fx": {
2025-03-25T16:53:55+00:00 INFO 67e2dfa014302-0002                 "percentage_rate": 0.01,
2025-03-25T16:53:55+00:00 INFO 67e2dfa014302-0002                 "fixed_rate": 0,
2025-03-25T16:53:55+00:00 INFO 67e2dfa014302-0002                 "currency": "usd"
2025-03-25T16:53:55+00:00 INFO 67e2dfa014302-0002             },
2025-03-25T16:53:55+00:00 INFO 67e2dfa014302-0002             "discount": []
2025-03-25T16:53:55+00:00 INFO 67e2dfa014302-0002         },
2025-03-25T16:53:55+00:00 INFO 67e2dfa014302-0002         "card_present": {
2025-03-25T16:53:55+00:00 INFO 67e2dfa014302-0002             "base": {
2025-03-25T16:53:55+00:00 INFO 67e2dfa014302-0002                 "percentage_rate": 0.027,
2025-03-25T16:53:55+00:00 INFO 67e2dfa014302-0002                 "fixed_rate": 10,
2025-03-25T16:53:55+00:00 INFO 67e2dfa014302-0002                 "currency": "usd"
2025-03-25T16:53:55+00:00 INFO 67e2dfa014302-0002             },
2025-03-25T16:53:55+00:00 INFO 67e2dfa014302-0002             "additional": {
2025-03-25T16:53:55+00:00 INFO 67e2dfa014302-0002                 "percentage_rate": 0.01,
2025-03-25T16:53:55+00:00 INFO 67e2dfa014302-0002                 "fixed_rate": 0,
2025-03-25T16:53:55+00:00 INFO 67e2dfa014302-0002                 "currency": "usd"
2025-03-25T16:53:55+00:00 INFO 67e2dfa014302-0002             },
2025-03-25T16:53:55+00:00 INFO 67e2dfa014302-0002             "fx": {
2025-03-25T16:53:55+00:00 INFO 67e2dfa014302-0002                 "percentage_rate": 0.01,
2025-03-25T16:53:55+00:00 INFO 67e2dfa014302-0002                 "fixed_rate": 0,
2025-03-25T16:53:55+00:00 INFO 67e2dfa014302-0002                 "currency": "usd"
2025-03-25T16:53:55+00:00 INFO 67e2dfa014302-0002             },
2025-03-25T16:53:55+00:00 INFO 67e2dfa014302-0002             "discount": []
2025-03-25T16:53:55+00:00 INFO 67e2dfa014302-0002         },
2025-03-25T16:53:55+00:00 INFO 67e2dfa014302-0002         "link": {
2025-03-25T16:53:55+00:00 INFO 67e2dfa014302-0002             "base": {
2025-03-25T16:53:55+00:00 INFO 67e2dfa014302-0002                 "percentage_rate": 0.029,
2025-03-25T16:53:55+00:00 INFO 67e2dfa014302-0002                 "fixed_rate": 30,
2025-03-25T16:53:55+00:00 INFO 67e2dfa014302-0002                 "currency": "usd"
2025-03-25T16:53:55+00:00 INFO 67e2dfa014302-0002             },
2025-03-25T16:53:55+00:00 INFO 67e2dfa014302-0002             "additional": {
2025-03-25T16:53:55+00:00 INFO 67e2dfa014302-0002                 "percentage_rate": 0,
2025-03-25T16:53:55+00:00 INFO 67e2dfa014302-0002                 "fixed_rate": 0,
2025-03-25T16:53:55+00:00 INFO 67e2dfa014302-0002                 "currency": "usd"
2025-03-25T16:53:55+00:00 INFO 67e2dfa014302-0002             },
2025-03-25T16:53:55+00:00 INFO 67e2dfa014302-0002             "fx": {
2025-03-25T16:53:55+00:00 INFO 67e2dfa014302-0002                 "percentage_rate": 0.01,
2025-03-25T16:53:55+00:00 INFO 67e2dfa014302-0002                 "fixed_rate": 0,
2025-03-25T16:53:55+00:00 INFO 67e2dfa014302-0002                 "currency": "usd"
2025-03-25T16:53:55+00:00 INFO 67e2dfa014302-0002             },
2025-03-25T16:53:55+00:00 INFO 67e2dfa014302-0002             "discount": []
2025-03-25T16:53:55+00:00 INFO 67e2dfa014302-0002         },
2025-03-25T16:53:55+00:00 INFO 67e2dfa014302-0002         "bancontact": {
2025-03-25T16:53:55+00:00 INFO 67e2dfa014302-0002             "base": {
2025-03-25T16:53:55+00:00 INFO 67e2dfa014302-0002                 "percentage_rate": 0.014,
2025-03-25T16:53:55+00:00 INFO 67e2dfa014302-0002                 "fixed_rate": 30,
2025-03-25T16:53:55+00:00 INFO 67e2dfa014302-0002                 "currency": "usd"
2025-03-25T16:53:55+00:00 INFO 67e2dfa014302-0002             },
2025-03-25T16:53:55+00:00 INFO 67e2dfa014302-0002             "additional": {
2025-03-25T16:53:55+00:00 INFO 67e2dfa014302-0002                 "percentage_rate": 0.015,
2025-03-25T16:53:55+00:00 INFO 67e2dfa014302-0002                 "fixed_rate": 0,
2025-03-25T16:53:55+00:00 INFO 67e2dfa014302-0002                 "currency": "usd"
2025-03-25T16:53:55+00:00 INFO 67e2dfa014302-0002             },
2025-03-25T16:53:55+00:00 INFO 67e2dfa014302-0002             "fx": {
2025-03-25T16:53:55+00:00 INFO 67e2dfa014302-0002                 "percentage_rate": 0.01,
2025-03-25T16:53:55+00:00 INFO 67e2dfa014302-0002                 "fixed_rate": 0,
2025-03-25T16:53:55+00:00 INFO 67e2dfa014302-0002                 "currency": "usd"
2025-03-25T16:53:55+00:00 INFO 67e2dfa014302-0002             },
2025-03-25T16:53:55+00:00 INFO 67e2dfa014302-0002             "discount": []
2025-03-25T16:53:55+00:00 INFO 67e2dfa014302-0002         },
2025-03-25T16:53:55+00:00 INFO 67e2dfa014302-0002         "eps": {
2025-03-25T16:53:55+00:00 INFO 67e2dfa014302-0002             "base": {
2025-03-25T16:53:55+00:00 INFO 67e2dfa014302-0002                 "percentage_rate": 0.018,
2025-03-25T16:53:55+00:00 INFO 67e2dfa014302-0002                 "fixed_rate": 30,
2025-03-25T16:53:55+00:00 INFO 67e2dfa014302-0002                 "currency": "usd"
2025-03-25T16:53:55+00:00 INFO 67e2dfa014302-0002             },
2025-03-25T16:53:55+00:00 INFO 67e2dfa014302-0002             "additional": {
2025-03-25T16:53:55+00:00 INFO 67e2dfa014302-0002                 "percentage_rate": 0.015,
2025-03-25T16:53:55+00:00 INFO 67e2dfa014302-0002                 "fixed_rate": 0,
2025-03-25T16:53:55+00:00 INFO 67e2dfa014302-0002                 "currency": "usd"
2025-03-25T16:53:55+00:00 INFO 67e2dfa014302-0002             },
2025-03-25T16:53:55+00:00 INFO 67e2dfa014302-0002             "fx": {
2025-03-25T16:53:55+00:00 INFO 67e2dfa014302-0002                 "percentage_rate": 0.01,
2025-03-25T16:53:55+00:00 INFO 67e2dfa014302-0002                 "fixed_rate": 0,
2025-03-25T16:53:55+00:00 INFO 67e2dfa014302-0002                 "currency": "usd"
2025-03-25T16:53:55+00:00 INFO 67e2dfa014302-0002             },
2025-03-25T16:53:55+00:00 INFO 67e2dfa014302-0002             "discount": []
2025-03-25T16:53:55+00:00 INFO 67e2dfa014302-0002         },
2025-03-25T16:53:55+00:00 INFO 67e2dfa014302-0002         "ideal": {
2025-03-25T16:53:55+00:00 INFO 67e2dfa014302-0002             "base": {
2025-03-25T16:53:55+00:00 INFO 67e2dfa014302-0002                 "percentage_rate": 0,
2025-03-25T16:53:55+00:00 INFO 67e2dfa014302-0002                 "fixed_rate": 80,
2025-03-25T16:53:55+00:00 INFO 67e2dfa014302-0002                 "currency": "usd"
2025-03-25T16:53:55+00:00 INFO 67e2dfa014302-0002             },
2025-03-25T16:53:55+00:00 INFO 67e2dfa014302-0002             "additional": {
2025-03-25T16:53:55+00:00 INFO 67e2dfa014302-0002                 "percentage_rate": 0.015,
2025-03-25T16:53:55+00:00 INFO 67e2dfa014302-0002                 "fixed_rate": 0,
2025-03-25T16:53:55+00:00 INFO 67e2dfa014302-0002                 "currency": "usd"
2025-03-25T16:53:55+00:00 INFO 67e2dfa014302-0002             },
2025-03-25T16:53:55+00:00 INFO 67e2dfa014302-0002             "fx": {
2025-03-25T16:53:55+00:00 INFO 67e2dfa014302-0002                 "percentage_rate": 0.01,
2025-03-25T16:53:55+00:00 INFO 67e2dfa014302-0002                 "fixed_rate": 0,
2025-03-25T16:53:55+00:00 INFO 67e2dfa014302-0002                 "currency": "usd"
2025-03-25T16:53:55+00:00 INFO 67e2dfa014302-0002             },
2025-03-25T16:53:55+00:00 INFO 67e2dfa014302-0002             "discount": []
2025-03-25T16:53:55+00:00 INFO 67e2dfa014302-0002         },
2025-03-25T16:53:55+00:00 INFO 67e2dfa014302-0002         "p24": {
2025-03-25T16:53:55+00:00 INFO 67e2dfa014302-0002             "base": {
2025-03-25T16:53:55+00:00 INFO 67e2dfa014302-0002                 "percentage_rate": 0.022,
2025-03-25T16:53:55+00:00 INFO 67e2dfa014302-0002                 "fixed_rate": 30,
2025-03-25T16:53:55+00:00 INFO 67e2dfa014302-0002                 "currency": "usd"
2025-03-25T16:53:55+00:00 INFO 67e2dfa014302-0002             },
2025-03-25T16:53:55+00:00 INFO 67e2dfa014302-0002             "additional": {
2025-03-25T16:53:55+00:00 INFO 67e2dfa014302-0002                 "percentage_rate": 0.015,
2025-03-25T16:53:55+00:00 INFO 67e2dfa014302-0002                 "fixed_rate": 0,
2025-03-25T16:53:55+00:00 INFO 67e2dfa014302-0002                 "currency": "usd"
2025-03-25T16:53:55+00:00 INFO 67e2dfa014302-0002             },
2025-03-25T16:53:55+00:00 INFO 67e2dfa014302-0002             "fx": {
2025-03-25T16:53:55+00:00 INFO 67e2dfa014302-0002                 "percentage_rate": 0.01,
2025-03-25T16:53:55+00:00 INFO 67e2dfa014302-0002                 "fixed_rate": 0,
2025-03-25T16:53:55+00:00 INFO 67e2dfa014302-0002                 "currency": "usd"
2025-03-25T16:53:55+00:00 INFO 67e2dfa014302-0002             },
2025-03-25T16:53:55+00:00 INFO 67e2dfa014302-0002             "discount": []
2025-03-25T16:53:55+00:00 INFO 67e2dfa014302-0002         },
2025-03-25T16:53:55+00:00 INFO 67e2dfa014302-0002         "affirm": {
2025-03-25T16:53:55+00:00 INFO 67e2dfa014302-0002             "base": {
2025-03-25T16:53:55+00:00 INFO 67e2dfa014302-0002                 "percentage_rate": 0.06,
2025-03-25T16:53:55+00:00 INFO 67e2dfa014302-0002                 "fixed_rate": 30,
2025-03-25T16:53:55+00:00 INFO 67e2dfa014302-0002                 "currency": "usd"
2025-03-25T16:53:55+00:00 INFO 67e2dfa014302-0002             },
2025-03-25T16:53:55+00:00 INFO 67e2dfa014302-0002             "additional": {
2025-03-25T16:53:55+00:00 INFO 67e2dfa014302-0002                 "percentage_rate": 0,
2025-03-25T16:53:55+00:00 INFO 67e2dfa014302-0002                 "fixed_rate": 0,
2025-03-25T16:53:55+00:00 INFO 67e2dfa014302-0002                 "currency": "usd"
2025-03-25T16:53:55+00:00 INFO 67e2dfa014302-0002             },
2025-03-25T16:53:55+00:00 INFO 67e2dfa014302-0002             "fx": {
2025-03-25T16:53:55+00:00 INFO 67e2dfa014302-0002                 "percentage_rate": 0,
2025-03-25T16:53:55+00:00 INFO 67e2dfa014302-0002                 "fixed_rate": 0,
2025-03-25T16:53:55+00:00 INFO 67e2dfa014302-0002                 "currency": "usd"
2025-03-25T16:53:55+00:00 INFO 67e2dfa014302-0002             },
2025-03-25T16:53:55+00:00 INFO 67e2dfa014302-0002             "discount": []
2025-03-25T16:53:55+00:00 INFO 67e2dfa014302-0002         },
2025-03-25T16:53:55+00:00 INFO 67e2dfa014302-0002         "afterpay_clearpay": {
2025-03-25T16:53:55+00:00 INFO 67e2dfa014302-0002             "base": {
2025-03-25T16:53:55+00:00 INFO 67e2dfa014302-0002                 "percentage_rate": 0.06,
2025-03-25T16:53:55+00:00 INFO 67e2dfa014302-0002                 "fixed_rate": 30,
2025-03-25T16:53:55+00:00 INFO 67e2dfa014302-0002                 "currency": "usd"
2025-03-25T16:53:55+00:00 INFO 67e2dfa014302-0002             },
2025-03-25T16:53:55+00:00 INFO 67e2dfa014302-0002             "additional": {
2025-03-25T16:53:55+00:00 INFO 67e2dfa014302-0002                 "percentage_rate": 0,
2025-03-25T16:53:55+00:00 INFO 67e2dfa014302-0002                 "fixed_rate": 0,
2025-03-25T16:53:55+00:00 INFO 67e2dfa014302-0002                 "currency": "usd"
2025-03-25T16:53:55+00:00 INFO 67e2dfa014302-0002             },
2025-03-25T16:53:55+00:00 INFO 67e2dfa014302-0002             "fx": {
2025-03-25T16:53:55+00:00 INFO 67e2dfa014302-0002                 "percentage_rate": 0,
2025-03-25T16:53:55+00:00 INFO 67e2dfa014302-0002                 "fixed_rate": 0,
2025-03-25T16:53:55+00:00 INFO 67e2dfa014302-0002                 "currency": "usd"
2025-03-25T16:53:55+00:00 INFO 67e2dfa014302-0002             },
2025-03-25T16:53:55+00:00 INFO 67e2dfa014302-0002             "discount": []
2025-03-25T16:53:55+00:00 INFO 67e2dfa014302-0002         },
2025-03-25T16:53:55+00:00 INFO 67e2dfa014302-0002         "klarna": {
2025-03-25T16:53:55+00:00 INFO 67e2dfa014302-0002             "base": {
2025-03-25T16:53:55+00:00 INFO 67e2dfa014302-0002                 "percentage_rate": 0.0599,
2025-03-25T16:53:55+00:00 INFO 67e2dfa014302-0002                 "fixed_rate": 30,
2025-03-25T16:53:55+00:00 INFO 67e2dfa014302-0002                 "currency": "usd"
2025-03-25T16:53:55+00:00 INFO 67e2dfa014302-0002             },
2025-03-25T16:53:55+00:00 INFO 67e2dfa014302-0002             "additional": {
2025-03-25T16:53:55+00:00 INFO 67e2dfa014302-0002                 "percentage_rate": 0,
2025-03-25T16:53:55+00:00 INFO 67e2dfa014302-0002                 "fixed_rate": 0,
2025-03-25T16:53:55+00:00 INFO 67e2dfa014302-0002                 "currency": "usd"
2025-03-25T16:53:55+00:00 INFO 67e2dfa014302-0002             },
2025-03-25T16:53:55+00:00 INFO 67e2dfa014302-0002             "fx": {
2025-03-25T16:53:55+00:00 INFO 67e2dfa014302-0002                 "percentage_rate": 0,
2025-03-25T16:53:55+00:00 INFO 67e2dfa014302-0002                 "fixed_rate": 0,
2025-03-25T16:53:55+00:00 INFO 67e2dfa014302-0002                 "currency": "usd"
2025-03-25T16:53:55+00:00 INFO 67e2dfa014302-0002             },
2025-03-25T16:53:55+00:00 INFO 67e2dfa014302-0002             "discount": []
2025-03-25T16:53:55+00:00 INFO 67e2dfa014302-0002         }
2025-03-25T16:53:55+00:00 INFO 67e2dfa014302-0002     },
2025-03-25T16:53:55+00:00 INFO 67e2dfa014302-0002     "capital": {
2025-03-25T16:53:55+00:00 INFO 67e2dfa014302-0002         "has_active_loan": false,
2025-03-25T16:53:55+00:00 INFO 67e2dfa014302-0002         "has_previous_loans": false,
2025-03-25T16:53:55+00:00 INFO 67e2dfa014302-0002         "loans": []
2025-03-25T16:53:55+00:00 INFO 67e2dfa014302-0002     },
2025-03-25T16:53:55+00:00 INFO 67e2dfa014302-0002     "fraud_services": {
2025-03-25T16:53:55+00:00 INFO 67e2dfa014302-0002         "stripe": [],
2025-03-25T16:53:55+00:00 INFO 67e2dfa014302-0002         "sift": {
2025-03-25T16:53:55+00:00 INFO 67e2dfa014302-0002             "beacon_key": "affbdadb36",
2025-03-25T16:53:55+00:00 INFO 67e2dfa014302-0002             "sandbox_beacon_key": "6ad0ad748b"
2025-03-25T16:53:55+00:00 INFO 67e2dfa014302-0002         }
2025-03-25T16:53:55+00:00 INFO 67e2dfa014302-0002     },
2025-03-25T16:53:55+00:00 INFO 67e2dfa014302-0002     "store_currencies": {
2025-03-25T16:53:55+00:00 INFO 67e2dfa014302-0002         "default": "usd",
2025-03-25T16:53:55+00:00 INFO 67e2dfa014302-0002         "supported": [
2025-03-25T16:53:55+00:00 INFO 67e2dfa014302-0002             "usd"
2025-03-25T16:53:55+00:00 INFO 67e2dfa014302-0002         ]
2025-03-25T16:53:55+00:00 INFO 67e2dfa014302-0002     },
2025-03-25T16:53:55+00:00 INFO 67e2dfa014302-0002     "customer_currencies": {
2025-03-25T16:53:55+00:00 INFO 67e2dfa014302-0002         "supported": [
2025-03-25T16:53:55+00:00 INFO 67e2dfa014302-0002             "usd",
2025-03-25T16:53:55+00:00 INFO 67e2dfa014302-0002             "aed",
2025-03-25T16:53:55+00:00 INFO 67e2dfa014302-0002             "afn",
2025-03-25T16:53:55+00:00 INFO 67e2dfa014302-0002             "all",
2025-03-25T16:53:55+00:00 INFO 67e2dfa014302-0002             "amd",
2025-03-25T16:53:55+00:00 INFO 67e2dfa014302-0002             "ang",
2025-03-25T16:53:55+00:00 INFO 67e2dfa014302-0002             "aoa",
2025-03-25T16:53:55+00:00 INFO 67e2dfa014302-0002             "ars",
2025-03-25T16:53:55+00:00 INFO 67e2dfa014302-0002             "aud",
2025-03-25T16:53:55+00:00 INFO 67e2dfa014302-0002             "awg",
2025-03-25T16:53:55+00:00 INFO 67e2dfa014302-0002             "azn",
2025-03-25T16:53:55+00:00 INFO 67e2dfa014302-0002             "bam",
2025-03-25T16:53:55+00:00 INFO 67e2dfa014302-0002             "bbd",
2025-03-25T16:53:55+00:00 INFO 67e2dfa014302-0002             "bdt",
2025-03-25T16:53:55+00:00 INFO 67e2dfa014302-0002             "bgn",
2025-03-25T16:53:55+00:00 INFO 67e2dfa014302-0002             "bif",
2025-03-25T16:53:55+00:00 INFO 67e2dfa014302-0002             "bmd",
2025-03-25T16:53:55+00:00 INFO 67e2dfa014302-0002             "bnd",
2025-03-25T16:53:55+00:00 INFO 67e2dfa014302-0002             "bob",
2025-03-25T16:53:55+00:00 INFO 67e2dfa014302-0002             "brl",
2025-03-25T16:53:55+00:00 INFO 67e2dfa014302-0002             "bsd",
2025-03-25T16:53:55+00:00 INFO 67e2dfa014302-0002             "bwp",
2025-03-25T16:53:55+00:00 INFO 67e2dfa014302-0002             "byn",
2025-03-25T16:53:55+00:00 INFO 67e2dfa014302-0002             "bzd",
2025-03-25T16:53:55+00:00 INFO 67e2dfa014302-0002             "cad",
2025-03-25T16:53:55+00:00 INFO 67e2dfa014302-0002             "cdf",
2025-03-25T16:53:55+00:00 INFO 67e2dfa014302-0002             "chf",
2025-03-25T16:53:55+00:00 INFO 67e2dfa014302-0002             "clp",
2025-03-25T16:53:55+00:00 INFO 67e2dfa014302-0002             "cny",
2025-03-25T16:53:55+00:00 INFO 67e2dfa014302-0002             "cop",
2025-03-25T16:53:55+00:00 INFO 67e2dfa014302-0002             "crc",
2025-03-25T16:53:55+00:00 INFO 67e2dfa014302-0002             "cve",
2025-03-25T16:53:55+00:00 INFO 67e2dfa014302-0002             "czk",
2025-03-25T16:53:55+00:00 INFO 67e2dfa014302-0002             "djf",
2025-03-25T16:53:55+00:00 INFO 67e2dfa014302-0002             "dkk",
2025-03-25T16:53:55+00:00 INFO 67e2dfa014302-0002             "dop",
2025-03-25T16:53:55+00:00 INFO 67e2dfa014302-0002             "dzd",
2025-03-25T16:53:55+00:00 INFO 67e2dfa014302-0002             "egp",
2025-03-25T16:53:55+00:00 INFO 67e2dfa014302-0002             "etb",
2025-03-25T16:53:55+00:00 INFO 67e2dfa014302-0002             "eur",
2025-03-25T16:53:55+00:00 INFO 67e2dfa014302-0002             "fjd",
2025-03-25T16:53:55+00:00 INFO 67e2dfa014302-0002             "fkp",
2025-03-25T16:53:55+00:00 INFO 67e2dfa014302-0002             "gbp",
2025-03-25T16:53:55+00:00 INFO 67e2dfa014302-0002             "gel",
2025-03-25T16:53:55+00:00 INFO 67e2dfa014302-0002             "gip",
2025-03-25T16:53:55+00:00 INFO 67e2dfa014302-0002             "gmd",
2025-03-25T16:53:55+00:00 INFO 67e2dfa014302-0002             "gnf",
2025-03-25T16:53:55+00:00 INFO 67e2dfa014302-0002             "gtq",
2025-03-25T16:53:55+00:00 INFO 67e2dfa014302-0002             "gyd",
2025-03-25T16:53:55+00:00 INFO 67e2dfa014302-0002             "hkd",
2025-03-25T16:53:55+00:00 INFO 67e2dfa014302-0002             "hnl",
2025-03-25T16:53:55+00:00 INFO 67e2dfa014302-0002             "htg",
2025-03-25T16:53:55+00:00 INFO 67e2dfa014302-0002             "huf",
2025-03-25T16:53:55+00:00 INFO 67e2dfa014302-0002             "idr",
2025-03-25T16:53:55+00:00 INFO 67e2dfa014302-0002             "ils",
2025-03-25T16:53:55+00:00 INFO 67e2dfa014302-0002             "inr",
2025-03-25T16:53:55+00:00 INFO 67e2dfa014302-0002             "isk",
2025-03-25T16:53:55+00:00 INFO 67e2dfa014302-0002             "jmd",
2025-03-25T16:53:55+00:00 INFO 67e2dfa014302-0002             "jpy",
2025-03-25T16:53:55+00:00 INFO 67e2dfa014302-0002             "kes",
2025-03-25T16:53:55+00:00 INFO 67e2dfa014302-0002             "kgs",
2025-03-25T16:53:55+00:00 INFO 67e2dfa014302-0002             "khr",
2025-03-25T16:53:55+00:00 INFO 67e2dfa014302-0002             "kmf",
2025-03-25T16:53:55+00:00 INFO 67e2dfa014302-0002             "krw",
2025-03-25T16:53:55+00:00 INFO 67e2dfa014302-0002             "kyd",
2025-03-25T16:53:55+00:00 INFO 67e2dfa014302-0002             "kzt",
2025-03-25T16:53:55+00:00 INFO 67e2dfa014302-0002             "lak",
2025-03-25T16:53:55+00:00 INFO 67e2dfa014302-0002             "lbp",
2025-03-25T16:53:55+00:00 INFO 67e2dfa014302-0002             "lkr",
2025-03-25T16:53:55+00:00 INFO 67e2dfa014302-0002             "lrd",
2025-03-25T16:53:55+00:00 INFO 67e2dfa014302-0002             "lsl",
2025-03-25T16:53:55+00:00 INFO 67e2dfa014302-0002             "mad",
2025-03-25T16:53:55+00:00 INFO 67e2dfa014302-0002             "mdl",
2025-03-25T16:53:55+00:00 INFO 67e2dfa014302-0002             "mga",
2025-03-25T16:53:55+00:00 INFO 67e2dfa014302-0002             "mkd",
2025-03-25T16:53:55+00:00 INFO 67e2dfa014302-0002             "mmk",
2025-03-25T16:53:55+00:00 INFO 67e2dfa014302-0002             "mnt",
2025-03-25T16:53:55+00:00 INFO 67e2dfa014302-0002             "mop",
2025-03-25T16:53:55+00:00 INFO 67e2dfa014302-0002             "mur",
2025-03-25T16:53:55+00:00 INFO 67e2dfa014302-0002             "mvr",
2025-03-25T16:53:55+00:00 INFO 67e2dfa014302-0002             "mwk",
2025-03-25T16:53:55+00:00 INFO 67e2dfa014302-0002             "mxn",
2025-03-25T16:53:55+00:00 INFO 67e2dfa014302-0002             "myr",
2025-03-25T16:53:55+00:00 INFO 67e2dfa014302-0002             "mzn",
2025-03-25T16:53:55+00:00 INFO 67e2dfa014302-0002             "nad",
2025-03-25T16:53:55+00:00 INFO 67e2dfa014302-0002             "ngn",
2025-03-25T16:53:55+00:00 INFO 67e2dfa014302-0002             "nio",
2025-03-25T16:53:55+00:00 INFO 67e2dfa014302-0002             "nok",
2025-03-25T16:53:55+00:00 INFO 67e2dfa014302-0002             "npr",
2025-03-25T16:53:55+00:00 INFO 67e2dfa014302-0002             "nzd",
2025-03-25T16:53:55+00:00 INFO 67e2dfa014302-0002             "pab",
2025-03-25T16:53:55+00:00 INFO 67e2dfa014302-0002             "pen",
2025-03-25T16:53:55+00:00 INFO 67e2dfa014302-0002             "pgk",
2025-03-25T16:53:55+00:00 INFO 67e2dfa014302-0002             "php",
2025-03-25T16:53:55+00:00 INFO 67e2dfa014302-0002             "pkr",
2025-03-25T16:53:55+00:00 INFO 67e2dfa014302-0002             "pln",
2025-03-25T16:53:55+00:00 INFO 67e2dfa014302-0002             "pyg",
2025-03-25T16:53:55+00:00 INFO 67e2dfa014302-0002             "qar",
2025-03-25T16:53:55+00:00 INFO 67e2dfa014302-0002             "ron",
2025-03-25T16:53:55+00:00 INFO 67e2dfa014302-0002             "rsd",
2025-03-25T16:53:55+00:00 INFO 67e2dfa014302-0002             "rub",
2025-03-25T16:53:55+00:00 INFO 67e2dfa014302-0002             "rwf",
2025-03-25T16:53:55+00:00 INFO 67e2dfa014302-0002             "sar",
2025-03-25T16:53:55+00:00 INFO 67e2dfa014302-0002             "sbd",
2025-03-25T16:53:55+00:00 INFO 67e2dfa014302-0002             "scr",
2025-03-25T16:53:55+00:00 INFO 67e2dfa014302-0002             "sek",
2025-03-25T16:53:55+00:00 INFO 67e2dfa014302-0002             "sgd",
2025-03-25T16:53:55+00:00 INFO 67e2dfa014302-0002             "shp",
2025-03-25T16:53:55+00:00 INFO 67e2dfa014302-0002             "sle",
2025-03-25T16:53:55+00:00 INFO 67e2dfa014302-0002             "sos",
2025-03-25T16:53:55+00:00 INFO 67e2dfa014302-0002             "srd",
2025-03-25T16:53:55+00:00 INFO 67e2dfa014302-0002             "std",
2025-03-25T16:53:55+00:00 INFO 67e2dfa014302-0002             "szl",
2025-03-25T16:53:55+00:00 INFO 67e2dfa014302-0002             "thb",
2025-03-25T16:53:55+00:00 INFO 67e2dfa014302-0002             "tjs",
2025-03-25T16:53:55+00:00 INFO 67e2dfa014302-0002             "top",
2025-03-25T16:53:55+00:00 INFO 67e2dfa014302-0002             "try",
2025-03-25T16:53:55+00:00 INFO 67e2dfa014302-0002             "ttd",
2025-03-25T16:53:55+00:00 INFO 67e2dfa014302-0002             "twd",
2025-03-25T16:53:55+00:00 INFO 67e2dfa014302-0002             "tzs",
2025-03-25T16:53:55+00:00 INFO 67e2dfa014302-0002             "uah",
2025-03-25T16:53:55+00:00 INFO 67e2dfa014302-0002             "ugx",
2025-03-25T16:53:55+00:00 INFO 67e2dfa014302-0002             "uyu",
2025-03-25T16:53:55+00:00 INFO 67e2dfa014302-0002             "uzs",
2025-03-25T16:53:55+00:00 INFO 67e2dfa014302-0002             "vnd",
2025-03-25T16:53:55+00:00 INFO 67e2dfa014302-0002             "vuv",
2025-03-25T16:53:55+00:00 INFO 67e2dfa014302-0002             "wst",
2025-03-25T16:53:55+00:00 INFO 67e2dfa014302-0002             "xaf",
2025-03-25T16:53:55+00:00 INFO 67e2dfa014302-0002             "xcd",
2025-03-25T16:53:55+00:00 INFO 67e2dfa014302-0002             "xcg",
2025-03-25T16:53:55+00:00 INFO 67e2dfa014302-0002             "xof",
2025-03-25T16:53:55+00:00 INFO 67e2dfa014302-0002             "xpf",
2025-03-25T16:53:55+00:00 INFO 67e2dfa014302-0002             "yer",
2025-03-25T16:53:55+00:00 INFO 67e2dfa014302-0002             "zar",
2025-03-25T16:53:55+00:00 INFO 67e2dfa014302-0002             "zmw"
2025-03-25T16:53:55+00:00 INFO 67e2dfa014302-0002         ]
2025-03-25T16:53:55+00:00 INFO 67e2dfa014302-0002     },
2025-03-25T16:53:55+00:00 INFO 67e2dfa014302-0002     "country": "(redacted)",
2025-03-25T16:53:55+00:00 INFO 67e2dfa014302-0002     "instant_deposits_eligible": false,
2025-03-25T16:53:55+00:00 INFO 67e2dfa014302-0002     "card_present_eligible": true,
2025-03-25T16:53:55+00:00 INFO 67e2dfa014302-0002     "has_card_readers_available": false,
2025-03-25T16:53:55+00:00 INFO 67e2dfa014302-0002     "platform_checkout_eligible": true,
2025-03-25T16:53:55+00:00 INFO 67e2dfa014302-0002     "platform_direct_checkout_eligible": true,
2025-03-25T16:53:55+00:00 INFO 67e2dfa014302-0002     "platform_global_theme_support_enabled": true,
2025-03-25T16:53:55+00:00 INFO 67e2dfa014302-0002     "business_profile": {
2025-03-25T16:53:55+00:00 INFO 67e2dfa014302-0002         "name": "(redacted)",
2025-03-25T16:53:55+00:00 INFO 67e2dfa014302-0002         "url": "https:\/\/northernlights.grubmenu.io",
2025-03-25T16:53:55+00:00 INFO 67e2dfa014302-0002         "support_address": [],
2025-03-25T16:53:55+00:00 INFO 67e2dfa014302-0002         "support_email": "plenty.helpful@example.com",
2025-03-25T16:53:55+00:00 INFO 67e2dfa014302-0002         "support_phone": "+10000000000"
2025-03-25T16:53:55+00:00 INFO 67e2dfa014302-0002     },
2025-03-25T16:53:55+00:00 INFO 67e2dfa014302-0002     "branding": {
2025-03-25T16:53:55+00:00 INFO 67e2dfa014302-0002         "icon": "file_1Qv6ptFuiXB5oUVxW9EmwLOC",
2025-03-25T16:53:55+00:00 INFO 67e2dfa014302-0002         "logo": "file_1Qv6ptFuiXB5oUVx4x2imFNO",
2025-03-25T16:53:55+00:00 INFO 67e2dfa014302-0002         "primary_color": "#873eff",
2025-03-25T16:53:55+00:00 INFO 67e2dfa014302-0002         "secondary_color": "#2c045d"
2025-03-25T16:53:55+00:00 INFO 67e2dfa014302-0002     },
2025-03-25T16:53:55+00:00 INFO 67e2dfa014302-0002     "locale": "en_US",
2025-03-25T16:53:55+00:00 INFO 67e2dfa014302-0002     "has_more_failed_events": false,
2025-03-25T16:53:55+00:00 INFO 67e2dfa014302-0002     "has_submitted_vat_data": false,
2025-03-25T16:53:55+00:00 INFO 67e2dfa014302-0002     "is_documents_enabled": false,
2025-03-25T16:53:55+00:00 INFO 67e2dfa014302-0002     "card_testing_protection_eligible": false,
2025-03-25T16:53:55+00:00 INFO 67e2dfa014302-0002     "progressive_onboarding": {
2025-03-25T16:53:55+00:00 INFO 67e2dfa014302-0002         "is_enabled": false,
2025-03-25T16:53:55+00:00 INFO 67e2dfa014302-0002         "is_complete": false,
2025-03-25T16:53:55+00:00 INFO 67e2dfa014302-0002         "tpv": null,
2025-03-25T16:53:55+00:00 INFO 67e2dfa014302-0002         "first_transaction_date": null,
2025-03-25T16:53:55+00:00 INFO 67e2dfa014302-0002         "kyc_deadline_date": null
2025-03-25T16:53:55+00:00 INFO 67e2dfa014302-0002     },
2025-03-25T16:53:55+00:00 INFO 67e2dfa014302-0002     "fraud_mitigation_settings": {
2025-03-25T16:53:55+00:00 INFO 67e2dfa014302-0002         "avs_check_enabled": false,
2025-03-25T16:53:55+00:00 INFO 67e2dfa014302-0002         "cvc_check_enabled": true
2025-03-25T16:53:55+00:00 INFO 67e2dfa014302-0002     },
2025-03-25T16:53:55+00:00 INFO 67e2dfa014302-0002     "is_deferred_intent_creation_upe_enabled": true,
2025-03-25T16:53:55+00:00 INFO 67e2dfa014302-0002     "pre_check_save_my_info": true,
2025-03-25T16:53:55+00:00 INFO 67e2dfa014302-0002     "is_tokenized_ece_disabled": false,
2025-03-25T16:53:55+00:00 INFO 67e2dfa014302-0002     "eligibility_wporg_review_campaign_2025": false
2025-03-25T16:53:55+00:00 INFO 67e2dfa014302-0002 }
2025-03-25T19:51:59+00:00 INFO 67e3095f6f87e-0001 REQUEST_67e3095f9c9c1 (JSON): {
2025-03-25T19:51:59+00:00 INFO 67e3095f6f87e-0001     "url": "https:\/\/public-api.wordpress.com\/wpcom\/v2\/sites\/%s\/wcpay\/currency\/rates?test_mode=1&currency_from=usd",
2025-03-25T19:51:59+00:00 INFO 67e3095f6f87e-0001     "method": "GET",
2025-03-25T19:51:59+00:00 INFO 67e3095f6f87e-0001     "headers": {
2025-03-25T19:51:59+00:00 INFO 67e3095f6f87e-0001         "Content-Type": "application\/json; charset=utf-8",
2025-03-25T19:51:59+00:00 INFO 67e3095f6f87e-0001         "User-Agent": "WooCommerce Payments\/8.9.2",
2025-03-25T19:51:59+00:00 INFO 67e3095f6f87e-0001         "X-Request-Initiated": 1742932319.641471
2025-03-25T19:51:59+00:00 INFO 67e3095f6f87e-0001     },
2025-03-25T19:51:59+00:00 INFO 67e3095f6f87e-0001     "timeout": 70,
2025-03-25T19:51:59+00:00 INFO 67e3095f6f87e-0001     "connect_timeout": 70
2025-03-25T19:51:59+00:00 INFO 67e3095f6f87e-0001 }
2025-03-25T19:51:59+00:00 INFO 67e3095f6f87e-0001 CONTEXT (JSON): {
2025-03-25T19:51:59+00:00 INFO 67e3095f6f87e-0001     "WP_User": "Guest (non logged-in user)",
2025-03-25T19:51:59+00:00 INFO 67e3095f6f87e-0001     "HTTP_REFERER": "--",
2025-03-25T19:51:59+00:00 INFO 67e3095f6f87e-0001     "HTTP_USER_AGENT": "Mozilla\/5.0 (compatible; AhrefsBot\/7.0; +http:\/\/ahrefs.com\/robot\/)",
2025-03-25T19:51:59+00:00 INFO 67e3095f6f87e-0001     "REQUEST_URI": "\/robots.txt",
2025-03-25T19:51:59+00:00 INFO 67e3095f6f87e-0001     "DOING_AJAX": "",
2025-03-25T19:51:59+00:00 INFO 67e3095f6f87e-0001     "DOING_CRON": "",
2025-03-25T19:51:59+00:00 INFO 67e3095f6f87e-0001     "WP_CLI": ""
2025-03-25T19:51:59+00:00 INFO 67e3095f6f87e-0001 }
2025-03-25T19:51:59+00:00 INFO 67e3095f6f87e-0002 RESPONSE_67e3095f9c9c1 (JSON): {
2025-03-25T19:51:59+00:00 INFO 67e3095f6f87e-0002     "AED": 3.673,
2025-03-25T19:51:59+00:00 INFO 67e3095f6f87e-0002     "AFN": 71.500005,
2025-03-25T19:51:59+00:00 INFO 67e3095f6f87e-0002     "ALL": 91.35,
2025-03-25T19:51:59+00:00 INFO 67e3095f6f87e-0002     "AMD": 391.8,
2025-03-25T19:51:59+00:00 INFO 67e3095f6f87e-0002     "ANG": 1.8015,
2025-03-25T19:51:59+00:00 INFO 67e3095f6f87e-0002     "AOA": 914,
2025-03-25T19:51:59+00:00 INFO 67e3095f6f87e-0002     "ARS": 1070.6374,
2025-03-25T19:51:59+00:00 INFO 67e3095f6f87e-0002     "AUD": 1.585859,
2025-03-25T19:51:59+00:00 INFO 67e3095f6f87e-0002     "AWG": 1.8025,
2025-03-25T19:51:59+00:00 INFO 67e3095f6f87e-0002     "AZN": 1.7,
2025-03-25T19:51:59+00:00 INFO 67e3095f6f87e-0002     "BAM": 1.807119,
2025-03-25T19:51:59+00:00 INFO 67e3095f6f87e-0002     "BBD": 2,
2025-03-25T19:51:59+00:00 INFO 67e3095f6f87e-0002     "BDT": 121.459364,
2025-03-25T19:51:59+00:00 INFO 67e3095f6f87e-0002     "BGN": 1.807806,
2025-03-25T19:51:59+00:00 INFO 67e3095f6f87e-0002     "BHD": 0.376889,
2025-03-25T19:51:59+00:00 INFO 67e3095f6f87e-0002     "BIF": 2925,
2025-03-25T19:51:59+00:00 INFO 67e3095f6f87e-0002     "BMD": 1,
2025-03-25T19:51:59+00:00 INFO 67e3095f6f87e-0002     "BND": 1.335822,
2025-03-25T19:51:59+00:00 INFO 67e3095f6f87e-0002     "BOB": 6.906747,
2025-03-25T19:51:59+00:00 INFO 67e3095f6f87e-0002     "BRL": 5.695301,
2025-03-25T19:51:59+00:00 INFO 67e3095f6f87e-0002     "BSD": 1,
2025-03-25T19:51:59+00:00 INFO 67e3095f6f87e-0002     "BTC": 1.1e-5,
2025-03-25T19:51:59+00:00 INFO 67e3095f6f87e-0002     "BTN": 85.680495,
2025-03-25T19:51:59+00:00 INFO 67e3095f6f87e-0002     "BWP": 13.627901,
2025-03-25T19:51:59+00:00 INFO 67e3095f6f87e-0002     "BYN": 3.271225,
2025-03-25T19:51:59+00:00 INFO 67e3095f6f87e-0002     "BZD": 2.007808,
2025-03-25T19:51:59+00:00 INFO 67e3095f6f87e-0002     "CAD": 1.429811,
2025-03-25T19:51:59+00:00 INFO 67e3095f6f87e-0002     "CDF": 2870,
2025-03-25T19:51:59+00:00 INFO 67e3095f6f87e-0002     "CHF": 0.881369,
2025-03-25T19:51:59+00:00 INFO 67e3095f6f87e-0002     "CLF": 0.023976,
2025-03-25T19:51:59+00:00 INFO 67e3095f6f87e-0002     "CLP": 920.06,
2025-03-25T19:51:59+00:00 INFO 67e3095f6f87e-0002     "CNH": 7.2645,
2025-03-25T19:51:59+00:00 INFO 67e3095f6f87e-0002     "CNY": 7.2574,
2025-03-25T19:51:59+00:00 INFO 67e3095f6f87e-0002     "COP": 4145.165395,
2025-03-25T19:51:59+00:00 INFO 67e3095f6f87e-0002     "CRC": 498.399381,
2025-03-25T19:51:59+00:00 INFO 67e3095f6f87e-0002     "CUC": 1,
2025-03-25T19:51:59+00:00 INFO 67e3095f6f87e-0002     "CUP": 25.75,
2025-03-25T19:51:59+00:00 INFO 67e3095f6f87e-0002     "CVE": 102.5,
2025-03-25T19:51:59+00:00 INFO 67e3095f6f87e-0002     "CZK": 23.033829,
2025-03-25T19:51:59+00:00 INFO 67e3095f6f87e-0002     "DJF": 177.827972,
2025-03-25T19:51:59+00:00 INFO 67e3095f6f87e-0002     "DKK": 6.902709,
2025-03-25T19:51:59+00:00 INFO 67e3095f6f87e-0002     "DOP": 63.25,
2025-03-25T19:51:59+00:00 INFO 67e3095f6f87e-0002     "DZD": 134.114053,
2025-03-25T19:51:59+00:00 INFO 67e3095f6f87e-0002     "EGP": 50.5592,
2025-03-25T19:51:59+00:00 INFO 67e3095f6f87e-0002     "ERN": 15,
2025-03-25T19:51:59+00:00 INFO 67e3095f6f87e-0002     "ETB": 129.25,
2025-03-25T19:51:59+00:00 INFO 67e3095f6f87e-0002     "EUR": 0.92511,
2025-03-25T19:51:59+00:00 INFO 67e3095f6f87e-0002     "FJD": 2.29575,
2025-03-25T19:51:59+00:00 INFO 67e3095f6f87e-0002     "FKP": 0.771679,
2025-03-25T19:51:59+00:00 INFO 67e3095f6f87e-0002     "GBP": 0.771679,
2025-03-25T19:51:59+00:00 INFO 67e3095f6f87e-0002     "GEL": 2.775,
2025-03-25T19:51:59+00:00 INFO 67e3095f6f87e-0002     "GGP": 0.771679,
2025-03-25T19:51:59+00:00 INFO 67e3095f6f87e-0002     "GHS": 15.5,
2025-03-25T19:51:59+00:00 INFO 67e3095f6f87e-0002     "GIP": 0.771679,
2025-03-25T19:51:59+00:00 INFO 67e3095f6f87e-0002     "GMD": 72.499997,
2025-03-25T19:51:59+00:00 INFO 67e3095f6f87e-0002     "GNF": 8656,
2025-03-25T19:51:59+00:00 INFO 67e3095f6f87e-0002     "GTQ": 7.703289,
2025-03-25T19:51:59+00:00 INFO 67e3095f6f87e-0002     "GYD": 209.736043,
2025-03-25T19:51:59+00:00 INFO 67e3095f6f87e-0002     "HKD": 7.774765,
2025-03-25T19:51:59+00:00 INFO 67e3095f6f87e-0002     "HNL": 25.699999,
2025-03-25T19:51:59+00:00 INFO 67e3095f6f87e-0002     "HRK": 6.971366,
2025-03-25T19:51:59+00:00 INFO 67e3095f6f87e-0002     "HTG": 130.993789,
2025-03-25T19:51:59+00:00 INFO 67e3095f6f87e-0002     "HUF": 369.510708,
2025-03-25T19:51:59+00:00 INFO 67e3095f6f87e-0002     "IDR": 16590.888662,
2025-03-25T19:51:59+00:00 INFO 67e3095f6f87e-0002     "ILS": 3.66631,
2025-03-25T19:51:59+00:00 INFO 67e3095f6f87e-0002     "IMP": 0.771679,
2025-03-25T19:51:59+00:00 INFO 67e3095f6f87e-0002     "INR": 85.567859,
2025-03-25T19:51:59+00:00 INFO 67e3095f6f87e-0002     "IQD": 1310,
2025-03-25T19:51:59+00:00 INFO 67e3095f6f87e-0002     "IRR": 42112.5,
2025-03-25T19:51:59+00:00 INFO 67e3095f6f87e-0002     "ISK": 133.32,
2025-03-25T19:51:59+00:00 INFO 67e3095f6f87e-0002     "JEP": 0.771679,
2025-03-25T19:51:59+00:00 INFO 67e3095f6f87e-0002     "JMD": 156.845553,
2025-03-25T19:51:59+00:00 INFO 67e3095f6f87e-0002     "JOD": 0.7091,
2025-03-25T19:51:59+00:00 INFO 67e3095f6f87e-0002     "JPY": 149.747643,
2025-03-25T19:51:59+00:00 INFO 67e3095f6f87e-0002     "KES": 129.5,
2025-03-25T19:51:59+00:00 INFO 67e3095f6f87e-0002     "KGS": 86.4665,
2025-03-25T19:51:59+00:00 INFO 67e3095f6f87e-0002     "KHR": 4015.5,
2025-03-25T19:51:59+00:00 INFO 67e3095f6f87e-0002     "KMF": 455.649907,
2025-03-25T19:51:59+00:00 INFO 67e3095f6f87e-0002     "KPW": 900,
2025-03-25T19:51:59+00:00 INFO 67e3095f6f87e-0002     "KRW": 1463.563009,
2025-03-25T19:51:59+00:00 INFO 67e3095f6f87e-0002     "KWD": 0.308227,
2025-03-25T19:51:59+00:00 INFO 67e3095f6f87e-0002     "KYD": 0.832975,
2025-03-25T19:51:59+00:00 INFO 67e3095f6f87e-0002     "KZT": 502.871396,
2025-03-25T19:51:59+00:00 INFO 67e3095f6f87e-0002     "LAK": 21660,
2025-03-25T19:51:59+00:00 INFO 67e3095f6f87e-0002     "LBP": 89550,
2025-03-25T19:51:59+00:00 INFO 67e3095f6f87e-0002     "LKR": 296.369262,
2025-03-25T19:51:59+00:00 INFO 67e3095f6f87e-0002     "LRD": 199.674968,
2025-03-25T19:51:59+00:00 INFO 67e3095f6f87e-0002     "LSL": 18.245,
2025-03-25T19:51:59+00:00 INFO 67e3095f6f87e-0002     "LYD": 4.83,
2025-03-25T19:51:59+00:00 INFO 67e3095f6f87e-0002     "MAD": 9.5705,
2025-03-25T19:51:59+00:00 INFO 67e3095f6f87e-0002     "MDL": 17.950182,
2025-03-25T19:51:59+00:00 INFO 67e3095f6f87e-0002     "MGA": 4660,
2025-03-25T19:51:59+00:00 INFO 67e3095f6f87e-0002     "MKD": 56.917266,
2025-03-25T19:51:59+00:00 INFO 67e3095f6f87e-0002     "MMK": 2098,
2025-03-25T19:51:59+00:00 INFO 67e3095f6f87e-0002     "MNT": 3398,
2025-03-25T19:51:59+00:00 INFO 67e3095f6f87e-0002     "MOP": 8.005525,
2025-03-25T19:51:59+00:00 INFO 67e3095f6f87e-0002     "MUR": 45.710002,
2025-03-25T19:51:59+00:00 INFO 67e3095f6f87e-0002     "MVR": 15.4,
2025-03-25T19:51:59+00:00 INFO 67e3095f6f87e-0002     "MWK": 1735,
2025-03-25T19:51:59+00:00 INFO 67e3095f6f87e-0002     "MXN": 20.076902,
2025-03-25T19:51:59+00:00 INFO 67e3095f6f87e-0002     "MYR": 4.436,
2025-03-25T19:51:59+00:00 INFO 67e3095f6f87e-0002     "MZN": 63.899993,
2025-03-25T19:51:59+00:00 INFO 67e3095f6f87e-0002     "NAD": 18.255,
2025-03-25T19:51:59+00:00 INFO 67e3095f6f87e-0002     "NGN": 1529.7,
2025-03-25T19:51:59+00:00 INFO 67e3095f6f87e-0002     "NIO": 36.75,
2025-03-25T19:51:59+00:00 INFO 67e3095f6f87e-0002     "NOK": 10.490717,
2025-03-25T19:51:59+00:00 INFO 67e3095f6f87e-0002     "NPR": 137.088419,
2025-03-25T19:51:59+00:00 INFO 67e3095f6f87e-0002     "NZD": 1.742838,
2025-03-25T19:51:59+00:00 INFO 67e3095f6f87e-0002     "OMR": 0.384928,
2025-03-25T19:51:59+00:00 INFO 67e3095f6f87e-0002     "PAB": 1,
2025-03-25T19:51:59+00:00 INFO 67e3095f6f87e-0002     "PEN": 3.6495,
2025-03-25T19:51:59+00:00 INFO 67e3095f6f87e-0002     "PGK": 4.02225,
2025-03-25T19:51:59+00:00 INFO 67e3095f6f87e-0002     "PHP": 57.542998,
2025-03-25T19:51:59+00:00 INFO 67e3095f6f87e-0002     "PKR": 280.25,
2025-03-25T19:51:59+00:00 INFO 67e3095f6f87e-0002     "PLN": 3.850095,
2025-03-25T19:51:59+00:00 INFO 67e3095f6f87e-0002     "PYG": 7984.213846,
2025-03-25T19:51:59+00:00 INFO 67e3095f6f87e-0002     "QAR": 3.641,
2025-03-25T19:51:59+00:00 INFO 67e3095f6f87e-0002     "RON": 4.6033,
2025-03-25T19:51:59+00:00 INFO 67e3095f6f87e-0002     "RSD": 108.397,
2025-03-25T19:51:59+00:00 INFO 67e3095f6f87e-0002     "RUB": 84.623097,
2025-03-25T19:51:59+00:00 INFO 67e3095f6f87e-0002     "RWF": 1420,
2025-03-25T19:51:59+00:00 INFO 67e3095f6f87e-0002     "SAR": 3.751812,
2025-03-25T19:51:59+00:00 INFO 67e3095f6f87e-0002     "SBD": 8.421986,
2025-03-25T19:51:59+00:00 INFO 67e3095f6f87e-0002     "SCR": 14.369568,
2025-03-25T19:51:59+00:00 INFO 67e3095f6f87e-0002     "SDG": 600.5,
2025-03-25T19:51:59+00:00 INFO 67e3095f6f87e-0002     "SEK": 10.014989,
2025-03-25T19:51:59+00:00 INFO 67e3095f6f87e-0002     "SGD": 1.33535,
2025-03-25T19:51:59+00:00 INFO 67e3095f6f87e-0002     "SHP": 0.771679,
2025-03-25T19:51:59+00:00 INFO 67e3095f6f87e-0002     "SLL": 20969.5,
2025-03-25T19:51:59+00:00 INFO 67e3095f6f87e-0002     "SOS": 571.5,
2025-03-25T19:51:59+00:00 INFO 67e3095f6f87e-0002     "SRD": 36.35,
2025-03-25T19:51:59+00:00 INFO 67e3095f6f87e-0002     "SSP": 130.26,
2025-03-25T19:51:59+00:00 INFO 67e3095f6f87e-0002     "STD": 22281.8,
2025-03-25T19:51:59+00:00 INFO 67e3095f6f87e-0002     "SVC": 8.746391,
2025-03-25T19:51:59+00:00 INFO 67e3095f6f87e-0002     "SYP": 13002,
2025-03-25T19:51:59+00:00 INFO 67e3095f6f87e-0002     "SZL": 18.25,
2025-03-25T19:51:59+00:00 INFO 67e3095f6f87e-0002     "THB": 33.7925,
2025-03-25T19:51:59+00:00 INFO 67e3095f6f87e-0002     "TJS": 10.905277,
2025-03-25T19:51:59+00:00 INFO 67e3095f6f87e-0002     "TMT": 3.5,
2025-03-25T19:51:59+00:00 INFO 67e3095f6f87e-0002     "TND": 3.09575,
2025-03-25T19:51:59+00:00 INFO 67e3095f6f87e-0002     "TOP": 2.40776,
2025-03-25T19:51:59+00:00 INFO 67e3095f6f87e-0002     "TRY": 37.976399,
2025-03-25T19:51:59+00:00 INFO 67e3095f6f87e-0002     "TTD": 6.798705,
2025-03-25T19:51:59+00:00 INFO 67e3095f6f87e-0002     "TWD": 33.068001,
2025-03-25T19:51:59+00:00 INFO 67e3095f6f87e-0002     "TZS": 2645,
2025-03-25T19:51:59+00:00 INFO 67e3095f6f87e-0002     "UAH": 41.666318,
2025-03-25T19:51:59+00:00 INFO 67e3095f6f87e-0002     "UGX": 3665.424428,
2025-03-25T19:51:59+00:00 INFO 67e3095f6f87e-0002     "USD": 1,
2025-03-25T19:51:59+00:00 INFO 67e3095f6f87e-0002     "UYU": 42.137948,
2025-03-25T19:51:59+00:00 INFO 67e3095f6f87e-0002     "UZS": 12945,
2025-03-25T19:51:59+00:00 INFO 67e3095f6f87e-0002     "VND": 25621.316936,
2025-03-25T19:51:59+00:00 INFO 67e3095f6f87e-0002     "VUV": 118.722,
2025-03-25T19:51:59+00:00 INFO 67e3095f6f87e-0002     "WST": 2.8,
2025-03-25T19:51:59+00:00 INFO 67e3095f6f87e-0002     "XAF": 606.83225,
2025-03-25T19:51:59+00:00 INFO 67e3095f6f87e-0002     "XAG": 0.029735,
2025-03-25T19:51:59+00:00 INFO 67e3095f6f87e-0002     "XAU": 0.000331,
2025-03-25T19:51:59+00:00 INFO 67e3095f6f87e-0002     "XCD": 2.70255,
2025-03-25T19:51:59+00:00 INFO 67e3095f6f87e-0002     "XDR": 0.755213,
2025-03-25T19:51:59+00:00 INFO 67e3095f6f87e-0002     "XOF": 606.83225,
2025-03-25T19:51:59+00:00 INFO 67e3095f6f87e-0002     "XPD": 0.001046,
2025-03-25T19:51:59+00:00 INFO 67e3095f6f87e-0002     "XPF": 110.394964,
2025-03-25T19:51:59+00:00 INFO 67e3095f6f87e-0002     "XPT": 0.00103,
2025-03-25T19:51:59+00:00 INFO 67e3095f6f87e-0002     "YER": 246.049963,
2025-03-25T19:51:59+00:00 INFO 67e3095f6f87e-0002     "ZAR": 18.25185,
2025-03-25T19:51:59+00:00 INFO 67e3095f6f87e-0002     "ZMW": 28.937193,
2025-03-25T19:51:59+00:00 INFO 67e3095f6f87e-0002     "ZWL": 322
2025-03-25T19:51:59+00:00 INFO 67e3095f6f87e-0002 }
2025-03-25T19:52:01+00:00 INFO 67e3096041782-0001 REQUEST_67e3096193954 (JSON): {
2025-03-25T19:52:01+00:00 INFO 67e3096041782-0001     "url": "https:\/\/public-api.wordpress.com\/wpcom\/v2\/sites\/%s\/wcpay\/compatibility",
2025-03-25T19:52:01+00:00 INFO 67e3096041782-0001     "method": "POST",
2025-03-25T19:52:01+00:00 INFO 67e3096041782-0001     "headers": {
2025-03-25T19:52:01+00:00 INFO 67e3096041782-0001         "Content-Type": "application\/json; charset=utf-8",
2025-03-25T19:52:01+00:00 INFO 67e3096041782-0001         "User-Agent": "WooCommerce Payments\/8.9.2",
2025-03-25T19:52:01+00:00 INFO 67e3096041782-0001         "Idempotency-Key": "614f902f-c611-4ff5-b4eb-2bd8fea33ad5",
2025-03-25T19:52:01+00:00 INFO 67e3096041782-0001         "X-Request-Initiated": 1742932321.604498
2025-03-25T19:52:01+00:00 INFO 67e3096041782-0001     },
2025-03-25T19:52:01+00:00 INFO 67e3096041782-0001     "timeout": 70,
2025-03-25T19:52:01+00:00 INFO 67e3096041782-0001     "connect_timeout": 70,
2025-03-25T19:52:01+00:00 INFO 67e3096041782-0001     "body": {
2025-03-25T19:52:01+00:00 INFO 67e3096041782-0001         "test_mode": true,
2025-03-25T19:52:01+00:00 INFO 67e3096041782-0001         "compatibility_data": {
2025-03-25T19:52:01+00:00 INFO 67e3096041782-0001             "woopayments_version": "8.9.2",
2025-03-25T19:52:01+00:00 INFO 67e3096041782-0001             "woocommerce_version": "9.6.2",
2025-03-25T19:52:01+00:00 INFO 67e3096041782-0001             "woocommerce_permalinks": {
2025-03-25T19:52:01+00:00 INFO 67e3096041782-0001                 "product_base": "\/product",
2025-03-25T19:52:01+00:00 INFO 67e3096041782-0001                 "category_base": "product-category",
2025-03-25T19:52:01+00:00 INFO 67e3096041782-0001                 "tag_base": "product-tag",
2025-03-25T19:52:01+00:00 INFO 67e3096041782-0001                 "attribute_base": "",
2025-03-25T19:52:01+00:00 INFO 67e3096041782-0001                 "use_verbose_page_rules": false
2025-03-25T19:52:01+00:00 INFO 67e3096041782-0001             },
2025-03-25T19:52:01+00:00 INFO 67e3096041782-0001             "woocommerce_shop": "https:\/\/northernlights.grubmenu.io\/shop\/",
2025-03-25T19:52:01+00:00 INFO 67e3096041782-0001             "woocommerce_cart": "https:\/\/northernlights.grubmenu.io\/cart\/",
2025-03-25T19:52:01+00:00 INFO 67e3096041782-0001             "woocommerce_checkout": "https:\/\/northernlights.grubmenu.io\/checkout\/",
2025-03-25T19:52:01+00:00 INFO 67e3096041782-0001             "blog_theme": "hello-theme-child-master",
2025-03-25T19:52:01+00:00 INFO 67e3096041782-0001             "active_plugins": {
2025-03-25T19:52:01+00:00 INFO 67e3096041782-0001                 "0": "advanced-custom-fields\/acf.php",
2025-03-25T19:52:01+00:00 INFO 67e3096041782-0001                 "1": "classic-editor\/classic-editor.php",
2025-03-25T19:52:01+00:00 INFO 67e3096041782-0001                 "2": "classic-widgets\/classic-widgets.php",
2025-03-25T19:52:01+00:00 INFO 67e3096041782-0001                 "3": "code-snippets\/code-snippets.php",
2025-03-25T19:52:01+00:00 INFO 67e3096041782-0001                 "4": "elementor-pro\/elementor-pro.php",
2025-03-25T19:52:01+00:00 INFO 67e3096041782-0001                 "5": "elementor\/elementor.php",
2025-03-25T19:52:01+00:00 INFO 67e3096041782-0001                 "6": "elementskit-lite\/elementskit-lite.php",
2025-03-25T19:52:01+00:00 INFO 67e3096041782-0001                 "8": "metform\/metform.php",
2025-03-25T19:52:01+00:00 INFO 67e3096041782-0001                 "9": "orderable-pro\/orderable-pro.php",
2025-03-25T19:52:01+00:00 INFO 67e3096041782-0001                 "10": "orderable\/orderable.php",
2025-03-25T19:52:01+00:00 INFO 67e3096041782-0001                 "11": "pods\/init.php",
2025-03-25T19:52:01+00:00 INFO 67e3096041782-0001                 "12": "woo-update-manager\/woo-update-manager.php",
2025-03-25T19:52:01+00:00 INFO 67e3096041782-0001                 "13": "woocommerce-payments\/woocommerce-payments.php",
2025-03-25T19:52:01+00:00 INFO 67e3096041782-0001                 "14": "woocommerce-square\/woocommerce-square.php",
2025-03-25T19:52:01+00:00 INFO 67e3096041782-0001                 "15": "woocommerce\/woocommerce.php",
2025-03-25T19:52:01+00:00 INFO 67e3096041782-0001                 "16": "wp-mail-logging\/wp-mail-logging.php",
2025-03-25T19:52:01+00:00 INFO 67e3096041782-0001                 "17": "wp-mail-smtp\/wp_mail_smtp.php",
2025-03-25T19:52:01+00:00 INFO 67e3096041782-0001                 "18": "zapier\/zapier.php"
2025-03-25T19:52:01+00:00 INFO 67e3096041782-0001             },
2025-03-25T19:52:01+00:00 INFO 67e3096041782-0001             "post_types_count": {
2025-03-25T19:52:01+00:00 INFO 67e3096041782-0001                 "post": 0,
2025-03-25T19:52:01+00:00 INFO 67e3096041782-0001                 "page": 5,
2025-03-25T19:52:01+00:00 INFO 67e3096041782-0001                 "attachment": 0,
2025-03-25T19:52:01+00:00 INFO 67e3096041782-0001                 "e-floating-buttons": 0,
2025-03-25T19:52:01+00:00 INFO 67e3096041782-0001                 "elementor_library": 8,
2025-03-25T19:52:01+00:00 INFO 67e3096041782-0001                 "elementskit_content": 0,
2025-03-25T19:52:01+00:00 INFO 67e3096041782-0001                 "elementskit_template": 0,
2025-03-25T19:52:01+00:00 INFO 67e3096041782-0001                 "elementskit_widget": 0,
2025-03-25T19:52:01+00:00 INFO 67e3096041782-0001                 "product": 15,
2025-03-25T19:52:01+00:00 INFO 67e3096041782-0001                 "metform-form": 0,
2025-03-25T19:52:01+00:00 INFO 67e3096041782-0001                 "drop-off_location": 1
2025-03-25T19:52:01+00:00 INFO 67e3096041782-0001             }
2025-03-25T19:52:01+00:00 INFO 67e3096041782-0001         }
2025-03-25T19:52:01+00:00 INFO 67e3096041782-0001     }
2025-03-25T19:52:01+00:00 INFO 67e3096041782-0001 }
2025-03-25T19:52:01+00:00 INFO 67e3096041782-0001 CONTEXT (JSON): {
2025-03-25T19:52:01+00:00 INFO 67e3096041782-0001     "WP_User": "Guest (non logged-in user)",
2025-03-25T19:52:01+00:00 INFO 67e3096041782-0001     "HTTP_REFERER": "--",
2025-03-25T19:52:01+00:00 INFO 67e3096041782-0001     "HTTP_USER_AGENT": "WordPress\/6.7.2; https:\/\/northernlights.grubmenu.io",
2025-03-25T19:52:01+00:00 INFO 67e3096041782-0001     "REQUEST_URI": "\/wp-cron.php?doing_wp_cron=1742932320.0506439208984375000000",
2025-03-25T19:52:01+00:00 INFO 67e3096041782-0001     "DOING_AJAX": "",
2025-03-25T19:52:01+00:00 INFO 67e3096041782-0001     "DOING_CRON": "1",
2025-03-25T19:52:01+00:00 INFO 67e3096041782-0001     "WP_CLI": ""
2025-03-25T19:52:01+00:00 INFO 67e3096041782-0001 }
2025-03-25T19:52:01+00:00 INFO 67e3096041782-0002 RESPONSE_67e3096193954 (JSON): {
2025-03-25T19:52:01+00:00 INFO 67e3096041782-0002     "result": "success"
2025-03-25T19:52:01+00:00 INFO 67e3096041782-0002 }
