2025-03-21T00:58:48+00:00 INFO 67dcb9c6dbfdd-0001 REQUEST_67dcb9c87bd4c (JSON): {
2025-03-21T00:58:48+00:00 INFO 67dcb9c6dbfdd-0001     "url": "https:\/\/public-api.wordpress.com\/wpcom\/v2\/wcpay\/woopay\/compatibility?test_mode=1",
2025-03-21T00:58:48+00:00 INFO 67dcb9c6dbfdd-0001     "method": "GET",
2025-03-21T00:58:48+00:00 INFO 67dcb9c6dbfdd-0001     "headers": {
2025-03-21T00:58:48+00:00 INFO 67dcb9c6dbfdd-0001         "Content-Type": "application\/json; charset=utf-8",
2025-03-21T00:58:48+00:00 INFO 67dcb9c6dbfdd-0001         "User-Agent": "WooCommerce Payments\/8.9.2",
2025-03-21T00:58:48+00:00 INFO 67dcb9c6dbfdd-0001         "X-Request-Initiated": 1742518728.507209
2025-03-21T00:58:48+00:00 INFO 67dcb9c6dbfdd-0001     },
2025-03-21T00:58:48+00:00 INFO 67dcb9c6dbfdd-0001     "timeout": 70,
2025-03-21T00:58:48+00:00 INFO 67dcb9c6dbfdd-0001     "connect_timeout": 70
2025-03-21T00:58:48+00:00 INFO 67dcb9c6dbfdd-0001 }
2025-03-21T00:58:48+00:00 INFO 67dcb9c6dbfdd-0001 CONTEXT (JSON): {
2025-03-21T00:58:48+00:00 INFO 67dcb9c6dbfdd-0001     "WP_User": "Guest (non logged-in user)",
2025-03-21T00:58:48+00:00 INFO 67dcb9c6dbfdd-0001     "HTTP_REFERER": "--",
2025-03-21T00:58:48+00:00 INFO 67dcb9c6dbfdd-0001     "HTTP_USER_AGENT": "WordPress\/6.7.2; https:\/\/northernlights.grubmenu.io",
2025-03-21T00:58:48+00:00 INFO 67dcb9c6dbfdd-0001     "REQUEST_URI": "\/wp-cron.php?doing_wp_cron=1742518726.5107560157775878906250",
2025-03-21T00:58:48+00:00 INFO 67dcb9c6dbfdd-0001     "DOING_AJAX": "",
2025-03-21T00:58:48+00:00 INFO 67dcb9c6dbfdd-0001     "DOING_CRON": "1",
2025-03-21T00:58:48+00:00 INFO 67dcb9c6dbfdd-0001     "WP_CLI": ""
2025-03-21T00:58:48+00:00 INFO 67dcb9c6dbfdd-0001 }
2025-03-21T00:58:48+00:00 INFO 67dcb9c6dbfdd-0002 RESPONSE_67dcb9c87bd4c (JSON): {
2025-03-21T00:58:48+00:00 INFO 67dcb9c6dbfdd-0002     "incompatible_extensions": [
2025-03-21T00:58:48+00:00 INFO 67dcb9c6dbfdd-0002         "class-wcdonation",
2025-03-21T00:58:48+00:00 INFO 67dcb9c6dbfdd-0002         "woocommerce-avatax",
2025-03-21T00:58:48+00:00 INFO 67dcb9c6dbfdd-0002         "woocommerce-table-rate-shipping",
2025-03-21T00:58:48+00:00 INFO 67dcb9c6dbfdd-0002         "woocommerce-memberships-for-teams",
2025-03-21T00:58:48+00:00 INFO 67dcb9c6dbfdd-0002         "woocommerce-checkout-add-ons",
2025-03-21T00:58:48+00:00 INFO 67dcb9c6dbfdd-0002         "woocommerce-checkout-field-editor",
2025-03-21T00:58:48+00:00 INFO 67dcb9c6dbfdd-0002         "woocommerce-eu-vat-number",
2025-03-21T00:58:48+00:00 INFO 67dcb9c6dbfdd-0002         "woocommerce-order-delivery",
2025-03-21T00:58:48+00:00 INFO 67dcb9c6dbfdd-0002         "woocommerce-pdf-product-vouchers",
2025-03-21T00:58:48+00:00 INFO 67dcb9c6dbfdd-0002         "woocommerce-shipping-local-pickup-plus",
2025-03-21T00:58:48+00:00 INFO 67dcb9c6dbfdd-0002         "woocommerce-shipping-multiple-addresses",
2025-03-21T00:58:48+00:00 INFO 67dcb9c6dbfdd-0002         "woocommerce-smart-coupons",
2025-03-21T00:58:48+00:00 INFO 67dcb9c6dbfdd-0002         "woocommerce-subscriptions-gifting",
2025-03-21T00:58:48+00:00 INFO 67dcb9c6dbfdd-0002         "advanced-product-fields-for-woocommerce"
2025-03-21T00:58:48+00:00 INFO 67dcb9c6dbfdd-0002     ],
2025-03-21T00:58:48+00:00 INFO 67dcb9c6dbfdd-0002     "adapted_extensions": [
2025-03-21T00:58:48+00:00 INFO 67dcb9c6dbfdd-0002         "woocommerce-points-and-rewards",
2025-03-21T00:58:48+00:00 INFO 67dcb9c6dbfdd-0002         "woocommerce-gift-cards"
2025-03-21T00:58:48+00:00 INFO 67dcb9c6dbfdd-0002     ],
2025-03-21T00:58:48+00:00 INFO 67dcb9c6dbfdd-0002     "available_countries": [
2025-03-21T00:58:48+00:00 INFO 67dcb9c6dbfdd-0002         "US"
2025-03-21T00:58:48+00:00 INFO 67dcb9c6dbfdd-0002     ]
2025-03-21T00:58:48+00:00 INFO 67dcb9c6dbfdd-0002 }
2025-03-21T02:22:50+00:00 INFO 67dccd7ab5777-0001 REQUEST_67dccd7ae8b2f (JSON): {
2025-03-21T02:22:50+00:00 INFO 67dccd7ab5777-0001     "url": "https:\/\/public-api.wordpress.com\/wpcom\/v2\/sites\/%s\/wcpay\/currency\/rates?test_mode=1&currency_from=usd",
2025-03-21T02:22:50+00:00 INFO 67dccd7ab5777-0001     "method": "GET",
2025-03-21T02:22:50+00:00 INFO 67dccd7ab5777-0001     "headers": {
2025-03-21T02:22:50+00:00 INFO 67dccd7ab5777-0001         "Content-Type": "application\/json; charset=utf-8",
2025-03-21T02:22:50+00:00 INFO 67dccd7ab5777-0001         "User-Agent": "WooCommerce Payments\/8.9.2",
2025-03-21T02:22:50+00:00 INFO 67dccd7ab5777-0001         "X-Request-Initiated": 1742523770.953132
2025-03-21T02:22:50+00:00 INFO 67dccd7ab5777-0001     },
2025-03-21T02:22:50+00:00 INFO 67dccd7ab5777-0001     "timeout": 70,
2025-03-21T02:22:50+00:00 INFO 67dccd7ab5777-0001     "connect_timeout": 70
2025-03-21T02:22:50+00:00 INFO 67dccd7ab5777-0001 }
2025-03-21T02:22:50+00:00 INFO 67dccd7ab5777-0001 CONTEXT (JSON): {
2025-03-21T02:22:50+00:00 INFO 67dccd7ab5777-0001     "WP_User": "Guest (non logged-in user)",
2025-03-21T02:22:50+00:00 INFO 67dccd7ab5777-0001     "HTTP_REFERER": "--",
2025-03-21T02:22:50+00:00 INFO 67dccd7ab5777-0001     "HTTP_USER_AGENT": "Mozilla\/5.0 (compatible; AhrefsBot\/7.0; +http:\/\/ahrefs.com\/robot\/)",
2025-03-21T02:22:50+00:00 INFO 67dccd7ab5777-0001     "REQUEST_URI": "\/product\/chocolate-brownie-bites\/?add-to-cart=42",
2025-03-21T02:22:50+00:00 INFO 67dccd7ab5777-0001     "DOING_AJAX": "",
2025-03-21T02:22:50+00:00 INFO 67dccd7ab5777-0001     "DOING_CRON": "",
2025-03-21T02:22:50+00:00 INFO 67dccd7ab5777-0001     "WP_CLI": ""
2025-03-21T02:22:50+00:00 INFO 67dccd7ab5777-0001 }
2025-03-21T02:22:51+00:00 INFO 67dccd7ab5777-0002 RESPONSE_67dccd7ae8b2f (JSON): {
2025-03-21T02:22:51+00:00 INFO 67dccd7ab5777-0002     "AED": 3.67298,
2025-03-21T02:22:51+00:00 INFO 67dccd7ab5777-0002     "AFN": 71.115576,
2025-03-21T02:22:51+00:00 INFO 67dccd7ab5777-0002     "ALL": 91.3,
2025-03-21T02:22:51+00:00 INFO 67dccd7ab5777-0002     "AMD": 391.444733,
2025-03-21T02:22:51+00:00 INFO 67dccd7ab5777-0002     "ANG": 1.801988,
2025-03-21T02:22:51+00:00 INFO 67dccd7ab5777-0002     "AOA": 913,
2025-03-21T02:22:51+00:00 INFO 67dccd7ab5777-0002     "ARS": 1068.7501,
2025-03-21T02:22:51+00:00 INFO 67dccd7ab5777-0002     "AUD": 1.586723,
2025-03-21T02:22:51+00:00 INFO 67dccd7ab5777-0002     "AWG": 1.8,
2025-03-21T02:22:51+00:00 INFO 67dccd7ab5777-0002     "AZN": 1.7,
2025-03-21T02:22:51+00:00 INFO 67dccd7ab5777-0002     "BAM": 1.793349,
2025-03-21T02:22:51+00:00 INFO 67dccd7ab5777-0002     "BBD": 2,
2025-03-21T02:22:51+00:00 INFO 67dccd7ab5777-0002     "BDT": 121.480237,
2025-03-21T02:22:51+00:00 INFO 67dccd7ab5777-0002     "BGN": 1.8021,
2025-03-21T02:22:51+00:00 INFO 67dccd7ab5777-0002     "BHD": 0.376931,
2025-03-21T02:22:51+00:00 INFO 67dccd7ab5777-0002     "BIF": 2948.253754,
2025-03-21T02:22:51+00:00 INFO 67dccd7ab5777-0002     "BMD": 1,
2025-03-21T02:22:51+00:00 INFO 67dccd7ab5777-0002     "BND": 1.334949,
2025-03-21T02:22:51+00:00 INFO 67dccd7ab5777-0002     "BOB": 6.908786,
2025-03-21T02:22:51+00:00 INFO 67dccd7ab5777-0002     "BRL": 5.6757,
2025-03-21T02:22:51+00:00 INFO 67dccd7ab5777-0002     "BSD": 1,
2025-03-21T02:22:51+00:00 INFO 67dccd7ab5777-0002     "BTC": 1.2e-5,
2025-03-21T02:22:51+00:00 INFO 67dccd7ab5777-0002     "BTN": 86.277614,
2025-03-21T02:22:51+00:00 INFO 67dccd7ab5777-0002     "BWP": 13.640699,
2025-03-21T02:22:51+00:00 INFO 67dccd7ab5777-0002     "BYN": 3.272035,
2025-03-21T02:22:51+00:00 INFO 67dccd7ab5777-0002     "BZD": 2.008312,
2025-03-21T02:22:51+00:00 INFO 67dccd7ab5777-0002     "CAD": 1.432542,
2025-03-21T02:22:51+00:00 INFO 67dccd7ab5777-0002     "CDF": 2866.617178,
2025-03-21T02:22:51+00:00 INFO 67dccd7ab5777-0002     "CHF": 0.881743,
2025-03-21T02:22:51+00:00 INFO 67dccd7ab5777-0002     "CLF": 0.024158,
2025-03-21T02:22:51+00:00 INFO 67dccd7ab5777-0002     "CLP": 925.925926,
2025-03-21T02:22:51+00:00 INFO 67dccd7ab5777-0002     "CNH": 7.25327,
2025-03-21T02:22:51+00:00 INFO 67dccd7ab5777-0002     "CNY": 7.2482,
2025-03-21T02:22:51+00:00 INFO 67dccd7ab5777-0002     "COP": 4157.306377,
2025-03-21T02:22:51+00:00 INFO 67dccd7ab5777-0002     "CRC": 499.200151,
2025-03-21T02:22:51+00:00 INFO 67dccd7ab5777-0002     "CUC": 1,
2025-03-21T02:22:51+00:00 INFO 67dccd7ab5777-0002     "CUP": 25.75,
2025-03-21T02:22:51+00:00 INFO 67dccd7ab5777-0002     "CVE": 101.615985,
2025-03-21T02:22:51+00:00 INFO 67dccd7ab5777-0002     "CZK": 23.045082,
2025-03-21T02:22:51+00:00 INFO 67dccd7ab5777-0002     "DJF": 177.762377,
2025-03-21T02:22:51+00:00 INFO 67dccd7ab5777-0002     "DKK": 6.8725,
2025-03-21T02:22:51+00:00 INFO 67dccd7ab5777-0002     "DOP": 63.116349,
2025-03-21T02:22:51+00:00 INFO 67dccd7ab5777-0002     "DZD": 133.962015,
2025-03-21T02:22:51+00:00 INFO 67dccd7ab5777-0002     "EGP": 50.5704,
2025-03-21T02:22:51+00:00 INFO 67dccd7ab5777-0002     "ERN": 15,
2025-03-21T02:22:51+00:00 INFO 67dccd7ab5777-0002     "ETB": 129.7,
2025-03-21T02:22:51+00:00 INFO 67dccd7ab5777-0002     "EUR": 0.921362,
2025-03-21T02:22:51+00:00 INFO 67dccd7ab5777-0002     "FJD": 2.29315,
2025-03-21T02:22:51+00:00 INFO 67dccd7ab5777-0002     "FKP": 0.771299,
2025-03-21T02:22:51+00:00 INFO 67dccd7ab5777-0002     "GBP": 0.771299,
2025-03-21T02:22:51+00:00 INFO 67dccd7ab5777-0002     "GEL": 2.77,
2025-03-21T02:22:51+00:00 INFO 67dccd7ab5777-0002     "GGP": 0.771299,
2025-03-21T02:22:51+00:00 INFO 67dccd7ab5777-0002     "GHS": 15.502395,
2025-03-21T02:22:51+00:00 INFO 67dccd7ab5777-0002     "GIP": 0.771299,
2025-03-21T02:22:51+00:00 INFO 67dccd7ab5777-0002     "GMD": 71.000004,
2025-03-21T02:22:51+00:00 INFO 67dccd7ab5777-0002     "GNF": 8649.64972,
2025-03-21T02:22:51+00:00 INFO 67dccd7ab5777-0002     "GTQ": 7.70411,
2025-03-21T02:22:51+00:00 INFO 67dccd7ab5777-0002     "GYD": 209.787643,
2025-03-21T02:22:51+00:00 INFO 67dccd7ab5777-0002     "HKD": 7.77255,
2025-03-21T02:22:51+00:00 INFO 67dccd7ab5777-0002     "HNL": 25.749999,
2025-03-21T02:22:51+00:00 INFO 67dccd7ab5777-0002     "HRK": 6.94044,
2025-03-21T02:22:51+00:00 INFO 67dccd7ab5777-0002     "HTG": 131.140597,
2025-03-21T02:22:51+00:00 INFO 67dccd7ab5777-0002     "HUF": 367.417727,
2025-03-21T02:22:51+00:00 INFO 67dccd7ab5777-0002     "IDR": 16464.486782,
2025-03-21T02:22:51+00:00 INFO 67dccd7ab5777-0002     "ILS": 3.678133,
2025-03-21T02:22:51+00:00 INFO 67dccd7ab5777-0002     "IMP": 0.771299,
2025-03-21T02:22:51+00:00 INFO 67dccd7ab5777-0002     "INR": 86.335161,
2025-03-21T02:22:51+00:00 INFO 67dccd7ab5777-0002     "IQD": 1310,
2025-03-21T02:22:51+00:00 INFO 67dccd7ab5777-0002     "IRR": 42100,
2025-03-21T02:22:51+00:00 INFO 67dccd7ab5777-0002     "ISK": 132.93,
2025-03-21T02:22:51+00:00 INFO 67dccd7ab5777-0002     "JEP": 0.771299,
2025-03-21T02:22:51+00:00 INFO 67dccd7ab5777-0002     "JMD": 156.683839,
2025-03-21T02:22:51+00:00 INFO 67dccd7ab5777-0002     "JOD": 0.709,
2025-03-21T02:22:51+00:00 INFO 67dccd7ab5777-0002     "JPY": 148.6265,
2025-03-21T02:22:51+00:00 INFO 67dccd7ab5777-0002     "KES": 129.408956,
2025-03-21T02:22:51+00:00 INFO 67dccd7ab5777-0002     "KGS": 85.9051,
2025-03-21T02:22:51+00:00 INFO 67dccd7ab5777-0002     "KHR": 4008.710004,
2025-03-21T02:22:51+00:00 INFO 67dccd7ab5777-0002     "KMF": 452.499738,
2025-03-21T02:22:51+00:00 INFO 67dccd7ab5777-0002     "KPW": 900,
2025-03-21T02:22:51+00:00 INFO 67dccd7ab5777-0002     "KRW": 1466.92,
2025-03-21T02:22:51+00:00 INFO 67dccd7ab5777-0002     "KWD": 0.308031,
2025-03-21T02:22:51+00:00 INFO 67dccd7ab5777-0002     "KYD": 0.833168,
2025-03-21T02:22:51+00:00 INFO 67dccd7ab5777-0002     "KZT": 502.743839,
2025-03-21T02:22:51+00:00 INFO 67dccd7ab5777-0002     "LAK": 21642.092041,
2025-03-21T02:22:51+00:00 INFO 67dccd7ab5777-0002     "LBP": 89562.695808,
2025-03-21T02:22:51+00:00 INFO 67dccd7ab5777-0002     "LKR": 296.396341,
2025-03-21T02:22:51+00:00 INFO 67dccd7ab5777-0002     "LRD": 199.291281,
2025-03-21T02:22:51+00:00 INFO 67dccd7ab5777-0002     "LSL": 18.191727,
2025-03-21T02:22:51+00:00 INFO 67dccd7ab5777-0002     "LYD": 4.82,
2025-03-21T02:22:51+00:00 INFO 67dccd7ab5777-0002     "MAD": 9.6395,
2025-03-21T02:22:51+00:00 INFO 67dccd7ab5777-0002     "MDL": 17.950182,
2025-03-21T02:22:51+00:00 INFO 67dccd7ab5777-0002     "MGA": 4665,
2025-03-21T02:22:51+00:00 INFO 67dccd7ab5777-0002     "MKD": 56.68529,
2025-03-21T02:22:51+00:00 INFO 67dccd7ab5777-0002     "MMK": 2098,
2025-03-21T02:22:51+00:00 INFO 67dccd7ab5777-0002     "MNT": 3398,
2025-03-21T02:22:51+00:00 INFO 67dccd7ab5777-0002     "MOP": 8.003428,
2025-03-21T02:22:51+00:00 INFO 67dccd7ab5777-0002     "MUR": 45.000002,
2025-03-21T02:22:51+00:00 INFO 67dccd7ab5777-0002     "MVR": 15.41,
2025-03-21T02:22:51+00:00 INFO 67dccd7ab5777-0002     "MWK": 1734.233876,
2025-03-21T02:22:51+00:00 INFO 67dccd7ab5777-0002     "MXN": 20.1476,
2025-03-21T02:22:51+00:00 INFO 67dccd7ab5777-0002     "MYR": 4.4255,
2025-03-21T02:22:51+00:00 INFO 67dccd7ab5777-0002     "MZN": 63.909994,
2025-03-21T02:22:51+00:00 INFO 67dccd7ab5777-0002     "NAD": 18.191827,
2025-03-21T02:22:51+00:00 INFO 67dccd7ab5777-0002     "NGN": 1539.75235,
2025-03-21T02:22:51+00:00 INFO 67dccd7ab5777-0002     "NIO": 36.75,
2025-03-21T02:22:51+00:00 INFO 67dccd7ab5777-0002     "NOK": 10.54857,
2025-03-21T02:22:51+00:00 INFO 67dccd7ab5777-0002     "NPR": 138.042751,
2025-03-21T02:22:51+00:00 INFO 67dccd7ab5777-0002     "NZD": 1.735855,
2025-03-21T02:22:51+00:00 INFO 67dccd7ab5777-0002     "OMR": 0.384928,
2025-03-21T02:22:51+00:00 INFO 67dccd7ab5777-0002     "PAB": 1,
2025-03-21T02:22:51+00:00 INFO 67dccd7ab5777-0002     "PEN": 3.62375,
2025-03-21T02:22:51+00:00 INFO 67dccd7ab5777-0002     "PGK": 4.05275,
2025-03-21T02:22:51+00:00 INFO 67dccd7ab5777-0002     "PHP": 57.21,
2025-03-21T02:22:51+00:00 INFO 67dccd7ab5777-0002     "PKR": 280.15,
2025-03-21T02:22:51+00:00 INFO 67dccd7ab5777-0002     "PLN": 3.866329,
2025-03-21T02:22:51+00:00 INFO 67dccd7ab5777-0002     "PYG": 7983.383045,
2025-03-21T02:22:51+00:00 INFO 67dccd7ab5777-0002     "QAR": 3.6405,
2025-03-21T02:22:51+00:00 INFO 67dccd7ab5777-0002     "RON": 4.5851,
2025-03-21T02:22:51+00:00 INFO 67dccd7ab5777-0002     "RSD": 107.978644,
2025-03-21T02:22:51+00:00 INFO 67dccd7ab5777-0002     "RUB": 84.924203,
2025-03-21T02:22:51+00:00 INFO 67dccd7ab5777-0002     "RWF": 1411,
2025-03-21T02:22:51+00:00 INFO 67dccd7ab5777-0002     "SAR": 3.751169,
2025-03-21T02:22:51+00:00 INFO 67dccd7ab5777-0002     "SBD": 8.414898,
2025-03-21T02:22:51+00:00 INFO 67dccd7ab5777-0002     "SCR": 14.32447,
2025-03-21T02:22:51+00:00 INFO 67dccd7ab5777-0002     "SDG": 601,
2025-03-21T02:22:51+00:00 INFO 67dccd7ab5777-0002     "SEK": 10.128603,
2025-03-21T02:22:51+00:00 INFO 67dccd7ab5777-0002     "SGD": 1.334757,
2025-03-21T02:22:51+00:00 INFO 67dccd7ab5777-0002     "SHP": 0.771299,
2025-03-21T02:22:51+00:00 INFO 67dccd7ab5777-0002     "SLL": 20969.5,
2025-03-21T02:22:51+00:00 INFO 67dccd7ab5777-0002     "SOS": 571,
2025-03-21T02:22:51+00:00 INFO 67dccd7ab5777-0002     "SRD": 36.25,
2025-03-21T02:22:51+00:00 INFO 67dccd7ab5777-0002     "SSP": 130.26,
2025-03-21T02:22:51+00:00 INFO 67dccd7ab5777-0002     "STD": 22281.8,
2025-03-21T02:22:51+00:00 INFO 67dccd7ab5777-0002     "SVC": 8.748381,
2025-03-21T02:22:51+00:00 INFO 67dccd7ab5777-0002     "SYP": 13002,
2025-03-21T02:22:51+00:00 INFO 67dccd7ab5777-0002     "SZL": 18.14,
2025-03-21T02:22:51+00:00 INFO 67dccd7ab5777-0002     "THB": 33.74,
2025-03-21T02:22:51+00:00 INFO 67dccd7ab5777-0002     "TJS": 10.908035,
2025-03-21T02:22:51+00:00 INFO 67dccd7ab5777-0002     "TMT": 3.51,
2025-03-21T02:22:51+00:00 INFO 67dccd7ab5777-0002     "TND": 3.087,
2025-03-21T02:22:51+00:00 INFO 67dccd7ab5777-0002     "TOP": 2.40776,
2025-03-21T02:22:51+00:00 INFO 67dccd7ab5777-0002     "TRY": 37.987898,
2025-03-21T02:22:51+00:00 INFO 67dccd7ab5777-0002     "TTD": 6.794546,
2025-03-21T02:22:51+00:00 INFO 67dccd7ab5777-0002     "TWD": 32.997801,
2025-03-21T02:22:51+00:00 INFO 67dccd7ab5777-0002     "TZS": 2644.778427,
2025-03-21T02:22:51+00:00 INFO 67dccd7ab5777-0002     "UAH": 41.503711,
2025-03-21T02:22:51+00:00 INFO 67dccd7ab5777-0002     "UGX": 3664.144455,
2025-03-21T02:22:51+00:00 INFO 67dccd7ab5777-0002     "USD": 1,
2025-03-21T02:22:51+00:00 INFO 67dccd7ab5777-0002     "UYU": 42.253483,
2025-03-21T02:22:51+00:00 INFO 67dccd7ab5777-0002     "UZS": 12945,
2025-03-21T02:22:51+00:00 INFO 67dccd7ab5777-0002     "VND": 25560,
2025-03-21T02:22:51+00:00 INFO 67dccd7ab5777-0002     "VUV": 118.722,
2025-03-21T02:22:51+00:00 INFO 67dccd7ab5777-0002     "WST": 2.8,
2025-03-21T02:22:51+00:00 INFO 67dccd7ab5777-0002     "XAF": 604.373716,
2025-03-21T02:22:51+00:00 INFO 67dccd7ab5777-0002     "XAG": 0.029812,
2025-03-21T02:22:51+00:00 INFO 67dccd7ab5777-0002     "XAU": 0.000328,
2025-03-21T02:22:51+00:00 INFO 67dccd7ab5777-0002     "XCD": 2.70255,
2025-03-21T02:22:51+00:00 INFO 67dccd7ab5777-0002     "XDR": 0.748039,
2025-03-21T02:22:51+00:00 INFO 67dccd7ab5777-0002     "XOF": 604.373716,
2025-03-21T02:22:51+00:00 INFO 67dccd7ab5777-0002     "XPD": 0.001056,
2025-03-21T02:22:51+00:00 INFO 67dccd7ab5777-0002     "XPF": 109.947708,
2025-03-21T02:22:51+00:00 INFO 67dccd7ab5777-0002     "XPT": 0.001012,
2025-03-21T02:22:51+00:00 INFO 67dccd7ab5777-0002     "YER": 246.099987,
2025-03-21T02:22:51+00:00 INFO 67dccd7ab5777-0002     "ZAR": 18.15721,
2025-03-21T02:22:51+00:00 INFO 67dccd7ab5777-0002     "ZMW": 28.804577,
2025-03-21T02:22:51+00:00 INFO 67dccd7ab5777-0002     "ZWL": 322
2025-03-21T02:22:51+00:00 INFO 67dccd7ab5777-0002 }
2025-03-21T16:00:06+00:00 INFO 67dd8d061a6d4-0001 REQUEST_67dd8d0678920 (JSON): {
2025-03-21T16:00:06+00:00 INFO 67dd8d061a6d4-0001     "url": "https:\/\/public-api.wordpress.com\/wpcom\/v2\/sites\/%s\/wcpay\/accounts?test_mode=true",
2025-03-21T16:00:06+00:00 INFO 67dd8d061a6d4-0001     "method": "GET",
2025-03-21T16:00:06+00:00 INFO 67dd8d061a6d4-0001     "headers": {
2025-03-21T16:00:06+00:00 INFO 67dd8d061a6d4-0001         "Content-Type": "application\/json; charset=utf-8",
2025-03-21T16:00:06+00:00 INFO 67dd8d061a6d4-0001         "User-Agent": "WooCommerce Payments\/8.9.2",
2025-03-21T16:00:06+00:00 INFO 67dd8d061a6d4-0001         "X-Request-Initiated": 1742572806.493852
2025-03-21T16:00:06+00:00 INFO 67dd8d061a6d4-0001     },
2025-03-21T16:00:06+00:00 INFO 67dd8d061a6d4-0001     "timeout": 70,
2025-03-21T16:00:06+00:00 INFO 67dd8d061a6d4-0001     "connect_timeout": 70
2025-03-21T16:00:06+00:00 INFO 67dd8d061a6d4-0001 }
2025-03-21T16:00:06+00:00 INFO 67dd8d061a6d4-0001 CONTEXT (JSON): {
2025-03-21T16:00:06+00:00 INFO 67dd8d061a6d4-0001     "WP_User": "Guest (non logged-in user)",
2025-03-21T16:00:06+00:00 INFO 67dd8d061a6d4-0001     "HTTP_REFERER": "--",
2025-03-21T16:00:06+00:00 INFO 67dd8d061a6d4-0001     "HTTP_USER_AGENT": "Mozilla\/5.0 (compatible; AhrefsBot\/7.0; +http:\/\/ahrefs.com\/robot\/)",
2025-03-21T16:00:06+00:00 INFO 67dd8d061a6d4-0001     "REQUEST_URI": "\/wp-sitemap.xml",
2025-03-21T16:00:06+00:00 INFO 67dd8d061a6d4-0001     "DOING_AJAX": "",
2025-03-21T16:00:06+00:00 INFO 67dd8d061a6d4-0001     "DOING_CRON": "",
2025-03-21T16:00:06+00:00 INFO 67dd8d061a6d4-0001     "WP_CLI": ""
2025-03-21T16:00:06+00:00 INFO 67dd8d061a6d4-0001 }
2025-03-21T16:00:10+00:00 INFO 67dd8d061a6d4-0002 RESPONSE_67dd8d0678920 (JSON): {
2025-03-21T16:00:10+00:00 INFO 67dd8d061a6d4-0002     "account_id": "acct_1Qv6psC4wRMCdaNt",
2025-03-21T16:00:10+00:00 INFO 67dd8d061a6d4-0002     "email": "(redacted)",
2025-03-21T16:00:10+00:00 INFO 67dd8d061a6d4-0002     "live_publishable_key": "pk_live_51ETDmyFuiXB5oUVxaIafkGPnwuNcBxr1pXVhvLJ4BrWuiqfG6SldjatOGLQhuqXnDmgqwRA7tDoSFlbY4wFji7KR0079TvtxNs",
2025-03-21T16:00:10+00:00 INFO 67dd8d061a6d4-0002     "test_publishable_key": "pk_test_51ETDmyFuiXB5oUVxwSobQMW5Tno1GclIq7ePZWzLeW4q8oa7Zb8hI5VfwI5sNT5nXuKYinLukNvGCXmsQXAoDGHG00MqHqlYHR",
2025-03-21T16:00:10+00:00 INFO 67dd8d061a6d4-0002     "is_live": false,
2025-03-21T16:00:10+00:00 INFO 67dd8d061a6d4-0002     "is_test_drive": true,
2025-03-21T16:00:10+00:00 INFO 67dd8d061a6d4-0002     "created": "2025-02-22 00:45:01",
2025-03-21T16:00:10+00:00 INFO 67dd8d061a6d4-0002     "has_pending_requirements": false,
2025-03-21T16:00:10+00:00 INFO 67dd8d061a6d4-0002     "has_future_requirements": false,
2025-03-21T16:00:10+00:00 INFO 67dd8d061a6d4-0002     "has_overdue_requirements": false,
2025-03-21T16:00:10+00:00 INFO 67dd8d061a6d4-0002     "details_submitted": true,
2025-03-21T16:00:10+00:00 INFO 67dd8d061a6d4-0002     "current_deadline": null,
2025-03-21T16:00:10+00:00 INFO 67dd8d061a6d4-0002     "status": "complete",
2025-03-21T16:00:10+00:00 INFO 67dd8d061a6d4-0002     "capabilities": {
2025-03-21T16:00:10+00:00 INFO 67dd8d061a6d4-0002         "affirm_payments": "active",
2025-03-21T16:00:10+00:00 INFO 67dd8d061a6d4-0002         "afterpay_clearpay_payments": "active",
2025-03-21T16:00:10+00:00 INFO 67dd8d061a6d4-0002         "bancontact_payments": "active",
2025-03-21T16:00:10+00:00 INFO 67dd8d061a6d4-0002         "card_payments": "active",
2025-03-21T16:00:10+00:00 INFO 67dd8d061a6d4-0002         "eps_payments": "active",
2025-03-21T16:00:10+00:00 INFO 67dd8d061a6d4-0002         "ideal_payments": "active",
2025-03-21T16:00:10+00:00 INFO 67dd8d061a6d4-0002         "klarna_payments": "active",
2025-03-21T16:00:10+00:00 INFO 67dd8d061a6d4-0002         "link_payments": "active",
2025-03-21T16:00:10+00:00 INFO 67dd8d061a6d4-0002         "multibanco_payments": "active",
2025-03-21T16:00:10+00:00 INFO 67dd8d061a6d4-0002         "p24_payments": "active",
2025-03-21T16:00:10+00:00 INFO 67dd8d061a6d4-0002         "tax_reporting_us_1099_k": "active",
2025-03-21T16:00:10+00:00 INFO 67dd8d061a6d4-0002         "transfers": "active",
2025-03-21T16:00:10+00:00 INFO 67dd8d061a6d4-0002         "acss_debit_payments": "unrequested",
2025-03-21T16:00:10+00:00 INFO 67dd8d061a6d4-0002         "amazon_pay_payments": "unrequested",
2025-03-21T16:00:10+00:00 INFO 67dd8d061a6d4-0002         "bank_transfer_payments": "unrequested",
2025-03-21T16:00:10+00:00 INFO 67dd8d061a6d4-0002         "cartes_bancaires_payments": "unrequested",
2025-03-21T16:00:10+00:00 INFO 67dd8d061a6d4-0002         "cashapp_payments": "unrequested",
2025-03-21T16:00:10+00:00 INFO 67dd8d061a6d4-0002         "giropay_payments": "unrequested",
2025-03-21T16:00:10+00:00 INFO 67dd8d061a6d4-0002         "kakao_pay_payments": "unrequested",
2025-03-21T16:00:10+00:00 INFO 67dd8d061a6d4-0002         "klarna": "unrequested",
2025-03-21T16:00:10+00:00 INFO 67dd8d061a6d4-0002         "kr_card_payments": "unrequested",
2025-03-21T16:00:10+00:00 INFO 67dd8d061a6d4-0002         "naver_pay_payments": "unrequested",
2025-03-21T16:00:10+00:00 INFO 67dd8d061a6d4-0002         "payco_payments": "unrequested",
2025-03-21T16:00:10+00:00 INFO 67dd8d061a6d4-0002         "samsung_pay_payments": "unrequested",
2025-03-21T16:00:10+00:00 INFO 67dd8d061a6d4-0002         "sepa_bank_transfer_payments": "unrequested",
2025-03-21T16:00:10+00:00 INFO 67dd8d061a6d4-0002         "sepa_debit_payments": "unrequested",
2025-03-21T16:00:10+00:00 INFO 67dd8d061a6d4-0002         "sofort_payments": "unrequested",
2025-03-21T16:00:10+00:00 INFO 67dd8d061a6d4-0002         "tax_reporting_us_1099_misc": "unrequested",
2025-03-21T16:00:10+00:00 INFO 67dd8d061a6d4-0002         "us_bank_account_ach_payments": "unrequested",
2025-03-21T16:00:10+00:00 INFO 67dd8d061a6d4-0002         "us_bank_transfer_payments": "unrequested"
2025-03-21T16:00:10+00:00 INFO 67dd8d061a6d4-0002     },
2025-03-21T16:00:10+00:00 INFO 67dd8d061a6d4-0002     "capability_requirements": {
2025-03-21T16:00:10+00:00 INFO 67dd8d061a6d4-0002         "acss_debit_payments": [],
2025-03-21T16:00:10+00:00 INFO 67dd8d061a6d4-0002         "affirm_payments": [],
2025-03-21T16:00:10+00:00 INFO 67dd8d061a6d4-0002         "afterpay_clearpay_payments": [],
2025-03-21T16:00:10+00:00 INFO 67dd8d061a6d4-0002         "amazon_pay_payments": [],
2025-03-21T16:00:10+00:00 INFO 67dd8d061a6d4-0002         "bancontact_payments": [],
2025-03-21T16:00:10+00:00 INFO 67dd8d061a6d4-0002         "bank_transfer_payments": [],
2025-03-21T16:00:10+00:00 INFO 67dd8d061a6d4-0002         "card_payments": [],
2025-03-21T16:00:10+00:00 INFO 67dd8d061a6d4-0002         "cartes_bancaires_payments": [],
2025-03-21T16:00:10+00:00 INFO 67dd8d061a6d4-0002         "cashapp_payments": [],
2025-03-21T16:00:10+00:00 INFO 67dd8d061a6d4-0002         "eps_payments": [],
2025-03-21T16:00:10+00:00 INFO 67dd8d061a6d4-0002         "giropay_payments": [],
2025-03-21T16:00:10+00:00 INFO 67dd8d061a6d4-0002         "ideal_payments": [],
2025-03-21T16:00:10+00:00 INFO 67dd8d061a6d4-0002         "kakao_pay_payments": [],
2025-03-21T16:00:10+00:00 INFO 67dd8d061a6d4-0002         "klarna": [],
2025-03-21T16:00:10+00:00 INFO 67dd8d061a6d4-0002         "klarna_payments": [],
2025-03-21T16:00:10+00:00 INFO 67dd8d061a6d4-0002         "kr_card_payments": [],
2025-03-21T16:00:10+00:00 INFO 67dd8d061a6d4-0002         "link_payments": [],
2025-03-21T16:00:10+00:00 INFO 67dd8d061a6d4-0002         "multibanco_payments": [],
2025-03-21T16:00:10+00:00 INFO 67dd8d061a6d4-0002         "naver_pay_payments": [],
2025-03-21T16:00:10+00:00 INFO 67dd8d061a6d4-0002         "p24_payments": [],
2025-03-21T16:00:10+00:00 INFO 67dd8d061a6d4-0002         "payco_payments": [],
2025-03-21T16:00:10+00:00 INFO 67dd8d061a6d4-0002         "samsung_pay_payments": [],
2025-03-21T16:00:10+00:00 INFO 67dd8d061a6d4-0002         "sepa_bank_transfer_payments": [],
2025-03-21T16:00:10+00:00 INFO 67dd8d061a6d4-0002         "sepa_debit_payments": [],
2025-03-21T16:00:10+00:00 INFO 67dd8d061a6d4-0002         "sofort_payments": [],
2025-03-21T16:00:10+00:00 INFO 67dd8d061a6d4-0002         "tax_reporting_us_1099_k": [],
2025-03-21T16:00:10+00:00 INFO 67dd8d061a6d4-0002         "tax_reporting_us_1099_misc": [],
2025-03-21T16:00:10+00:00 INFO 67dd8d061a6d4-0002         "transfers": [],
2025-03-21T16:00:10+00:00 INFO 67dd8d061a6d4-0002         "us_bank_account_ach_payments": [],
2025-03-21T16:00:10+00:00 INFO 67dd8d061a6d4-0002         "us_bank_transfer_payments": []
2025-03-21T16:00:10+00:00 INFO 67dd8d061a6d4-0002     },
2025-03-21T16:00:10+00:00 INFO 67dd8d061a6d4-0002     "payments_enabled": true,
2025-03-21T16:00:10+00:00 INFO 67dd8d061a6d4-0002     "deposits": {
2025-03-21T16:00:10+00:00 INFO 67dd8d061a6d4-0002         "status": "enabled",
2025-03-21T16:00:10+00:00 INFO 67dd8d061a6d4-0002         "restrictions": "deposits_unrestricted",
2025-03-21T16:00:10+00:00 INFO 67dd8d061a6d4-0002         "interval": "daily",
2025-03-21T16:00:10+00:00 INFO 67dd8d061a6d4-0002         "weekly_anchor": "",
2025-03-21T16:00:10+00:00 INFO 67dd8d061a6d4-0002         "monthly_anchor": null,
2025-03-21T16:00:10+00:00 INFO 67dd8d061a6d4-0002         "delay_days": 2,
2025-03-21T16:00:10+00:00 INFO 67dd8d061a6d4-0002         "completed_waiting_period": false,
2025-03-21T16:00:10+00:00 INFO 67dd8d061a6d4-0002         "minimum_manual_deposit_amounts": {
2025-03-21T16:00:10+00:00 INFO 67dd8d061a6d4-0002             "aud": 500,
2025-03-21T16:00:10+00:00 INFO 67dd8d061a6d4-0002             "bgn": 100,
2025-03-21T16:00:10+00:00 INFO 67dd8d061a6d4-0002             "cad": 500,
2025-03-21T16:00:10+00:00 INFO 67dd8d061a6d4-0002             "chf": 500,
2025-03-21T16:00:10+00:00 INFO 67dd8d061a6d4-0002             "czk": 3000,
2025-03-21T16:00:10+00:00 INFO 67dd8d061a6d4-0002             "dkk": 5000,
2025-03-21T16:00:10+00:00 INFO 67dd8d061a6d4-0002             "eur": 500,
2025-03-21T16:00:10+00:00 INFO 67dd8d061a6d4-0002             "gbp": 500,
2025-03-21T16:00:10+00:00 INFO 67dd8d061a6d4-0002             "hkd": 5000,
2025-03-21T16:00:10+00:00 INFO 67dd8d061a6d4-0002             "huf": 36000,
2025-03-21T16:00:10+00:00 INFO 67dd8d061a6d4-0002             "nok": 5000,
2025-03-21T16:00:10+00:00 INFO 67dd8d061a6d4-0002             "nzd": 500,
2025-03-21T16:00:10+00:00 INFO 67dd8d061a6d4-0002             "jpy": 50,
2025-03-21T16:00:10+00:00 INFO 67dd8d061a6d4-0002             "sek": 5000,
2025-03-21T16:00:10+00:00 INFO 67dd8d061a6d4-0002             "sgd": 500,
2025-03-21T16:00:10+00:00 INFO 67dd8d061a6d4-0002             "usd": 500,
2025-03-21T16:00:10+00:00 INFO 67dd8d061a6d4-0002             "ron": 500,
2025-03-21T16:00:10+00:00 INFO 67dd8d061a6d4-0002             "pln": 500,
2025-03-21T16:00:10+00:00 INFO 67dd8d061a6d4-0002             "aed": 200
2025-03-21T16:00:10+00:00 INFO 67dd8d061a6d4-0002         },
2025-03-21T16:00:10+00:00 INFO 67dd8d061a6d4-0002         "minimum_scheduled_deposit_amounts": {
2025-03-21T16:00:10+00:00 INFO 67dd8d061a6d4-0002             "aed": 200,
2025-03-21T16:00:10+00:00 INFO 67dd8d061a6d4-0002             "aud": 0,
2025-03-21T16:00:10+00:00 INFO 67dd8d061a6d4-0002             "bgn": 100,
2025-03-21T16:00:10+00:00 INFO 67dd8d061a6d4-0002             "cad": 0,
2025-03-21T16:00:10+00:00 INFO 67dd8d061a6d4-0002             "chf": 500,
2025-03-21T16:00:10+00:00 INFO 67dd8d061a6d4-0002             "czk": 3000,
2025-03-21T16:00:10+00:00 INFO 67dd8d061a6d4-0002             "dkk": 2000,
2025-03-21T16:00:10+00:00 INFO 67dd8d061a6d4-0002             "eur": 100,
2025-03-21T16:00:10+00:00 INFO 67dd8d061a6d4-0002             "gbp": 100,
2025-03-21T16:00:10+00:00 INFO 67dd8d061a6d4-0002             "hkd": 0,
2025-03-21T16:00:10+00:00 INFO 67dd8d061a6d4-0002             "huf": 36000,
2025-03-21T16:00:10+00:00 INFO 67dd8d061a6d4-0002             "jpy": 1,
2025-03-21T16:00:10+00:00 INFO 67dd8d061a6d4-0002             "nok": 2000,
2025-03-21T16:00:10+00:00 INFO 67dd8d061a6d4-0002             "nzd": 0,
2025-03-21T16:00:10+00:00 INFO 67dd8d061a6d4-0002             "pln": 500,
2025-03-21T16:00:10+00:00 INFO 67dd8d061a6d4-0002             "ron": 500,
2025-03-21T16:00:10+00:00 INFO 67dd8d061a6d4-0002             "sek": 2000,
2025-03-21T16:00:10+00:00 INFO 67dd8d061a6d4-0002             "sgd": 100,
2025-03-21T16:00:10+00:00 INFO 67dd8d061a6d4-0002             "usd": 0
2025-03-21T16:00:10+00:00 INFO 67dd8d061a6d4-0002         }
2025-03-21T16:00:10+00:00 INFO 67dd8d061a6d4-0002     },
2025-03-21T16:00:10+00:00 INFO 67dd8d061a6d4-0002     "lifetime_total_payment_volume": 0,
2025-03-21T16:00:10+00:00 INFO 67dd8d061a6d4-0002     "requirements": {
2025-03-21T16:00:10+00:00 INFO 67dd8d061a6d4-0002         "errors": []
2025-03-21T16:00:10+00:00 INFO 67dd8d061a6d4-0002     },
2025-03-21T16:00:10+00:00 INFO 67dd8d061a6d4-0002     "statement_descriptor": "NORTHERNLI",
2025-03-21T16:00:10+00:00 INFO 67dd8d061a6d4-0002     "statement_descriptor_kanji": "",
2025-03-21T16:00:10+00:00 INFO 67dd8d061a6d4-0002     "statement_descriptor_kana": "",
2025-03-21T16:00:10+00:00 INFO 67dd8d061a6d4-0002     "latest_tos_agreement": {
2025-03-21T16:00:10+00:00 INFO 67dd8d061a6d4-0002         "date": "2025-02-22 00:45:01",
2025-03-21T16:00:10+00:00 INFO 67dd8d061a6d4-0002         "source": "signup",
2025-03-21T16:00:10+00:00 INFO 67dd8d061a6d4-0002         "is_current_version": true
2025-03-21T16:00:10+00:00 INFO 67dd8d061a6d4-0002     },
2025-03-21T16:00:10+00:00 INFO 67dd8d061a6d4-0002     "fees": {
2025-03-21T16:00:10+00:00 INFO 67dd8d061a6d4-0002         "base": {
2025-03-21T16:00:10+00:00 INFO 67dd8d061a6d4-0002             "percentage_rate": 0.029,
2025-03-21T16:00:10+00:00 INFO 67dd8d061a6d4-0002             "fixed_rate": 30,
2025-03-21T16:00:10+00:00 INFO 67dd8d061a6d4-0002             "currency": "usd"
2025-03-21T16:00:10+00:00 INFO 67dd8d061a6d4-0002         },
2025-03-21T16:00:10+00:00 INFO 67dd8d061a6d4-0002         "discount": [],
2025-03-21T16:00:10+00:00 INFO 67dd8d061a6d4-0002         "card": {
2025-03-21T16:00:10+00:00 INFO 67dd8d061a6d4-0002             "base": {
2025-03-21T16:00:10+00:00 INFO 67dd8d061a6d4-0002                 "percentage_rate": 0.029,
2025-03-21T16:00:10+00:00 INFO 67dd8d061a6d4-0002                 "fixed_rate": 30,
2025-03-21T16:00:10+00:00 INFO 67dd8d061a6d4-0002                 "currency": "usd"
2025-03-21T16:00:10+00:00 INFO 67dd8d061a6d4-0002             },
2025-03-21T16:00:10+00:00 INFO 67dd8d061a6d4-0002             "additional": {
2025-03-21T16:00:10+00:00 INFO 67dd8d061a6d4-0002                 "percentage_rate": 0.015,
2025-03-21T16:00:10+00:00 INFO 67dd8d061a6d4-0002                 "fixed_rate": 0,
2025-03-21T16:00:10+00:00 INFO 67dd8d061a6d4-0002                 "currency": "usd"
2025-03-21T16:00:10+00:00 INFO 67dd8d061a6d4-0002             },
2025-03-21T16:00:10+00:00 INFO 67dd8d061a6d4-0002             "fx": {
2025-03-21T16:00:10+00:00 INFO 67dd8d061a6d4-0002                 "percentage_rate": 0.01,
2025-03-21T16:00:10+00:00 INFO 67dd8d061a6d4-0002                 "fixed_rate": 0,
2025-03-21T16:00:10+00:00 INFO 67dd8d061a6d4-0002                 "currency": "usd"
2025-03-21T16:00:10+00:00 INFO 67dd8d061a6d4-0002             },
2025-03-21T16:00:10+00:00 INFO 67dd8d061a6d4-0002             "discount": []
2025-03-21T16:00:10+00:00 INFO 67dd8d061a6d4-0002         },
2025-03-21T16:00:10+00:00 INFO 67dd8d061a6d4-0002         "card_present": {
2025-03-21T16:00:10+00:00 INFO 67dd8d061a6d4-0002             "base": {
2025-03-21T16:00:10+00:00 INFO 67dd8d061a6d4-0002                 "percentage_rate": 0.027,
2025-03-21T16:00:10+00:00 INFO 67dd8d061a6d4-0002                 "fixed_rate": 10,
2025-03-21T16:00:10+00:00 INFO 67dd8d061a6d4-0002                 "currency": "usd"
2025-03-21T16:00:10+00:00 INFO 67dd8d061a6d4-0002             },
2025-03-21T16:00:10+00:00 INFO 67dd8d061a6d4-0002             "additional": {
2025-03-21T16:00:10+00:00 INFO 67dd8d061a6d4-0002                 "percentage_rate": 0.01,
2025-03-21T16:00:10+00:00 INFO 67dd8d061a6d4-0002                 "fixed_rate": 0,
2025-03-21T16:00:10+00:00 INFO 67dd8d061a6d4-0002                 "currency": "usd"
2025-03-21T16:00:10+00:00 INFO 67dd8d061a6d4-0002             },
2025-03-21T16:00:10+00:00 INFO 67dd8d061a6d4-0002             "fx": {
2025-03-21T16:00:10+00:00 INFO 67dd8d061a6d4-0002                 "percentage_rate": 0.01,
2025-03-21T16:00:10+00:00 INFO 67dd8d061a6d4-0002                 "fixed_rate": 0,
2025-03-21T16:00:10+00:00 INFO 67dd8d061a6d4-0002                 "currency": "usd"
2025-03-21T16:00:10+00:00 INFO 67dd8d061a6d4-0002             },
2025-03-21T16:00:10+00:00 INFO 67dd8d061a6d4-0002             "discount": []
2025-03-21T16:00:10+00:00 INFO 67dd8d061a6d4-0002         },
2025-03-21T16:00:10+00:00 INFO 67dd8d061a6d4-0002         "link": {
2025-03-21T16:00:10+00:00 INFO 67dd8d061a6d4-0002             "base": {
2025-03-21T16:00:10+00:00 INFO 67dd8d061a6d4-0002                 "percentage_rate": 0.029,
2025-03-21T16:00:10+00:00 INFO 67dd8d061a6d4-0002                 "fixed_rate": 30,
2025-03-21T16:00:10+00:00 INFO 67dd8d061a6d4-0002                 "currency": "usd"
2025-03-21T16:00:10+00:00 INFO 67dd8d061a6d4-0002             },
2025-03-21T16:00:10+00:00 INFO 67dd8d061a6d4-0002             "additional": {
2025-03-21T16:00:10+00:00 INFO 67dd8d061a6d4-0002                 "percentage_rate": 0,
2025-03-21T16:00:10+00:00 INFO 67dd8d061a6d4-0002                 "fixed_rate": 0,
2025-03-21T16:00:10+00:00 INFO 67dd8d061a6d4-0002                 "currency": "usd"
2025-03-21T16:00:10+00:00 INFO 67dd8d061a6d4-0002             },
2025-03-21T16:00:10+00:00 INFO 67dd8d061a6d4-0002             "fx": {
2025-03-21T16:00:10+00:00 INFO 67dd8d061a6d4-0002                 "percentage_rate": 0.01,
2025-03-21T16:00:10+00:00 INFO 67dd8d061a6d4-0002                 "fixed_rate": 0,
2025-03-21T16:00:10+00:00 INFO 67dd8d061a6d4-0002                 "currency": "usd"
2025-03-21T16:00:10+00:00 INFO 67dd8d061a6d4-0002             },
2025-03-21T16:00:10+00:00 INFO 67dd8d061a6d4-0002             "discount": []
2025-03-21T16:00:10+00:00 INFO 67dd8d061a6d4-0002         },
2025-03-21T16:00:10+00:00 INFO 67dd8d061a6d4-0002         "bancontact": {
2025-03-21T16:00:10+00:00 INFO 67dd8d061a6d4-0002             "base": {
2025-03-21T16:00:10+00:00 INFO 67dd8d061a6d4-0002                 "percentage_rate": 0.014,
2025-03-21T16:00:10+00:00 INFO 67dd8d061a6d4-0002                 "fixed_rate": 30,
2025-03-21T16:00:10+00:00 INFO 67dd8d061a6d4-0002                 "currency": "usd"
2025-03-21T16:00:10+00:00 INFO 67dd8d061a6d4-0002             },
2025-03-21T16:00:10+00:00 INFO 67dd8d061a6d4-0002             "additional": {
2025-03-21T16:00:10+00:00 INFO 67dd8d061a6d4-0002                 "percentage_rate": 0.015,
2025-03-21T16:00:10+00:00 INFO 67dd8d061a6d4-0002                 "fixed_rate": 0,
2025-03-21T16:00:10+00:00 INFO 67dd8d061a6d4-0002                 "currency": "usd"
2025-03-21T16:00:10+00:00 INFO 67dd8d061a6d4-0002             },
2025-03-21T16:00:10+00:00 INFO 67dd8d061a6d4-0002             "fx": {
2025-03-21T16:00:10+00:00 INFO 67dd8d061a6d4-0002                 "percentage_rate": 0.01,
2025-03-21T16:00:10+00:00 INFO 67dd8d061a6d4-0002                 "fixed_rate": 0,
2025-03-21T16:00:10+00:00 INFO 67dd8d061a6d4-0002                 "currency": "usd"
2025-03-21T16:00:10+00:00 INFO 67dd8d061a6d4-0002             },
2025-03-21T16:00:10+00:00 INFO 67dd8d061a6d4-0002             "discount": []
2025-03-21T16:00:10+00:00 INFO 67dd8d061a6d4-0002         },
2025-03-21T16:00:10+00:00 INFO 67dd8d061a6d4-0002         "eps": {
2025-03-21T16:00:10+00:00 INFO 67dd8d061a6d4-0002             "base": {
2025-03-21T16:00:10+00:00 INFO 67dd8d061a6d4-0002                 "percentage_rate": 0.018,
2025-03-21T16:00:10+00:00 INFO 67dd8d061a6d4-0002                 "fixed_rate": 30,
2025-03-21T16:00:10+00:00 INFO 67dd8d061a6d4-0002                 "currency": "usd"
2025-03-21T16:00:10+00:00 INFO 67dd8d061a6d4-0002             },
2025-03-21T16:00:10+00:00 INFO 67dd8d061a6d4-0002             "additional": {
2025-03-21T16:00:10+00:00 INFO 67dd8d061a6d4-0002                 "percentage_rate": 0.015,
2025-03-21T16:00:10+00:00 INFO 67dd8d061a6d4-0002                 "fixed_rate": 0,
2025-03-21T16:00:10+00:00 INFO 67dd8d061a6d4-0002                 "currency": "usd"
2025-03-21T16:00:10+00:00 INFO 67dd8d061a6d4-0002             },
2025-03-21T16:00:10+00:00 INFO 67dd8d061a6d4-0002             "fx": {
2025-03-21T16:00:10+00:00 INFO 67dd8d061a6d4-0002                 "percentage_rate": 0.01,
2025-03-21T16:00:10+00:00 INFO 67dd8d061a6d4-0002                 "fixed_rate": 0,
2025-03-21T16:00:10+00:00 INFO 67dd8d061a6d4-0002                 "currency": "usd"
2025-03-21T16:00:10+00:00 INFO 67dd8d061a6d4-0002             },
2025-03-21T16:00:10+00:00 INFO 67dd8d061a6d4-0002             "discount": []
2025-03-21T16:00:10+00:00 INFO 67dd8d061a6d4-0002         },
2025-03-21T16:00:10+00:00 INFO 67dd8d061a6d4-0002         "ideal": {
2025-03-21T16:00:10+00:00 INFO 67dd8d061a6d4-0002             "base": {
2025-03-21T16:00:10+00:00 INFO 67dd8d061a6d4-0002                 "percentage_rate": 0,
2025-03-21T16:00:10+00:00 INFO 67dd8d061a6d4-0002                 "fixed_rate": 80,
2025-03-21T16:00:10+00:00 INFO 67dd8d061a6d4-0002                 "currency": "usd"
2025-03-21T16:00:10+00:00 INFO 67dd8d061a6d4-0002             },
2025-03-21T16:00:10+00:00 INFO 67dd8d061a6d4-0002             "additional": {
2025-03-21T16:00:10+00:00 INFO 67dd8d061a6d4-0002                 "percentage_rate": 0.015,
2025-03-21T16:00:10+00:00 INFO 67dd8d061a6d4-0002                 "fixed_rate": 0,
2025-03-21T16:00:10+00:00 INFO 67dd8d061a6d4-0002                 "currency": "usd"
2025-03-21T16:00:10+00:00 INFO 67dd8d061a6d4-0002             },
2025-03-21T16:00:10+00:00 INFO 67dd8d061a6d4-0002             "fx": {
2025-03-21T16:00:10+00:00 INFO 67dd8d061a6d4-0002                 "percentage_rate": 0.01,
2025-03-21T16:00:10+00:00 INFO 67dd8d061a6d4-0002                 "fixed_rate": 0,
2025-03-21T16:00:10+00:00 INFO 67dd8d061a6d4-0002                 "currency": "usd"
2025-03-21T16:00:10+00:00 INFO 67dd8d061a6d4-0002             },
2025-03-21T16:00:10+00:00 INFO 67dd8d061a6d4-0002             "discount": []
2025-03-21T16:00:10+00:00 INFO 67dd8d061a6d4-0002         },
2025-03-21T16:00:10+00:00 INFO 67dd8d061a6d4-0002         "p24": {
2025-03-21T16:00:10+00:00 INFO 67dd8d061a6d4-0002             "base": {
2025-03-21T16:00:10+00:00 INFO 67dd8d061a6d4-0002                 "percentage_rate": 0.022,
2025-03-21T16:00:10+00:00 INFO 67dd8d061a6d4-0002                 "fixed_rate": 30,
2025-03-21T16:00:10+00:00 INFO 67dd8d061a6d4-0002                 "currency": "usd"
2025-03-21T16:00:10+00:00 INFO 67dd8d061a6d4-0002             },
2025-03-21T16:00:10+00:00 INFO 67dd8d061a6d4-0002             "additional": {
2025-03-21T16:00:10+00:00 INFO 67dd8d061a6d4-0002                 "percentage_rate": 0.015,
2025-03-21T16:00:10+00:00 INFO 67dd8d061a6d4-0002                 "fixed_rate": 0,
2025-03-21T16:00:10+00:00 INFO 67dd8d061a6d4-0002                 "currency": "usd"
2025-03-21T16:00:10+00:00 INFO 67dd8d061a6d4-0002             },
2025-03-21T16:00:10+00:00 INFO 67dd8d061a6d4-0002             "fx": {
2025-03-21T16:00:10+00:00 INFO 67dd8d061a6d4-0002                 "percentage_rate": 0.01,
2025-03-21T16:00:10+00:00 INFO 67dd8d061a6d4-0002                 "fixed_rate": 0,
2025-03-21T16:00:10+00:00 INFO 67dd8d061a6d4-0002                 "currency": "usd"
2025-03-21T16:00:10+00:00 INFO 67dd8d061a6d4-0002             },
2025-03-21T16:00:10+00:00 INFO 67dd8d061a6d4-0002             "discount": []
2025-03-21T16:00:10+00:00 INFO 67dd8d061a6d4-0002         },
2025-03-21T16:00:10+00:00 INFO 67dd8d061a6d4-0002         "affirm": {
2025-03-21T16:00:10+00:00 INFO 67dd8d061a6d4-0002             "base": {
2025-03-21T16:00:10+00:00 INFO 67dd8d061a6d4-0002                 "percentage_rate": 0.06,
2025-03-21T16:00:10+00:00 INFO 67dd8d061a6d4-0002                 "fixed_rate": 30,
2025-03-21T16:00:10+00:00 INFO 67dd8d061a6d4-0002                 "currency": "usd"
2025-03-21T16:00:10+00:00 INFO 67dd8d061a6d4-0002             },
2025-03-21T16:00:10+00:00 INFO 67dd8d061a6d4-0002             "additional": {
2025-03-21T16:00:10+00:00 INFO 67dd8d061a6d4-0002                 "percentage_rate": 0,
2025-03-21T16:00:10+00:00 INFO 67dd8d061a6d4-0002                 "fixed_rate": 0,
2025-03-21T16:00:10+00:00 INFO 67dd8d061a6d4-0002                 "currency": "usd"
2025-03-21T16:00:10+00:00 INFO 67dd8d061a6d4-0002             },
2025-03-21T16:00:10+00:00 INFO 67dd8d061a6d4-0002             "fx": {
2025-03-21T16:00:10+00:00 INFO 67dd8d061a6d4-0002                 "percentage_rate": 0,
2025-03-21T16:00:10+00:00 INFO 67dd8d061a6d4-0002                 "fixed_rate": 0,
2025-03-21T16:00:10+00:00 INFO 67dd8d061a6d4-0002                 "currency": "usd"
2025-03-21T16:00:10+00:00 INFO 67dd8d061a6d4-0002             },
2025-03-21T16:00:10+00:00 INFO 67dd8d061a6d4-0002             "discount": []
2025-03-21T16:00:10+00:00 INFO 67dd8d061a6d4-0002         },
2025-03-21T16:00:10+00:00 INFO 67dd8d061a6d4-0002         "afterpay_clearpay": {
2025-03-21T16:00:10+00:00 INFO 67dd8d061a6d4-0002             "base": {
2025-03-21T16:00:10+00:00 INFO 67dd8d061a6d4-0002                 "percentage_rate": 0.06,
2025-03-21T16:00:10+00:00 INFO 67dd8d061a6d4-0002                 "fixed_rate": 30,
2025-03-21T16:00:10+00:00 INFO 67dd8d061a6d4-0002                 "currency": "usd"
2025-03-21T16:00:10+00:00 INFO 67dd8d061a6d4-0002             },
2025-03-21T16:00:10+00:00 INFO 67dd8d061a6d4-0002             "additional": {
2025-03-21T16:00:10+00:00 INFO 67dd8d061a6d4-0002                 "percentage_rate": 0,
2025-03-21T16:00:10+00:00 INFO 67dd8d061a6d4-0002                 "fixed_rate": 0,
2025-03-21T16:00:10+00:00 INFO 67dd8d061a6d4-0002                 "currency": "usd"
2025-03-21T16:00:10+00:00 INFO 67dd8d061a6d4-0002             },
2025-03-21T16:00:10+00:00 INFO 67dd8d061a6d4-0002             "fx": {
2025-03-21T16:00:10+00:00 INFO 67dd8d061a6d4-0002                 "percentage_rate": 0,
2025-03-21T16:00:10+00:00 INFO 67dd8d061a6d4-0002                 "fixed_rate": 0,
2025-03-21T16:00:10+00:00 INFO 67dd8d061a6d4-0002                 "currency": "usd"
2025-03-21T16:00:10+00:00 INFO 67dd8d061a6d4-0002             },
2025-03-21T16:00:10+00:00 INFO 67dd8d061a6d4-0002             "discount": []
2025-03-21T16:00:10+00:00 INFO 67dd8d061a6d4-0002         },
2025-03-21T16:00:10+00:00 INFO 67dd8d061a6d4-0002         "klarna": {
2025-03-21T16:00:10+00:00 INFO 67dd8d061a6d4-0002             "base": {
2025-03-21T16:00:10+00:00 INFO 67dd8d061a6d4-0002                 "percentage_rate": 0.0599,
2025-03-21T16:00:10+00:00 INFO 67dd8d061a6d4-0002                 "fixed_rate": 30,
2025-03-21T16:00:10+00:00 INFO 67dd8d061a6d4-0002                 "currency": "usd"
2025-03-21T16:00:10+00:00 INFO 67dd8d061a6d4-0002             },
2025-03-21T16:00:10+00:00 INFO 67dd8d061a6d4-0002             "additional": {
2025-03-21T16:00:10+00:00 INFO 67dd8d061a6d4-0002                 "percentage_rate": 0,
2025-03-21T16:00:10+00:00 INFO 67dd8d061a6d4-0002                 "fixed_rate": 0,
2025-03-21T16:00:10+00:00 INFO 67dd8d061a6d4-0002                 "currency": "usd"
2025-03-21T16:00:10+00:00 INFO 67dd8d061a6d4-0002             },
2025-03-21T16:00:10+00:00 INFO 67dd8d061a6d4-0002             "fx": {
2025-03-21T16:00:10+00:00 INFO 67dd8d061a6d4-0002                 "percentage_rate": 0,
2025-03-21T16:00:10+00:00 INFO 67dd8d061a6d4-0002                 "fixed_rate": 0,
2025-03-21T16:00:10+00:00 INFO 67dd8d061a6d4-0002                 "currency": "usd"
2025-03-21T16:00:10+00:00 INFO 67dd8d061a6d4-0002             },
2025-03-21T16:00:10+00:00 INFO 67dd8d061a6d4-0002             "discount": []
2025-03-21T16:00:10+00:00 INFO 67dd8d061a6d4-0002         }
2025-03-21T16:00:10+00:00 INFO 67dd8d061a6d4-0002     },
2025-03-21T16:00:10+00:00 INFO 67dd8d061a6d4-0002     "capital": {
2025-03-21T16:00:10+00:00 INFO 67dd8d061a6d4-0002         "has_active_loan": false,
2025-03-21T16:00:10+00:00 INFO 67dd8d061a6d4-0002         "has_previous_loans": false,
2025-03-21T16:00:10+00:00 INFO 67dd8d061a6d4-0002         "loans": []
2025-03-21T16:00:10+00:00 INFO 67dd8d061a6d4-0002     },
2025-03-21T16:00:10+00:00 INFO 67dd8d061a6d4-0002     "fraud_services": {
2025-03-21T16:00:10+00:00 INFO 67dd8d061a6d4-0002         "stripe": [],
2025-03-21T16:00:10+00:00 INFO 67dd8d061a6d4-0002         "sift": {
2025-03-21T16:00:10+00:00 INFO 67dd8d061a6d4-0002             "beacon_key": "affbdadb36",
2025-03-21T16:00:10+00:00 INFO 67dd8d061a6d4-0002             "sandbox_beacon_key": "6ad0ad748b"
2025-03-21T16:00:10+00:00 INFO 67dd8d061a6d4-0002         }
2025-03-21T16:00:10+00:00 INFO 67dd8d061a6d4-0002     },
2025-03-21T16:00:10+00:00 INFO 67dd8d061a6d4-0002     "store_currencies": {
2025-03-21T16:00:10+00:00 INFO 67dd8d061a6d4-0002         "default": "usd",
2025-03-21T16:00:10+00:00 INFO 67dd8d061a6d4-0002         "supported": [
2025-03-21T16:00:10+00:00 INFO 67dd8d061a6d4-0002             "usd"
2025-03-21T16:00:10+00:00 INFO 67dd8d061a6d4-0002         ]
2025-03-21T16:00:10+00:00 INFO 67dd8d061a6d4-0002     },
2025-03-21T16:00:10+00:00 INFO 67dd8d061a6d4-0002     "customer_currencies": {
2025-03-21T16:00:10+00:00 INFO 67dd8d061a6d4-0002         "supported": [
2025-03-21T16:00:10+00:00 INFO 67dd8d061a6d4-0002             "usd",
2025-03-21T16:00:10+00:00 INFO 67dd8d061a6d4-0002             "aed",
2025-03-21T16:00:10+00:00 INFO 67dd8d061a6d4-0002             "afn",
2025-03-21T16:00:10+00:00 INFO 67dd8d061a6d4-0002             "all",
2025-03-21T16:00:10+00:00 INFO 67dd8d061a6d4-0002             "amd",
2025-03-21T16:00:10+00:00 INFO 67dd8d061a6d4-0002             "ang",
2025-03-21T16:00:10+00:00 INFO 67dd8d061a6d4-0002             "aoa",
2025-03-21T16:00:10+00:00 INFO 67dd8d061a6d4-0002             "ars",
2025-03-21T16:00:10+00:00 INFO 67dd8d061a6d4-0002             "aud",
2025-03-21T16:00:10+00:00 INFO 67dd8d061a6d4-0002             "awg",
2025-03-21T16:00:10+00:00 INFO 67dd8d061a6d4-0002             "azn",
2025-03-21T16:00:10+00:00 INFO 67dd8d061a6d4-0002             "bam",
2025-03-21T16:00:10+00:00 INFO 67dd8d061a6d4-0002             "bbd",
2025-03-21T16:00:10+00:00 INFO 67dd8d061a6d4-0002             "bdt",
2025-03-21T16:00:10+00:00 INFO 67dd8d061a6d4-0002             "bgn",
2025-03-21T16:00:10+00:00 INFO 67dd8d061a6d4-0002             "bif",
2025-03-21T16:00:10+00:00 INFO 67dd8d061a6d4-0002             "bmd",
2025-03-21T16:00:10+00:00 INFO 67dd8d061a6d4-0002             "bnd",
2025-03-21T16:00:10+00:00 INFO 67dd8d061a6d4-0002             "bob",
2025-03-21T16:00:10+00:00 INFO 67dd8d061a6d4-0002             "brl",
2025-03-21T16:00:10+00:00 INFO 67dd8d061a6d4-0002             "bsd",
2025-03-21T16:00:10+00:00 INFO 67dd8d061a6d4-0002             "bwp",
2025-03-21T16:00:10+00:00 INFO 67dd8d061a6d4-0002             "byn",
2025-03-21T16:00:10+00:00 INFO 67dd8d061a6d4-0002             "bzd",
2025-03-21T16:00:10+00:00 INFO 67dd8d061a6d4-0002             "cad",
2025-03-21T16:00:10+00:00 INFO 67dd8d061a6d4-0002             "cdf",
2025-03-21T16:00:10+00:00 INFO 67dd8d061a6d4-0002             "chf",
2025-03-21T16:00:10+00:00 INFO 67dd8d061a6d4-0002             "clp",
2025-03-21T16:00:10+00:00 INFO 67dd8d061a6d4-0002             "cny",
2025-03-21T16:00:10+00:00 INFO 67dd8d061a6d4-0002             "cop",
2025-03-21T16:00:10+00:00 INFO 67dd8d061a6d4-0002             "crc",
2025-03-21T16:00:10+00:00 INFO 67dd8d061a6d4-0002             "cve",
2025-03-21T16:00:10+00:00 INFO 67dd8d061a6d4-0002             "czk",
2025-03-21T16:00:10+00:00 INFO 67dd8d061a6d4-0002             "djf",
2025-03-21T16:00:10+00:00 INFO 67dd8d061a6d4-0002             "dkk",
2025-03-21T16:00:10+00:00 INFO 67dd8d061a6d4-0002             "dop",
2025-03-21T16:00:10+00:00 INFO 67dd8d061a6d4-0002             "dzd",
2025-03-21T16:00:10+00:00 INFO 67dd8d061a6d4-0002             "egp",
2025-03-21T16:00:10+00:00 INFO 67dd8d061a6d4-0002             "etb",
2025-03-21T16:00:10+00:00 INFO 67dd8d061a6d4-0002             "eur",
2025-03-21T16:00:10+00:00 INFO 67dd8d061a6d4-0002             "fjd",
2025-03-21T16:00:10+00:00 INFO 67dd8d061a6d4-0002             "fkp",
2025-03-21T16:00:10+00:00 INFO 67dd8d061a6d4-0002             "gbp",
2025-03-21T16:00:10+00:00 INFO 67dd8d061a6d4-0002             "gel",
2025-03-21T16:00:10+00:00 INFO 67dd8d061a6d4-0002             "gip",
2025-03-21T16:00:10+00:00 INFO 67dd8d061a6d4-0002             "gmd",
2025-03-21T16:00:10+00:00 INFO 67dd8d061a6d4-0002             "gnf",
2025-03-21T16:00:10+00:00 INFO 67dd8d061a6d4-0002             "gtq",
2025-03-21T16:00:10+00:00 INFO 67dd8d061a6d4-0002             "gyd",
2025-03-21T16:00:10+00:00 INFO 67dd8d061a6d4-0002             "hkd",
2025-03-21T16:00:10+00:00 INFO 67dd8d061a6d4-0002             "hnl",
2025-03-21T16:00:10+00:00 INFO 67dd8d061a6d4-0002             "htg",
2025-03-21T16:00:10+00:00 INFO 67dd8d061a6d4-0002             "huf",
2025-03-21T16:00:10+00:00 INFO 67dd8d061a6d4-0002             "idr",
2025-03-21T16:00:10+00:00 INFO 67dd8d061a6d4-0002             "ils",
2025-03-21T16:00:10+00:00 INFO 67dd8d061a6d4-0002             "inr",
2025-03-21T16:00:10+00:00 INFO 67dd8d061a6d4-0002             "isk",
2025-03-21T16:00:10+00:00 INFO 67dd8d061a6d4-0002             "jmd",
2025-03-21T16:00:10+00:00 INFO 67dd8d061a6d4-0002             "jpy",
2025-03-21T16:00:10+00:00 INFO 67dd8d061a6d4-0002             "kes",
2025-03-21T16:00:10+00:00 INFO 67dd8d061a6d4-0002             "kgs",
2025-03-21T16:00:10+00:00 INFO 67dd8d061a6d4-0002             "khr",
2025-03-21T16:00:10+00:00 INFO 67dd8d061a6d4-0002             "kmf",
2025-03-21T16:00:10+00:00 INFO 67dd8d061a6d4-0002             "krw",
2025-03-21T16:00:10+00:00 INFO 67dd8d061a6d4-0002             "kyd",
2025-03-21T16:00:10+00:00 INFO 67dd8d061a6d4-0002             "kzt",
2025-03-21T16:00:10+00:00 INFO 67dd8d061a6d4-0002             "lak",
2025-03-21T16:00:10+00:00 INFO 67dd8d061a6d4-0002             "lbp",
2025-03-21T16:00:10+00:00 INFO 67dd8d061a6d4-0002             "lkr",
2025-03-21T16:00:10+00:00 INFO 67dd8d061a6d4-0002             "lrd",
2025-03-21T16:00:10+00:00 INFO 67dd8d061a6d4-0002             "lsl",
2025-03-21T16:00:10+00:00 INFO 67dd8d061a6d4-0002             "mad",
2025-03-21T16:00:10+00:00 INFO 67dd8d061a6d4-0002             "mdl",
2025-03-21T16:00:10+00:00 INFO 67dd8d061a6d4-0002             "mga",
2025-03-21T16:00:10+00:00 INFO 67dd8d061a6d4-0002             "mkd",
2025-03-21T16:00:10+00:00 INFO 67dd8d061a6d4-0002             "mmk",
2025-03-21T16:00:10+00:00 INFO 67dd8d061a6d4-0002             "mnt",
2025-03-21T16:00:10+00:00 INFO 67dd8d061a6d4-0002             "mop",
2025-03-21T16:00:10+00:00 INFO 67dd8d061a6d4-0002             "mur",
2025-03-21T16:00:10+00:00 INFO 67dd8d061a6d4-0002             "mvr",
2025-03-21T16:00:10+00:00 INFO 67dd8d061a6d4-0002             "mwk",
2025-03-21T16:00:10+00:00 INFO 67dd8d061a6d4-0002             "mxn",
2025-03-21T16:00:10+00:00 INFO 67dd8d061a6d4-0002             "myr",
2025-03-21T16:00:10+00:00 INFO 67dd8d061a6d4-0002             "mzn",
2025-03-21T16:00:10+00:00 INFO 67dd8d061a6d4-0002             "nad",
2025-03-21T16:00:10+00:00 INFO 67dd8d061a6d4-0002             "ngn",
2025-03-21T16:00:10+00:00 INFO 67dd8d061a6d4-0002             "nio",
2025-03-21T16:00:10+00:00 INFO 67dd8d061a6d4-0002             "nok",
2025-03-21T16:00:10+00:00 INFO 67dd8d061a6d4-0002             "npr",
2025-03-21T16:00:10+00:00 INFO 67dd8d061a6d4-0002             "nzd",
2025-03-21T16:00:10+00:00 INFO 67dd8d061a6d4-0002             "pab",
2025-03-21T16:00:10+00:00 INFO 67dd8d061a6d4-0002             "pen",
2025-03-21T16:00:10+00:00 INFO 67dd8d061a6d4-0002             "pgk",
2025-03-21T16:00:10+00:00 INFO 67dd8d061a6d4-0002             "php",
2025-03-21T16:00:10+00:00 INFO 67dd8d061a6d4-0002             "pkr",
2025-03-21T16:00:10+00:00 INFO 67dd8d061a6d4-0002             "pln",
2025-03-21T16:00:10+00:00 INFO 67dd8d061a6d4-0002             "pyg",
2025-03-21T16:00:10+00:00 INFO 67dd8d061a6d4-0002             "qar",
2025-03-21T16:00:10+00:00 INFO 67dd8d061a6d4-0002             "ron",
2025-03-21T16:00:10+00:00 INFO 67dd8d061a6d4-0002             "rsd",
2025-03-21T16:00:10+00:00 INFO 67dd8d061a6d4-0002             "rub",
2025-03-21T16:00:10+00:00 INFO 67dd8d061a6d4-0002             "rwf",
2025-03-21T16:00:10+00:00 INFO 67dd8d061a6d4-0002             "sar",
2025-03-21T16:00:10+00:00 INFO 67dd8d061a6d4-0002             "sbd",
2025-03-21T16:00:10+00:00 INFO 67dd8d061a6d4-0002             "scr",
2025-03-21T16:00:10+00:00 INFO 67dd8d061a6d4-0002             "sek",
2025-03-21T16:00:10+00:00 INFO 67dd8d061a6d4-0002             "sgd",
2025-03-21T16:00:10+00:00 INFO 67dd8d061a6d4-0002             "shp",
2025-03-21T16:00:10+00:00 INFO 67dd8d061a6d4-0002             "sle",
2025-03-21T16:00:10+00:00 INFO 67dd8d061a6d4-0002             "sos",
2025-03-21T16:00:10+00:00 INFO 67dd8d061a6d4-0002             "srd",
2025-03-21T16:00:10+00:00 INFO 67dd8d061a6d4-0002             "std",
2025-03-21T16:00:10+00:00 INFO 67dd8d061a6d4-0002             "szl",
2025-03-21T16:00:10+00:00 INFO 67dd8d061a6d4-0002             "thb",
2025-03-21T16:00:10+00:00 INFO 67dd8d061a6d4-0002             "tjs",
2025-03-21T16:00:10+00:00 INFO 67dd8d061a6d4-0002             "top",
2025-03-21T16:00:10+00:00 INFO 67dd8d061a6d4-0002             "try",
2025-03-21T16:00:10+00:00 INFO 67dd8d061a6d4-0002             "ttd",
2025-03-21T16:00:10+00:00 INFO 67dd8d061a6d4-0002             "twd",
2025-03-21T16:00:10+00:00 INFO 67dd8d061a6d4-0002             "tzs",
2025-03-21T16:00:10+00:00 INFO 67dd8d061a6d4-0002             "uah",
2025-03-21T16:00:10+00:00 INFO 67dd8d061a6d4-0002             "ugx",
2025-03-21T16:00:10+00:00 INFO 67dd8d061a6d4-0002             "uyu",
2025-03-21T16:00:10+00:00 INFO 67dd8d061a6d4-0002             "uzs",
2025-03-21T16:00:10+00:00 INFO 67dd8d061a6d4-0002             "vnd",
2025-03-21T16:00:10+00:00 INFO 67dd8d061a6d4-0002             "vuv",
2025-03-21T16:00:10+00:00 INFO 67dd8d061a6d4-0002             "wst",
2025-03-21T16:00:10+00:00 INFO 67dd8d061a6d4-0002             "xaf",
2025-03-21T16:00:10+00:00 INFO 67dd8d061a6d4-0002             "xcd",
2025-03-21T16:00:10+00:00 INFO 67dd8d061a6d4-0002             "xof",
2025-03-21T16:00:10+00:00 INFO 67dd8d061a6d4-0002             "xpf",
2025-03-21T16:00:10+00:00 INFO 67dd8d061a6d4-0002             "yer",
2025-03-21T16:00:10+00:00 INFO 67dd8d061a6d4-0002             "zar",
2025-03-21T16:00:10+00:00 INFO 67dd8d061a6d4-0002             "zmw"
2025-03-21T16:00:10+00:00 INFO 67dd8d061a6d4-0002         ]
2025-03-21T16:00:10+00:00 INFO 67dd8d061a6d4-0002     },
2025-03-21T16:00:10+00:00 INFO 67dd8d061a6d4-0002     "country": "(redacted)",
2025-03-21T16:00:10+00:00 INFO 67dd8d061a6d4-0002     "instant_deposits_eligible": false,
2025-03-21T16:00:10+00:00 INFO 67dd8d061a6d4-0002     "card_present_eligible": true,
2025-03-21T16:00:10+00:00 INFO 67dd8d061a6d4-0002     "has_card_readers_available": false,
2025-03-21T16:00:10+00:00 INFO 67dd8d061a6d4-0002     "platform_checkout_eligible": true,
2025-03-21T16:00:10+00:00 INFO 67dd8d061a6d4-0002     "platform_direct_checkout_eligible": true,
2025-03-21T16:00:10+00:00 INFO 67dd8d061a6d4-0002     "platform_global_theme_support_enabled": true,
2025-03-21T16:00:10+00:00 INFO 67dd8d061a6d4-0002     "business_profile": {
2025-03-21T16:00:10+00:00 INFO 67dd8d061a6d4-0002         "name": "(redacted)",
2025-03-21T16:00:10+00:00 INFO 67dd8d061a6d4-0002         "url": "https:\/\/northernlights.grubmenu.io",
2025-03-21T16:00:10+00:00 INFO 67dd8d061a6d4-0002         "support_address": [],
2025-03-21T16:00:10+00:00 INFO 67dd8d061a6d4-0002         "support_email": "plenty.helpful@example.com",
2025-03-21T16:00:10+00:00 INFO 67dd8d061a6d4-0002         "support_phone": "+10000000000"
2025-03-21T16:00:10+00:00 INFO 67dd8d061a6d4-0002     },
2025-03-21T16:00:10+00:00 INFO 67dd8d061a6d4-0002     "branding": {
2025-03-21T16:00:10+00:00 INFO 67dd8d061a6d4-0002         "icon": "file_1Qv6ptFuiXB5oUVxW9EmwLOC",
2025-03-21T16:00:10+00:00 INFO 67dd8d061a6d4-0002         "logo": "file_1Qv6ptFuiXB5oUVx4x2imFNO",
2025-03-21T16:00:10+00:00 INFO 67dd8d061a6d4-0002         "primary_color": "#873eff",
2025-03-21T16:00:10+00:00 INFO 67dd8d061a6d4-0002         "secondary_color": "#2c045d"
2025-03-21T16:00:10+00:00 INFO 67dd8d061a6d4-0002     },
2025-03-21T16:00:10+00:00 INFO 67dd8d061a6d4-0002     "locale": "en_US",
2025-03-21T16:00:10+00:00 INFO 67dd8d061a6d4-0002     "has_more_failed_events": false,
2025-03-21T16:00:10+00:00 INFO 67dd8d061a6d4-0002     "has_submitted_vat_data": false,
2025-03-21T16:00:10+00:00 INFO 67dd8d061a6d4-0002     "is_documents_enabled": false,
2025-03-21T16:00:10+00:00 INFO 67dd8d061a6d4-0002     "card_testing_protection_eligible": false,
2025-03-21T16:00:10+00:00 INFO 67dd8d061a6d4-0002     "progressive_onboarding": {
2025-03-21T16:00:10+00:00 INFO 67dd8d061a6d4-0002         "is_enabled": false,
2025-03-21T16:00:10+00:00 INFO 67dd8d061a6d4-0002         "is_complete": false,
2025-03-21T16:00:10+00:00 INFO 67dd8d061a6d4-0002         "tpv": null,
2025-03-21T16:00:10+00:00 INFO 67dd8d061a6d4-0002         "first_transaction_date": null,
2025-03-21T16:00:10+00:00 INFO 67dd8d061a6d4-0002         "kyc_deadline_date": null
2025-03-21T16:00:10+00:00 INFO 67dd8d061a6d4-0002     },
2025-03-21T16:00:10+00:00 INFO 67dd8d061a6d4-0002     "fraud_mitigation_settings": {
2025-03-21T16:00:10+00:00 INFO 67dd8d061a6d4-0002         "avs_check_enabled": false,
2025-03-21T16:00:10+00:00 INFO 67dd8d061a6d4-0002         "cvc_check_enabled": true
2025-03-21T16:00:10+00:00 INFO 67dd8d061a6d4-0002     },
2025-03-21T16:00:10+00:00 INFO 67dd8d061a6d4-0002     "is_deferred_intent_creation_upe_enabled": true,
2025-03-21T16:00:10+00:00 INFO 67dd8d061a6d4-0002     "pre_check_save_my_info": true,
2025-03-21T16:00:10+00:00 INFO 67dd8d061a6d4-0002     "is_tokenized_ece_disabled": false,
2025-03-21T16:00:10+00:00 INFO 67dd8d061a6d4-0002     "eligibility_wporg_review_campaign_2025": false
2025-03-21T16:00:10+00:00 INFO 67dd8d061a6d4-0002 }
2025-03-21T16:00:11+00:00 INFO 67dd8d061a6d4-0003 REQUEST_67dd8d0b273a3 (JSON): {
2025-03-21T16:00:11+00:00 INFO 67dd8d061a6d4-0003     "url": "https:\/\/public-api.wordpress.com\/wpcom\/v2\/sites\/%s\/wcpay\/currency\/rates?test_mode=1&currency_from=usd",
2025-03-21T16:00:11+00:00 INFO 67dd8d061a6d4-0003     "method": "GET",
2025-03-21T16:00:11+00:00 INFO 67dd8d061a6d4-0003     "headers": {
2025-03-21T16:00:11+00:00 INFO 67dd8d061a6d4-0003         "Content-Type": "application\/json; charset=utf-8",
2025-03-21T16:00:11+00:00 INFO 67dd8d061a6d4-0003         "User-Agent": "WooCommerce Payments\/8.9.2",
2025-03-21T16:00:11+00:00 INFO 67dd8d061a6d4-0003         "X-Request-Initiated": 1742572811.160673
2025-03-21T16:00:11+00:00 INFO 67dd8d061a6d4-0003     },
2025-03-21T16:00:11+00:00 INFO 67dd8d061a6d4-0003     "timeout": 70,
2025-03-21T16:00:11+00:00 INFO 67dd8d061a6d4-0003     "connect_timeout": 70
2025-03-21T16:00:11+00:00 INFO 67dd8d061a6d4-0003 }
2025-03-21T16:00:11+00:00 INFO 67dd8d061a6d4-0004 RESPONSE_67dd8d0b273a3 (JSON): {
2025-03-21T16:00:11+00:00 INFO 67dd8d061a6d4-0004     "AED": 3.673,
2025-03-21T16:00:11+00:00 INFO 67dd8d061a6d4-0004     "AFN": 70.6213,
2025-03-21T16:00:11+00:00 INFO 67dd8d061a6d4-0004     "ALL": 91.042284,
2025-03-21T16:00:11+00:00 INFO 67dd8d061a6d4-0004     "AMD": 392.54,
2025-03-21T16:00:11+00:00 INFO 67dd8d061a6d4-0004     "ANG": 1.802039,
2025-03-21T16:00:11+00:00 INFO 67dd8d061a6d4-0004     "AOA": 913,
2025-03-21T16:00:11+00:00 INFO 67dd8d061a6d4-0004     "ARS": 1068.3257,
2025-03-21T16:00:11+00:00 INFO 67dd8d061a6d4-0004     "AUD": 1.593118,
2025-03-21T16:00:11+00:00 INFO 67dd8d061a6d4-0004     "AWG": 1.8,
2025-03-21T16:00:11+00:00 INFO 67dd8d061a6d4-0004     "AZN": 1.7,
2025-03-21T16:00:11+00:00 INFO 67dd8d061a6d4-0004     "BAM": 1.80224,
2025-03-21T16:00:11+00:00 INFO 67dd8d061a6d4-0004     "BBD": 2,
2025-03-21T16:00:11+00:00 INFO 67dd8d061a6d4-0004     "BDT": 121.48858,
2025-03-21T16:00:11+00:00 INFO 67dd8d061a6d4-0004     "BGN": 1.8055,
2025-03-21T16:00:11+00:00 INFO 67dd8d061a6d4-0004     "BHD": 0.376958,
2025-03-21T16:00:11+00:00 INFO 67dd8d061a6d4-0004     "BIF": 2963.404925,
2025-03-21T16:00:11+00:00 INFO 67dd8d061a6d4-0004     "BMD": 1,
2025-03-21T16:00:11+00:00 INFO 67dd8d061a6d4-0004     "BND": 1.333573,
2025-03-21T16:00:11+00:00 INFO 67dd8d061a6d4-0004     "BOB": 6.909262,
2025-03-21T16:00:11+00:00 INFO 67dd8d061a6d4-0004     "BRL": 5.7312,
2025-03-21T16:00:11+00:00 INFO 67dd8d061a6d4-0004     "BSD": 1,
2025-03-21T16:00:11+00:00 INFO 67dd8d061a6d4-0004     "BTC": 1.2e-5,
2025-03-21T16:00:11+00:00 INFO 67dd8d061a6d4-0004     "BTN": 86.271656,
2025-03-21T16:00:11+00:00 INFO 67dd8d061a6d4-0004     "BWP": 13.632384,
2025-03-21T16:00:11+00:00 INFO 67dd8d061a6d4-0004     "BYN": 3.272285,
2025-03-21T16:00:11+00:00 INFO 67dd8d061a6d4-0004     "BZD": 2.008469,
2025-03-21T16:00:11+00:00 INFO 67dd8d061a6d4-0004     "CAD": 1.434237,
2025-03-21T16:00:11+00:00 INFO 67dd8d061a6d4-0004     "CDF": 2862.398223,
2025-03-21T16:00:11+00:00 INFO 67dd8d061a6d4-0004     "CHF": 0.8821,
2025-03-21T16:00:11+00:00 INFO 67dd8d061a6d4-0004     "CLF": 0.024206,
2025-03-21T16:00:11+00:00 INFO 67dd8d061a6d4-0004     "CLP": 928.92,
2025-03-21T16:00:11+00:00 INFO 67dd8d061a6d4-0004     "CNH": 7.25686,
2025-03-21T16:00:11+00:00 INFO 67dd8d061a6d4-0004     "CNY": 7.2493,
2025-03-21T16:00:11+00:00 INFO 67dd8d061a6d4-0004     "COP": 4182.510485,
2025-03-21T16:00:11+00:00 INFO 67dd8d061a6d4-0004     "CRC": 499.905689,
2025-03-21T16:00:11+00:00 INFO 67dd8d061a6d4-0004     "CUC": 1,
2025-03-21T16:00:11+00:00 INFO 67dd8d061a6d4-0004     "CUP": 25.75,
2025-03-21T16:00:11+00:00 INFO 67dd8d061a6d4-0004     "CVE": 101.607531,
2025-03-21T16:00:11+00:00 INFO 67dd8d061a6d4-0004     "CZK": 23.07975,
2025-03-21T16:00:11+00:00 INFO 67dd8d061a6d4-0004     "DJF": 178.058501,
2025-03-21T16:00:11+00:00 INFO 67dd8d061a6d4-0004     "DKK": 6.89169,
2025-03-21T16:00:11+00:00 INFO 67dd8d061a6d4-0004     "DOP": 62.991547,
2025-03-21T16:00:11+00:00 INFO 67dd8d061a6d4-0004     "DZD": 134.076873,
2025-03-21T16:00:11+00:00 INFO 67dd8d061a6d4-0004     "EGP": 50.5763,
2025-03-21T16:00:11+00:00 INFO 67dd8d061a6d4-0004     "ERN": 15,
2025-03-21T16:00:11+00:00 INFO 67dd8d061a6d4-0004     "ETB": 131.865212,
2025-03-21T16:00:11+00:00 INFO 67dd8d061a6d4-0004     "EUR": 0.923882,
2025-03-21T16:00:11+00:00 INFO 67dd8d061a6d4-0004     "FJD": 2.2968,
2025-03-21T16:00:11+00:00 INFO 67dd8d061a6d4-0004     "FKP": 0.773141,
2025-03-21T16:00:11+00:00 INFO 67dd8d061a6d4-0004     "GBP": 0.773141,
2025-03-21T16:00:11+00:00 INFO 67dd8d061a6d4-0004     "GEL": 2.77,
2025-03-21T16:00:11+00:00 INFO 67dd8d061a6d4-0004     "GGP": 0.773141,
2025-03-21T16:00:11+00:00 INFO 67dd8d061a6d4-0004     "GHS": 15.498383,
2025-03-21T16:00:11+00:00 INFO 67dd8d061a6d4-0004     "GIP": 0.773141,
2025-03-21T16:00:11+00:00 INFO 67dd8d061a6d4-0004     "GMD": 71.000004,
2025-03-21T16:00:11+00:00 INFO 67dd8d061a6d4-0004     "GNF": 8646.186425,
2025-03-21T16:00:11+00:00 INFO 67dd8d061a6d4-0004     "GTQ": 7.704464,
2025-03-21T16:00:11+00:00 INFO 67dd8d061a6d4-0004     "GYD": 209.812947,
2025-03-21T16:00:11+00:00 INFO 67dd8d061a6d4-0004     "HKD": 7.773039,
2025-03-21T16:00:11+00:00 INFO 67dd8d061a6d4-0004     "HNL": 25.579949,
2025-03-21T16:00:11+00:00 INFO 67dd8d061a6d4-0004     "HRK": 6.96033,
2025-03-21T16:00:11+00:00 INFO 67dd8d061a6d4-0004     "HTG": 131.041919,
2025-03-21T16:00:11+00:00 INFO 67dd8d061a6d4-0004     "HUF": 368.503309,
2025-03-21T16:00:11+00:00 INFO 67dd8d061a6d4-0004     "IDR": 16522.274661,
2025-03-21T16:00:11+00:00 INFO 67dd8d061a6d4-0004     "ILS": 3.717818,
2025-03-21T16:00:11+00:00 INFO 67dd8d061a6d4-0004     "IMP": 0.773141,
2025-03-21T16:00:11+00:00 INFO 67dd8d061a6d4-0004     "INR": 86.022142,
2025-03-21T16:00:11+00:00 INFO 67dd8d061a6d4-0004     "IQD": 1309.863813,
2025-03-21T16:00:11+00:00 INFO 67dd8d061a6d4-0004     "IRR": 42100,
2025-03-21T16:00:11+00:00 INFO 67dd8d061a6d4-0004     "ISK": 133.3,
2025-03-21T16:00:11+00:00 INFO 67dd8d061a6d4-0004     "JEP": 0.773141,
2025-03-21T16:00:11+00:00 INFO 67dd8d061a6d4-0004     "JMD": 156.495797,
2025-03-21T16:00:11+00:00 INFO 67dd8d061a6d4-0004     "JOD": 0.709,
2025-03-21T16:00:11+00:00 INFO 67dd8d061a6d4-0004     "JPY": 148.8722,
2025-03-21T16:00:11+00:00 INFO 67dd8d061a6d4-0004     "KES": 129.35,
2025-03-21T16:00:11+00:00 INFO 67dd8d061a6d4-0004     "KGS": 85.9051,
2025-03-21T16:00:11+00:00 INFO 67dd8d061a6d4-0004     "KHR": 4004.757111,
2025-03-21T16:00:11+00:00 INFO 67dd8d061a6d4-0004     "KMF": 452.499738,
2025-03-21T16:00:11+00:00 INFO 67dd8d061a6d4-0004     "KPW": 900,
2025-03-21T16:00:11+00:00 INFO 67dd8d061a6d4-0004     "KRW": 1466.418051,
2025-03-21T16:00:11+00:00 INFO 67dd8d061a6d4-0004     "KWD": 0.308096,
2025-03-21T16:00:11+00:00 INFO 67dd8d061a6d4-0004     "KYD": 0.833295,
2025-03-21T16:00:11+00:00 INFO 67dd8d061a6d4-0004     "KZT": 503.087351,
2025-03-21T16:00:11+00:00 INFO 67dd8d061a6d4-0004     "LAK": 21647.950618,
2025-03-21T16:00:11+00:00 INFO 67dd8d061a6d4-0004     "LBP": 89580.086635,
2025-03-21T16:00:11+00:00 INFO 67dd8d061a6d4-0004     "LKR": 296.322038,
2025-03-21T16:00:11+00:00 INFO 67dd8d061a6d4-0004     "LRD": 199.97973,
2025-03-21T16:00:11+00:00 INFO 67dd8d061a6d4-0004     "LSL": 18.185981,
2025-03-21T16:00:11+00:00 INFO 67dd8d061a6d4-0004     "LYD": 4.811073,
2025-03-21T16:00:11+00:00 INFO 67dd8d061a6d4-0004     "MAD": 9.601228,
2025-03-21T16:00:11+00:00 INFO 67dd8d061a6d4-0004     "MDL": 18.050626,
2025-03-21T16:00:11+00:00 INFO 67dd8d061a6d4-0004     "MGA": 4674.677614,
2025-03-21T16:00:11+00:00 INFO 67dd8d061a6d4-0004     "MKD": 56.795421,
2025-03-21T16:00:11+00:00 INFO 67dd8d061a6d4-0004     "MMK": 2098,
2025-03-21T16:00:11+00:00 INFO 67dd8d061a6d4-0004     "MNT": 3398,
2025-03-21T16:00:11+00:00 INFO 67dd8d061a6d4-0004     "MOP": 8.005455,
2025-03-21T16:00:11+00:00 INFO 67dd8d061a6d4-0004     "MUR": 45.300003,
2025-03-21T16:00:11+00:00 INFO 67dd8d061a6d4-0004     "MVR": 15.41,
2025-03-21T16:00:11+00:00 INFO 67dd8d061a6d4-0004     "MWK": 1733.772496,
2025-03-21T16:00:11+00:00 INFO 67dd8d061a6d4-0004     "MXN": 20.219585,
2025-03-21T16:00:11+00:00 INFO 67dd8d061a6d4-0004     "MYR": 4.421,
2025-03-21T16:00:11+00:00 INFO 67dd8d061a6d4-0004     "MZN": 63.909994,
2025-03-21T16:00:11+00:00 INFO 67dd8d061a6d4-0004     "NAD": 18.185814,
2025-03-21T16:00:11+00:00 INFO 67dd8d061a6d4-0004     "NGN": 1532.93,
2025-03-21T16:00:11+00:00 INFO 67dd8d061a6d4-0004     "NIO": 36.79489,
2025-03-21T16:00:11+00:00 INFO 67dd8d061a6d4-0004     "NOK": 10.529125,
2025-03-21T16:00:11+00:00 INFO 67dd8d061a6d4-0004     "NPR": 138.033818,
2025-03-21T16:00:11+00:00 INFO 67dd8d061a6d4-0004     "NZD": 1.740205,
2025-03-21T16:00:11+00:00 INFO 67dd8d061a6d4-0004     "OMR": 0.384925,
2025-03-21T16:00:11+00:00 INFO 67dd8d061a6d4-0004     "PAB": 1,
2025-03-21T16:00:11+00:00 INFO 67dd8d061a6d4-0004     "PEN": 3.624108,
2025-03-21T16:00:11+00:00 INFO 67dd8d061a6d4-0004     "PGK": 4.116273,
2025-03-21T16:00:11+00:00 INFO 67dd8d061a6d4-0004     "PHP": 57.291501,
2025-03-21T16:00:11+00:00 INFO 67dd8d061a6d4-0004     "PKR": 280.169641,
2025-03-21T16:00:11+00:00 INFO 67dd8d061a6d4-0004     "PLN": 3.875939,
2025-03-21T16:00:11+00:00 INFO 67dd8d061a6d4-0004     "PYG": 7994.548855,
2025-03-21T16:00:11+00:00 INFO 67dd8d061a6d4-0004     "QAR": 3.644807,
2025-03-21T16:00:11+00:00 INFO 67dd8d061a6d4-0004     "RON": 4.5978,
2025-03-21T16:00:11+00:00 INFO 67dd8d061a6d4-0004     "RSD": 108.274,
2025-03-21T16:00:11+00:00 INFO 67dd8d061a6d4-0004     "RUB": 84.500417,
2025-03-21T16:00:11+00:00 INFO 67dd8d061a6d4-0004     "RWF": 1438.710197,
2025-03-21T16:00:11+00:00 INFO 67dd8d061a6d4-0004     "SAR": 3.751311,
2025-03-21T16:00:11+00:00 INFO 67dd8d061a6d4-0004     "SBD": 8.414898,
2025-03-21T16:00:11+00:00 INFO 67dd8d061a6d4-0004     "SCR": 14.34739,
2025-03-21T16:00:11+00:00 INFO 67dd8d061a6d4-0004     "SDG": 601,
2025-03-21T16:00:11+00:00 INFO 67dd8d061a6d4-0004     "SEK": 10.118535,
2025-03-21T16:00:11+00:00 INFO 67dd8d061a6d4-0004     "SGD": 1.33538,
2025-03-21T16:00:11+00:00 INFO 67dd8d061a6d4-0004     "SHP": 0.773141,
2025-03-21T16:00:11+00:00 INFO 67dd8d061a6d4-0004     "SLL": 20969.5,
2025-03-21T16:00:11+00:00 INFO 67dd8d061a6d4-0004     "SOS": 571.409945,
2025-03-21T16:00:11+00:00 INFO 67dd8d061a6d4-0004     "SRD": 36.25,
2025-03-21T16:00:11+00:00 INFO 67dd8d061a6d4-0004     "SSP": 130.26,
2025-03-21T16:00:11+00:00 INFO 67dd8d061a6d4-0004     "STD": 22281.8,
2025-03-21T16:00:11+00:00 INFO 67dd8d061a6d4-0004     "SVC": 8.749499,
2025-03-21T16:00:11+00:00 INFO 67dd8d061a6d4-0004     "SYP": 13002,
2025-03-21T16:00:11+00:00 INFO 67dd8d061a6d4-0004     "SZL": 18.17076,
2025-03-21T16:00:11+00:00 INFO 67dd8d061a6d4-0004     "THB": 33.9075,
2025-03-21T16:00:11+00:00 INFO 67dd8d061a6d4-0004     "TJS": 10.923835,
2025-03-21T16:00:11+00:00 INFO 67dd8d061a6d4-0004     "TMT": 3.51,
2025-03-21T16:00:11+00:00 INFO 67dd8d061a6d4-0004     "TND": 3.093196,
2025-03-21T16:00:11+00:00 INFO 67dd8d061a6d4-0004     "TOP": 2.40776,
2025-03-21T16:00:11+00:00 INFO 67dd8d061a6d4-0004     "TRY": 37.929502,
2025-03-21T16:00:11+00:00 INFO 67dd8d061a6d4-0004     "TTD": 6.794108,
2025-03-21T16:00:11+00:00 INFO 67dd8d061a6d4-0004     "TWD": 33.020001,
2025-03-21T16:00:11+00:00 INFO 67dd8d061a6d4-0004     "TZS": 2655,
2025-03-21T16:00:11+00:00 INFO 67dd8d061a6d4-0004     "UAH": 41.528467,
2025-03-21T16:00:11+00:00 INFO 67dd8d061a6d4-0004     "UGX": 3665.677212,
2025-03-21T16:00:11+00:00 INFO 67dd8d061a6d4-0004     "USD": 1,
2025-03-21T16:00:11+00:00 INFO 67dd8d061a6d4-0004     "UYU": 42.199983,
2025-03-21T16:00:11+00:00 INFO 67dd8d061a6d4-0004     "UZS": 12939.317453,
2025-03-21T16:00:11+00:00 INFO 67dd8d061a6d4-0004     "VND": 25583.690908,
2025-03-21T16:00:11+00:00 INFO 67dd8d061a6d4-0004     "VUV": 118.722,
2025-03-21T16:00:11+00:00 INFO 67dd8d061a6d4-0004     "WST": 2.8,
2025-03-21T16:00:11+00:00 INFO 67dd8d061a6d4-0004     "XAF": 606.026583,
2025-03-21T16:00:11+00:00 INFO 67dd8d061a6d4-0004     "XAG": 0.030376,
2025-03-21T16:00:11+00:00 INFO 67dd8d061a6d4-0004     "XAU": 0.000332,
2025-03-21T16:00:11+00:00 INFO 67dd8d061a6d4-0004     "XCD": 2.70255,
2025-03-21T16:00:11+00:00 INFO 67dd8d061a6d4-0004     "XDR": 0.748039,
2025-03-21T16:00:11+00:00 INFO 67dd8d061a6d4-0004     "XOF": 606.026583,
2025-03-21T16:00:11+00:00 INFO 67dd8d061a6d4-0004     "XPD": 0.001052,
2025-03-21T16:00:11+00:00 INFO 67dd8d061a6d4-0004     "XPF": 110.248397,
2025-03-21T16:00:11+00:00 INFO 67dd8d061a6d4-0004     "XPT": 0.001027,
2025-03-21T16:00:11+00:00 INFO 67dd8d061a6d4-0004     "YER": 246.099987,
2025-03-21T16:00:11+00:00 INFO 67dd8d061a6d4-0004     "ZAR": 18.212452,
2025-03-21T16:00:11+00:00 INFO 67dd8d061a6d4-0004     "ZMW": 28.87644,
2025-03-21T16:00:11+00:00 INFO 67dd8d061a6d4-0004     "ZWL": 322
2025-03-21T16:00:11+00:00 INFO 67dd8d061a6d4-0004 }
2025-03-21T17:30:34+00:00 INFO 67dda2393ed1e-0001 REQUEST_67dda23aaaede (JSON): {
2025-03-21T17:30:34+00:00 INFO 67dda2393ed1e-0001     "url": "https:\/\/public-api.wordpress.com\/wpcom\/v2\/sites\/%s\/wcpay\/compatibility",
2025-03-21T17:30:34+00:00 INFO 67dda2393ed1e-0001     "method": "POST",
2025-03-21T17:30:34+00:00 INFO 67dda2393ed1e-0001     "headers": {
2025-03-21T17:30:34+00:00 INFO 67dda2393ed1e-0001         "Content-Type": "application\/json; charset=utf-8",
2025-03-21T17:30:34+00:00 INFO 67dda2393ed1e-0001         "User-Agent": "WooCommerce Payments\/8.9.2",
2025-03-21T17:30:34+00:00 INFO 67dda2393ed1e-0001         "Idempotency-Key": "2f0a6aa4-364e-4687-9007-0eb11b22ad38",
2025-03-21T17:30:34+00:00 INFO 67dda2393ed1e-0001         "X-Request-Initiated": 1742578234.700122
2025-03-21T17:30:34+00:00 INFO 67dda2393ed1e-0001     },
2025-03-21T17:30:34+00:00 INFO 67dda2393ed1e-0001     "timeout": 70,
2025-03-21T17:30:34+00:00 INFO 67dda2393ed1e-0001     "connect_timeout": 70,
2025-03-21T17:30:34+00:00 INFO 67dda2393ed1e-0001     "body": {
2025-03-21T17:30:34+00:00 INFO 67dda2393ed1e-0001         "test_mode": true,
2025-03-21T17:30:34+00:00 INFO 67dda2393ed1e-0001         "compatibility_data": {
2025-03-21T17:30:34+00:00 INFO 67dda2393ed1e-0001             "woopayments_version": "8.9.2",
2025-03-21T17:30:34+00:00 INFO 67dda2393ed1e-0001             "woocommerce_version": "9.6.2",
2025-03-21T17:30:34+00:00 INFO 67dda2393ed1e-0001             "woocommerce_permalinks": {
2025-03-21T17:30:34+00:00 INFO 67dda2393ed1e-0001                 "product_base": "\/product",
2025-03-21T17:30:34+00:00 INFO 67dda2393ed1e-0001                 "category_base": "product-category",
2025-03-21T17:30:34+00:00 INFO 67dda2393ed1e-0001                 "tag_base": "product-tag",
2025-03-21T17:30:34+00:00 INFO 67dda2393ed1e-0001                 "attribute_base": "",
2025-03-21T17:30:34+00:00 INFO 67dda2393ed1e-0001                 "use_verbose_page_rules": false
2025-03-21T17:30:34+00:00 INFO 67dda2393ed1e-0001             },
2025-03-21T17:30:34+00:00 INFO 67dda2393ed1e-0001             "woocommerce_shop": "https:\/\/northernlights.grubmenu.io\/shop\/",
2025-03-21T17:30:34+00:00 INFO 67dda2393ed1e-0001             "woocommerce_cart": "https:\/\/northernlights.grubmenu.io\/cart\/",
2025-03-21T17:30:34+00:00 INFO 67dda2393ed1e-0001             "woocommerce_checkout": "https:\/\/northernlights.grubmenu.io\/checkout\/",
2025-03-21T17:30:34+00:00 INFO 67dda2393ed1e-0001             "blog_theme": "hello-theme-child-master",
2025-03-21T17:30:34+00:00 INFO 67dda2393ed1e-0001             "active_plugins": {
2025-03-21T17:30:34+00:00 INFO 67dda2393ed1e-0001                 "0": "advanced-custom-fields\/acf.php",
2025-03-21T17:30:34+00:00 INFO 67dda2393ed1e-0001                 "1": "classic-editor\/classic-editor.php",
2025-03-21T17:30:34+00:00 INFO 67dda2393ed1e-0001                 "2": "classic-widgets\/classic-widgets.php",
2025-03-21T17:30:34+00:00 INFO 67dda2393ed1e-0001                 "3": "code-snippets\/code-snippets.php",
2025-03-21T17:30:34+00:00 INFO 67dda2393ed1e-0001                 "4": "elementor-pro\/elementor-pro.php",
2025-03-21T17:30:34+00:00 INFO 67dda2393ed1e-0001                 "5": "elementor\/elementor.php",
2025-03-21T17:30:34+00:00 INFO 67dda2393ed1e-0001                 "6": "elementskit-lite\/elementskit-lite.php",
2025-03-21T17:30:34+00:00 INFO 67dda2393ed1e-0001                 "8": "metform\/metform.php",
2025-03-21T17:30:34+00:00 INFO 67dda2393ed1e-0001                 "9": "orderable-pro\/orderable-pro.php",
2025-03-21T17:30:34+00:00 INFO 67dda2393ed1e-0001                 "10": "orderable\/orderable.php",
2025-03-21T17:30:34+00:00 INFO 67dda2393ed1e-0001                 "11": "pods\/init.php",
2025-03-21T17:30:34+00:00 INFO 67dda2393ed1e-0001                 "12": "woo-update-manager\/woo-update-manager.php",
2025-03-21T17:30:34+00:00 INFO 67dda2393ed1e-0001                 "13": "woocommerce-payments\/woocommerce-payments.php",
2025-03-21T17:30:34+00:00 INFO 67dda2393ed1e-0001                 "14": "woocommerce-square\/woocommerce-square.php",
2025-03-21T17:30:34+00:00 INFO 67dda2393ed1e-0001                 "15": "woocommerce\/woocommerce.php",
2025-03-21T17:30:34+00:00 INFO 67dda2393ed1e-0001                 "16": "wp-mail-logging\/wp-mail-logging.php",
2025-03-21T17:30:34+00:00 INFO 67dda2393ed1e-0001                 "17": "wp-mail-smtp\/wp_mail_smtp.php",
2025-03-21T17:30:34+00:00 INFO 67dda2393ed1e-0001                 "18": "zapier\/zapier.php"
2025-03-21T17:30:34+00:00 INFO 67dda2393ed1e-0001             },
2025-03-21T17:30:34+00:00 INFO 67dda2393ed1e-0001             "post_types_count": {
2025-03-21T17:30:34+00:00 INFO 67dda2393ed1e-0001                 "post": 0,
2025-03-21T17:30:34+00:00 INFO 67dda2393ed1e-0001                 "page": 5,
2025-03-21T17:30:34+00:00 INFO 67dda2393ed1e-0001                 "attachment": 0,
2025-03-21T17:30:34+00:00 INFO 67dda2393ed1e-0001                 "e-floating-buttons": 0,
2025-03-21T17:30:34+00:00 INFO 67dda2393ed1e-0001                 "elementor_library": 8,
2025-03-21T17:30:34+00:00 INFO 67dda2393ed1e-0001                 "elementskit_content": 0,
2025-03-21T17:30:34+00:00 INFO 67dda2393ed1e-0001                 "elementskit_template": 0,
2025-03-21T17:30:34+00:00 INFO 67dda2393ed1e-0001                 "elementskit_widget": 0,
2025-03-21T17:30:34+00:00 INFO 67dda2393ed1e-0001                 "product": 15,
2025-03-21T17:30:34+00:00 INFO 67dda2393ed1e-0001                 "metform-form": 0,
2025-03-21T17:30:34+00:00 INFO 67dda2393ed1e-0001                 "drop-off_location": 1
2025-03-21T17:30:34+00:00 INFO 67dda2393ed1e-0001             }
2025-03-21T17:30:34+00:00 INFO 67dda2393ed1e-0001         }
2025-03-21T17:30:34+00:00 INFO 67dda2393ed1e-0001     }
2025-03-21T17:30:34+00:00 INFO 67dda2393ed1e-0001 }
2025-03-21T17:30:34+00:00 INFO 67dda2393ed1e-0001 CONTEXT (JSON): {
2025-03-21T17:30:34+00:00 INFO 67dda2393ed1e-0001     "WP_User": "Guest (non logged-in user)",
2025-03-21T17:30:34+00:00 INFO 67dda2393ed1e-0001     "HTTP_REFERER": "--",
2025-03-21T17:30:34+00:00 INFO 67dda2393ed1e-0001     "HTTP_USER_AGENT": "WordPress\/6.7.2; https:\/\/northernlights.grubmenu.io",
2025-03-21T17:30:34+00:00 INFO 67dda2393ed1e-0001     "REQUEST_URI": "\/wp-cron.php?doing_wp_cron=1742578232.7634849548339843750000",
2025-03-21T17:30:34+00:00 INFO 67dda2393ed1e-0001     "DOING_AJAX": "",
2025-03-21T17:30:34+00:00 INFO 67dda2393ed1e-0001     "DOING_CRON": "1",
2025-03-21T17:30:34+00:00 INFO 67dda2393ed1e-0001     "WP_CLI": ""
2025-03-21T17:30:34+00:00 INFO 67dda2393ed1e-0001 }
2025-03-21T17:30:34+00:00 INFO 67dda2393ed1e-0002 RESPONSE_67dda23aaaede (JSON): {
2025-03-21T17:30:34+00:00 INFO 67dda2393ed1e-0002     "result": "success"
2025-03-21T17:30:34+00:00 INFO 67dda2393ed1e-0002 }
2025-03-21T22:00:32+00:00 INFO 67dde1806b750-0001 REQUEST_67dde180b3572 (JSON): {
2025-03-21T22:00:32+00:00 INFO 67dde1806b750-0001     "url": "https:\/\/public-api.wordpress.com\/wpcom\/v2\/sites\/%s\/wcpay\/currency\/rates?test_mode=1&currency_from=usd",
2025-03-21T22:00:32+00:00 INFO 67dde1806b750-0001     "method": "GET",
2025-03-21T22:00:32+00:00 INFO 67dde1806b750-0001     "headers": {
2025-03-21T22:00:32+00:00 INFO 67dde1806b750-0001         "Content-Type": "application\/json; charset=utf-8",
2025-03-21T22:00:32+00:00 INFO 67dde1806b750-0001         "User-Agent": "WooCommerce Payments\/8.9.2",
2025-03-21T22:00:32+00:00 INFO 67dde1806b750-0001         "X-Request-Initiated": 1742594432.734575
2025-03-21T22:00:32+00:00 INFO 67dde1806b750-0001     },
2025-03-21T22:00:32+00:00 INFO 67dde1806b750-0001     "timeout": 70,
2025-03-21T22:00:32+00:00 INFO 67dde1806b750-0001     "connect_timeout": 70
2025-03-21T22:00:32+00:00 INFO 67dde1806b750-0001 }
2025-03-21T22:00:32+00:00 INFO 67dde1806b750-0001 CONTEXT (JSON): {
2025-03-21T22:00:32+00:00 INFO 67dde1806b750-0001     "WP_User": "Guest (non logged-in user)",
2025-03-21T22:00:32+00:00 INFO 67dde1806b750-0001     "HTTP_REFERER": "--",
2025-03-21T22:00:32+00:00 INFO 67dde1806b750-0001     "HTTP_USER_AGENT": "Mozilla\/5.0 (Linux; Android 6.0.1; Nexus 5X Build\/MMB29P) AppleWebKit\/537.36 (KHTML, like Gecko) Chrome\/134.0.6998.88 Mobile Safari\/537.36 (compatible; Googlebot\/2.1; +http:\/\/www.google.com\/bot.html)",
2025-03-21T22:00:32+00:00 INFO 67dde1806b750-0001     "REQUEST_URI": "\/product\/banana-cake\/",
2025-03-21T22:00:32+00:00 INFO 67dde1806b750-0001     "DOING_AJAX": "",
2025-03-21T22:00:32+00:00 INFO 67dde1806b750-0001     "DOING_CRON": "",
2025-03-21T22:00:32+00:00 INFO 67dde1806b750-0001     "WP_CLI": ""
2025-03-21T22:00:32+00:00 INFO 67dde1806b750-0001 }
2025-03-21T22:00:33+00:00 INFO 67dde1806b750-0002 RESPONSE_67dde180b3572 (JSON): {
2025-03-21T22:00:33+00:00 INFO 67dde1806b750-0002     "AED": 3.67285,
2025-03-21T22:00:33+00:00 INFO 67dde1806b750-0002     "AFN": 71.000004,
2025-03-21T22:00:33+00:00 INFO 67dde1806b750-0002     "ALL": 91.3,
2025-03-21T22:00:33+00:00 INFO 67dde1806b750-0002     "AMD": 392.54,
2025-03-21T22:00:33+00:00 INFO 67dde1806b750-0002     "ANG": 1.802039,
2025-03-21T22:00:33+00:00 INFO 67dde1806b750-0002     "AOA": 914.5,
2025-03-21T22:00:33+00:00 INFO 67dde1806b750-0002     "ARS": 1067.39079,
2025-03-21T22:00:33+00:00 INFO 67dde1806b750-0002     "AUD": 1.594011,
2025-03-21T22:00:33+00:00 INFO 67dde1806b750-0002     "AWG": 1.8025,
2025-03-21T22:00:33+00:00 INFO 67dde1806b750-0002     "AZN": 1.7,
2025-03-21T22:00:33+00:00 INFO 67dde1806b750-0002     "BAM": 1.80224,
2025-03-21T22:00:33+00:00 INFO 67dde1806b750-0002     "BBD": 2,
2025-03-21T22:00:33+00:00 INFO 67dde1806b750-0002     "BDT": 121.48858,
2025-03-21T22:00:33+00:00 INFO 67dde1806b750-0002     "BGN": 1.80751,
2025-03-21T22:00:33+00:00 INFO 67dde1806b750-0002     "BHD": 0.376917,
2025-03-21T22:00:33+00:00 INFO 67dde1806b750-0002     "BIF": 2926,
2025-03-21T22:00:33+00:00 INFO 67dde1806b750-0002     "BMD": 1,
2025-03-21T22:00:33+00:00 INFO 67dde1806b750-0002     "BND": 1.333573,
2025-03-21T22:00:33+00:00 INFO 67dde1806b750-0002     "BOB": 6.909262,
2025-03-21T22:00:33+00:00 INFO 67dde1806b750-0002     "BRL": 5.736881,
2025-03-21T22:00:33+00:00 INFO 67dde1806b750-0002     "BSD": 1,
2025-03-21T22:00:33+00:00 INFO 67dde1806b750-0002     "BTC": 1.2e-5,
2025-03-21T22:00:33+00:00 INFO 67dde1806b750-0002     "BTN": 86.271656,
2025-03-21T22:00:33+00:00 INFO 67dde1806b750-0002     "BWP": 13.632384,
2025-03-21T22:00:33+00:00 INFO 67dde1806b750-0002     "BYN": 3.272285,
2025-03-21T22:00:33+00:00 INFO 67dde1806b750-0002     "BZD": 2.008469,
2025-03-21T22:00:33+00:00 INFO 67dde1806b750-0002     "CAD": 1.43575,
2025-03-21T22:00:33+00:00 INFO 67dde1806b750-0002     "CDF": 2875,
2025-03-21T22:00:33+00:00 INFO 67dde1806b750-0002     "CHF": 0.8842,
2025-03-21T22:00:33+00:00 INFO 67dde1806b750-0002     "CLF": 0.024179,
2025-03-21T22:00:33+00:00 INFO 67dde1806b750-0002     "CLP": 928.86,
2025-03-21T22:00:33+00:00 INFO 67dde1806b750-0002     "CNH": 7.25775,
2025-03-21T22:00:33+00:00 INFO 67dde1806b750-0002     "CNY": 7.24925,
2025-03-21T22:00:33+00:00 INFO 67dde1806b750-0002     "COP": 4178.928903,
2025-03-21T22:00:33+00:00 INFO 67dde1806b750-0002     "CRC": 499.905689,
2025-03-21T22:00:33+00:00 INFO 67dde1806b750-0002     "CUC": 1,
2025-03-21T22:00:33+00:00 INFO 67dde1806b750-0002     "CUP": 25.75,
2025-03-21T22:00:33+00:00 INFO 67dde1806b750-0002     "CVE": 101.607531,
2025-03-21T22:00:33+00:00 INFO 67dde1806b750-0002     "CZK": 23.1214,
2025-03-21T22:00:33+00:00 INFO 67dde1806b750-0002     "DJF": 177.5,
2025-03-21T22:00:33+00:00 INFO 67dde1806b750-0002     "DKK": 6.8978,
2025-03-21T22:00:33+00:00 INFO 67dde1806b750-0002     "DOP": 63.225,
2025-03-21T22:00:33+00:00 INFO 67dde1806b750-0002     "DZD": 133.775391,
2025-03-21T22:00:33+00:00 INFO 67dde1806b750-0002     "EGP": 50.5225,
2025-03-21T22:00:33+00:00 INFO 67dde1806b750-0002     "ERN": 15,
2025-03-21T22:00:33+00:00 INFO 67dde1806b750-0002     "ETB": 129.7,
2025-03-21T22:00:33+00:00 INFO 67dde1806b750-0002     "EUR": 0.923216,
2025-03-21T22:00:33+00:00 INFO 67dde1806b750-0002     "FJD": 2.29945,
2025-03-21T22:00:33+00:00 INFO 67dde1806b750-0002     "FKP": 0.774353,
2025-03-21T22:00:33+00:00 INFO 67dde1806b750-0002     "GBP": 0.774353,
2025-03-21T22:00:33+00:00 INFO 67dde1806b750-0002     "GEL": 2.77,
2025-03-21T22:00:33+00:00 INFO 67dde1806b750-0002     "GGP": 0.774353,
2025-03-21T22:00:33+00:00 INFO 67dde1806b750-0002     "GHS": 15.5,
2025-03-21T22:00:33+00:00 INFO 67dde1806b750-0002     "GIP": 0.774353,
2025-03-21T22:00:33+00:00 INFO 67dde1806b750-0002     "GMD": 71.000004,
2025-03-21T22:00:33+00:00 INFO 67dde1806b750-0002     "GNF": 8656,
2025-03-21T22:00:33+00:00 INFO 67dde1806b750-0002     "GTQ": 7.704464,
2025-03-21T22:00:33+00:00 INFO 67dde1806b750-0002     "GYD": 209.812947,
2025-03-21T22:00:33+00:00 INFO 67dde1806b750-0002     "HKD": 7.77365,
2025-03-21T22:00:33+00:00 INFO 67dde1806b750-0002     "HNL": 25.749999,
2025-03-21T22:00:33+00:00 INFO 67dde1806b750-0002     "HRK": 6.966888,
2025-03-21T22:00:33+00:00 INFO 67dde1806b750-0002     "HTG": 131.041919,
2025-03-21T22:00:33+00:00 INFO 67dde1806b750-0002     "HUF": 367.44,
2025-03-21T22:00:33+00:00 INFO 67dde1806b750-0002     "IDR": 16502.1,
2025-03-21T22:00:33+00:00 INFO 67dde1806b750-0002     "ILS": 3.7171,
2025-03-21T22:00:33+00:00 INFO 67dde1806b750-0002     "IMP": 0.774353,
2025-03-21T22:00:33+00:00 INFO 67dde1806b750-0002     "INR": 85.990252,
2025-03-21T22:00:33+00:00 INFO 67dde1806b750-0002     "IQD": 1309.5,
2025-03-21T22:00:33+00:00 INFO 67dde1806b750-0002     "IRR": 42112.5,
2025-03-21T22:00:33+00:00 INFO 67dde1806b750-0002     "ISK": 133.24,
2025-03-21T22:00:33+00:00 INFO 67dde1806b750-0002     "JEP": 0.774353,
2025-03-21T22:00:33+00:00 INFO 67dde1806b750-0002     "JMD": 156.495797,
2025-03-21T22:00:33+00:00 INFO 67dde1806b750-0002     "JOD": 0.709,
2025-03-21T22:00:33+00:00 INFO 67dde1806b750-0002     "JPY": 149.331,
2025-03-21T22:00:33+00:00 INFO 67dde1806b750-0002     "KES": 129,
2025-03-21T22:00:33+00:00 INFO 67dde1806b750-0002     "KGS": 85.9051,
2025-03-21T22:00:33+00:00 INFO 67dde1806b750-0002     "KHR": 4015,
2025-03-21T22:00:33+00:00 INFO 67dde1806b750-0002     "KMF": 455.299559,
2025-03-21T22:00:33+00:00 INFO 67dde1806b750-0002     "KPW": 900,
2025-03-21T22:00:33+00:00 INFO 67dde1806b750-0002     "KRW": 1465.975,
2025-03-21T22:00:33+00:00 INFO 67dde1806b750-0002     "KWD": 0.30813,
2025-03-21T22:00:33+00:00 INFO 67dde1806b750-0002     "KYD": 0.833295,
2025-03-21T22:00:33+00:00 INFO 67dde1806b750-0002     "KZT": 503.087351,
2025-03-21T22:00:33+00:00 INFO 67dde1806b750-0002     "LAK": 21655,
2025-03-21T22:00:33+00:00 INFO 67dde1806b750-0002     "LBP": 89600,
2025-03-21T22:00:33+00:00 INFO 67dde1806b750-0002     "LKR": 296.322038,
2025-03-21T22:00:33+00:00 INFO 67dde1806b750-0002     "LRD": 199.500045,
2025-03-21T22:00:33+00:00 INFO 67dde1806b750-0002     "LSL": 18.14,
2025-03-21T22:00:33+00:00 INFO 67dde1806b750-0002     "LYD": 4.815,
2025-03-21T22:00:33+00:00 INFO 67dde1806b750-0002     "MAD": 9.6305,
2025-03-21T22:00:33+00:00 INFO 67dde1806b750-0002     "MDL": 17.980851,
2025-03-21T22:00:33+00:00 INFO 67dde1806b750-0002     "MGA": 4665,
2025-03-21T22:00:33+00:00 INFO 67dde1806b750-0002     "MKD": 56.853148,
2025-03-21T22:00:33+00:00 INFO 67dde1806b750-0002     "MMK": 2098,
2025-03-21T22:00:33+00:00 INFO 67dde1806b750-0002     "MNT": 3398,
2025-03-21T22:00:33+00:00 INFO 67dde1806b750-0002     "MOP": 8.005455,
2025-03-21T22:00:33+00:00 INFO 67dde1806b750-0002     "MUR": 45.300003,
2025-03-21T22:00:33+00:00 INFO 67dde1806b750-0002     "MVR": 15.4,
2025-03-21T22:00:33+00:00 INFO 67dde1806b750-0002     "MWK": 1735.5,
2025-03-21T22:00:33+00:00 INFO 67dde1806b750-0002     "MXN": 20.2389,
2025-03-21T22:00:33+00:00 INFO 67dde1806b750-0002     "MYR": 4.423,
2025-03-21T22:00:33+00:00 INFO 67dde1806b750-0002     "MZN": 63.899993,
2025-03-21T22:00:33+00:00 INFO 67dde1806b750-0002     "NAD": 18.21,
2025-03-21T22:00:33+00:00 INFO 67dde1806b750-0002     "NGN": 1550,
2025-03-21T22:00:33+00:00 INFO 67dde1806b750-0002     "NIO": 36.75,
2025-03-21T22:00:33+00:00 INFO 67dde1806b750-0002     "NOK": 10.571345,
2025-03-21T22:00:33+00:00 INFO 67dde1806b750-0002     "NPR": 138.033818,
2025-03-21T22:00:33+00:00 INFO 67dde1806b750-0002     "NZD": 1.744897,
2025-03-21T22:00:33+00:00 INFO 67dde1806b750-0002     "OMR": 0.3849,
2025-03-21T22:00:33+00:00 INFO 67dde1806b750-0002     "PAB": 1,
2025-03-21T22:00:33+00:00 INFO 67dde1806b750-0002     "PEN": 3.62375,
2025-03-21T22:00:33+00:00 INFO 67dde1806b750-0002     "PGK": 4.05275,
2025-03-21T22:00:33+00:00 INFO 67dde1806b750-0002     "PHP": 57.320001,
2025-03-21T22:00:33+00:00 INFO 67dde1806b750-0002     "PKR": 280.25,
2025-03-21T22:00:33+00:00 INFO 67dde1806b750-0002     "PLN": 3.878703,
2025-03-21T22:00:33+00:00 INFO 67dde1806b750-0002     "PYG": 7994.548855,
2025-03-21T22:00:33+00:00 INFO 67dde1806b750-0002     "QAR": 3.64,
2025-03-21T22:00:33+00:00 INFO 67dde1806b750-0002     "RON": 4.5977,
2025-03-21T22:00:33+00:00 INFO 67dde1806b750-0002     "RSD": 108.346135,
2025-03-21T22:00:33+00:00 INFO 67dde1806b750-0002     "RUB": 84.357753,
2025-03-21T22:00:33+00:00 INFO 67dde1806b750-0002     "RWF": 1420,
2025-03-21T22:00:33+00:00 INFO 67dde1806b750-0002     "SAR": 3.75121,
2025-03-21T22:00:33+00:00 INFO 67dde1806b750-0002     "SBD": 8.414898,
2025-03-21T22:00:33+00:00 INFO 67dde1806b750-0002     "SCR": 14.316072,
2025-03-21T22:00:33+00:00 INFO 67dde1806b750-0002     "SDG": 601,
2025-03-21T22:00:33+00:00 INFO 67dde1806b750-0002     "SEK": 10.137385,
2025-03-21T22:00:33+00:00 INFO 67dde1806b750-0002     "SGD": 1.3342,
2025-03-21T22:00:33+00:00 INFO 67dde1806b750-0002     "SHP": 0.774353,
2025-03-21T22:00:33+00:00 INFO 67dde1806b750-0002     "SLL": 20969.5,
2025-03-21T22:00:33+00:00 INFO 67dde1806b750-0002     "SOS": 571.5,
2025-03-21T22:00:33+00:00 INFO 67dde1806b750-0002     "SRD": 36.3475,
2025-03-21T22:00:33+00:00 INFO 67dde1806b750-0002     "SSP": 130.26,
2025-03-21T22:00:33+00:00 INFO 67dde1806b750-0002     "STD": 22281.8,
2025-03-21T22:00:33+00:00 INFO 67dde1806b750-0002     "SVC": 8.749499,
2025-03-21T22:00:33+00:00 INFO 67dde1806b750-0002     "SYP": 13002,
2025-03-21T22:00:33+00:00 INFO 67dde1806b750-0002     "SZL": 18.21,
2025-03-21T22:00:33+00:00 INFO 67dde1806b750-0002     "THB": 33.855527,
2025-03-21T22:00:33+00:00 INFO 67dde1806b750-0002     "TJS": 10.923835,
2025-03-21T22:00:33+00:00 INFO 67dde1806b750-0002     "TMT": 3.5,
2025-03-21T22:00:33+00:00 INFO 67dde1806b750-0002     "TND": 3.08675,
2025-03-21T22:00:33+00:00 INFO 67dde1806b750-0002     "TOP": 2.40776,
2025-03-21T22:00:33+00:00 INFO 67dde1806b750-0002     "TRY": 37.819004,
2025-03-21T22:00:33+00:00 INFO 67dde1806b750-0002     "TTD": 6.794108,
2025-03-21T22:00:33+00:00 INFO 67dde1806b750-0002     "TWD": 33.002,
2025-03-21T22:00:33+00:00 INFO 67dde1806b750-0002     "TZS": 2645,
2025-03-21T22:00:33+00:00 INFO 67dde1806b750-0002     "UAH": 41.528467,
2025-03-21T22:00:33+00:00 INFO 67dde1806b750-0002     "UGX": 3665.677212,
2025-03-21T22:00:33+00:00 INFO 67dde1806b750-0002     "USD": 1,
2025-03-21T22:00:33+00:00 INFO 67dde1806b750-0002     "UYU": 42.199983,
2025-03-21T22:00:33+00:00 INFO 67dde1806b750-0002     "UZS": 12945,
2025-03-21T22:00:33+00:00 INFO 67dde1806b750-0002     "VND": 25580,
2025-03-21T22:00:33+00:00 INFO 67dde1806b750-0002     "VUV": 118.722,
2025-03-21T22:00:33+00:00 INFO 67dde1806b750-0002     "WST": 2.8,
2025-03-21T22:00:33+00:00 INFO 67dde1806b750-0002     "XAF": 605.589987,
2025-03-21T22:00:33+00:00 INFO 67dde1806b750-0002     "XAG": 0.030273,
2025-03-21T22:00:33+00:00 INFO 67dde1806b750-0002     "XAU": 0.000331,
2025-03-21T22:00:33+00:00 INFO 67dde1806b750-0002     "XCD": 2.70255,
2025-03-21T22:00:33+00:00 INFO 67dde1806b750-0002     "XDR": 0.748039,
2025-03-21T22:00:33+00:00 INFO 67dde1806b750-0002     "XOF": 605.589987,
2025-03-21T22:00:33+00:00 INFO 67dde1806b750-0002     "XPD": 0.001046,
2025-03-21T22:00:33+00:00 INFO 67dde1806b750-0002     "XPF": 110.168972,
2025-03-21T22:00:33+00:00 INFO 67dde1806b750-0002     "XPT": 0.001025,
2025-03-21T22:00:33+00:00 INFO 67dde1806b750-0002     "YER": 246.074964,
2025-03-21T22:00:33+00:00 INFO 67dde1806b750-0002     "ZAR": 18.2334,
2025-03-21T22:00:33+00:00 INFO 67dde1806b750-0002     "ZMW": 28.87644,
2025-03-21T22:00:33+00:00 INFO 67dde1806b750-0002     "ZWL": 322
2025-03-21T22:00:33+00:00 INFO 67dde1806b750-0002 }
