2025-03-27T01:09:30+00:00 INFO 67e4a549327a9-0001 REQUEST_67e4a54a929c8 (JSON): {
2025-03-27T01:09:30+00:00 INFO 67e4a549327a9-0001     "url": "https:\/\/public-api.wordpress.com\/wpcom\/v2\/wcpay\/woopay\/compatibility?test_mode=1",
2025-03-27T01:09:30+00:00 INFO 67e4a549327a9-0001     "method": "GET",
2025-03-27T01:09:30+00:00 INFO 67e4a549327a9-0001     "headers": {
2025-03-27T01:09:30+00:00 INFO 67e4a549327a9-0001         "Content-Type": "application\/json; charset=utf-8",
2025-03-27T01:09:30+00:00 INFO 67e4a549327a9-0001         "User-Agent": "WooCommerce Payments\/8.9.2",
2025-03-27T01:09:30+00:00 INFO 67e4a549327a9-0001         "X-Request-Initiated": 1743037770.600517
2025-03-27T01:09:30+00:00 INFO 67e4a549327a9-0001     },
2025-03-27T01:09:30+00:00 INFO 67e4a549327a9-0001     "timeout": 70,
2025-03-27T01:09:30+00:00 INFO 67e4a549327a9-0001     "connect_timeout": 70
2025-03-27T01:09:30+00:00 INFO 67e4a549327a9-0001 }
2025-03-27T01:09:30+00:00 INFO 67e4a549327a9-0001 CONTEXT (JSON): {
2025-03-27T01:09:30+00:00 INFO 67e4a549327a9-0001     "WP_User": "Guest (non logged-in user)",
2025-03-27T01:09:30+00:00 INFO 67e4a549327a9-0001     "HTTP_REFERER": "--",
2025-03-27T01:09:30+00:00 INFO 67e4a549327a9-0001     "HTTP_USER_AGENT": "WordPress\/6.7.2; https:\/\/northernlights.grubmenu.io",
2025-03-27T01:09:30+00:00 INFO 67e4a549327a9-0001     "REQUEST_URI": "\/wp-cron.php?doing_wp_cron=1743037768.8686339855194091796875",
2025-03-27T01:09:30+00:00 INFO 67e4a549327a9-0001     "DOING_AJAX": "",
2025-03-27T01:09:30+00:00 INFO 67e4a549327a9-0001     "DOING_CRON": "1",
2025-03-27T01:09:30+00:00 INFO 67e4a549327a9-0001     "WP_CLI": ""
2025-03-27T01:09:30+00:00 INFO 67e4a549327a9-0001 }
2025-03-27T01:09:30+00:00 INFO 67e4a549327a9-0002 RESPONSE_67e4a54a929c8 (JSON): {
2025-03-27T01:09:30+00:00 INFO 67e4a549327a9-0002     "incompatible_extensions": [
2025-03-27T01:09:30+00:00 INFO 67e4a549327a9-0002         "class-wcdonation",
2025-03-27T01:09:30+00:00 INFO 67e4a549327a9-0002         "woocommerce-avatax",
2025-03-27T01:09:30+00:00 INFO 67e4a549327a9-0002         "woocommerce-table-rate-shipping",
2025-03-27T01:09:30+00:00 INFO 67e4a549327a9-0002         "woocommerce-memberships-for-teams",
2025-03-27T01:09:30+00:00 INFO 67e4a549327a9-0002         "woocommerce-checkout-add-ons",
2025-03-27T01:09:30+00:00 INFO 67e4a549327a9-0002         "woocommerce-checkout-field-editor",
2025-03-27T01:09:30+00:00 INFO 67e4a549327a9-0002         "woocommerce-eu-vat-number",
2025-03-27T01:09:30+00:00 INFO 67e4a549327a9-0002         "woocommerce-order-delivery",
2025-03-27T01:09:30+00:00 INFO 67e4a549327a9-0002         "woocommerce-pdf-product-vouchers",
2025-03-27T01:09:30+00:00 INFO 67e4a549327a9-0002         "woocommerce-shipping-local-pickup-plus",
2025-03-27T01:09:30+00:00 INFO 67e4a549327a9-0002         "woocommerce-shipping-multiple-addresses",
2025-03-27T01:09:30+00:00 INFO 67e4a549327a9-0002         "woocommerce-smart-coupons",
2025-03-27T01:09:30+00:00 INFO 67e4a549327a9-0002         "woocommerce-subscriptions-gifting",
2025-03-27T01:09:30+00:00 INFO 67e4a549327a9-0002         "advanced-product-fields-for-woocommerce"
2025-03-27T01:09:30+00:00 INFO 67e4a549327a9-0002     ],
2025-03-27T01:09:30+00:00 INFO 67e4a549327a9-0002     "adapted_extensions": [
2025-03-27T01:09:30+00:00 INFO 67e4a549327a9-0002         "woocommerce-points-and-rewards",
2025-03-27T01:09:30+00:00 INFO 67e4a549327a9-0002         "woocommerce-gift-cards"
2025-03-27T01:09:30+00:00 INFO 67e4a549327a9-0002     ],
2025-03-27T01:09:30+00:00 INFO 67e4a549327a9-0002     "available_countries": [
2025-03-27T01:09:30+00:00 INFO 67e4a549327a9-0002         "US"
2025-03-27T01:09:30+00:00 INFO 67e4a549327a9-0002     ]
2025-03-27T01:09:30+00:00 INFO 67e4a549327a9-0002 }
2025-03-27T10:02:48+00:00 INFO 67e522484ce8c-0001 REQUEST_67e52248a0ec4 (JSON): {
2025-03-27T10:02:48+00:00 INFO 67e522484ce8c-0001     "url": "https:\/\/public-api.wordpress.com\/wpcom\/v2\/sites\/%s\/wcpay\/currency\/rates?test_mode=1&currency_from=usd",
2025-03-27T10:02:48+00:00 INFO 67e522484ce8c-0001     "method": "GET",
2025-03-27T10:02:48+00:00 INFO 67e522484ce8c-0001     "headers": {
2025-03-27T10:02:48+00:00 INFO 67e522484ce8c-0001         "Content-Type": "application\/json; charset=utf-8",
2025-03-27T10:02:48+00:00 INFO 67e522484ce8c-0001         "User-Agent": "WooCommerce Payments\/8.9.2",
2025-03-27T10:02:48+00:00 INFO 67e522484ce8c-0001         "X-Request-Initiated": 1743069768.659137
2025-03-27T10:02:48+00:00 INFO 67e522484ce8c-0001     },
2025-03-27T10:02:48+00:00 INFO 67e522484ce8c-0001     "timeout": 70,
2025-03-27T10:02:48+00:00 INFO 67e522484ce8c-0001     "connect_timeout": 70
2025-03-27T10:02:48+00:00 INFO 67e522484ce8c-0001 }
2025-03-27T10:02:48+00:00 INFO 67e522484ce8c-0001 CONTEXT (JSON): {
2025-03-27T10:02:48+00:00 INFO 67e522484ce8c-0001     "WP_User": "Guest (non logged-in user)",
2025-03-27T10:02:48+00:00 INFO 67e522484ce8c-0001     "HTTP_REFERER": "--",
2025-03-27T10:02:48+00:00 INFO 67e522484ce8c-0001     "HTTP_USER_AGENT": "Mozilla\/5.0 (Linux; Android 6.0.1; Nexus 5X Build\/MMB29P) AppleWebKit\/537.36 (KHTML, like Gecko) Chrome\/134.0.6998.165 Mobile Safari\/537.36 (compatible; Googlebot\/2.1; +http:\/\/www.google.com\/bot.html)",
2025-03-27T10:02:48+00:00 INFO 67e522484ce8c-0001     "REQUEST_URI": "\/product-category\/sauces\/",
2025-03-27T10:02:48+00:00 INFO 67e522484ce8c-0001     "DOING_AJAX": "",
2025-03-27T10:02:48+00:00 INFO 67e522484ce8c-0001     "DOING_CRON": "",
2025-03-27T10:02:48+00:00 INFO 67e522484ce8c-0001     "WP_CLI": ""
2025-03-27T10:02:48+00:00 INFO 67e522484ce8c-0001 }
2025-03-27T10:02:48+00:00 INFO 67e522484ce8c-0002 RESPONSE_67e52248a0ec4 (JSON): {
2025-03-27T10:02:48+00:00 INFO 67e522484ce8c-0002     "AED": 3.673005,
2025-03-27T10:02:48+00:00 INFO 67e522484ce8c-0002     "AFN": 71.45279,
2025-03-27T10:02:48+00:00 INFO 67e522484ce8c-0002     "ALL": 91.851097,
2025-03-27T10:02:48+00:00 INFO 67e522484ce8c-0002     "AMD": 394.193595,
2025-03-27T10:02:48+00:00 INFO 67e522484ce8c-0002     "ANG": 1.806723,
2025-03-27T10:02:48+00:00 INFO 67e522484ce8c-0002     "AOA": 915,
2025-03-27T10:02:48+00:00 INFO 67e522484ce8c-0002     "ARS": 1071.2252,
2025-03-27T10:02:48+00:00 INFO 67e522484ce8c-0002     "AUD": 1.583933,
2025-03-27T10:02:48+00:00 INFO 67e522484ce8c-0002     "AWG": 1.8,
2025-03-27T10:02:48+00:00 INFO 67e522484ce8c-0002     "AZN": 1.7,
2025-03-27T10:02:48+00:00 INFO 67e522484ce8c-0002     "BAM": 1.816729,
2025-03-27T10:02:48+00:00 INFO 67e522484ce8c-0002     "BBD": 2,
2025-03-27T10:02:48+00:00 INFO 67e522484ce8c-0002     "BDT": 121.807463,
2025-03-27T10:02:48+00:00 INFO 67e522484ce8c-0002     "BGN": 1.81418,
2025-03-27T10:02:48+00:00 INFO 67e522484ce8c-0002     "BHD": 0.376935,
2025-03-27T10:02:48+00:00 INFO 67e522484ce8c-0002     "BIF": 2971.507816,
2025-03-27T10:02:48+00:00 INFO 67e522484ce8c-0002     "BMD": 1,
2025-03-27T10:02:48+00:00 INFO 67e522484ce8c-0002     "BND": 1.34126,
2025-03-27T10:02:48+00:00 INFO 67e522484ce8c-0002     "BOB": 6.926757,
2025-03-27T10:02:48+00:00 INFO 67e522484ce8c-0002     "BRL": 5.7533,
2025-03-27T10:02:48+00:00 INFO 67e522484ce8c-0002     "BSD": 1,
2025-03-27T10:02:48+00:00 INFO 67e522484ce8c-0002     "BTC": 1.1e-5,
2025-03-27T10:02:48+00:00 INFO 67e522484ce8c-0002     "BTN": 85.716417,
2025-03-27T10:02:48+00:00 INFO 67e522484ce8c-0002     "BWP": 13.723787,
2025-03-27T10:02:48+00:00 INFO 67e522484ce8c-0002     "BYN": 3.280773,
2025-03-27T10:02:48+00:00 INFO 67e522484ce8c-0002     "BZD": 2.013683,
2025-03-27T10:02:48+00:00 INFO 67e522484ce8c-0002     "CAD": 1.428394,
2025-03-27T10:02:48+00:00 INFO 67e522484ce8c-0002     "CDF": 2873.668002,
2025-03-27T10:02:48+00:00 INFO 67e522484ce8c-0002     "CHF": 0.883693,
2025-03-27T10:02:48+00:00 INFO 67e522484ce8c-0002     "CLF": 0.024069,
2025-03-27T10:02:48+00:00 INFO 67e522484ce8c-0002     "CLP": 923.28,
2025-03-27T10:02:48+00:00 INFO 67e522484ce8c-0002     "CNH": 7.272735,
2025-03-27T10:02:48+00:00 INFO 67e522484ce8c-0002     "CNY": 7.2642,
2025-03-27T10:02:48+00:00 INFO 67e522484ce8c-0002     "COP": 4112.871572,
2025-03-27T10:02:48+00:00 INFO 67e522484ce8c-0002     "CRC": 500.029909,
2025-03-27T10:02:48+00:00 INFO 67e522484ce8c-0002     "CUC": 1,
2025-03-27T10:02:48+00:00 INFO 67e522484ce8c-0002     "CUP": 25.75,
2025-03-27T10:02:48+00:00 INFO 67e522484ce8c-0002     "CVE": 102.424398,
2025-03-27T10:02:48+00:00 INFO 67e522484ce8c-0002     "CZK": 23.127926,
2025-03-27T10:02:48+00:00 INFO 67e522484ce8c-0002     "DJF": 178.518887,
2025-03-27T10:02:48+00:00 INFO 67e522484ce8c-0002     "DKK": 6.923198,
2025-03-27T10:02:48+00:00 INFO 67e522484ce8c-0002     "DOP": 63.351396,
2025-03-27T10:02:48+00:00 INFO 67e522484ce8c-0002     "DZD": 134.091,
2025-03-27T10:02:48+00:00 INFO 67e522484ce8c-0002     "EGP": 50.5525,
2025-03-27T10:02:48+00:00 INFO 67e522484ce8c-0002     "ERN": 15,
2025-03-27T10:02:48+00:00 INFO 67e522484ce8c-0002     "ETB": 131.725568,
2025-03-27T10:02:48+00:00 INFO 67e522484ce8c-0002     "EUR": 0.927977,
2025-03-27T10:02:48+00:00 INFO 67e522484ce8c-0002     "FJD": 2.29415,
2025-03-27T10:02:48+00:00 INFO 67e522484ce8c-0002     "FKP": 0.773741,
2025-03-27T10:02:48+00:00 INFO 67e522484ce8c-0002     "GBP": 0.773741,
2025-03-27T10:02:48+00:00 INFO 67e522484ce8c-0002     "GEL": 2.78,
2025-03-27T10:02:48+00:00 INFO 67e522484ce8c-0002     "GGP": 0.773741,
2025-03-27T10:02:48+00:00 INFO 67e522484ce8c-0002     "GHS": 15.538526,
2025-03-27T10:02:48+00:00 INFO 67e522484ce8c-0002     "GIP": 0.773741,
2025-03-27T10:02:48+00:00 INFO 67e522484ce8c-0002     "GMD": 71.500005,
2025-03-27T10:02:48+00:00 INFO 67e522484ce8c-0002     "GNF": 8669.631737,
2025-03-27T10:02:48+00:00 INFO 67e522484ce8c-0002     "GTQ": 7.714523,
2025-03-27T10:02:48+00:00 INFO 67e522484ce8c-0002     "GYD": 209.734724,
2025-03-27T10:02:48+00:00 INFO 67e522484ce8c-0002     "HKD": 7.776706,
2025-03-27T10:02:48+00:00 INFO 67e522484ce8c-0002     "HNL": 25.644313,
2025-03-27T10:02:48+00:00 INFO 67e522484ce8c-0002     "HRK": 6.993318,
2025-03-27T10:02:48+00:00 INFO 67e522484ce8c-0002     "HTG": 131.274215,
2025-03-27T10:02:48+00:00 INFO 67e522484ce8c-0002     "HUF": 371.432407,
2025-03-27T10:02:48+00:00 INFO 67e522484ce8c-0002     "IDR": 16559.659626,
2025-03-27T10:02:48+00:00 INFO 67e522484ce8c-0002     "ILS": 3.705722,
2025-03-27T10:02:48+00:00 INFO 67e522484ce8c-0002     "IMP": 0.773741,
2025-03-27T10:02:48+00:00 INFO 67e522484ce8c-0002     "INR": 85.818336,
2025-03-27T10:02:48+00:00 INFO 67e522484ce8c-0002     "IQD": 1313.283989,
2025-03-27T10:02:48+00:00 INFO 67e522484ce8c-0002     "IRR": 42100,
2025-03-27T10:02:48+00:00 INFO 67e522484ce8c-0002     "ISK": 132.82,
2025-03-27T10:02:48+00:00 INFO 67e522484ce8c-0002     "JEP": 0.773741,
2025-03-27T10:02:48+00:00 INFO 67e522484ce8c-0002     "JMD": 157.356715,
2025-03-27T10:02:48+00:00 INFO 67e522484ce8c-0002     "JOD": 0.709,
2025-03-27T10:02:48+00:00 INFO 67e522484ce8c-0002     "JPY": 150.6275,
2025-03-27T10:02:48+00:00 INFO 67e522484ce8c-0002     "KES": 129.67,
2025-03-27T10:02:48+00:00 INFO 67e522484ce8c-0002     "KGS": 86.4566,
2025-03-27T10:02:48+00:00 INFO 67e522484ce8c-0002     "KHR": 4012.904913,
2025-03-27T10:02:48+00:00 INFO 67e522484ce8c-0002     "KMF": 456.500326,
2025-03-27T10:02:48+00:00 INFO 67e522484ce8c-0002     "KPW": 900,
2025-03-27T10:02:48+00:00 INFO 67e522484ce8c-0002     "KRW": 1464.727199,
2025-03-27T10:02:48+00:00 INFO 67e522484ce8c-0002     "KWD": 0.308307,
2025-03-27T10:02:48+00:00 INFO 67e522484ce8c-0002     "KYD": 0.835369,
2025-03-27T10:02:48+00:00 INFO 67e522484ce8c-0002     "KZT": 501.646762,
2025-03-27T10:02:48+00:00 INFO 67e522484ce8c-0002     "LAK": 21718.006783,
2025-03-27T10:02:48+00:00 INFO 67e522484ce8c-0002     "LBP": 89815.42962,
2025-03-27T10:02:48+00:00 INFO 67e522484ce8c-0002     "LKR": 297.057574,
2025-03-27T10:02:48+00:00 INFO 67e522484ce8c-0002     "LRD": 199.662131,
2025-03-27T10:02:48+00:00 INFO 67e522484ce8c-0002     "LSL": 18.308555,
2025-03-27T10:02:48+00:00 INFO 67e522484ce8c-0002     "LYD": 4.848007,
2025-03-27T10:02:48+00:00 INFO 67e522484ce8c-0002     "MAD": 9.64024,
2025-03-27T10:02:48+00:00 INFO 67e522484ce8c-0002     "MDL": 18.10531,
2025-03-27T10:02:48+00:00 INFO 67e522484ce8c-0002     "MGA": 4688.16667,
2025-03-27T10:02:48+00:00 INFO 67e522484ce8c-0002     "MKD": 57.115675,
2025-03-27T10:02:48+00:00 INFO 67e522484ce8c-0002     "MMK": 2098,
2025-03-27T10:02:48+00:00 INFO 67e522484ce8c-0002     "MNT": 3398,
2025-03-27T10:02:48+00:00 INFO 67e522484ce8c-0002     "MOP": 8.029279,
2025-03-27T10:02:48+00:00 INFO 67e522484ce8c-0002     "MUR": 45.809997,
2025-03-27T10:02:48+00:00 INFO 67e522484ce8c-0002     "MVR": 15.41,
2025-03-27T10:02:48+00:00 INFO 67e522484ce8c-0002     "MWK": 1738.353674,
2025-03-27T10:02:48+00:00 INFO 67e522484ce8c-0002     "MXN": 20.173765,
2025-03-27T10:02:48+00:00 INFO 67e522484ce8c-0002     "MYR": 4.4335,
2025-03-27T10:02:48+00:00 INFO 67e522484ce8c-0002     "MZN": 63.909994,
2025-03-27T10:02:48+00:00 INFO 67e522484ce8c-0002     "NAD": 18.308555,
2025-03-27T10:02:48+00:00 INFO 67e522484ce8c-0002     "NGN": 1538.85,
2025-03-27T10:02:48+00:00 INFO 67e522484ce8c-0002     "NIO": 36.896496,
2025-03-27T10:02:48+00:00 INFO 67e522484ce8c-0002     "NOK": 10.570564,
2025-03-27T10:02:48+00:00 INFO 67e522484ce8c-0002     "NPR": 137.411247,
2025-03-27T10:02:48+00:00 INFO 67e522484ce8c-0002     "NZD": 1.739872,
2025-03-27T10:02:48+00:00 INFO 67e522484ce8c-0002     "OMR": 0.384984,
2025-03-27T10:02:48+00:00 INFO 67e522484ce8c-0002     "PAB": 1,
2025-03-27T10:02:48+00:00 INFO 67e522484ce8c-0002     "PEN": 3.640755,
2025-03-27T10:02:48+00:00 INFO 67e522484ce8c-0002     "PGK": 4.130884,
2025-03-27T10:02:48+00:00 INFO 67e522484ce8c-0002     "PHP": 57.4295,
2025-03-27T10:02:48+00:00 INFO 67e522484ce8c-0002     "PKR": 281.078127,
2025-03-27T10:02:48+00:00 INFO 67e522484ce8c-0002     "PLN": 3.889172,
2025-03-27T10:02:48+00:00 INFO 67e522484ce8c-0002     "PYG": 8022.98147,
2025-03-27T10:02:48+00:00 INFO 67e522484ce8c-0002     "QAR": 3.656217,
2025-03-27T10:02:48+00:00 INFO 67e522484ce8c-0002     "RON": 4.6182,
2025-03-27T10:02:48+00:00 INFO 67e522484ce8c-0002     "RSD": 108.739,
2025-03-27T10:02:48+00:00 INFO 67e522484ce8c-0002     "RUB": 84.247625,
2025-03-27T10:02:48+00:00 INFO 67e522484ce8c-0002     "RWF": 1443.334015,
2025-03-27T10:02:48+00:00 INFO 67e522484ce8c-0002     "SAR": 3.7514,
2025-03-27T10:02:48+00:00 INFO 67e522484ce8c-0002     "SBD": 8.414898,
2025-03-27T10:02:48+00:00 INFO 67e522484ce8c-0002     "SCR": 14.342485,
2025-03-27T10:02:48+00:00 INFO 67e522484ce8c-0002     "SDG": 600.5,
2025-03-27T10:02:48+00:00 INFO 67e522484ce8c-0002     "SEK": 10.053252,
2025-03-27T10:02:48+00:00 INFO 67e522484ce8c-0002     "SGD": 1.339311,
2025-03-27T10:02:48+00:00 INFO 67e522484ce8c-0002     "SHP": 0.773741,
2025-03-27T10:02:48+00:00 INFO 67e522484ce8c-0002     "SLL": 20969.5,
2025-03-27T10:02:48+00:00 INFO 67e522484ce8c-0002     "SOS": 572.949535,
2025-03-27T10:02:48+00:00 INFO 67e522484ce8c-0002     "SRD": 36.3545,
2025-03-27T10:02:48+00:00 INFO 67e522484ce8c-0002     "SSP": 130.26,
2025-03-27T10:02:48+00:00 INFO 67e522484ce8c-0002     "STD": 22281.8,
2025-03-27T10:02:48+00:00 INFO 67e522484ce8c-0002     "SVC": 8.770724,
2025-03-27T10:02:48+00:00 INFO 67e522484ce8c-0002     "SYP": 13002,
2025-03-27T10:02:48+00:00 INFO 67e522484ce8c-0002     "SZL": 18.260825,
2025-03-27T10:02:48+00:00 INFO 67e522484ce8c-0002     "THB": 33.899,
2025-03-27T10:02:48+00:00 INFO 67e522484ce8c-0002     "TJS": 10.911316,
2025-03-27T10:02:48+00:00 INFO 67e522484ce8c-0002     "TMT": 3.51,
2025-03-27T10:02:48+00:00 INFO 67e522484ce8c-0002     "TND": 3.105353,
2025-03-27T10:02:48+00:00 INFO 67e522484ce8c-0002     "TOP": 2.40776,
2025-03-27T10:02:48+00:00 INFO 67e522484ce8c-0002     "TRY": 38.015588,
2025-03-27T10:02:48+00:00 INFO 67e522484ce8c-0002     "TTD": 6.804301,
2025-03-27T10:02:48+00:00 INFO 67e522484ce8c-0002     "TWD": 33.1268,
2025-03-27T10:02:48+00:00 INFO 67e522484ce8c-0002     "TZS": 2645,
2025-03-27T10:02:48+00:00 INFO 67e522484ce8c-0002     "UAH": 41.663855,
2025-03-27T10:02:48+00:00 INFO 67e522484ce8c-0002     "UGX": 3674.709266,
2025-03-27T10:02:48+00:00 INFO 67e522484ce8c-0002     "USD": 1,
2025-03-27T10:02:48+00:00 INFO 67e522484ce8c-0002     "UYU": 42.111116,
2025-03-27T10:02:48+00:00 INFO 67e522484ce8c-0002     "UZS": 12941.199482,
2025-03-27T10:02:48+00:00 INFO 67e522484ce8c-0002     "VND": 25585.273356,
2025-03-27T10:02:48+00:00 INFO 67e522484ce8c-0002     "VUV": 118.722,
2025-03-27T10:02:48+00:00 INFO 67e522484ce8c-0002     "WST": 2.8,
2025-03-27T10:02:48+00:00 INFO 67e522484ce8c-0002     "XAF": 608.712728,
2025-03-27T10:02:48+00:00 INFO 67e522484ce8c-0002     "XAG": 0.029641,
2025-03-27T10:02:48+00:00 INFO 67e522484ce8c-0002     "XAU": 0.000329,
2025-03-27T10:02:48+00:00 INFO 67e522484ce8c-0002     "XCD": 2.70255,
2025-03-27T10:02:48+00:00 INFO 67e522484ce8c-0002     "XDR": 0.757802,
2025-03-27T10:02:48+00:00 INFO 67e522484ce8c-0002     "XOF": 608.712728,
2025-03-27T10:02:48+00:00 INFO 67e522484ce8c-0002     "XPD": 0.00103,
2025-03-27T10:02:48+00:00 INFO 67e522484ce8c-0002     "XPF": 110.737061,
2025-03-27T10:02:48+00:00 INFO 67e522484ce8c-0002     "XPT": 0.001039,
2025-03-27T10:02:48+00:00 INFO 67e522484ce8c-0002     "YER": 246.024929,
2025-03-27T10:02:48+00:00 INFO 67e522484ce8c-0002     "ZAR": 18.215487,
2025-03-27T10:02:48+00:00 INFO 67e522484ce8c-0002     "ZMW": 28.84718,
2025-03-27T10:02:48+00:00 INFO 67e522484ce8c-0002     "ZWL": 322
2025-03-27T10:02:48+00:00 INFO 67e522484ce8c-0002 }
