2025-04-15T02:41:45+00:00 INFO 67fdc7679ce5e-0001 REQUEST_67fdc7694641a (JSON): {
2025-04-15T02:41:45+00:00 INFO 67fdc7679ce5e-0001     "url": "https:\/\/public-api.wordpress.com\/wpcom\/v2\/wcpay\/woopay\/compatibility?test_mode=1",
2025-04-15T02:41:45+00:00 INFO 67fdc7679ce5e-0001     "method": "GET",
2025-04-15T02:41:45+00:00 INFO 67fdc7679ce5e-0001     "headers": {
2025-04-15T02:41:45+00:00 INFO 67fdc7679ce5e-0001         "Content-Type": "application\/json; charset=utf-8",
2025-04-15T02:41:45+00:00 INFO 67fdc7679ce5e-0001         "User-Agent": "WooCommerce Payments\/9.1.0",
2025-04-15T02:41:45+00:00 INFO 67fdc7679ce5e-0001         "X-Request-Initiated": 1744684905.287768
2025-04-15T02:41:45+00:00 INFO 67fdc7679ce5e-0001     },
2025-04-15T02:41:45+00:00 INFO 67fdc7679ce5e-0001     "timeout": 70,
2025-04-15T02:41:45+00:00 INFO 67fdc7679ce5e-0001     "connect_timeout": 70
2025-04-15T02:41:45+00:00 INFO 67fdc7679ce5e-0001 }
2025-04-15T02:41:45+00:00 INFO 67fdc7679ce5e-0001 CONTEXT (JSON): {
2025-04-15T02:41:45+00:00 INFO 67fdc7679ce5e-0001     "WP_User": "Guest (non logged-in user)",
2025-04-15T02:41:45+00:00 INFO 67fdc7679ce5e-0001     "HTTP_REFERER": "--",
2025-04-15T02:41:45+00:00 INFO 67fdc7679ce5e-0001     "HTTP_USER_AGENT": "WordPress\/6.7.2; https:\/\/pdi.grubmenu.io",
2025-04-15T02:41:45+00:00 INFO 67fdc7679ce5e-0001     "REQUEST_URI": "\/wp-cron.php?doing_wp_cron=1744684903.3898661136627197265625",
2025-04-15T02:41:45+00:00 INFO 67fdc7679ce5e-0001     "DOING_AJAX": "",
2025-04-15T02:41:45+00:00 INFO 67fdc7679ce5e-0001     "DOING_CRON": "1",
2025-04-15T02:41:45+00:00 INFO 67fdc7679ce5e-0001     "WP_CLI": ""
2025-04-15T02:41:45+00:00 INFO 67fdc7679ce5e-0001 }
2025-04-15T02:41:45+00:00 ERROR 67fdc7679ce5e-0002 HTTP_REQUEST_ERROR Site is not connected to WordPress.com
2025-04-15T02:41:45+00:00 ERROR 67fdc7679ce5e-0003 Failed to decode WooPay incompatible extensions list. WCPay\Exceptions\API_Exception: Site is not connected to WordPress.com in /home/1418327.cloudwaysapps.com/ctftaahrtg/public_html/wp-content/plugins/woocommerce-payments/includes/wc-payment-api/class-wc-payments-http.php:61
2025-04-15T02:41:45+00:00 ERROR 67fdc7679ce5e-0003 Stack trace:
2025-04-15T02:41:45+00:00 ERROR 67fdc7679ce5e-0003 #0 /home/1418327.cloudwaysapps.com/ctftaahrtg/public_html/wp-content/plugins/woocommerce-payments/includes/wc-payment-api/class-wc-payments-api-client.php(2249): WC_Payments_Http->remote_request()
2025-04-15T02:41:45+00:00 ERROR 67fdc7679ce5e-0003 #1 /home/1418327.cloudwaysapps.com/ctftaahrtg/public_html/wp-content/plugins/woocommerce-payments/includes/wc-payment-api/class-wc-payments-api-client.php(2921): WC_Payments_API_Client->request()
2025-04-15T02:41:45+00:00 ERROR 67fdc7679ce5e-0003 #2 /home/1418327.cloudwaysapps.com/ctftaahrtg/public_html/wp-content/plugins/woocommerce-payments/includes/woopay/class-woopay-scheduler.php(85): WC_Payments_API_Client->get_woopay_compatibility()
2025-04-15T02:41:45+00:00 ERROR 67fdc7679ce5e-0003 #3 /home/1418327.cloudwaysapps.com/ctftaahrtg/public_html/wp-includes/class-wp-hook.php(324): WCPay\WooPay\WooPay_Scheduler->update_compatibility_and_maybe_show_incompatibility_warning()
2025-04-15T02:41:45+00:00 ERROR 67fdc7679ce5e-0003 #4 /home/1418327.cloudwaysapps.com/ctftaahrtg/public_html/wp-includes/class-wp-hook.php(348): WP_Hook->apply_filters()
2025-04-15T02:41:45+00:00 ERROR 67fdc7679ce5e-0003 #5 /home/1418327.cloudwaysapps.com/ctftaahrtg/public_html/wp-includes/plugin.php(565): WP_Hook->do_action()
2025-04-15T02:41:45+00:00 ERROR 67fdc7679ce5e-0003 #6 /home/1418327.cloudwaysapps.com/ctftaahrtg/public_html/wp-cron.php(191): do_action_ref_array()
2025-04-15T02:41:45+00:00 ERROR 67fdc7679ce5e-0003 #7 {main}
2025-04-15T16:35:08+00:00 INFO 67fe8ab42b3bb-0001 REQUEST_67fe8abcc1a5c (JSON): {
2025-04-15T16:35:08+00:00 INFO 67fe8ab42b3bb-0001     "url": "https:\/\/public-api.wordpress.com\/wpcom\/v2\/sites\/%s\/wcpay\/fraud_ruleset?test_mode=1",
2025-04-15T16:35:08+00:00 INFO 67fe8ab42b3bb-0001     "method": "GET",
2025-04-15T16:35:08+00:00 INFO 67fe8ab42b3bb-0001     "headers": {
2025-04-15T16:35:08+00:00 INFO 67fe8ab42b3bb-0001         "Content-Type": "application\/json; charset=utf-8",
2025-04-15T16:35:08+00:00 INFO 67fe8ab42b3bb-0001         "User-Agent": "WooCommerce Payments\/9.1.0",
2025-04-15T16:35:08+00:00 INFO 67fe8ab42b3bb-0001         "X-Request-Initiated": 1744734908.793176
2025-04-15T16:35:08+00:00 INFO 67fe8ab42b3bb-0001     },
2025-04-15T16:35:08+00:00 INFO 67fe8ab42b3bb-0001     "timeout": 70,
2025-04-15T16:35:08+00:00 INFO 67fe8ab42b3bb-0001     "connect_timeout": 70
2025-04-15T16:35:08+00:00 INFO 67fe8ab42b3bb-0001 }
2025-04-15T16:35:08+00:00 INFO 67fe8ab42b3bb-0001 CONTEXT (JSON): {
2025-04-15T16:35:08+00:00 INFO 67fe8ab42b3bb-0001     "WP_User": "kenton@hubcityseo.com",
2025-04-15T16:35:08+00:00 INFO 67fe8ab42b3bb-0001     "HTTP_REFERER": "https:\/\/pdi.grubmenu.io\/wp-admin\/admin.php?page=wc-settings&tab=checkout",
2025-04-15T16:35:08+00:00 INFO 67fe8ab42b3bb-0001     "HTTP_USER_AGENT": "Mozilla\/5.0 (Windows NT 10.0; Win64; x64) AppleWebKit\/537.36 (KHTML, like Gecko) Chrome\/135.0.0.0 Safari\/537.36",
2025-04-15T16:35:08+00:00 INFO 67fe8ab42b3bb-0001     "REQUEST_URI": "\/wp-json\/wc\/v3\/payments\/settings?_locale=user",
2025-04-15T16:35:08+00:00 INFO 67fe8ab42b3bb-0001     "DOING_AJAX": "",
2025-04-15T16:35:08+00:00 INFO 67fe8ab42b3bb-0001     "DOING_CRON": "",
2025-04-15T16:35:08+00:00 INFO 67fe8ab42b3bb-0001     "WP_CLI": ""
2025-04-15T16:35:08+00:00 INFO 67fe8ab42b3bb-0001 }
2025-04-15T16:35:09+00:00 ERROR 67fe8ab42b3bb-0002 HTTP_REQUEST_ERROR Site is not connected to WordPress.com
2025-04-15T16:35:57+00:00 INFO 67fe8ae9aaf5c-0001 REQUEST_67fe8aedbe37e (JSON): {
2025-04-15T16:35:57+00:00 INFO 67fe8ae9aaf5c-0001     "url": "https:\/\/public-api.wordpress.com\/wpcom\/v2\/sites\/%s\/wcpay\/fraud_ruleset?test_mode=1",
2025-04-15T16:35:57+00:00 INFO 67fe8ae9aaf5c-0001     "method": "GET",
2025-04-15T16:35:57+00:00 INFO 67fe8ae9aaf5c-0001     "headers": {
2025-04-15T16:35:57+00:00 INFO 67fe8ae9aaf5c-0001         "Content-Type": "application\/json; charset=utf-8",
2025-04-15T16:35:57+00:00 INFO 67fe8ae9aaf5c-0001         "User-Agent": "WooCommerce Payments\/9.1.0",
2025-04-15T16:35:57+00:00 INFO 67fe8ae9aaf5c-0001         "X-Request-Initiated": 1744734957.77913
2025-04-15T16:35:57+00:00 INFO 67fe8ae9aaf5c-0001     },
2025-04-15T16:35:57+00:00 INFO 67fe8ae9aaf5c-0001     "timeout": 70,
2025-04-15T16:35:57+00:00 INFO 67fe8ae9aaf5c-0001     "connect_timeout": 70
2025-04-15T16:35:57+00:00 INFO 67fe8ae9aaf5c-0001 }
2025-04-15T16:35:57+00:00 INFO 67fe8ae9aaf5c-0001 CONTEXT (JSON): {
2025-04-15T16:35:57+00:00 INFO 67fe8ae9aaf5c-0001     "WP_User": "kenton@hubcityseo.com",
2025-04-15T16:35:57+00:00 INFO 67fe8ae9aaf5c-0001     "HTTP_REFERER": "https:\/\/pdi.grubmenu.io\/wp-admin\/admin.php?page=wc-settings&tab=checkout",
2025-04-15T16:35:57+00:00 INFO 67fe8ae9aaf5c-0001     "HTTP_USER_AGENT": "Mozilla\/5.0 (Windows NT 10.0; Win64; x64) AppleWebKit\/537.36 (KHTML, like Gecko) Chrome\/135.0.0.0 Safari\/537.36",
2025-04-15T16:35:57+00:00 INFO 67fe8ae9aaf5c-0001     "REQUEST_URI": "\/wp-json\/wc\/v3\/payments\/settings?_locale=user",
2025-04-15T16:35:57+00:00 INFO 67fe8ae9aaf5c-0001     "DOING_AJAX": "",
2025-04-15T16:35:57+00:00 INFO 67fe8ae9aaf5c-0001     "DOING_CRON": "",
2025-04-15T16:35:57+00:00 INFO 67fe8ae9aaf5c-0001     "WP_CLI": ""
2025-04-15T16:35:57+00:00 INFO 67fe8ae9aaf5c-0001 }
2025-04-15T16:35:57+00:00 ERROR 67fe8ae9aaf5c-0002 HTTP_REQUEST_ERROR Site is not connected to WordPress.com
2025-04-15T17:20:45+00:00 INFO 67fe956c1a743-0001 REQUEST_67fe956d72473 (JSON): {
2025-04-15T17:20:45+00:00 INFO 67fe956c1a743-0001     "url": "https:\/\/public-api.wordpress.com\/wpcom\/v2\/sites\/%s\/wcpay\/fraud_ruleset?test_mode=1",
2025-04-15T17:20:45+00:00 INFO 67fe956c1a743-0001     "method": "GET",
2025-04-15T17:20:45+00:00 INFO 67fe956c1a743-0001     "headers": {
2025-04-15T17:20:45+00:00 INFO 67fe956c1a743-0001         "Content-Type": "application\/json; charset=utf-8",
2025-04-15T17:20:45+00:00 INFO 67fe956c1a743-0001         "User-Agent": "WooCommerce Payments\/9.1.0",
2025-04-15T17:20:45+00:00 INFO 67fe956c1a743-0001         "X-Request-Initiated": 1744737645.468079
2025-04-15T17:20:45+00:00 INFO 67fe956c1a743-0001     },
2025-04-15T17:20:45+00:00 INFO 67fe956c1a743-0001     "timeout": 70,
2025-04-15T17:20:45+00:00 INFO 67fe956c1a743-0001     "connect_timeout": 70
2025-04-15T17:20:45+00:00 INFO 67fe956c1a743-0001 }
2025-04-15T17:20:45+00:00 INFO 67fe956c1a743-0001 CONTEXT (JSON): {
2025-04-15T17:20:45+00:00 INFO 67fe956c1a743-0001     "WP_User": "kenton@hubcityseo.com",
2025-04-15T17:20:45+00:00 INFO 67fe956c1a743-0001     "HTTP_REFERER": "https:\/\/pdi.grubmenu.io\/wp-admin\/admin.php?page=wc-settings&tab=checkout",
2025-04-15T17:20:45+00:00 INFO 67fe956c1a743-0001     "HTTP_USER_AGENT": "Mozilla\/5.0 (Windows NT 10.0; Win64; x64) AppleWebKit\/537.36 (KHTML, like Gecko) Chrome\/135.0.0.0 Safari\/537.36",
2025-04-15T17:20:45+00:00 INFO 67fe956c1a743-0001     "REQUEST_URI": "\/wp-json\/wc\/v3\/payments\/settings?_locale=user",
2025-04-15T17:20:45+00:00 INFO 67fe956c1a743-0001     "DOING_AJAX": "",
2025-04-15T17:20:45+00:00 INFO 67fe956c1a743-0001     "DOING_CRON": "",
2025-04-15T17:20:45+00:00 INFO 67fe956c1a743-0001     "WP_CLI": ""
2025-04-15T17:20:45+00:00 INFO 67fe956c1a743-0001 }
2025-04-15T17:20:45+00:00 ERROR 67fe956c1a743-0002 HTTP_REQUEST_ERROR Site is not connected to WordPress.com
2025-04-15T18:01:14+00:00 INFO 67fe9ee81ba25-0001 REQUEST_67fe9eea8d0f1 (JSON): {
2025-04-15T18:01:14+00:00 INFO 67fe9ee81ba25-0001     "url": "https:\/\/public-api.wordpress.com\/wpcom\/v2\/sites\/%s\/wcpay\/fraud_ruleset?test_mode=1",
2025-04-15T18:01:14+00:00 INFO 67fe9ee81ba25-0001     "method": "GET",
2025-04-15T18:01:14+00:00 INFO 67fe9ee81ba25-0001     "headers": {
2025-04-15T18:01:14+00:00 INFO 67fe9ee81ba25-0001         "Content-Type": "application\/json; charset=utf-8",
2025-04-15T18:01:14+00:00 INFO 67fe9ee81ba25-0001         "User-Agent": "WooCommerce Payments\/9.1.0",
2025-04-15T18:01:14+00:00 INFO 67fe9ee81ba25-0001         "X-Request-Initiated": 1744740074.577774
2025-04-15T18:01:14+00:00 INFO 67fe9ee81ba25-0001     },
2025-04-15T18:01:14+00:00 INFO 67fe9ee81ba25-0001     "timeout": 70,
2025-04-15T18:01:14+00:00 INFO 67fe9ee81ba25-0001     "connect_timeout": 70
2025-04-15T18:01:14+00:00 INFO 67fe9ee81ba25-0001 }
2025-04-15T18:01:14+00:00 INFO 67fe9ee81ba25-0001 CONTEXT (JSON): {
2025-04-15T18:01:14+00:00 INFO 67fe9ee81ba25-0001     "WP_User": "kenton@hubcityseo.com",
2025-04-15T18:01:14+00:00 INFO 67fe9ee81ba25-0001     "HTTP_REFERER": "https:\/\/pdi.grubmenu.io\/wp-admin\/admin.php?page=wc-settings&tab=checkout",
2025-04-15T18:01:14+00:00 INFO 67fe9ee81ba25-0001     "HTTP_USER_AGENT": "Mozilla\/5.0 (Windows NT 10.0; Win64; x64) AppleWebKit\/537.36 (KHTML, like Gecko) Chrome\/135.0.0.0 Safari\/537.36",
2025-04-15T18:01:14+00:00 INFO 67fe9ee81ba25-0001     "REQUEST_URI": "\/wp-json\/wc\/v3\/payments\/settings?_locale=user",
2025-04-15T18:01:14+00:00 INFO 67fe9ee81ba25-0001     "DOING_AJAX": "",
2025-04-15T18:01:14+00:00 INFO 67fe9ee81ba25-0001     "DOING_CRON": "",
2025-04-15T18:01:14+00:00 INFO 67fe9ee81ba25-0001     "WP_CLI": ""
2025-04-15T18:01:14+00:00 INFO 67fe9ee81ba25-0001 }
2025-04-15T18:01:14+00:00 ERROR 67fe9ee81ba25-0002 HTTP_REQUEST_ERROR Site is not connected to WordPress.com
2025-04-15T18:01:35+00:00 INFO 67fe9efd6a80e-0001 REQUEST_67fe9eff96b37 (JSON): {
2025-04-15T18:01:35+00:00 INFO 67fe9efd6a80e-0001     "url": "https:\/\/public-api.wordpress.com\/wpcom\/v2\/sites\/%s\/wcpay\/fraud_ruleset?test_mode=1",
2025-04-15T18:01:35+00:00 INFO 67fe9efd6a80e-0001     "method": "GET",
2025-04-15T18:01:35+00:00 INFO 67fe9efd6a80e-0001     "headers": {
2025-04-15T18:01:35+00:00 INFO 67fe9efd6a80e-0001         "Content-Type": "application\/json; charset=utf-8",
2025-04-15T18:01:35+00:00 INFO 67fe9efd6a80e-0001         "User-Agent": "WooCommerce Payments\/9.1.0",
2025-04-15T18:01:35+00:00 INFO 67fe9efd6a80e-0001         "X-Request-Initiated": 1744740095.617269
2025-04-15T18:01:35+00:00 INFO 67fe9efd6a80e-0001     },
2025-04-15T18:01:35+00:00 INFO 67fe9efd6a80e-0001     "timeout": 70,
2025-04-15T18:01:35+00:00 INFO 67fe9efd6a80e-0001     "connect_timeout": 70
2025-04-15T18:01:35+00:00 INFO 67fe9efd6a80e-0001 }
2025-04-15T18:01:35+00:00 INFO 67fe9efd6a80e-0001 CONTEXT (JSON): {
2025-04-15T18:01:35+00:00 INFO 67fe9efd6a80e-0001     "WP_User": "kenton@hubcityseo.com",
2025-04-15T18:01:35+00:00 INFO 67fe9efd6a80e-0001     "HTTP_REFERER": "https:\/\/pdi.grubmenu.io\/wp-admin\/admin.php?page=wc-settings&tab=checkout",
2025-04-15T18:01:35+00:00 INFO 67fe9efd6a80e-0001     "HTTP_USER_AGENT": "Mozilla\/5.0 (Windows NT 10.0; Win64; x64) AppleWebKit\/537.36 (KHTML, like Gecko) Chrome\/135.0.0.0 Safari\/537.36",
2025-04-15T18:01:35+00:00 INFO 67fe9efd6a80e-0001     "REQUEST_URI": "\/wp-json\/wc\/v3\/payments\/settings?_locale=user",
2025-04-15T18:01:35+00:00 INFO 67fe9efd6a80e-0001     "DOING_AJAX": "",
2025-04-15T18:01:35+00:00 INFO 67fe9efd6a80e-0001     "DOING_CRON": "",
2025-04-15T18:01:35+00:00 INFO 67fe9efd6a80e-0001     "WP_CLI": ""
2025-04-15T18:01:35+00:00 INFO 67fe9efd6a80e-0001 }
2025-04-15T18:01:35+00:00 ERROR 67fe9efd6a80e-0002 HTTP_REQUEST_ERROR Site is not connected to WordPress.com
