2025-03-23T01:52:25+00:00 INFO 67df69582d9d8-0001 REQUEST_67df69597743e (JSON): {
2025-03-23T01:52:25+00:00 INFO 67df69582d9d8-0001     "url": "https:\/\/public-api.wordpress.com\/wpcom\/v2\/wcpay\/woopay\/compatibility?test_mode=1",
2025-03-23T01:52:25+00:00 INFO 67df69582d9d8-0001     "method": "GET",
2025-03-23T01:52:25+00:00 INFO 67df69582d9d8-0001     "headers": {
2025-03-23T01:52:25+00:00 INFO 67df69582d9d8-0001         "Content-Type": "application\/json; charset=utf-8",
2025-03-23T01:52:25+00:00 INFO 67df69582d9d8-0001         "User-Agent": "WooCommerce Payments\/8.9.2",
2025-03-23T01:52:25+00:00 INFO 67df69582d9d8-0001         "X-Request-Initiated": 1742694745.488507
2025-03-23T01:52:25+00:00 INFO 67df69582d9d8-0001     },
2025-03-23T01:52:25+00:00 INFO 67df69582d9d8-0001     "timeout": 70,
2025-03-23T01:52:25+00:00 INFO 67df69582d9d8-0001     "connect_timeout": 70
2025-03-23T01:52:25+00:00 INFO 67df69582d9d8-0001 }
2025-03-23T01:52:25+00:00 INFO 67df69582d9d8-0001 CONTEXT (JSON): {
2025-03-23T01:52:25+00:00 INFO 67df69582d9d8-0001     "WP_User": "Guest (non logged-in user)",
2025-03-23T01:52:25+00:00 INFO 67df69582d9d8-0001     "HTTP_REFERER": "--",
2025-03-23T01:52:25+00:00 INFO 67df69582d9d8-0001     "HTTP_USER_AGENT": "WordPress\/6.7.2; https:\/\/northernlights.grubmenu.io",
2025-03-23T01:52:25+00:00 INFO 67df69582d9d8-0001     "REQUEST_URI": "\/wp-cron.php?doing_wp_cron=1742694744.0134799480438232421875",
2025-03-23T01:52:25+00:00 INFO 67df69582d9d8-0001     "DOING_AJAX": "",
2025-03-23T01:52:25+00:00 INFO 67df69582d9d8-0001     "DOING_CRON": "1",
2025-03-23T01:52:25+00:00 INFO 67df69582d9d8-0001     "WP_CLI": ""
2025-03-23T01:52:25+00:00 INFO 67df69582d9d8-0001 }
2025-03-23T01:52:25+00:00 INFO 67df69582d9d8-0002 RESPONSE_67df69597743e (JSON): {
2025-03-23T01:52:25+00:00 INFO 67df69582d9d8-0002     "incompatible_extensions": [
2025-03-23T01:52:25+00:00 INFO 67df69582d9d8-0002         "class-wcdonation",
2025-03-23T01:52:25+00:00 INFO 67df69582d9d8-0002         "woocommerce-avatax",
2025-03-23T01:52:25+00:00 INFO 67df69582d9d8-0002         "woocommerce-table-rate-shipping",
2025-03-23T01:52:25+00:00 INFO 67df69582d9d8-0002         "woocommerce-memberships-for-teams",
2025-03-23T01:52:25+00:00 INFO 67df69582d9d8-0002         "woocommerce-checkout-add-ons",
2025-03-23T01:52:25+00:00 INFO 67df69582d9d8-0002         "woocommerce-checkout-field-editor",
2025-03-23T01:52:25+00:00 INFO 67df69582d9d8-0002         "woocommerce-eu-vat-number",
2025-03-23T01:52:25+00:00 INFO 67df69582d9d8-0002         "woocommerce-order-delivery",
2025-03-23T01:52:25+00:00 INFO 67df69582d9d8-0002         "woocommerce-pdf-product-vouchers",
2025-03-23T01:52:25+00:00 INFO 67df69582d9d8-0002         "woocommerce-shipping-local-pickup-plus",
2025-03-23T01:52:25+00:00 INFO 67df69582d9d8-0002         "woocommerce-shipping-multiple-addresses",
2025-03-23T01:52:25+00:00 INFO 67df69582d9d8-0002         "woocommerce-smart-coupons",
2025-03-23T01:52:25+00:00 INFO 67df69582d9d8-0002         "woocommerce-subscriptions-gifting",
2025-03-23T01:52:25+00:00 INFO 67df69582d9d8-0002         "advanced-product-fields-for-woocommerce"
2025-03-23T01:52:25+00:00 INFO 67df69582d9d8-0002     ],
2025-03-23T01:52:25+00:00 INFO 67df69582d9d8-0002     "adapted_extensions": [
2025-03-23T01:52:25+00:00 INFO 67df69582d9d8-0002         "woocommerce-points-and-rewards",
2025-03-23T01:52:25+00:00 INFO 67df69582d9d8-0002         "woocommerce-gift-cards"
2025-03-23T01:52:25+00:00 INFO 67df69582d9d8-0002     ],
2025-03-23T01:52:25+00:00 INFO 67df69582d9d8-0002     "available_countries": [
2025-03-23T01:52:25+00:00 INFO 67df69582d9d8-0002         "US"
2025-03-23T01:52:25+00:00 INFO 67df69582d9d8-0002     ]
2025-03-23T01:52:25+00:00 INFO 67df69582d9d8-0002 }
2025-03-23T09:52:25+00:00 INFO 67dfd9d8c357e-0001 REQUEST_67dfd9d91b58d (JSON): {
2025-03-23T09:52:25+00:00 INFO 67dfd9d8c357e-0001     "url": "https:\/\/public-api.wordpress.com\/wpcom\/v2\/sites\/%s\/wcpay\/currency\/rates?test_mode=1&currency_from=usd",
2025-03-23T09:52:25+00:00 INFO 67dfd9d8c357e-0001     "method": "GET",
2025-03-23T09:52:25+00:00 INFO 67dfd9d8c357e-0001     "headers": {
2025-03-23T09:52:25+00:00 INFO 67dfd9d8c357e-0001         "Content-Type": "application\/json; charset=utf-8",
2025-03-23T09:52:25+00:00 INFO 67dfd9d8c357e-0001         "User-Agent": "WooCommerce Payments\/8.9.2",
2025-03-23T09:52:25+00:00 INFO 67dfd9d8c357e-0001         "X-Request-Initiated": 1742723545.112011
2025-03-23T09:52:25+00:00 INFO 67dfd9d8c357e-0001     },
2025-03-23T09:52:25+00:00 INFO 67dfd9d8c357e-0001     "timeout": 70,
2025-03-23T09:52:25+00:00 INFO 67dfd9d8c357e-0001     "connect_timeout": 70
2025-03-23T09:52:25+00:00 INFO 67dfd9d8c357e-0001 }
2025-03-23T09:52:25+00:00 INFO 67dfd9d8c357e-0001 CONTEXT (JSON): {
2025-03-23T09:52:25+00:00 INFO 67dfd9d8c357e-0001     "WP_User": "Guest (non logged-in user)",
2025-03-23T09:52:25+00:00 INFO 67dfd9d8c357e-0001     "HTTP_REFERER": "--",
2025-03-23T09:52:25+00:00 INFO 67dfd9d8c357e-0001     "HTTP_USER_AGENT": "Mozilla\/5.0 (Linux; Android 6.0.1; Nexus 5X Build\/MMB29P) AppleWebKit\/537.36 (KHTML, like Gecko) Chrome\/134.0.6998.165 Mobile Safari\/537.36 (compatible; Googlebot\/2.1; +http:\/\/www.google.com\/bot.html)",
2025-03-23T09:52:25+00:00 INFO 67dfd9d8c357e-0001     "REQUEST_URI": "\/product\/sausage-pizza\/",
2025-03-23T09:52:25+00:00 INFO 67dfd9d8c357e-0001     "DOING_AJAX": "",
2025-03-23T09:52:25+00:00 INFO 67dfd9d8c357e-0001     "DOING_CRON": "",
2025-03-23T09:52:25+00:00 INFO 67dfd9d8c357e-0001     "WP_CLI": ""
2025-03-23T09:52:25+00:00 INFO 67dfd9d8c357e-0001 }
2025-03-23T09:52:25+00:00 INFO 67dfd9d8c357e-0002 RESPONSE_67dfd9d91b58d (JSON): {
2025-03-23T09:52:25+00:00 INFO 67dfd9d8c357e-0002     "AED": 3.673,
2025-03-23T09:52:25+00:00 INFO 67dfd9d8c357e-0002     "AFN": 70.457366,
2025-03-23T09:52:25+00:00 INFO 67dfd9d8c357e-0002     "ALL": 90.82969,
2025-03-23T09:52:25+00:00 INFO 67dfd9d8c357e-0002     "AMD": 390.071253,
2025-03-23T09:52:25+00:00 INFO 67dfd9d8c357e-0002     "ANG": 1.79784,
2025-03-23T09:52:25+00:00 INFO 67dfd9d8c357e-0002     "AOA": 914.5,
2025-03-23T09:52:25+00:00 INFO 67dfd9d8c357e-0002     "ARS": 1062.287663,
2025-03-23T09:52:25+00:00 INFO 67dfd9d8c357e-0002     "AUD": 1.594134,
2025-03-23T09:52:25+00:00 INFO 67dfd9d8c357e-0002     "AWG": 1.8025,
2025-03-23T09:52:25+00:00 INFO 67dfd9d8c357e-0002     "AZN": 1.7,
2025-03-23T09:52:25+00:00 INFO 67dfd9d8c357e-0002     "BAM": 1.798023,
2025-03-23T09:52:25+00:00 INFO 67dfd9d8c357e-0002     "BBD": 2,
2025-03-23T09:52:25+00:00 INFO 67dfd9d8c357e-0002     "BDT": 121.204351,
2025-03-23T09:52:25+00:00 INFO 67dfd9d8c357e-0002     "BGN": 1.80766,
2025-03-23T09:52:25+00:00 INFO 67dfd9d8c357e-0002     "BHD": 0.374718,
2025-03-23T09:52:25+00:00 INFO 67dfd9d8c357e-0002     "BIF": 2956.477999,
2025-03-23T09:52:25+00:00 INFO 67dfd9d8c357e-0002     "BMD": 1,
2025-03-23T09:52:25+00:00 INFO 67dfd9d8c357e-0002     "BND": 1.330453,
2025-03-23T09:52:25+00:00 INFO 67dfd9d8c357e-0002     "BOB": 6.893128,
2025-03-23T09:52:25+00:00 INFO 67dfd9d8c357e-0002     "BRL": 5.7348,
2025-03-23T09:52:25+00:00 INFO 67dfd9d8c357e-0002     "BSD": 1,
2025-03-23T09:52:25+00:00 INFO 67dfd9d8c357e-0002     "BTC": 1.2e-5,
2025-03-23T09:52:25+00:00 INFO 67dfd9d8c357e-0002     "BTN": 86.069411,
2025-03-23T09:52:25+00:00 INFO 67dfd9d8c357e-0002     "BWP": 13.600551,
2025-03-23T09:52:25+00:00 INFO 67dfd9d8c357e-0002     "BYN": 3.264629,
2025-03-23T09:52:25+00:00 INFO 67dfd9d8c357e-0002     "BZD": 2.003769,
2025-03-23T09:52:25+00:00 INFO 67dfd9d8c357e-0002     "CAD": 1.44235,
2025-03-23T09:52:25+00:00 INFO 67dfd9d8c357e-0002     "CDF": 2855.69631,
2025-03-23T09:52:25+00:00 INFO 67dfd9d8c357e-0002     "CHF": 0.883969,
2025-03-23T09:52:25+00:00 INFO 67dfd9d8c357e-0002     "CLF": 0.024205,
2025-03-23T09:52:25+00:00 INFO 67dfd9d8c357e-0002     "CLP": 928.595725,
2025-03-23T09:52:25+00:00 INFO 67dfd9d8c357e-0002     "CNH": 7.2582,
2025-03-23T09:52:25+00:00 INFO 67dfd9d8c357e-0002     "CNY": 7.24925,
2025-03-23T09:52:25+00:00 INFO 67dfd9d8c357e-0002     "COP": 4161.98575,
2025-03-23T09:52:25+00:00 INFO 67dfd9d8c357e-0002     "CRC": 498.735945,
2025-03-23T09:52:25+00:00 INFO 67dfd9d8c357e-0002     "CUC": 1,
2025-03-23T09:52:25+00:00 INFO 67dfd9d8c357e-0002     "CUP": 25.75,
2025-03-23T09:52:25+00:00 INFO 67dfd9d8c357e-0002     "CVE": 101.369805,
2025-03-23T09:52:25+00:00 INFO 67dfd9d8c357e-0002     "CZK": 23.1214,
2025-03-23T09:52:25+00:00 INFO 67dfd9d8c357e-0002     "DJF": 177.641943,
2025-03-23T09:52:25+00:00 INFO 67dfd9d8c357e-0002     "DKK": 6.8978,
2025-03-23T09:52:25+00:00 INFO 67dfd9d8c357e-0002     "DOP": 62.845328,
2025-03-23T09:52:25+00:00 INFO 67dfd9d8c357e-0002     "DZD": 133.86,
2025-03-23T09:52:25+00:00 INFO 67dfd9d8c357e-0002     "EGP": 50.271662,
2025-03-23T09:52:25+00:00 INFO 67dfd9d8c357e-0002     "ERN": 15,
2025-03-23T09:52:25+00:00 INFO 67dfd9d8c357e-0002     "ETB": 131.556686,
2025-03-23T09:52:25+00:00 INFO 67dfd9d8c357e-0002     "EUR": 0.919583,
2025-03-23T09:52:25+00:00 INFO 67dfd9d8c357e-0002     "FJD": 2.29945,
2025-03-23T09:52:25+00:00 INFO 67dfd9d8c357e-0002     "FKP": 0.774054,
2025-03-23T09:52:25+00:00 INFO 67dfd9d8c357e-0002     "GBP": 0.774054,
2025-03-23T09:52:25+00:00 INFO 67dfd9d8c357e-0002     "GEL": 2.775,
2025-03-23T09:52:25+00:00 INFO 67dfd9d8c357e-0002     "GGP": 0.774054,
2025-03-23T09:52:25+00:00 INFO 67dfd9d8c357e-0002     "GHS": 15.462192,
2025-03-23T09:52:25+00:00 INFO 67dfd9d8c357e-0002     "GIP": 0.774054,
2025-03-23T09:52:25+00:00 INFO 67dfd9d8c357e-0002     "GMD": 70.500003,
2025-03-23T09:52:25+00:00 INFO 67dfd9d8c357e-0002     "GNF": 8626.002297,
2025-03-23T09:52:25+00:00 INFO 67dfd9d8c357e-0002     "GTQ": 7.686509,
2025-03-23T09:52:25+00:00 INFO 67dfd9d8c357e-0002     "GYD": 209.322026,
2025-03-23T09:52:25+00:00 INFO 67dfd9d8c357e-0002     "HKD": 7.77505,
2025-03-23T09:52:25+00:00 INFO 67dfd9d8c357e-0002     "HNL": 25.52057,
2025-03-23T09:52:25+00:00 INFO 67dfd9d8c357e-0002     "HRK": 6.96684,
2025-03-23T09:52:25+00:00 INFO 67dfd9d8c357e-0002     "HTG": 130.737742,
2025-03-23T09:52:25+00:00 INFO 67dfd9d8c357e-0002     "HUF": 365.543861,
2025-03-23T09:52:25+00:00 INFO 67dfd9d8c357e-0002     "IDR": 16526,
2025-03-23T09:52:25+00:00 INFO 67dfd9d8c357e-0002     "ILS": 3.69322,
2025-03-23T09:52:25+00:00 INFO 67dfd9d8c357e-0002     "IMP": 0.774054,
2025-03-23T09:52:25+00:00 INFO 67dfd9d8c357e-0002     "INR": 85.9945,
2025-03-23T09:52:25+00:00 INFO 67dfd9d8c357e-0002     "IQD": 1306.824916,
2025-03-23T09:52:25+00:00 INFO 67dfd9d8c357e-0002     "IRR": 42112.5,
2025-03-23T09:52:25+00:00 INFO 67dfd9d8c357e-0002     "ISK": 132.751092,
2025-03-23T09:52:25+00:00 INFO 67dfd9d8c357e-0002     "JEP": 0.774054,
2025-03-23T09:52:25+00:00 INFO 67dfd9d8c357e-0002     "JMD": 156.129613,
2025-03-23T09:52:25+00:00 INFO 67dfd9d8c357e-0002     "JOD": 0.709,
2025-03-23T09:52:25+00:00 INFO 67dfd9d8c357e-0002     "JPY": 149.324939,
2025-03-23T09:52:25+00:00 INFO 67dfd9d8c357e-0002     "KES": 129.037005,
2025-03-23T09:52:25+00:00 INFO 67dfd9d8c357e-0002     "KGS": 85.9051,
2025-03-23T09:52:25+00:00 INFO 67dfd9d8c357e-0002     "KHR": 3995.40422,
2025-03-23T09:52:25+00:00 INFO 67dfd9d8c357e-0002     "KMF": 455.299559,
2025-03-23T09:52:25+00:00 INFO 67dfd9d8c357e-0002     "KPW": 900,
2025-03-23T09:52:25+00:00 INFO 67dfd9d8c357e-0002     "KRW": 1465.78,
2025-03-23T09:52:25+00:00 INFO 67dfd9d8c357e-0002     "KWD": 0.306311,
2025-03-23T09:52:25+00:00 INFO 67dfd9d8c357e-0002     "KYD": 0.831349,
2025-03-23T09:52:25+00:00 INFO 67dfd9d8c357e-0002     "KZT": 501.907449,
2025-03-23T09:52:25+00:00 INFO 67dfd9d8c357e-0002     "LAK": 21598.10082,
2025-03-23T09:52:25+00:00 INFO 67dfd9d8c357e-0002     "LBP": 89395.404299,
2025-03-23T09:52:25+00:00 INFO 67dfd9d8c357e-0002     "LKR": 295.628743,
2025-03-23T09:52:25+00:00 INFO 67dfd9d8c357e-0002     "LRD": 199.512755,
2025-03-23T09:52:25+00:00 INFO 67dfd9d8c357e-0002     "LSL": 18.1436,
2025-03-23T09:52:25+00:00 INFO 67dfd9d8c357e-0002     "LYD": 4.799816,
2025-03-23T09:52:25+00:00 INFO 67dfd9d8c357e-0002     "MAD": 9.578764,
2025-03-23T09:52:25+00:00 INFO 67dfd9d8c357e-0002     "MDL": 17.995863,
2025-03-23T09:52:25+00:00 INFO 67dfd9d8c357e-0002     "MGA": 4663.758034,
2025-03-23T09:52:25+00:00 INFO 67dfd9d8c357e-0002     "MKD": 56.566306,
2025-03-23T09:52:25+00:00 INFO 67dfd9d8c357e-0002     "MMK": 2098,
2025-03-23T09:52:25+00:00 INFO 67dfd9d8c357e-0002     "MNT": 3398,
2025-03-23T09:52:25+00:00 INFO 67dfd9d8c357e-0002     "MOP": 7.986762,
2025-03-23T09:52:25+00:00 INFO 67dfd9d8c357e-0002     "MUR": 45.299995,
2025-03-23T09:52:25+00:00 INFO 67dfd9d8c357e-0002     "MVR": 15.4,
2025-03-23T09:52:25+00:00 INFO 67dfd9d8c357e-0002     "MWK": 1729.71995,
2025-03-23T09:52:25+00:00 INFO 67dfd9d8c357e-0002     "MXN": 20.2392,
2025-03-23T09:52:25+00:00 INFO 67dfd9d8c357e-0002     "MYR": 4.423,
2025-03-23T09:52:25+00:00 INFO 67dfd9d8c357e-0002     "MZN": 63.899993,
2025-03-23T09:52:25+00:00 INFO 67dfd9d8c357e-0002     "NAD": 18.1436,
2025-03-23T09:52:25+00:00 INFO 67dfd9d8c357e-0002     "NGN": 1526.268711,
2025-03-23T09:52:25+00:00 INFO 67dfd9d8c357e-0002     "NIO": 36.708802,
2025-03-23T09:52:25+00:00 INFO 67dfd9d8c357e-0002     "NOK": 10.571345,
2025-03-23T09:52:25+00:00 INFO 67dfd9d8c357e-0002     "NPR": 137.710883,
2025-03-23T09:52:25+00:00 INFO 67dfd9d8c357e-0002     "NZD": 1.745201,
2025-03-23T09:52:25+00:00 INFO 67dfd9d8c357e-0002     "OMR": 0.382652,
2025-03-23T09:52:25+00:00 INFO 67dfd9d8c357e-0002     "PAB": 1,
2025-03-23T09:52:25+00:00 INFO 67dfd9d8c357e-0002     "PEN": 3.615629,
2025-03-23T09:52:25+00:00 INFO 67dfd9d8c357e-0002     "PGK": 4.106642,
2025-03-23T09:52:25+00:00 INFO 67dfd9d8c357e-0002     "PHP": 57.320001,
2025-03-23T09:52:25+00:00 INFO 67dfd9d8c357e-0002     "PKR": 279.514161,
2025-03-23T09:52:25+00:00 INFO 67dfd9d8c357e-0002     "PLN": 3.878557,
2025-03-23T09:52:25+00:00 INFO 67dfd9d8c357e-0002     "PYG": 7976.185931,
2025-03-23T09:52:25+00:00 INFO 67dfd9d8c357e-0002     "QAR": 3.636314,
2025-03-23T09:52:25+00:00 INFO 67dfd9d8c357e-0002     "RON": 4.5977,
2025-03-23T09:52:25+00:00 INFO 67dfd9d8c357e-0002     "RSD": 107.754536,
2025-03-23T09:52:25+00:00 INFO 67dfd9d8c357e-0002     "RUB": 84.001024,
2025-03-23T09:52:25+00:00 INFO 67dfd9d8c357e-0002     "RWF": 1435.347473,
2025-03-23T09:52:25+00:00 INFO 67dfd9d8c357e-0002     "SAR": 3.751231,
2025-03-23T09:52:25+00:00 INFO 67dfd9d8c357e-0002     "SBD": 8.421986,
2025-03-23T09:52:25+00:00 INFO 67dfd9d8c357e-0002     "SCR": 14.301,
2025-03-23T09:52:25+00:00 INFO 67dfd9d8c357e-0002     "SDG": 601,
2025-03-23T09:52:25+00:00 INFO 67dfd9d8c357e-0002     "SEK": 10.137385,
2025-03-23T09:52:25+00:00 INFO 67dfd9d8c357e-0002     "SGD": 1.3334,
2025-03-23T09:52:25+00:00 INFO 67dfd9d8c357e-0002     "SHP": 0.774054,
2025-03-23T09:52:25+00:00 INFO 67dfd9d8c357e-0002     "SLL": 20969.5,
2025-03-23T09:52:25+00:00 INFO 67dfd9d8c357e-0002     "SOS": 570.075351,
2025-03-23T09:52:25+00:00 INFO 67dfd9d8c357e-0002     "SRD": 36.3475,
2025-03-23T09:52:25+00:00 INFO 67dfd9d8c357e-0002     "SSP": 130.26,
2025-03-23T09:52:25+00:00 INFO 67dfd9d8c357e-0002     "STD": 22281.8,
2025-03-23T09:52:25+00:00 INFO 67dfd9d8c357e-0002     "SVC": 8.729028,
2025-03-23T09:52:25+00:00 INFO 67dfd9d8c357e-0002     "SYP": 13002,
2025-03-23T09:52:25+00:00 INFO 67dfd9d8c357e-0002     "SZL": 18.128246,
2025-03-23T09:52:25+00:00 INFO 67dfd9d8c357e-0002     "THB": 33.715468,
2025-03-23T09:52:25+00:00 INFO 67dfd9d8c357e-0002     "TJS": 10.898276,
2025-03-23T09:52:25+00:00 INFO 67dfd9d8c357e-0002     "TMT": 3.5,
2025-03-23T09:52:25+00:00 INFO 67dfd9d8c357e-0002     "TND": 3.093726,
2025-03-23T09:52:25+00:00 INFO 67dfd9d8c357e-0002     "TOP": 2.40776,
2025-03-23T09:52:25+00:00 INFO 67dfd9d8c357e-0002     "TRY": 37.789998,
2025-03-23T09:52:25+00:00 INFO 67dfd9d8c357e-0002     "TTD": 6.778212,
2025-03-23T09:52:25+00:00 INFO 67dfd9d8c357e-0002     "TWD": 32.99,
2025-03-23T09:52:25+00:00 INFO 67dfd9d8c357e-0002     "TZS": 2646.017183,
2025-03-23T09:52:25+00:00 INFO 67dfd9d8c357e-0002     "UAH": 41.431302,
2025-03-23T09:52:25+00:00 INFO 67dfd9d8c357e-0002     "UGX": 3657.100041,
2025-03-23T09:52:25+00:00 INFO 67dfd9d8c357e-0002     "USD": 1,
2025-03-23T09:52:25+00:00 INFO 67dfd9d8c357e-0002     "UYU": 42.199983,
2025-03-23T09:52:25+00:00 INFO 67dfd9d8c357e-0002     "UZS": 12909.176901,
2025-03-23T09:52:25+00:00 INFO 67dfd9d8c357e-0002     "VND": 25604.968354,
2025-03-23T09:52:25+00:00 INFO 67dfd9d8c357e-0002     "VUV": 118.722,
2025-03-23T09:52:25+00:00 INFO 67dfd9d8c357e-0002     "WST": 2.8,
2025-03-23T09:52:25+00:00 INFO 67dfd9d8c357e-0002     "XAF": 603.206596,
2025-03-23T09:52:25+00:00 INFO 67dfd9d8c357e-0002     "XAG": 0.030273,
2025-03-23T09:52:25+00:00 INFO 67dfd9d8c357e-0002     "XAU": 0.000331,
2025-03-23T09:52:25+00:00 INFO 67dfd9d8c357e-0002     "XCD": 2.70255,
2025-03-23T09:52:25+00:00 INFO 67dfd9d8c357e-0002     "XDR": 0.749988,
2025-03-23T09:52:25+00:00 INFO 67dfd9d8c357e-0002     "XOF": 603.206596,
2025-03-23T09:52:25+00:00 INFO 67dfd9d8c357e-0002     "XPD": 0.001046,
2025-03-23T09:52:25+00:00 INFO 67dfd9d8c357e-0002     "XPF": 109.735385,
2025-03-23T09:52:25+00:00 INFO 67dfd9d8c357e-0002     "XPT": 0.001025,
2025-03-23T09:52:25+00:00 INFO 67dfd9d8c357e-0002     "YER": 246.074964,
2025-03-23T09:52:25+00:00 INFO 67dfd9d8c357e-0002     "ZAR": 18.23251,
2025-03-23T09:52:25+00:00 INFO 67dfd9d8c357e-0002     "ZMW": 28.809008,
2025-03-23T09:52:25+00:00 INFO 67dfd9d8c357e-0002     "ZWL": 322
2025-03-23T09:52:25+00:00 INFO 67dfd9d8c357e-0002 }
2025-03-23T16:34:45+00:00 INFO 67e038257b100-0001 REQUEST_67e03825911c1 (JSON): {
2025-03-23T16:34:45+00:00 INFO 67e038257b100-0001     "url": "https:\/\/public-api.wordpress.com\/wpcom\/v2\/sites\/%s\/wcpay\/accounts?test_mode=true",
2025-03-23T16:34:45+00:00 INFO 67e038257b100-0001     "method": "GET",
2025-03-23T16:34:45+00:00 INFO 67e038257b100-0001     "headers": {
2025-03-23T16:34:45+00:00 INFO 67e038257b100-0001         "Content-Type": "application\/json; charset=utf-8",
2025-03-23T16:34:45+00:00 INFO 67e038257b100-0001         "User-Agent": "WooCommerce Payments\/8.9.2",
2025-03-23T16:34:45+00:00 INFO 67e038257b100-0001         "X-Request-Initiated": 1742747685.594367
2025-03-23T16:34:45+00:00 INFO 67e038257b100-0001     },
2025-03-23T16:34:45+00:00 INFO 67e038257b100-0001     "timeout": 70,
2025-03-23T16:34:45+00:00 INFO 67e038257b100-0001     "connect_timeout": 70
2025-03-23T16:34:45+00:00 INFO 67e038257b100-0001 }
2025-03-23T16:34:45+00:00 INFO 67e038257b100-0001 CONTEXT (JSON): {
2025-03-23T16:34:45+00:00 INFO 67e038257b100-0001     "WP_User": "Guest (non logged-in user)",
2025-03-23T16:34:45+00:00 INFO 67e038257b100-0001     "HTTP_REFERER": "--",
2025-03-23T16:34:45+00:00 INFO 67e038257b100-0001     "HTTP_USER_AGENT": "Mozilla\/5.0 (compatible; Googlebot\/2.1; +http:\/\/www.google.com\/bot.html)",
2025-03-23T16:34:45+00:00 INFO 67e038257b100-0001     "REQUEST_URI": "\/robots.txt",
2025-03-23T16:34:45+00:00 INFO 67e038257b100-0001     "DOING_AJAX": "",
2025-03-23T16:34:45+00:00 INFO 67e038257b100-0001     "DOING_CRON": "",
2025-03-23T16:34:45+00:00 INFO 67e038257b100-0001     "WP_CLI": ""
2025-03-23T16:34:45+00:00 INFO 67e038257b100-0001 }
2025-03-23T16:34:49+00:00 INFO 67e038257b100-0002 RESPONSE_67e03825911c1 (JSON): {
2025-03-23T16:34:49+00:00 INFO 67e038257b100-0002     "account_id": "acct_1Qv6psC4wRMCdaNt",
2025-03-23T16:34:49+00:00 INFO 67e038257b100-0002     "email": "(redacted)",
2025-03-23T16:34:49+00:00 INFO 67e038257b100-0002     "live_publishable_key": "pk_live_51ETDmyFuiXB5oUVxaIafkGPnwuNcBxr1pXVhvLJ4BrWuiqfG6SldjatOGLQhuqXnDmgqwRA7tDoSFlbY4wFji7KR0079TvtxNs",
2025-03-23T16:34:49+00:00 INFO 67e038257b100-0002     "test_publishable_key": "pk_test_51ETDmyFuiXB5oUVxwSobQMW5Tno1GclIq7ePZWzLeW4q8oa7Zb8hI5VfwI5sNT5nXuKYinLukNvGCXmsQXAoDGHG00MqHqlYHR",
2025-03-23T16:34:49+00:00 INFO 67e038257b100-0002     "is_live": false,
2025-03-23T16:34:49+00:00 INFO 67e038257b100-0002     "is_test_drive": true,
2025-03-23T16:34:49+00:00 INFO 67e038257b100-0002     "created": "2025-02-22 00:45:01",
2025-03-23T16:34:49+00:00 INFO 67e038257b100-0002     "has_pending_requirements": false,
2025-03-23T16:34:49+00:00 INFO 67e038257b100-0002     "has_future_requirements": false,
2025-03-23T16:34:49+00:00 INFO 67e038257b100-0002     "has_overdue_requirements": false,
2025-03-23T16:34:49+00:00 INFO 67e038257b100-0002     "details_submitted": true,
2025-03-23T16:34:49+00:00 INFO 67e038257b100-0002     "current_deadline": null,
2025-03-23T16:34:49+00:00 INFO 67e038257b100-0002     "status": "complete",
2025-03-23T16:34:49+00:00 INFO 67e038257b100-0002     "capabilities": {
2025-03-23T16:34:49+00:00 INFO 67e038257b100-0002         "affirm_payments": "active",
2025-03-23T16:34:49+00:00 INFO 67e038257b100-0002         "afterpay_clearpay_payments": "active",
2025-03-23T16:34:49+00:00 INFO 67e038257b100-0002         "bancontact_payments": "active",
2025-03-23T16:34:49+00:00 INFO 67e038257b100-0002         "card_payments": "active",
2025-03-23T16:34:49+00:00 INFO 67e038257b100-0002         "eps_payments": "active",
2025-03-23T16:34:49+00:00 INFO 67e038257b100-0002         "ideal_payments": "active",
2025-03-23T16:34:49+00:00 INFO 67e038257b100-0002         "klarna_payments": "active",
2025-03-23T16:34:49+00:00 INFO 67e038257b100-0002         "link_payments": "active",
2025-03-23T16:34:49+00:00 INFO 67e038257b100-0002         "multibanco_payments": "active",
2025-03-23T16:34:49+00:00 INFO 67e038257b100-0002         "p24_payments": "active",
2025-03-23T16:34:49+00:00 INFO 67e038257b100-0002         "tax_reporting_us_1099_k": "active",
2025-03-23T16:34:49+00:00 INFO 67e038257b100-0002         "transfers": "active",
2025-03-23T16:34:49+00:00 INFO 67e038257b100-0002         "acss_debit_payments": "unrequested",
2025-03-23T16:34:49+00:00 INFO 67e038257b100-0002         "amazon_pay_payments": "unrequested",
2025-03-23T16:34:49+00:00 INFO 67e038257b100-0002         "bank_transfer_payments": "unrequested",
2025-03-23T16:34:49+00:00 INFO 67e038257b100-0002         "cartes_bancaires_payments": "unrequested",
2025-03-23T16:34:49+00:00 INFO 67e038257b100-0002         "cashapp_payments": "unrequested",
2025-03-23T16:34:49+00:00 INFO 67e038257b100-0002         "giropay_payments": "unrequested",
2025-03-23T16:34:49+00:00 INFO 67e038257b100-0002         "kakao_pay_payments": "unrequested",
2025-03-23T16:34:49+00:00 INFO 67e038257b100-0002         "klarna": "unrequested",
2025-03-23T16:34:49+00:00 INFO 67e038257b100-0002         "kr_card_payments": "unrequested",
2025-03-23T16:34:49+00:00 INFO 67e038257b100-0002         "naver_pay_payments": "unrequested",
2025-03-23T16:34:49+00:00 INFO 67e038257b100-0002         "payco_payments": "unrequested",
2025-03-23T16:34:49+00:00 INFO 67e038257b100-0002         "samsung_pay_payments": "unrequested",
2025-03-23T16:34:49+00:00 INFO 67e038257b100-0002         "sepa_bank_transfer_payments": "unrequested",
2025-03-23T16:34:49+00:00 INFO 67e038257b100-0002         "sepa_debit_payments": "unrequested",
2025-03-23T16:34:49+00:00 INFO 67e038257b100-0002         "sofort_payments": "unrequested",
2025-03-23T16:34:49+00:00 INFO 67e038257b100-0002         "tax_reporting_us_1099_misc": "unrequested",
2025-03-23T16:34:49+00:00 INFO 67e038257b100-0002         "us_bank_account_ach_payments": "unrequested",
2025-03-23T16:34:49+00:00 INFO 67e038257b100-0002         "us_bank_transfer_payments": "unrequested"
2025-03-23T16:34:49+00:00 INFO 67e038257b100-0002     },
2025-03-23T16:34:49+00:00 INFO 67e038257b100-0002     "capability_requirements": {
2025-03-23T16:34:49+00:00 INFO 67e038257b100-0002         "acss_debit_payments": [],
2025-03-23T16:34:49+00:00 INFO 67e038257b100-0002         "affirm_payments": [],
2025-03-23T16:34:49+00:00 INFO 67e038257b100-0002         "afterpay_clearpay_payments": [],
2025-03-23T16:34:49+00:00 INFO 67e038257b100-0002         "amazon_pay_payments": [],
2025-03-23T16:34:49+00:00 INFO 67e038257b100-0002         "bancontact_payments": [],
2025-03-23T16:34:49+00:00 INFO 67e038257b100-0002         "bank_transfer_payments": [],
2025-03-23T16:34:49+00:00 INFO 67e038257b100-0002         "card_payments": [],
2025-03-23T16:34:49+00:00 INFO 67e038257b100-0002         "cartes_bancaires_payments": [],
2025-03-23T16:34:49+00:00 INFO 67e038257b100-0002         "cashapp_payments": [],
2025-03-23T16:34:49+00:00 INFO 67e038257b100-0002         "eps_payments": [],
2025-03-23T16:34:49+00:00 INFO 67e038257b100-0002         "giropay_payments": [],
2025-03-23T16:34:49+00:00 INFO 67e038257b100-0002         "ideal_payments": [],
2025-03-23T16:34:49+00:00 INFO 67e038257b100-0002         "kakao_pay_payments": [],
2025-03-23T16:34:49+00:00 INFO 67e038257b100-0002         "klarna": [],
2025-03-23T16:34:49+00:00 INFO 67e038257b100-0002         "klarna_payments": [],
2025-03-23T16:34:49+00:00 INFO 67e038257b100-0002         "kr_card_payments": [],
2025-03-23T16:34:49+00:00 INFO 67e038257b100-0002         "link_payments": [],
2025-03-23T16:34:49+00:00 INFO 67e038257b100-0002         "multibanco_payments": [],
2025-03-23T16:34:49+00:00 INFO 67e038257b100-0002         "naver_pay_payments": [],
2025-03-23T16:34:49+00:00 INFO 67e038257b100-0002         "p24_payments": [],
2025-03-23T16:34:49+00:00 INFO 67e038257b100-0002         "payco_payments": [],
2025-03-23T16:34:49+00:00 INFO 67e038257b100-0002         "samsung_pay_payments": [],
2025-03-23T16:34:49+00:00 INFO 67e038257b100-0002         "sepa_bank_transfer_payments": [],
2025-03-23T16:34:49+00:00 INFO 67e038257b100-0002         "sepa_debit_payments": [],
2025-03-23T16:34:49+00:00 INFO 67e038257b100-0002         "sofort_payments": [],
2025-03-23T16:34:49+00:00 INFO 67e038257b100-0002         "tax_reporting_us_1099_k": [],
2025-03-23T16:34:49+00:00 INFO 67e038257b100-0002         "tax_reporting_us_1099_misc": [],
2025-03-23T16:34:49+00:00 INFO 67e038257b100-0002         "transfers": [],
2025-03-23T16:34:49+00:00 INFO 67e038257b100-0002         "us_bank_account_ach_payments": [],
2025-03-23T16:34:49+00:00 INFO 67e038257b100-0002         "us_bank_transfer_payments": []
2025-03-23T16:34:49+00:00 INFO 67e038257b100-0002     },
2025-03-23T16:34:49+00:00 INFO 67e038257b100-0002     "payments_enabled": true,
2025-03-23T16:34:49+00:00 INFO 67e038257b100-0002     "deposits": {
2025-03-23T16:34:49+00:00 INFO 67e038257b100-0002         "status": "enabled",
2025-03-23T16:34:49+00:00 INFO 67e038257b100-0002         "restrictions": "deposits_unrestricted",
2025-03-23T16:34:49+00:00 INFO 67e038257b100-0002         "interval": "daily",
2025-03-23T16:34:49+00:00 INFO 67e038257b100-0002         "weekly_anchor": "",
2025-03-23T16:34:49+00:00 INFO 67e038257b100-0002         "monthly_anchor": null,
2025-03-23T16:34:49+00:00 INFO 67e038257b100-0002         "delay_days": 2,
2025-03-23T16:34:49+00:00 INFO 67e038257b100-0002         "completed_waiting_period": false,
2025-03-23T16:34:49+00:00 INFO 67e038257b100-0002         "minimum_manual_deposit_amounts": {
2025-03-23T16:34:49+00:00 INFO 67e038257b100-0002             "aud": 500,
2025-03-23T16:34:49+00:00 INFO 67e038257b100-0002             "bgn": 100,
2025-03-23T16:34:49+00:00 INFO 67e038257b100-0002             "cad": 500,
2025-03-23T16:34:49+00:00 INFO 67e038257b100-0002             "chf": 500,
2025-03-23T16:34:49+00:00 INFO 67e038257b100-0002             "czk": 3000,
2025-03-23T16:34:49+00:00 INFO 67e038257b100-0002             "dkk": 5000,
2025-03-23T16:34:49+00:00 INFO 67e038257b100-0002             "eur": 500,
2025-03-23T16:34:49+00:00 INFO 67e038257b100-0002             "gbp": 500,
2025-03-23T16:34:49+00:00 INFO 67e038257b100-0002             "hkd": 5000,
2025-03-23T16:34:49+00:00 INFO 67e038257b100-0002             "huf": 36000,
2025-03-23T16:34:49+00:00 INFO 67e038257b100-0002             "nok": 5000,
2025-03-23T16:34:49+00:00 INFO 67e038257b100-0002             "nzd": 500,
2025-03-23T16:34:49+00:00 INFO 67e038257b100-0002             "jpy": 50,
2025-03-23T16:34:49+00:00 INFO 67e038257b100-0002             "sek": 5000,
2025-03-23T16:34:49+00:00 INFO 67e038257b100-0002             "sgd": 500,
2025-03-23T16:34:49+00:00 INFO 67e038257b100-0002             "usd": 500,
2025-03-23T16:34:49+00:00 INFO 67e038257b100-0002             "ron": 500,
2025-03-23T16:34:49+00:00 INFO 67e038257b100-0002             "pln": 500,
2025-03-23T16:34:49+00:00 INFO 67e038257b100-0002             "aed": 200
2025-03-23T16:34:49+00:00 INFO 67e038257b100-0002         },
2025-03-23T16:34:49+00:00 INFO 67e038257b100-0002         "minimum_scheduled_deposit_amounts": {
2025-03-23T16:34:49+00:00 INFO 67e038257b100-0002             "aed": 200,
2025-03-23T16:34:49+00:00 INFO 67e038257b100-0002             "aud": 0,
2025-03-23T16:34:49+00:00 INFO 67e038257b100-0002             "bgn": 100,
2025-03-23T16:34:49+00:00 INFO 67e038257b100-0002             "cad": 0,
2025-03-23T16:34:49+00:00 INFO 67e038257b100-0002             "chf": 500,
2025-03-23T16:34:49+00:00 INFO 67e038257b100-0002             "czk": 3000,
2025-03-23T16:34:49+00:00 INFO 67e038257b100-0002             "dkk": 2000,
2025-03-23T16:34:49+00:00 INFO 67e038257b100-0002             "eur": 100,
2025-03-23T16:34:49+00:00 INFO 67e038257b100-0002             "gbp": 100,
2025-03-23T16:34:49+00:00 INFO 67e038257b100-0002             "hkd": 0,
2025-03-23T16:34:49+00:00 INFO 67e038257b100-0002             "huf": 36000,
2025-03-23T16:34:49+00:00 INFO 67e038257b100-0002             "jpy": 1,
2025-03-23T16:34:49+00:00 INFO 67e038257b100-0002             "nok": 2000,
2025-03-23T16:34:49+00:00 INFO 67e038257b100-0002             "nzd": 0,
2025-03-23T16:34:49+00:00 INFO 67e038257b100-0002             "pln": 500,
2025-03-23T16:34:49+00:00 INFO 67e038257b100-0002             "ron": 500,
2025-03-23T16:34:49+00:00 INFO 67e038257b100-0002             "sek": 2000,
2025-03-23T16:34:49+00:00 INFO 67e038257b100-0002             "sgd": 100,
2025-03-23T16:34:49+00:00 INFO 67e038257b100-0002             "usd": 0
2025-03-23T16:34:49+00:00 INFO 67e038257b100-0002         }
2025-03-23T16:34:49+00:00 INFO 67e038257b100-0002     },
2025-03-23T16:34:49+00:00 INFO 67e038257b100-0002     "lifetime_total_payment_volume": 0,
2025-03-23T16:34:49+00:00 INFO 67e038257b100-0002     "requirements": {
2025-03-23T16:34:49+00:00 INFO 67e038257b100-0002         "errors": []
2025-03-23T16:34:49+00:00 INFO 67e038257b100-0002     },
2025-03-23T16:34:49+00:00 INFO 67e038257b100-0002     "statement_descriptor": "NORTHERNLI",
2025-03-23T16:34:49+00:00 INFO 67e038257b100-0002     "statement_descriptor_kanji": "",
2025-03-23T16:34:49+00:00 INFO 67e038257b100-0002     "statement_descriptor_kana": "",
2025-03-23T16:34:49+00:00 INFO 67e038257b100-0002     "latest_tos_agreement": {
2025-03-23T16:34:49+00:00 INFO 67e038257b100-0002         "date": "2025-02-22 00:45:01",
2025-03-23T16:34:49+00:00 INFO 67e038257b100-0002         "source": "signup",
2025-03-23T16:34:49+00:00 INFO 67e038257b100-0002         "is_current_version": true
2025-03-23T16:34:49+00:00 INFO 67e038257b100-0002     },
2025-03-23T16:34:49+00:00 INFO 67e038257b100-0002     "fees": {
2025-03-23T16:34:49+00:00 INFO 67e038257b100-0002         "base": {
2025-03-23T16:34:49+00:00 INFO 67e038257b100-0002             "percentage_rate": 0.029,
2025-03-23T16:34:49+00:00 INFO 67e038257b100-0002             "fixed_rate": 30,
2025-03-23T16:34:49+00:00 INFO 67e038257b100-0002             "currency": "usd"
2025-03-23T16:34:49+00:00 INFO 67e038257b100-0002         },
2025-03-23T16:34:49+00:00 INFO 67e038257b100-0002         "discount": [],
2025-03-23T16:34:49+00:00 INFO 67e038257b100-0002         "card": {
2025-03-23T16:34:49+00:00 INFO 67e038257b100-0002             "base": {
2025-03-23T16:34:49+00:00 INFO 67e038257b100-0002                 "percentage_rate": 0.029,
2025-03-23T16:34:49+00:00 INFO 67e038257b100-0002                 "fixed_rate": 30,
2025-03-23T16:34:49+00:00 INFO 67e038257b100-0002                 "currency": "usd"
2025-03-23T16:34:49+00:00 INFO 67e038257b100-0002             },
2025-03-23T16:34:49+00:00 INFO 67e038257b100-0002             "additional": {
2025-03-23T16:34:49+00:00 INFO 67e038257b100-0002                 "percentage_rate": 0.015,
2025-03-23T16:34:49+00:00 INFO 67e038257b100-0002                 "fixed_rate": 0,
2025-03-23T16:34:49+00:00 INFO 67e038257b100-0002                 "currency": "usd"
2025-03-23T16:34:49+00:00 INFO 67e038257b100-0002             },
2025-03-23T16:34:49+00:00 INFO 67e038257b100-0002             "fx": {
2025-03-23T16:34:49+00:00 INFO 67e038257b100-0002                 "percentage_rate": 0.01,
2025-03-23T16:34:49+00:00 INFO 67e038257b100-0002                 "fixed_rate": 0,
2025-03-23T16:34:49+00:00 INFO 67e038257b100-0002                 "currency": "usd"
2025-03-23T16:34:49+00:00 INFO 67e038257b100-0002             },
2025-03-23T16:34:49+00:00 INFO 67e038257b100-0002             "discount": []
2025-03-23T16:34:49+00:00 INFO 67e038257b100-0002         },
2025-03-23T16:34:49+00:00 INFO 67e038257b100-0002         "card_present": {
2025-03-23T16:34:49+00:00 INFO 67e038257b100-0002             "base": {
2025-03-23T16:34:49+00:00 INFO 67e038257b100-0002                 "percentage_rate": 0.027,
2025-03-23T16:34:49+00:00 INFO 67e038257b100-0002                 "fixed_rate": 10,
2025-03-23T16:34:49+00:00 INFO 67e038257b100-0002                 "currency": "usd"
2025-03-23T16:34:49+00:00 INFO 67e038257b100-0002             },
2025-03-23T16:34:49+00:00 INFO 67e038257b100-0002             "additional": {
2025-03-23T16:34:49+00:00 INFO 67e038257b100-0002                 "percentage_rate": 0.01,
2025-03-23T16:34:49+00:00 INFO 67e038257b100-0002                 "fixed_rate": 0,
2025-03-23T16:34:49+00:00 INFO 67e038257b100-0002                 "currency": "usd"
2025-03-23T16:34:49+00:00 INFO 67e038257b100-0002             },
2025-03-23T16:34:49+00:00 INFO 67e038257b100-0002             "fx": {
2025-03-23T16:34:49+00:00 INFO 67e038257b100-0002                 "percentage_rate": 0.01,
2025-03-23T16:34:49+00:00 INFO 67e038257b100-0002                 "fixed_rate": 0,
2025-03-23T16:34:49+00:00 INFO 67e038257b100-0002                 "currency": "usd"
2025-03-23T16:34:49+00:00 INFO 67e038257b100-0002             },
2025-03-23T16:34:49+00:00 INFO 67e038257b100-0002             "discount": []
2025-03-23T16:34:49+00:00 INFO 67e038257b100-0002         },
2025-03-23T16:34:49+00:00 INFO 67e038257b100-0002         "link": {
2025-03-23T16:34:49+00:00 INFO 67e038257b100-0002             "base": {
2025-03-23T16:34:49+00:00 INFO 67e038257b100-0002                 "percentage_rate": 0.029,
2025-03-23T16:34:49+00:00 INFO 67e038257b100-0002                 "fixed_rate": 30,
2025-03-23T16:34:49+00:00 INFO 67e038257b100-0002                 "currency": "usd"
2025-03-23T16:34:49+00:00 INFO 67e038257b100-0002             },
2025-03-23T16:34:49+00:00 INFO 67e038257b100-0002             "additional": {
2025-03-23T16:34:49+00:00 INFO 67e038257b100-0002                 "percentage_rate": 0,
2025-03-23T16:34:49+00:00 INFO 67e038257b100-0002                 "fixed_rate": 0,
2025-03-23T16:34:49+00:00 INFO 67e038257b100-0002                 "currency": "usd"
2025-03-23T16:34:49+00:00 INFO 67e038257b100-0002             },
2025-03-23T16:34:49+00:00 INFO 67e038257b100-0002             "fx": {
2025-03-23T16:34:49+00:00 INFO 67e038257b100-0002                 "percentage_rate": 0.01,
2025-03-23T16:34:49+00:00 INFO 67e038257b100-0002                 "fixed_rate": 0,
2025-03-23T16:34:49+00:00 INFO 67e038257b100-0002                 "currency": "usd"
2025-03-23T16:34:49+00:00 INFO 67e038257b100-0002             },
2025-03-23T16:34:49+00:00 INFO 67e038257b100-0002             "discount": []
2025-03-23T16:34:49+00:00 INFO 67e038257b100-0002         },
2025-03-23T16:34:49+00:00 INFO 67e038257b100-0002         "bancontact": {
2025-03-23T16:34:49+00:00 INFO 67e038257b100-0002             "base": {
2025-03-23T16:34:49+00:00 INFO 67e038257b100-0002                 "percentage_rate": 0.014,
2025-03-23T16:34:49+00:00 INFO 67e038257b100-0002                 "fixed_rate": 30,
2025-03-23T16:34:49+00:00 INFO 67e038257b100-0002                 "currency": "usd"
2025-03-23T16:34:49+00:00 INFO 67e038257b100-0002             },
2025-03-23T16:34:49+00:00 INFO 67e038257b100-0002             "additional": {
2025-03-23T16:34:49+00:00 INFO 67e038257b100-0002                 "percentage_rate": 0.015,
2025-03-23T16:34:49+00:00 INFO 67e038257b100-0002                 "fixed_rate": 0,
2025-03-23T16:34:49+00:00 INFO 67e038257b100-0002                 "currency": "usd"
2025-03-23T16:34:49+00:00 INFO 67e038257b100-0002             },
2025-03-23T16:34:49+00:00 INFO 67e038257b100-0002             "fx": {
2025-03-23T16:34:49+00:00 INFO 67e038257b100-0002                 "percentage_rate": 0.01,
2025-03-23T16:34:49+00:00 INFO 67e038257b100-0002                 "fixed_rate": 0,
2025-03-23T16:34:49+00:00 INFO 67e038257b100-0002                 "currency": "usd"
2025-03-23T16:34:49+00:00 INFO 67e038257b100-0002             },
2025-03-23T16:34:49+00:00 INFO 67e038257b100-0002             "discount": []
2025-03-23T16:34:49+00:00 INFO 67e038257b100-0002         },
2025-03-23T16:34:49+00:00 INFO 67e038257b100-0002         "eps": {
2025-03-23T16:34:49+00:00 INFO 67e038257b100-0002             "base": {
2025-03-23T16:34:49+00:00 INFO 67e038257b100-0002                 "percentage_rate": 0.018,
2025-03-23T16:34:49+00:00 INFO 67e038257b100-0002                 "fixed_rate": 30,
2025-03-23T16:34:49+00:00 INFO 67e038257b100-0002                 "currency": "usd"
2025-03-23T16:34:49+00:00 INFO 67e038257b100-0002             },
2025-03-23T16:34:49+00:00 INFO 67e038257b100-0002             "additional": {
2025-03-23T16:34:49+00:00 INFO 67e038257b100-0002                 "percentage_rate": 0.015,
2025-03-23T16:34:49+00:00 INFO 67e038257b100-0002                 "fixed_rate": 0,
2025-03-23T16:34:49+00:00 INFO 67e038257b100-0002                 "currency": "usd"
2025-03-23T16:34:49+00:00 INFO 67e038257b100-0002             },
2025-03-23T16:34:49+00:00 INFO 67e038257b100-0002             "fx": {
2025-03-23T16:34:49+00:00 INFO 67e038257b100-0002                 "percentage_rate": 0.01,
2025-03-23T16:34:49+00:00 INFO 67e038257b100-0002                 "fixed_rate": 0,
2025-03-23T16:34:49+00:00 INFO 67e038257b100-0002                 "currency": "usd"
2025-03-23T16:34:49+00:00 INFO 67e038257b100-0002             },
2025-03-23T16:34:49+00:00 INFO 67e038257b100-0002             "discount": []
2025-03-23T16:34:49+00:00 INFO 67e038257b100-0002         },
2025-03-23T16:34:49+00:00 INFO 67e038257b100-0002         "ideal": {
2025-03-23T16:34:49+00:00 INFO 67e038257b100-0002             "base": {
2025-03-23T16:34:49+00:00 INFO 67e038257b100-0002                 "percentage_rate": 0,
2025-03-23T16:34:49+00:00 INFO 67e038257b100-0002                 "fixed_rate": 80,
2025-03-23T16:34:49+00:00 INFO 67e038257b100-0002                 "currency": "usd"
2025-03-23T16:34:49+00:00 INFO 67e038257b100-0002             },
2025-03-23T16:34:49+00:00 INFO 67e038257b100-0002             "additional": {
2025-03-23T16:34:49+00:00 INFO 67e038257b100-0002                 "percentage_rate": 0.015,
2025-03-23T16:34:49+00:00 INFO 67e038257b100-0002                 "fixed_rate": 0,
2025-03-23T16:34:49+00:00 INFO 67e038257b100-0002                 "currency": "usd"
2025-03-23T16:34:49+00:00 INFO 67e038257b100-0002             },
2025-03-23T16:34:49+00:00 INFO 67e038257b100-0002             "fx": {
2025-03-23T16:34:49+00:00 INFO 67e038257b100-0002                 "percentage_rate": 0.01,
2025-03-23T16:34:49+00:00 INFO 67e038257b100-0002                 "fixed_rate": 0,
2025-03-23T16:34:49+00:00 INFO 67e038257b100-0002                 "currency": "usd"
2025-03-23T16:34:49+00:00 INFO 67e038257b100-0002             },
2025-03-23T16:34:49+00:00 INFO 67e038257b100-0002             "discount": []
2025-03-23T16:34:49+00:00 INFO 67e038257b100-0002         },
2025-03-23T16:34:49+00:00 INFO 67e038257b100-0002         "p24": {
2025-03-23T16:34:49+00:00 INFO 67e038257b100-0002             "base": {
2025-03-23T16:34:49+00:00 INFO 67e038257b100-0002                 "percentage_rate": 0.022,
2025-03-23T16:34:49+00:00 INFO 67e038257b100-0002                 "fixed_rate": 30,
2025-03-23T16:34:49+00:00 INFO 67e038257b100-0002                 "currency": "usd"
2025-03-23T16:34:49+00:00 INFO 67e038257b100-0002             },
2025-03-23T16:34:49+00:00 INFO 67e038257b100-0002             "additional": {
2025-03-23T16:34:49+00:00 INFO 67e038257b100-0002                 "percentage_rate": 0.015,
2025-03-23T16:34:49+00:00 INFO 67e038257b100-0002                 "fixed_rate": 0,
2025-03-23T16:34:49+00:00 INFO 67e038257b100-0002                 "currency": "usd"
2025-03-23T16:34:49+00:00 INFO 67e038257b100-0002             },
2025-03-23T16:34:49+00:00 INFO 67e038257b100-0002             "fx": {
2025-03-23T16:34:49+00:00 INFO 67e038257b100-0002                 "percentage_rate": 0.01,
2025-03-23T16:34:49+00:00 INFO 67e038257b100-0002                 "fixed_rate": 0,
2025-03-23T16:34:49+00:00 INFO 67e038257b100-0002                 "currency": "usd"
2025-03-23T16:34:49+00:00 INFO 67e038257b100-0002             },
2025-03-23T16:34:49+00:00 INFO 67e038257b100-0002             "discount": []
2025-03-23T16:34:49+00:00 INFO 67e038257b100-0002         },
2025-03-23T16:34:49+00:00 INFO 67e038257b100-0002         "affirm": {
2025-03-23T16:34:49+00:00 INFO 67e038257b100-0002             "base": {
2025-03-23T16:34:49+00:00 INFO 67e038257b100-0002                 "percentage_rate": 0.06,
2025-03-23T16:34:49+00:00 INFO 67e038257b100-0002                 "fixed_rate": 30,
2025-03-23T16:34:49+00:00 INFO 67e038257b100-0002                 "currency": "usd"
2025-03-23T16:34:49+00:00 INFO 67e038257b100-0002             },
2025-03-23T16:34:49+00:00 INFO 67e038257b100-0002             "additional": {
2025-03-23T16:34:49+00:00 INFO 67e038257b100-0002                 "percentage_rate": 0,
2025-03-23T16:34:49+00:00 INFO 67e038257b100-0002                 "fixed_rate": 0,
2025-03-23T16:34:49+00:00 INFO 67e038257b100-0002                 "currency": "usd"
2025-03-23T16:34:49+00:00 INFO 67e038257b100-0002             },
2025-03-23T16:34:49+00:00 INFO 67e038257b100-0002             "fx": {
2025-03-23T16:34:49+00:00 INFO 67e038257b100-0002                 "percentage_rate": 0,
2025-03-23T16:34:49+00:00 INFO 67e038257b100-0002                 "fixed_rate": 0,
2025-03-23T16:34:49+00:00 INFO 67e038257b100-0002                 "currency": "usd"
2025-03-23T16:34:49+00:00 INFO 67e038257b100-0002             },
2025-03-23T16:34:49+00:00 INFO 67e038257b100-0002             "discount": []
2025-03-23T16:34:49+00:00 INFO 67e038257b100-0002         },
2025-03-23T16:34:49+00:00 INFO 67e038257b100-0002         "afterpay_clearpay": {
2025-03-23T16:34:49+00:00 INFO 67e038257b100-0002             "base": {
2025-03-23T16:34:49+00:00 INFO 67e038257b100-0002                 "percentage_rate": 0.06,
2025-03-23T16:34:49+00:00 INFO 67e038257b100-0002                 "fixed_rate": 30,
2025-03-23T16:34:49+00:00 INFO 67e038257b100-0002                 "currency": "usd"
2025-03-23T16:34:49+00:00 INFO 67e038257b100-0002             },
2025-03-23T16:34:49+00:00 INFO 67e038257b100-0002             "additional": {
2025-03-23T16:34:49+00:00 INFO 67e038257b100-0002                 "percentage_rate": 0,
2025-03-23T16:34:49+00:00 INFO 67e038257b100-0002                 "fixed_rate": 0,
2025-03-23T16:34:49+00:00 INFO 67e038257b100-0002                 "currency": "usd"
2025-03-23T16:34:49+00:00 INFO 67e038257b100-0002             },
2025-03-23T16:34:49+00:00 INFO 67e038257b100-0002             "fx": {
2025-03-23T16:34:49+00:00 INFO 67e038257b100-0002                 "percentage_rate": 0,
2025-03-23T16:34:49+00:00 INFO 67e038257b100-0002                 "fixed_rate": 0,
2025-03-23T16:34:49+00:00 INFO 67e038257b100-0002                 "currency": "usd"
2025-03-23T16:34:49+00:00 INFO 67e038257b100-0002             },
2025-03-23T16:34:49+00:00 INFO 67e038257b100-0002             "discount": []
2025-03-23T16:34:49+00:00 INFO 67e038257b100-0002         },
2025-03-23T16:34:49+00:00 INFO 67e038257b100-0002         "klarna": {
2025-03-23T16:34:49+00:00 INFO 67e038257b100-0002             "base": {
2025-03-23T16:34:49+00:00 INFO 67e038257b100-0002                 "percentage_rate": 0.0599,
2025-03-23T16:34:49+00:00 INFO 67e038257b100-0002                 "fixed_rate": 30,
2025-03-23T16:34:49+00:00 INFO 67e038257b100-0002                 "currency": "usd"
2025-03-23T16:34:49+00:00 INFO 67e038257b100-0002             },
2025-03-23T16:34:49+00:00 INFO 67e038257b100-0002             "additional": {
2025-03-23T16:34:49+00:00 INFO 67e038257b100-0002                 "percentage_rate": 0,
2025-03-23T16:34:49+00:00 INFO 67e038257b100-0002                 "fixed_rate": 0,
2025-03-23T16:34:49+00:00 INFO 67e038257b100-0002                 "currency": "usd"
2025-03-23T16:34:49+00:00 INFO 67e038257b100-0002             },
2025-03-23T16:34:49+00:00 INFO 67e038257b100-0002             "fx": {
2025-03-23T16:34:49+00:00 INFO 67e038257b100-0002                 "percentage_rate": 0,
2025-03-23T16:34:49+00:00 INFO 67e038257b100-0002                 "fixed_rate": 0,
2025-03-23T16:34:49+00:00 INFO 67e038257b100-0002                 "currency": "usd"
2025-03-23T16:34:49+00:00 INFO 67e038257b100-0002             },
2025-03-23T16:34:49+00:00 INFO 67e038257b100-0002             "discount": []
2025-03-23T16:34:49+00:00 INFO 67e038257b100-0002         }
2025-03-23T16:34:49+00:00 INFO 67e038257b100-0002     },
2025-03-23T16:34:49+00:00 INFO 67e038257b100-0002     "capital": {
2025-03-23T16:34:49+00:00 INFO 67e038257b100-0002         "has_active_loan": false,
2025-03-23T16:34:49+00:00 INFO 67e038257b100-0002         "has_previous_loans": false,
2025-03-23T16:34:49+00:00 INFO 67e038257b100-0002         "loans": []
2025-03-23T16:34:49+00:00 INFO 67e038257b100-0002     },
2025-03-23T16:34:49+00:00 INFO 67e038257b100-0002     "fraud_services": {
2025-03-23T16:34:49+00:00 INFO 67e038257b100-0002         "stripe": [],
2025-03-23T16:34:49+00:00 INFO 67e038257b100-0002         "sift": {
2025-03-23T16:34:49+00:00 INFO 67e038257b100-0002             "beacon_key": "affbdadb36",
2025-03-23T16:34:49+00:00 INFO 67e038257b100-0002             "sandbox_beacon_key": "6ad0ad748b"
2025-03-23T16:34:49+00:00 INFO 67e038257b100-0002         }
2025-03-23T16:34:49+00:00 INFO 67e038257b100-0002     },
2025-03-23T16:34:49+00:00 INFO 67e038257b100-0002     "store_currencies": {
2025-03-23T16:34:49+00:00 INFO 67e038257b100-0002         "default": "usd",
2025-03-23T16:34:49+00:00 INFO 67e038257b100-0002         "supported": [
2025-03-23T16:34:49+00:00 INFO 67e038257b100-0002             "usd"
2025-03-23T16:34:49+00:00 INFO 67e038257b100-0002         ]
2025-03-23T16:34:49+00:00 INFO 67e038257b100-0002     },
2025-03-23T16:34:49+00:00 INFO 67e038257b100-0002     "customer_currencies": {
2025-03-23T16:34:49+00:00 INFO 67e038257b100-0002         "supported": [
2025-03-23T16:34:49+00:00 INFO 67e038257b100-0002             "usd",
2025-03-23T16:34:49+00:00 INFO 67e038257b100-0002             "aed",
2025-03-23T16:34:49+00:00 INFO 67e038257b100-0002             "afn",
2025-03-23T16:34:49+00:00 INFO 67e038257b100-0002             "all",
2025-03-23T16:34:49+00:00 INFO 67e038257b100-0002             "amd",
2025-03-23T16:34:49+00:00 INFO 67e038257b100-0002             "ang",
2025-03-23T16:34:49+00:00 INFO 67e038257b100-0002             "aoa",
2025-03-23T16:34:49+00:00 INFO 67e038257b100-0002             "ars",
2025-03-23T16:34:49+00:00 INFO 67e038257b100-0002             "aud",
2025-03-23T16:34:49+00:00 INFO 67e038257b100-0002             "awg",
2025-03-23T16:34:49+00:00 INFO 67e038257b100-0002             "azn",
2025-03-23T16:34:49+00:00 INFO 67e038257b100-0002             "bam",
2025-03-23T16:34:49+00:00 INFO 67e038257b100-0002             "bbd",
2025-03-23T16:34:49+00:00 INFO 67e038257b100-0002             "bdt",
2025-03-23T16:34:49+00:00 INFO 67e038257b100-0002             "bgn",
2025-03-23T16:34:49+00:00 INFO 67e038257b100-0002             "bif",
2025-03-23T16:34:49+00:00 INFO 67e038257b100-0002             "bmd",
2025-03-23T16:34:49+00:00 INFO 67e038257b100-0002             "bnd",
2025-03-23T16:34:49+00:00 INFO 67e038257b100-0002             "bob",
2025-03-23T16:34:49+00:00 INFO 67e038257b100-0002             "brl",
2025-03-23T16:34:49+00:00 INFO 67e038257b100-0002             "bsd",
2025-03-23T16:34:49+00:00 INFO 67e038257b100-0002             "bwp",
2025-03-23T16:34:49+00:00 INFO 67e038257b100-0002             "byn",
2025-03-23T16:34:49+00:00 INFO 67e038257b100-0002             "bzd",
2025-03-23T16:34:49+00:00 INFO 67e038257b100-0002             "cad",
2025-03-23T16:34:49+00:00 INFO 67e038257b100-0002             "cdf",
2025-03-23T16:34:49+00:00 INFO 67e038257b100-0002             "chf",
2025-03-23T16:34:49+00:00 INFO 67e038257b100-0002             "clp",
2025-03-23T16:34:49+00:00 INFO 67e038257b100-0002             "cny",
2025-03-23T16:34:49+00:00 INFO 67e038257b100-0002             "cop",
2025-03-23T16:34:49+00:00 INFO 67e038257b100-0002             "crc",
2025-03-23T16:34:49+00:00 INFO 67e038257b100-0002             "cve",
2025-03-23T16:34:49+00:00 INFO 67e038257b100-0002             "czk",
2025-03-23T16:34:49+00:00 INFO 67e038257b100-0002             "djf",
2025-03-23T16:34:49+00:00 INFO 67e038257b100-0002             "dkk",
2025-03-23T16:34:49+00:00 INFO 67e038257b100-0002             "dop",
2025-03-23T16:34:49+00:00 INFO 67e038257b100-0002             "dzd",
2025-03-23T16:34:49+00:00 INFO 67e038257b100-0002             "egp",
2025-03-23T16:34:49+00:00 INFO 67e038257b100-0002             "etb",
2025-03-23T16:34:49+00:00 INFO 67e038257b100-0002             "eur",
2025-03-23T16:34:49+00:00 INFO 67e038257b100-0002             "fjd",
2025-03-23T16:34:49+00:00 INFO 67e038257b100-0002             "fkp",
2025-03-23T16:34:49+00:00 INFO 67e038257b100-0002             "gbp",
2025-03-23T16:34:49+00:00 INFO 67e038257b100-0002             "gel",
2025-03-23T16:34:49+00:00 INFO 67e038257b100-0002             "gip",
2025-03-23T16:34:49+00:00 INFO 67e038257b100-0002             "gmd",
2025-03-23T16:34:49+00:00 INFO 67e038257b100-0002             "gnf",
2025-03-23T16:34:49+00:00 INFO 67e038257b100-0002             "gtq",
2025-03-23T16:34:49+00:00 INFO 67e038257b100-0002             "gyd",
2025-03-23T16:34:49+00:00 INFO 67e038257b100-0002             "hkd",
2025-03-23T16:34:49+00:00 INFO 67e038257b100-0002             "hnl",
2025-03-23T16:34:49+00:00 INFO 67e038257b100-0002             "htg",
2025-03-23T16:34:49+00:00 INFO 67e038257b100-0002             "huf",
2025-03-23T16:34:49+00:00 INFO 67e038257b100-0002             "idr",
2025-03-23T16:34:49+00:00 INFO 67e038257b100-0002             "ils",
2025-03-23T16:34:49+00:00 INFO 67e038257b100-0002             "inr",
2025-03-23T16:34:49+00:00 INFO 67e038257b100-0002             "isk",
2025-03-23T16:34:49+00:00 INFO 67e038257b100-0002             "jmd",
2025-03-23T16:34:49+00:00 INFO 67e038257b100-0002             "jpy",
2025-03-23T16:34:49+00:00 INFO 67e038257b100-0002             "kes",
2025-03-23T16:34:49+00:00 INFO 67e038257b100-0002             "kgs",
2025-03-23T16:34:49+00:00 INFO 67e038257b100-0002             "khr",
2025-03-23T16:34:49+00:00 INFO 67e038257b100-0002             "kmf",
2025-03-23T16:34:49+00:00 INFO 67e038257b100-0002             "krw",
2025-03-23T16:34:49+00:00 INFO 67e038257b100-0002             "kyd",
2025-03-23T16:34:49+00:00 INFO 67e038257b100-0002             "kzt",
2025-03-23T16:34:49+00:00 INFO 67e038257b100-0002             "lak",
2025-03-23T16:34:49+00:00 INFO 67e038257b100-0002             "lbp",
2025-03-23T16:34:49+00:00 INFO 67e038257b100-0002             "lkr",
2025-03-23T16:34:49+00:00 INFO 67e038257b100-0002             "lrd",
2025-03-23T16:34:49+00:00 INFO 67e038257b100-0002             "lsl",
2025-03-23T16:34:49+00:00 INFO 67e038257b100-0002             "mad",
2025-03-23T16:34:49+00:00 INFO 67e038257b100-0002             "mdl",
2025-03-23T16:34:49+00:00 INFO 67e038257b100-0002             "mga",
2025-03-23T16:34:49+00:00 INFO 67e038257b100-0002             "mkd",
2025-03-23T16:34:49+00:00 INFO 67e038257b100-0002             "mmk",
2025-03-23T16:34:49+00:00 INFO 67e038257b100-0002             "mnt",
2025-03-23T16:34:49+00:00 INFO 67e038257b100-0002             "mop",
2025-03-23T16:34:49+00:00 INFO 67e038257b100-0002             "mur",
2025-03-23T16:34:49+00:00 INFO 67e038257b100-0002             "mvr",
2025-03-23T16:34:49+00:00 INFO 67e038257b100-0002             "mwk",
2025-03-23T16:34:49+00:00 INFO 67e038257b100-0002             "mxn",
2025-03-23T16:34:49+00:00 INFO 67e038257b100-0002             "myr",
2025-03-23T16:34:49+00:00 INFO 67e038257b100-0002             "mzn",
2025-03-23T16:34:49+00:00 INFO 67e038257b100-0002             "nad",
2025-03-23T16:34:49+00:00 INFO 67e038257b100-0002             "ngn",
2025-03-23T16:34:49+00:00 INFO 67e038257b100-0002             "nio",
2025-03-23T16:34:49+00:00 INFO 67e038257b100-0002             "nok",
2025-03-23T16:34:49+00:00 INFO 67e038257b100-0002             "npr",
2025-03-23T16:34:49+00:00 INFO 67e038257b100-0002             "nzd",
2025-03-23T16:34:49+00:00 INFO 67e038257b100-0002             "pab",
2025-03-23T16:34:49+00:00 INFO 67e038257b100-0002             "pen",
2025-03-23T16:34:49+00:00 INFO 67e038257b100-0002             "pgk",
2025-03-23T16:34:49+00:00 INFO 67e038257b100-0002             "php",
2025-03-23T16:34:49+00:00 INFO 67e038257b100-0002             "pkr",
2025-03-23T16:34:49+00:00 INFO 67e038257b100-0002             "pln",
2025-03-23T16:34:49+00:00 INFO 67e038257b100-0002             "pyg",
2025-03-23T16:34:49+00:00 INFO 67e038257b100-0002             "qar",
2025-03-23T16:34:49+00:00 INFO 67e038257b100-0002             "ron",
2025-03-23T16:34:49+00:00 INFO 67e038257b100-0002             "rsd",
2025-03-23T16:34:49+00:00 INFO 67e038257b100-0002             "rub",
2025-03-23T16:34:49+00:00 INFO 67e038257b100-0002             "rwf",
2025-03-23T16:34:49+00:00 INFO 67e038257b100-0002             "sar",
2025-03-23T16:34:49+00:00 INFO 67e038257b100-0002             "sbd",
2025-03-23T16:34:49+00:00 INFO 67e038257b100-0002             "scr",
2025-03-23T16:34:49+00:00 INFO 67e038257b100-0002             "sek",
2025-03-23T16:34:49+00:00 INFO 67e038257b100-0002             "sgd",
2025-03-23T16:34:49+00:00 INFO 67e038257b100-0002             "shp",
2025-03-23T16:34:49+00:00 INFO 67e038257b100-0002             "sle",
2025-03-23T16:34:49+00:00 INFO 67e038257b100-0002             "sos",
2025-03-23T16:34:49+00:00 INFO 67e038257b100-0002             "srd",
2025-03-23T16:34:49+00:00 INFO 67e038257b100-0002             "std",
2025-03-23T16:34:49+00:00 INFO 67e038257b100-0002             "szl",
2025-03-23T16:34:49+00:00 INFO 67e038257b100-0002             "thb",
2025-03-23T16:34:49+00:00 INFO 67e038257b100-0002             "tjs",
2025-03-23T16:34:49+00:00 INFO 67e038257b100-0002             "top",
2025-03-23T16:34:49+00:00 INFO 67e038257b100-0002             "try",
2025-03-23T16:34:49+00:00 INFO 67e038257b100-0002             "ttd",
2025-03-23T16:34:49+00:00 INFO 67e038257b100-0002             "twd",
2025-03-23T16:34:49+00:00 INFO 67e038257b100-0002             "tzs",
2025-03-23T16:34:49+00:00 INFO 67e038257b100-0002             "uah",
2025-03-23T16:34:49+00:00 INFO 67e038257b100-0002             "ugx",
2025-03-23T16:34:49+00:00 INFO 67e038257b100-0002             "uyu",
2025-03-23T16:34:49+00:00 INFO 67e038257b100-0002             "uzs",
2025-03-23T16:34:49+00:00 INFO 67e038257b100-0002             "vnd",
2025-03-23T16:34:49+00:00 INFO 67e038257b100-0002             "vuv",
2025-03-23T16:34:49+00:00 INFO 67e038257b100-0002             "wst",
2025-03-23T16:34:49+00:00 INFO 67e038257b100-0002             "xaf",
2025-03-23T16:34:49+00:00 INFO 67e038257b100-0002             "xcd",
2025-03-23T16:34:49+00:00 INFO 67e038257b100-0002             "xof",
2025-03-23T16:34:49+00:00 INFO 67e038257b100-0002             "xpf",
2025-03-23T16:34:49+00:00 INFO 67e038257b100-0002             "yer",
2025-03-23T16:34:49+00:00 INFO 67e038257b100-0002             "zar",
2025-03-23T16:34:49+00:00 INFO 67e038257b100-0002             "zmw"
2025-03-23T16:34:49+00:00 INFO 67e038257b100-0002         ]
2025-03-23T16:34:49+00:00 INFO 67e038257b100-0002     },
2025-03-23T16:34:49+00:00 INFO 67e038257b100-0002     "country": "(redacted)",
2025-03-23T16:34:49+00:00 INFO 67e038257b100-0002     "instant_deposits_eligible": false,
2025-03-23T16:34:49+00:00 INFO 67e038257b100-0002     "card_present_eligible": true,
2025-03-23T16:34:49+00:00 INFO 67e038257b100-0002     "has_card_readers_available": false,
2025-03-23T16:34:49+00:00 INFO 67e038257b100-0002     "platform_checkout_eligible": true,
2025-03-23T16:34:49+00:00 INFO 67e038257b100-0002     "platform_direct_checkout_eligible": true,
2025-03-23T16:34:49+00:00 INFO 67e038257b100-0002     "platform_global_theme_support_enabled": true,
2025-03-23T16:34:49+00:00 INFO 67e038257b100-0002     "business_profile": {
2025-03-23T16:34:49+00:00 INFO 67e038257b100-0002         "name": "(redacted)",
2025-03-23T16:34:49+00:00 INFO 67e038257b100-0002         "url": "https:\/\/northernlights.grubmenu.io",
2025-03-23T16:34:49+00:00 INFO 67e038257b100-0002         "support_address": [],
2025-03-23T16:34:49+00:00 INFO 67e038257b100-0002         "support_email": "plenty.helpful@example.com",
2025-03-23T16:34:49+00:00 INFO 67e038257b100-0002         "support_phone": "+10000000000"
2025-03-23T16:34:49+00:00 INFO 67e038257b100-0002     },
2025-03-23T16:34:49+00:00 INFO 67e038257b100-0002     "branding": {
2025-03-23T16:34:49+00:00 INFO 67e038257b100-0002         "icon": "file_1Qv6ptFuiXB5oUVxW9EmwLOC",
2025-03-23T16:34:49+00:00 INFO 67e038257b100-0002         "logo": "file_1Qv6ptFuiXB5oUVx4x2imFNO",
2025-03-23T16:34:49+00:00 INFO 67e038257b100-0002         "primary_color": "#873eff",
2025-03-23T16:34:49+00:00 INFO 67e038257b100-0002         "secondary_color": "#2c045d"
2025-03-23T16:34:49+00:00 INFO 67e038257b100-0002     },
2025-03-23T16:34:49+00:00 INFO 67e038257b100-0002     "locale": "en_US",
2025-03-23T16:34:49+00:00 INFO 67e038257b100-0002     "has_more_failed_events": false,
2025-03-23T16:34:49+00:00 INFO 67e038257b100-0002     "has_submitted_vat_data": false,
2025-03-23T16:34:49+00:00 INFO 67e038257b100-0002     "is_documents_enabled": false,
2025-03-23T16:34:49+00:00 INFO 67e038257b100-0002     "card_testing_protection_eligible": false,
2025-03-23T16:34:49+00:00 INFO 67e038257b100-0002     "progressive_onboarding": {
2025-03-23T16:34:49+00:00 INFO 67e038257b100-0002         "is_enabled": false,
2025-03-23T16:34:49+00:00 INFO 67e038257b100-0002         "is_complete": false,
2025-03-23T16:34:49+00:00 INFO 67e038257b100-0002         "tpv": null,
2025-03-23T16:34:49+00:00 INFO 67e038257b100-0002         "first_transaction_date": null,
2025-03-23T16:34:49+00:00 INFO 67e038257b100-0002         "kyc_deadline_date": null
2025-03-23T16:34:49+00:00 INFO 67e038257b100-0002     },
2025-03-23T16:34:49+00:00 INFO 67e038257b100-0002     "fraud_mitigation_settings": {
2025-03-23T16:34:49+00:00 INFO 67e038257b100-0002         "avs_check_enabled": false,
2025-03-23T16:34:49+00:00 INFO 67e038257b100-0002         "cvc_check_enabled": true
2025-03-23T16:34:49+00:00 INFO 67e038257b100-0002     },
2025-03-23T16:34:49+00:00 INFO 67e038257b100-0002     "is_deferred_intent_creation_upe_enabled": true,
2025-03-23T16:34:49+00:00 INFO 67e038257b100-0002     "pre_check_save_my_info": true,
2025-03-23T16:34:49+00:00 INFO 67e038257b100-0002     "is_tokenized_ece_disabled": false,
2025-03-23T16:34:49+00:00 INFO 67e038257b100-0002     "eligibility_wporg_review_campaign_2025": false
2025-03-23T16:34:49+00:00 INFO 67e038257b100-0002 }
2025-03-23T16:34:49+00:00 INFO 67e038257b100-0003 REQUEST_67e03829d2eeb (JSON): {
2025-03-23T16:34:49+00:00 INFO 67e038257b100-0003     "url": "https:\/\/public-api.wordpress.com\/wpcom\/v2\/sites\/%s\/wcpay\/currency\/rates?test_mode=1&currency_from=usd",
2025-03-23T16:34:49+00:00 INFO 67e038257b100-0003     "method": "GET",
2025-03-23T16:34:49+00:00 INFO 67e038257b100-0003     "headers": {
2025-03-23T16:34:49+00:00 INFO 67e038257b100-0003         "Content-Type": "application\/json; charset=utf-8",
2025-03-23T16:34:49+00:00 INFO 67e038257b100-0003         "User-Agent": "WooCommerce Payments\/8.9.2",
2025-03-23T16:34:49+00:00 INFO 67e038257b100-0003         "X-Request-Initiated": 1742747689.863976
2025-03-23T16:34:49+00:00 INFO 67e038257b100-0003     },
2025-03-23T16:34:49+00:00 INFO 67e038257b100-0003     "timeout": 70,
2025-03-23T16:34:49+00:00 INFO 67e038257b100-0003     "connect_timeout": 70
2025-03-23T16:34:49+00:00 INFO 67e038257b100-0003 }
2025-03-23T16:34:50+00:00 INFO 67e038257b100-0004 RESPONSE_67e03829d2eeb (JSON): {
2025-03-23T16:34:50+00:00 INFO 67e038257b100-0004     "AED": 3.673,
2025-03-23T16:34:50+00:00 INFO 67e038257b100-0004     "AFN": 70.457366,
2025-03-23T16:34:50+00:00 INFO 67e038257b100-0004     "ALL": 90.82969,
2025-03-23T16:34:50+00:00 INFO 67e038257b100-0004     "AMD": 390.071253,
2025-03-23T16:34:50+00:00 INFO 67e038257b100-0004     "ANG": 1.79784,
2025-03-23T16:34:50+00:00 INFO 67e038257b100-0004     "AOA": 914.5,
2025-03-23T16:34:50+00:00 INFO 67e038257b100-0004     "ARS": 1062.287663,
2025-03-23T16:34:50+00:00 INFO 67e038257b100-0004     "AUD": 1.594134,
2025-03-23T16:34:50+00:00 INFO 67e038257b100-0004     "AWG": 1.8025,
2025-03-23T16:34:50+00:00 INFO 67e038257b100-0004     "AZN": 1.7,
2025-03-23T16:34:50+00:00 INFO 67e038257b100-0004     "BAM": 1.798023,
2025-03-23T16:34:50+00:00 INFO 67e038257b100-0004     "BBD": 2,
2025-03-23T16:34:50+00:00 INFO 67e038257b100-0004     "BDT": 121.204351,
2025-03-23T16:34:50+00:00 INFO 67e038257b100-0004     "BGN": 1.80766,
2025-03-23T16:34:50+00:00 INFO 67e038257b100-0004     "BHD": 0.374718,
2025-03-23T16:34:50+00:00 INFO 67e038257b100-0004     "BIF": 2956.477999,
2025-03-23T16:34:50+00:00 INFO 67e038257b100-0004     "BMD": 1,
2025-03-23T16:34:50+00:00 INFO 67e038257b100-0004     "BND": 1.330453,
2025-03-23T16:34:50+00:00 INFO 67e038257b100-0004     "BOB": 6.893128,
2025-03-23T16:34:50+00:00 INFO 67e038257b100-0004     "BRL": 5.7348,
2025-03-23T16:34:50+00:00 INFO 67e038257b100-0004     "BSD": 1,
2025-03-23T16:34:50+00:00 INFO 67e038257b100-0004     "BTC": 1.2e-5,
2025-03-23T16:34:50+00:00 INFO 67e038257b100-0004     "BTN": 86.069411,
2025-03-23T16:34:50+00:00 INFO 67e038257b100-0004     "BWP": 13.600551,
2025-03-23T16:34:50+00:00 INFO 67e038257b100-0004     "BYN": 3.264629,
2025-03-23T16:34:50+00:00 INFO 67e038257b100-0004     "BZD": 2.003769,
2025-03-23T16:34:50+00:00 INFO 67e038257b100-0004     "CAD": 1.44235,
2025-03-23T16:34:50+00:00 INFO 67e038257b100-0004     "CDF": 2855.69631,
2025-03-23T16:34:50+00:00 INFO 67e038257b100-0004     "CHF": 0.883969,
2025-03-23T16:34:50+00:00 INFO 67e038257b100-0004     "CLF": 0.024205,
2025-03-23T16:34:50+00:00 INFO 67e038257b100-0004     "CLP": 928.595725,
2025-03-23T16:34:50+00:00 INFO 67e038257b100-0004     "CNH": 7.2582,
2025-03-23T16:34:50+00:00 INFO 67e038257b100-0004     "CNY": 7.24925,
2025-03-23T16:34:50+00:00 INFO 67e038257b100-0004     "COP": 4161.98575,
2025-03-23T16:34:50+00:00 INFO 67e038257b100-0004     "CRC": 498.735945,
2025-03-23T16:34:50+00:00 INFO 67e038257b100-0004     "CUC": 1,
2025-03-23T16:34:50+00:00 INFO 67e038257b100-0004     "CUP": 25.75,
2025-03-23T16:34:50+00:00 INFO 67e038257b100-0004     "CVE": 101.369805,
2025-03-23T16:34:50+00:00 INFO 67e038257b100-0004     "CZK": 23.1214,
2025-03-23T16:34:50+00:00 INFO 67e038257b100-0004     "DJF": 177.641943,
2025-03-23T16:34:50+00:00 INFO 67e038257b100-0004     "DKK": 6.8978,
2025-03-23T16:34:50+00:00 INFO 67e038257b100-0004     "DOP": 62.845328,
2025-03-23T16:34:50+00:00 INFO 67e038257b100-0004     "DZD": 133.86,
2025-03-23T16:34:50+00:00 INFO 67e038257b100-0004     "EGP": 50.271662,
2025-03-23T16:34:50+00:00 INFO 67e038257b100-0004     "ERN": 15,
2025-03-23T16:34:50+00:00 INFO 67e038257b100-0004     "ETB": 131.556686,
2025-03-23T16:34:50+00:00 INFO 67e038257b100-0004     "EUR": 0.919583,
2025-03-23T16:34:50+00:00 INFO 67e038257b100-0004     "FJD": 2.29945,
2025-03-23T16:34:50+00:00 INFO 67e038257b100-0004     "FKP": 0.774054,
2025-03-23T16:34:50+00:00 INFO 67e038257b100-0004     "GBP": 0.774054,
2025-03-23T16:34:50+00:00 INFO 67e038257b100-0004     "GEL": 2.775,
2025-03-23T16:34:50+00:00 INFO 67e038257b100-0004     "GGP": 0.774054,
2025-03-23T16:34:50+00:00 INFO 67e038257b100-0004     "GHS": 15.462192,
2025-03-23T16:34:50+00:00 INFO 67e038257b100-0004     "GIP": 0.774054,
2025-03-23T16:34:50+00:00 INFO 67e038257b100-0004     "GMD": 70.500003,
2025-03-23T16:34:50+00:00 INFO 67e038257b100-0004     "GNF": 8626.002297,
2025-03-23T16:34:50+00:00 INFO 67e038257b100-0004     "GTQ": 7.686509,
2025-03-23T16:34:50+00:00 INFO 67e038257b100-0004     "GYD": 209.322026,
2025-03-23T16:34:50+00:00 INFO 67e038257b100-0004     "HKD": 7.77505,
2025-03-23T16:34:50+00:00 INFO 67e038257b100-0004     "HNL": 25.52057,
2025-03-23T16:34:50+00:00 INFO 67e038257b100-0004     "HRK": 6.96684,
2025-03-23T16:34:50+00:00 INFO 67e038257b100-0004     "HTG": 130.737742,
2025-03-23T16:34:50+00:00 INFO 67e038257b100-0004     "HUF": 365.543861,
2025-03-23T16:34:50+00:00 INFO 67e038257b100-0004     "IDR": 16526,
2025-03-23T16:34:50+00:00 INFO 67e038257b100-0004     "ILS": 3.69322,
2025-03-23T16:34:50+00:00 INFO 67e038257b100-0004     "IMP": 0.774054,
2025-03-23T16:34:50+00:00 INFO 67e038257b100-0004     "INR": 85.9945,
2025-03-23T16:34:50+00:00 INFO 67e038257b100-0004     "IQD": 1306.824916,
2025-03-23T16:34:50+00:00 INFO 67e038257b100-0004     "IRR": 42112.5,
2025-03-23T16:34:50+00:00 INFO 67e038257b100-0004     "ISK": 132.751092,
2025-03-23T16:34:50+00:00 INFO 67e038257b100-0004     "JEP": 0.774054,
2025-03-23T16:34:50+00:00 INFO 67e038257b100-0004     "JMD": 156.129613,
2025-03-23T16:34:50+00:00 INFO 67e038257b100-0004     "JOD": 0.709,
2025-03-23T16:34:50+00:00 INFO 67e038257b100-0004     "JPY": 149.324939,
2025-03-23T16:34:50+00:00 INFO 67e038257b100-0004     "KES": 129.037005,
2025-03-23T16:34:50+00:00 INFO 67e038257b100-0004     "KGS": 85.9051,
2025-03-23T16:34:50+00:00 INFO 67e038257b100-0004     "KHR": 3995.40422,
2025-03-23T16:34:50+00:00 INFO 67e038257b100-0004     "KMF": 455.299559,
2025-03-23T16:34:50+00:00 INFO 67e038257b100-0004     "KPW": 900,
2025-03-23T16:34:50+00:00 INFO 67e038257b100-0004     "KRW": 1465.78,
2025-03-23T16:34:50+00:00 INFO 67e038257b100-0004     "KWD": 0.306311,
2025-03-23T16:34:50+00:00 INFO 67e038257b100-0004     "KYD": 0.831349,
2025-03-23T16:34:50+00:00 INFO 67e038257b100-0004     "KZT": 501.907449,
2025-03-23T16:34:50+00:00 INFO 67e038257b100-0004     "LAK": 21598.10082,
2025-03-23T16:34:50+00:00 INFO 67e038257b100-0004     "LBP": 89395.404299,
2025-03-23T16:34:50+00:00 INFO 67e038257b100-0004     "LKR": 295.628743,
2025-03-23T16:34:50+00:00 INFO 67e038257b100-0004     "LRD": 199.512755,
2025-03-23T16:34:50+00:00 INFO 67e038257b100-0004     "LSL": 18.1436,
2025-03-23T16:34:50+00:00 INFO 67e038257b100-0004     "LYD": 4.799816,
2025-03-23T16:34:50+00:00 INFO 67e038257b100-0004     "MAD": 9.578764,
2025-03-23T16:34:50+00:00 INFO 67e038257b100-0004     "MDL": 17.995863,
2025-03-23T16:34:50+00:00 INFO 67e038257b100-0004     "MGA": 4663.758034,
2025-03-23T16:34:50+00:00 INFO 67e038257b100-0004     "MKD": 56.566306,
2025-03-23T16:34:50+00:00 INFO 67e038257b100-0004     "MMK": 2098,
2025-03-23T16:34:50+00:00 INFO 67e038257b100-0004     "MNT": 3398,
2025-03-23T16:34:50+00:00 INFO 67e038257b100-0004     "MOP": 7.986762,
2025-03-23T16:34:50+00:00 INFO 67e038257b100-0004     "MUR": 45.299995,
2025-03-23T16:34:50+00:00 INFO 67e038257b100-0004     "MVR": 15.4,
2025-03-23T16:34:50+00:00 INFO 67e038257b100-0004     "MWK": 1729.71995,
2025-03-23T16:34:50+00:00 INFO 67e038257b100-0004     "MXN": 20.2392,
2025-03-23T16:34:50+00:00 INFO 67e038257b100-0004     "MYR": 4.423,
2025-03-23T16:34:50+00:00 INFO 67e038257b100-0004     "MZN": 63.899993,
2025-03-23T16:34:50+00:00 INFO 67e038257b100-0004     "NAD": 18.1436,
2025-03-23T16:34:50+00:00 INFO 67e038257b100-0004     "NGN": 1526.268711,
2025-03-23T16:34:50+00:00 INFO 67e038257b100-0004     "NIO": 36.708802,
2025-03-23T16:34:50+00:00 INFO 67e038257b100-0004     "NOK": 10.571345,
2025-03-23T16:34:50+00:00 INFO 67e038257b100-0004     "NPR": 137.710883,
2025-03-23T16:34:50+00:00 INFO 67e038257b100-0004     "NZD": 1.745201,
2025-03-23T16:34:50+00:00 INFO 67e038257b100-0004     "OMR": 0.382652,
2025-03-23T16:34:50+00:00 INFO 67e038257b100-0004     "PAB": 1,
2025-03-23T16:34:50+00:00 INFO 67e038257b100-0004     "PEN": 3.615629,
2025-03-23T16:34:50+00:00 INFO 67e038257b100-0004     "PGK": 4.106642,
2025-03-23T16:34:50+00:00 INFO 67e038257b100-0004     "PHP": 57.320001,
2025-03-23T16:34:50+00:00 INFO 67e038257b100-0004     "PKR": 279.514161,
2025-03-23T16:34:50+00:00 INFO 67e038257b100-0004     "PLN": 3.878557,
2025-03-23T16:34:50+00:00 INFO 67e038257b100-0004     "PYG": 7976.185931,
2025-03-23T16:34:50+00:00 INFO 67e038257b100-0004     "QAR": 3.636314,
2025-03-23T16:34:50+00:00 INFO 67e038257b100-0004     "RON": 4.5977,
2025-03-23T16:34:50+00:00 INFO 67e038257b100-0004     "RSD": 107.754536,
2025-03-23T16:34:50+00:00 INFO 67e038257b100-0004     "RUB": 84.001024,
2025-03-23T16:34:50+00:00 INFO 67e038257b100-0004     "RWF": 1435.347473,
2025-03-23T16:34:50+00:00 INFO 67e038257b100-0004     "SAR": 3.751231,
2025-03-23T16:34:50+00:00 INFO 67e038257b100-0004     "SBD": 8.421986,
2025-03-23T16:34:50+00:00 INFO 67e038257b100-0004     "SCR": 14.301,
2025-03-23T16:34:50+00:00 INFO 67e038257b100-0004     "SDG": 601,
2025-03-23T16:34:50+00:00 INFO 67e038257b100-0004     "SEK": 10.137385,
2025-03-23T16:34:50+00:00 INFO 67e038257b100-0004     "SGD": 1.3334,
2025-03-23T16:34:50+00:00 INFO 67e038257b100-0004     "SHP": 0.774054,
2025-03-23T16:34:50+00:00 INFO 67e038257b100-0004     "SLL": 20969.5,
2025-03-23T16:34:50+00:00 INFO 67e038257b100-0004     "SOS": 570.075351,
2025-03-23T16:34:50+00:00 INFO 67e038257b100-0004     "SRD": 36.3475,
2025-03-23T16:34:50+00:00 INFO 67e038257b100-0004     "SSP": 130.26,
2025-03-23T16:34:50+00:00 INFO 67e038257b100-0004     "STD": 22281.8,
2025-03-23T16:34:50+00:00 INFO 67e038257b100-0004     "SVC": 8.729028,
2025-03-23T16:34:50+00:00 INFO 67e038257b100-0004     "SYP": 13002,
2025-03-23T16:34:50+00:00 INFO 67e038257b100-0004     "SZL": 18.128246,
2025-03-23T16:34:50+00:00 INFO 67e038257b100-0004     "THB": 33.715468,
2025-03-23T16:34:50+00:00 INFO 67e038257b100-0004     "TJS": 10.898276,
2025-03-23T16:34:50+00:00 INFO 67e038257b100-0004     "TMT": 3.5,
2025-03-23T16:34:50+00:00 INFO 67e038257b100-0004     "TND": 3.093726,
2025-03-23T16:34:50+00:00 INFO 67e038257b100-0004     "TOP": 2.40776,
2025-03-23T16:34:50+00:00 INFO 67e038257b100-0004     "TRY": 37.789998,
2025-03-23T16:34:50+00:00 INFO 67e038257b100-0004     "TTD": 6.778212,
2025-03-23T16:34:50+00:00 INFO 67e038257b100-0004     "TWD": 32.99,
2025-03-23T16:34:50+00:00 INFO 67e038257b100-0004     "TZS": 2646.017183,
2025-03-23T16:34:50+00:00 INFO 67e038257b100-0004     "UAH": 41.431302,
2025-03-23T16:34:50+00:00 INFO 67e038257b100-0004     "UGX": 3657.100041,
2025-03-23T16:34:50+00:00 INFO 67e038257b100-0004     "USD": 1,
2025-03-23T16:34:50+00:00 INFO 67e038257b100-0004     "UYU": 42.199983,
2025-03-23T16:34:50+00:00 INFO 67e038257b100-0004     "UZS": 12909.176901,
2025-03-23T16:34:50+00:00 INFO 67e038257b100-0004     "VND": 25604.968354,
2025-03-23T16:34:50+00:00 INFO 67e038257b100-0004     "VUV": 118.722,
2025-03-23T16:34:50+00:00 INFO 67e038257b100-0004     "WST": 2.8,
2025-03-23T16:34:50+00:00 INFO 67e038257b100-0004     "XAF": 603.206596,
2025-03-23T16:34:50+00:00 INFO 67e038257b100-0004     "XAG": 0.030273,
2025-03-23T16:34:50+00:00 INFO 67e038257b100-0004     "XAU": 0.000331,
2025-03-23T16:34:50+00:00 INFO 67e038257b100-0004     "XCD": 2.70255,
2025-03-23T16:34:50+00:00 INFO 67e038257b100-0004     "XDR": 0.749988,
2025-03-23T16:34:50+00:00 INFO 67e038257b100-0004     "XOF": 603.206596,
2025-03-23T16:34:50+00:00 INFO 67e038257b100-0004     "XPD": 0.001046,
2025-03-23T16:34:50+00:00 INFO 67e038257b100-0004     "XPF": 109.735385,
2025-03-23T16:34:50+00:00 INFO 67e038257b100-0004     "XPT": 0.001025,
2025-03-23T16:34:50+00:00 INFO 67e038257b100-0004     "YER": 246.074964,
2025-03-23T16:34:50+00:00 INFO 67e038257b100-0004     "ZAR": 18.23251,
2025-03-23T16:34:50+00:00 INFO 67e038257b100-0004     "ZMW": 28.809008,
2025-03-23T16:34:50+00:00 INFO 67e038257b100-0004     "ZWL": 322
2025-03-23T16:34:50+00:00 INFO 67e038257b100-0004 }
2025-03-23T20:28:56+00:00 INFO 67e06f06cc6ba-0001 REQUEST_67e06f083c5a1 (JSON): {
2025-03-23T20:28:56+00:00 INFO 67e06f06cc6ba-0001     "url": "https:\/\/public-api.wordpress.com\/wpcom\/v2\/sites\/%s\/wcpay\/compatibility",
2025-03-23T20:28:56+00:00 INFO 67e06f06cc6ba-0001     "method": "POST",
2025-03-23T20:28:56+00:00 INFO 67e06f06cc6ba-0001     "headers": {
2025-03-23T20:28:56+00:00 INFO 67e06f06cc6ba-0001         "Content-Type": "application\/json; charset=utf-8",
2025-03-23T20:28:56+00:00 INFO 67e06f06cc6ba-0001         "User-Agent": "WooCommerce Payments\/8.9.2",
2025-03-23T20:28:56+00:00 INFO 67e06f06cc6ba-0001         "Idempotency-Key": "14af29f5-bc13-4c46-8c91-195d92349e12",
2025-03-23T20:28:56+00:00 INFO 67e06f06cc6ba-0001         "X-Request-Initiated": 1742761736.247197
2025-03-23T20:28:56+00:00 INFO 67e06f06cc6ba-0001     },
2025-03-23T20:28:56+00:00 INFO 67e06f06cc6ba-0001     "timeout": 70,
2025-03-23T20:28:56+00:00 INFO 67e06f06cc6ba-0001     "connect_timeout": 70,
2025-03-23T20:28:56+00:00 INFO 67e06f06cc6ba-0001     "body": {
2025-03-23T20:28:56+00:00 INFO 67e06f06cc6ba-0001         "test_mode": true,
2025-03-23T20:28:56+00:00 INFO 67e06f06cc6ba-0001         "compatibility_data": {
2025-03-23T20:28:56+00:00 INFO 67e06f06cc6ba-0001             "woopayments_version": "8.9.2",
2025-03-23T20:28:56+00:00 INFO 67e06f06cc6ba-0001             "woocommerce_version": "9.6.2",
2025-03-23T20:28:56+00:00 INFO 67e06f06cc6ba-0001             "woocommerce_permalinks": {
2025-03-23T20:28:56+00:00 INFO 67e06f06cc6ba-0001                 "product_base": "\/product",
2025-03-23T20:28:56+00:00 INFO 67e06f06cc6ba-0001                 "category_base": "product-category",
2025-03-23T20:28:56+00:00 INFO 67e06f06cc6ba-0001                 "tag_base": "product-tag",
2025-03-23T20:28:56+00:00 INFO 67e06f06cc6ba-0001                 "attribute_base": "",
2025-03-23T20:28:56+00:00 INFO 67e06f06cc6ba-0001                 "use_verbose_page_rules": false
2025-03-23T20:28:56+00:00 INFO 67e06f06cc6ba-0001             },
2025-03-23T20:28:56+00:00 INFO 67e06f06cc6ba-0001             "woocommerce_shop": "https:\/\/northernlights.grubmenu.io\/shop\/",
2025-03-23T20:28:56+00:00 INFO 67e06f06cc6ba-0001             "woocommerce_cart": "https:\/\/northernlights.grubmenu.io\/cart\/",
2025-03-23T20:28:56+00:00 INFO 67e06f06cc6ba-0001             "woocommerce_checkout": "https:\/\/northernlights.grubmenu.io\/checkout\/",
2025-03-23T20:28:56+00:00 INFO 67e06f06cc6ba-0001             "blog_theme": "hello-theme-child-master",
2025-03-23T20:28:56+00:00 INFO 67e06f06cc6ba-0001             "active_plugins": {
2025-03-23T20:28:56+00:00 INFO 67e06f06cc6ba-0001                 "0": "advanced-custom-fields\/acf.php",
2025-03-23T20:28:56+00:00 INFO 67e06f06cc6ba-0001                 "1": "classic-editor\/classic-editor.php",
2025-03-23T20:28:56+00:00 INFO 67e06f06cc6ba-0001                 "2": "classic-widgets\/classic-widgets.php",
2025-03-23T20:28:56+00:00 INFO 67e06f06cc6ba-0001                 "3": "code-snippets\/code-snippets.php",
2025-03-23T20:28:56+00:00 INFO 67e06f06cc6ba-0001                 "4": "elementor-pro\/elementor-pro.php",
2025-03-23T20:28:56+00:00 INFO 67e06f06cc6ba-0001                 "5": "elementor\/elementor.php",
2025-03-23T20:28:56+00:00 INFO 67e06f06cc6ba-0001                 "6": "elementskit-lite\/elementskit-lite.php",
2025-03-23T20:28:56+00:00 INFO 67e06f06cc6ba-0001                 "8": "metform\/metform.php",
2025-03-23T20:28:56+00:00 INFO 67e06f06cc6ba-0001                 "9": "orderable-pro\/orderable-pro.php",
2025-03-23T20:28:56+00:00 INFO 67e06f06cc6ba-0001                 "10": "orderable\/orderable.php",
2025-03-23T20:28:56+00:00 INFO 67e06f06cc6ba-0001                 "11": "pods\/init.php",
2025-03-23T20:28:56+00:00 INFO 67e06f06cc6ba-0001                 "12": "woo-update-manager\/woo-update-manager.php",
2025-03-23T20:28:56+00:00 INFO 67e06f06cc6ba-0001                 "13": "woocommerce-payments\/woocommerce-payments.php",
2025-03-23T20:28:56+00:00 INFO 67e06f06cc6ba-0001                 "14": "woocommerce-square\/woocommerce-square.php",
2025-03-23T20:28:56+00:00 INFO 67e06f06cc6ba-0001                 "15": "woocommerce\/woocommerce.php",
2025-03-23T20:28:56+00:00 INFO 67e06f06cc6ba-0001                 "16": "wp-mail-logging\/wp-mail-logging.php",
2025-03-23T20:28:56+00:00 INFO 67e06f06cc6ba-0001                 "17": "wp-mail-smtp\/wp_mail_smtp.php",
2025-03-23T20:28:56+00:00 INFO 67e06f06cc6ba-0001                 "18": "zapier\/zapier.php"
2025-03-23T20:28:56+00:00 INFO 67e06f06cc6ba-0001             },
2025-03-23T20:28:56+00:00 INFO 67e06f06cc6ba-0001             "post_types_count": {
2025-03-23T20:28:56+00:00 INFO 67e06f06cc6ba-0001                 "post": 0,
2025-03-23T20:28:56+00:00 INFO 67e06f06cc6ba-0001                 "page": 5,
2025-03-23T20:28:56+00:00 INFO 67e06f06cc6ba-0001                 "attachment": 0,
2025-03-23T20:28:56+00:00 INFO 67e06f06cc6ba-0001                 "e-floating-buttons": 0,
2025-03-23T20:28:56+00:00 INFO 67e06f06cc6ba-0001                 "elementor_library": 8,
2025-03-23T20:28:56+00:00 INFO 67e06f06cc6ba-0001                 "elementskit_content": 0,
2025-03-23T20:28:56+00:00 INFO 67e06f06cc6ba-0001                 "elementskit_template": 0,
2025-03-23T20:28:56+00:00 INFO 67e06f06cc6ba-0001                 "elementskit_widget": 0,
2025-03-23T20:28:56+00:00 INFO 67e06f06cc6ba-0001                 "product": 15,
2025-03-23T20:28:56+00:00 INFO 67e06f06cc6ba-0001                 "metform-form": 0,
2025-03-23T20:28:56+00:00 INFO 67e06f06cc6ba-0001                 "drop-off_location": 1
2025-03-23T20:28:56+00:00 INFO 67e06f06cc6ba-0001             }
2025-03-23T20:28:56+00:00 INFO 67e06f06cc6ba-0001         }
2025-03-23T20:28:56+00:00 INFO 67e06f06cc6ba-0001     }
2025-03-23T20:28:56+00:00 INFO 67e06f06cc6ba-0001 }
2025-03-23T20:28:56+00:00 INFO 67e06f06cc6ba-0001 CONTEXT (JSON): {
2025-03-23T20:28:56+00:00 INFO 67e06f06cc6ba-0001     "WP_User": "Guest (non logged-in user)",
2025-03-23T20:28:56+00:00 INFO 67e06f06cc6ba-0001     "HTTP_REFERER": "--",
2025-03-23T20:28:56+00:00 INFO 67e06f06cc6ba-0001     "HTTP_USER_AGENT": "WordPress\/6.7.2; https:\/\/northernlights.grubmenu.io",
2025-03-23T20:28:56+00:00 INFO 67e06f06cc6ba-0001     "REQUEST_URI": "\/wp-cron.php?doing_wp_cron=1742761734.3751759529113769531250",
2025-03-23T20:28:56+00:00 INFO 67e06f06cc6ba-0001     "DOING_AJAX": "",
2025-03-23T20:28:56+00:00 INFO 67e06f06cc6ba-0001     "DOING_CRON": "1",
2025-03-23T20:28:56+00:00 INFO 67e06f06cc6ba-0001     "WP_CLI": ""
2025-03-23T20:28:56+00:00 INFO 67e06f06cc6ba-0001 }
2025-03-23T20:28:56+00:00 INFO 67e06f06cc6ba-0002 RESPONSE_67e06f083c5a1 (JSON): {
2025-03-23T20:28:56+00:00 INFO 67e06f06cc6ba-0002     "result": "success"
2025-03-23T20:28:56+00:00 INFO 67e06f06cc6ba-0002 }
